[2025-11-06T21:13:12.541+0000] {local_task_job_runner.py:123} INFO - ::group::Pre task execution logs
[2025-11-06T21:13:12.549+0000] {taskinstance.py:2612} INFO - Dependencies all met for dep_context=non-requeueable deps ti=<TaskInstance: etl_batch_sales.etl_task manual__2025-11-06T21:13:10.683942+00:00 [queued]>
[2025-11-06T21:13:12.553+0000] {taskinstance.py:2612} INFO - Dependencies all met for dep_context=requeueable deps ti=<TaskInstance: etl_batch_sales.etl_task manual__2025-11-06T21:13:10.683942+00:00 [queued]>
[2025-11-06T21:13:12.553+0000] {taskinstance.py:2865} INFO - Starting attempt 1 of 1
[2025-11-06T21:13:12.557+0000] {taskinstance.py:2888} INFO - Executing <Task(PythonOperator): etl_task> on 2025-11-06 21:13:10.683942+00:00
[2025-11-06T21:13:12.559+0000] {standard_task_runner.py:72} INFO - Started process 220 to run task
[2025-11-06T21:13:12.560+0000] {standard_task_runner.py:104} INFO - Running: ['***', 'tasks', 'run', 'etl_batch_sales', 'etl_task', 'manual__2025-11-06T21:13:10.683942+00:00', '--job-id', '17', '--raw', '--subdir', 'DAGS_FOLDER/etl_dag.py', '--cfg-path', '/tmp/tmpm3x4zt04']
[2025-11-06T21:13:12.561+0000] {standard_task_runner.py:105} INFO - Job 17: Subtask etl_task
[2025-11-06T21:13:12.585+0000] {task_command.py:467} INFO - Running <TaskInstance: etl_batch_sales.etl_task manual__2025-11-06T21:13:10.683942+00:00 [running]> on host 5bdd8f7181ef
[2025-11-06T21:13:12.619+0000] {taskinstance.py:3131} INFO - Exporting env vars: AIRFLOW_CTX_DAG_OWNER='***' AIRFLOW_CTX_DAG_ID='etl_batch_sales' AIRFLOW_CTX_TASK_ID='etl_task' AIRFLOW_CTX_EXECUTION_DATE='2025-11-06T21:13:10.683942+00:00' AIRFLOW_CTX_TRY_NUMBER='1' AIRFLOW_CTX_DAG_RUN_ID='manual__2025-11-06T21:13:10.683942+00:00'
[2025-11-06T21:13:12.621+0000] {logging_mixin.py:190} INFO - Task instance is in running state
[2025-11-06T21:13:12.621+0000] {logging_mixin.py:190} INFO -  Previous state of the Task instance: queued
[2025-11-06T21:13:12.621+0000] {logging_mixin.py:190} INFO - Current task name:etl_task state:running start_date:2025-11-06 21:13:12.551021+00:00
[2025-11-06T21:13:12.621+0000] {logging_mixin.py:190} INFO - Dag name:etl_batch_sales and current dag run status:running
[2025-11-06T21:13:12.621+0000] {taskinstance.py:731} INFO - ::endgroup::
[2025-11-06T21:13:12.635+0000] {logging_mixin.py:190} INFO - Loaded 9 rows into sales_cleaned
[2025-11-06T21:13:12.636+0000] {python.py:240} INFO - Done. Returned value was: None
[2025-11-06T21:13:12.642+0000] {taskinstance.py:340} INFO - ::group::Post task execution logs
[2025-11-06T21:13:12.643+0000] {taskinstance.py:352} INFO - Marking task as SUCCESS. dag_id=etl_batch_sales, task_id=etl_task, run_id=manual__2025-11-06T21:13:10.683942+00:00, execution_date=20251106T211310, start_date=20251106T211312, end_date=20251106T211312
[2025-11-06T21:13:12.646+0000] {logging_mixin.py:190} INFO - Task instance in success state
[2025-11-06T21:13:12.646+0000] {logging_mixin.py:190} INFO -  Previous state of the Task instance: running
[2025-11-06T21:13:12.646+0000] {logging_mixin.py:190} INFO - Dag name:etl_batch_sales queued_at:2025-11-06 21:13:10.697372+00:00
[2025-11-06T21:13:12.646+0000] {logging_mixin.py:190} INFO - Task hostname:5bdd8f7181ef operator:PythonOperator
[2025-11-06T21:13:12.657+0000] {local_task_job_runner.py:266} INFO - Task exited with return code 0
[2025-11-06T21:13:12.665+0000] {taskinstance.py:3900} INFO - 0 downstream tasks scheduled from follow-on schedule check
[2025-11-06T21:13:12.665+0000] {local_task_job_runner.py:245} INFO - ::endgroup::
