[2025-11-06T20:27:23.077+0000] {local_task_job_runner.py:123} INFO - ::group::Pre task execution logs
[2025-11-06T20:27:23.083+0000] {taskinstance.py:2612} INFO - Dependencies all met for dep_context=non-requeueable deps ti=<TaskInstance: etl_batch_sales.etl_task manual__2025-11-06T20:22:19.776027+00:00 [queued]>
[2025-11-06T20:27:23.085+0000] {taskinstance.py:2612} INFO - Dependencies all met for dep_context=requeueable deps ti=<TaskInstance: etl_batch_sales.etl_task manual__2025-11-06T20:22:19.776027+00:00 [queued]>
[2025-11-06T20:27:23.085+0000] {taskinstance.py:2865} INFO - Starting attempt 2 of 2
[2025-11-06T20:27:23.089+0000] {taskinstance.py:2888} INFO - Executing <Task(PythonOperator): etl_task> on 2025-11-06 20:22:19.776027+00:00
[2025-11-06T20:27:23.090+0000] {standard_task_runner.py:72} INFO - Started process 1254 to run task
[2025-11-06T20:27:23.092+0000] {standard_task_runner.py:104} INFO - Running: ['***', 'tasks', 'run', 'etl_batch_sales', 'etl_task', 'manual__2025-11-06T20:22:19.776027+00:00', '--job-id', '10', '--raw', '--subdir', 'DAGS_FOLDER/etl_dag.py', '--cfg-path', '/tmp/tmpgg_hqgwe']
[2025-11-06T20:27:23.093+0000] {standard_task_runner.py:105} INFO - Job 10: Subtask etl_task
[2025-11-06T20:27:23.115+0000] {task_command.py:467} INFO - Running <TaskInstance: etl_batch_sales.etl_task manual__2025-11-06T20:22:19.776027+00:00 [running]> on host 5bdd8f7181ef
[2025-11-06T20:27:23.144+0000] {taskinstance.py:3131} INFO - Exporting env vars: AIRFLOW_CTX_DAG_OWNER='you' AIRFLOW_CTX_DAG_ID='etl_batch_sales' AIRFLOW_CTX_TASK_ID='etl_task' AIRFLOW_CTX_EXECUTION_DATE='2025-11-06T20:22:19.776027+00:00' AIRFLOW_CTX_TRY_NUMBER='2' AIRFLOW_CTX_DAG_RUN_ID='manual__2025-11-06T20:22:19.776027+00:00'
[2025-11-06T20:27:23.145+0000] {logging_mixin.py:190} INFO - Task instance is in running state
[2025-11-06T20:27:23.145+0000] {logging_mixin.py:190} INFO -  Previous state of the Task instance: queued
[2025-11-06T20:27:23.145+0000] {logging_mixin.py:190} INFO - Current task name:etl_task state:running start_date:2025-11-06 20:27:23.083725+00:00
[2025-11-06T20:27:23.145+0000] {logging_mixin.py:190} INFO - Dag name:etl_batch_sales and current dag run status:running
[2025-11-06T20:27:23.145+0000] {taskinstance.py:731} INFO - ::endgroup::
[2025-11-06T20:27:23.152+0000] {taskinstance.py:3310} ERROR - Task failed with exception
Traceback (most recent call last):
  File "/home/airflow/.local/lib/python3.12/site-packages/airflow/models/taskinstance.py", line 767, in _execute_task
    result = _execute_callable(context=context, **execute_callable_kwargs)
             ^^^^^^^^^^^^^^^^^^^^^^^^^^^^^^^^^^^^^^^^^^^^^^^^^^^^^^^^^^^^^
  File "/home/airflow/.local/lib/python3.12/site-packages/airflow/models/taskinstance.py", line 733, in _execute_callable
    return ExecutionCallableRunner(
           ^^^^^^^^^^^^^^^^^^^^^^^^
  File "/home/airflow/.local/lib/python3.12/site-packages/airflow/utils/operator_helpers.py", line 252, in run
    return self.func(*args, **kwargs)
           ^^^^^^^^^^^^^^^^^^^^^^^^^^
  File "/home/airflow/.local/lib/python3.12/site-packages/airflow/models/baseoperator.py", line 406, in wrapper
    return func(self, *args, **kwargs)
           ^^^^^^^^^^^^^^^^^^^^^^^^^^^
  File "/home/airflow/.local/lib/python3.12/site-packages/airflow/operators/python.py", line 238, in execute
    return_value = self.execute_callable()
                   ^^^^^^^^^^^^^^^^^^^^^^^
  File "/home/airflow/.local/lib/python3.12/site-packages/airflow/operators/python.py", line 256, in execute_callable
    return runner.run(*self.op_args, **self.op_kwargs)
           ^^^^^^^^^^^^^^^^^^^^^^^^^^^^^^^^^^^^^^^^^^^
  File "/home/airflow/.local/lib/python3.12/site-packages/airflow/utils/operator_helpers.py", line 252, in run
    return self.func(*args, **kwargs)
           ^^^^^^^^^^^^^^^^^^^^^^^^^^
  File "/opt/airflow/dags/etl_dag.py", line 28, in extract_transform_load
    df = df.dropna(subset=['Quantity'])
         ^^^^^^^^^^^^^^^^^^^^^^^^^^^^^^
  File "/home/airflow/.local/lib/python3.12/site-packages/pandas/core/frame.py", line 6692, in dropna
    raise KeyError(np.array(subset)[check].tolist())
KeyError: ['Quantity']
[2025-11-06T20:27:23.159+0000] {logging_mixin.py:190} INFO - Task instance in failure state
[2025-11-06T20:27:23.159+0000] {logging_mixin.py:190} INFO - Task start:2025-11-06 20:27:23.083725+00:00 end:2025-11-06 20:27:23.159366+00:00 duration:0.075641
[2025-11-06T20:27:23.160+0000] {logging_mixin.py:190} INFO - Task:<Task(PythonOperator): etl_task> dag:<DAG: etl_batch_sales> dagrun:<DagRun etl_batch_sales @ 2025-11-06 20:22:19.776027+00:00: manual__2025-11-06T20:22:19.776027+00:00, state:running, queued_at: 2025-11-06 20:22:19.789533+00:00. externally triggered: True>
[2025-11-06T20:27:23.160+0000] {logging_mixin.py:190} INFO - Failure caused by ['Quantity']
[2025-11-06T20:27:23.160+0000] {taskinstance.py:1225} INFO - Marking task as FAILED. dag_id=etl_batch_sales, task_id=etl_task, run_id=manual__2025-11-06T20:22:19.776027+00:00, execution_date=20251106T202219, start_date=20251106T202723, end_date=20251106T202723
[2025-11-06T20:27:23.164+0000] {taskinstance.py:340} INFO - ::group::Post task execution logs
[2025-11-06T20:27:23.164+0000] {standard_task_runner.py:124} ERROR - Failed to execute job 10 for task etl_task (['Quantity']; 1254)
Traceback (most recent call last):
  File "/home/airflow/.local/lib/python3.12/site-packages/airflow/task/task_runner/standard_task_runner.py", line 117, in _start_by_fork
    ret = args.func(args, dag=self.dag)
          ^^^^^^^^^^^^^^^^^^^^^^^^^^^^^
  File "/home/airflow/.local/lib/python3.12/site-packages/airflow/cli/cli_config.py", line 49, in command
    return func(*args, **kwargs)
           ^^^^^^^^^^^^^^^^^^^^^
  File "/home/airflow/.local/lib/python3.12/site-packages/airflow/utils/cli.py", line 115, in wrapper
    return f(*args, **kwargs)
           ^^^^^^^^^^^^^^^^^^
  File "/home/airflow/.local/lib/python3.12/site-packages/airflow/cli/commands/task_command.py", line 483, in task_run
    task_return_code = _run_task_by_selected_method(args, _dag, ti)
                       ^^^^^^^^^^^^^^^^^^^^^^^^^^^^^^^^^^^^^^^^^^^^
  File "/home/airflow/.local/lib/python3.12/site-packages/airflow/cli/commands/task_command.py", line 256, in _run_task_by_selected_method
    return _run_raw_task(args, ti)
           ^^^^^^^^^^^^^^^^^^^^^^^
  File "/home/airflow/.local/lib/python3.12/site-packages/airflow/cli/commands/task_command.py", line 341, in _run_raw_task
    return ti._run_raw_task(
           ^^^^^^^^^^^^^^^^^
  File "/home/airflow/.local/lib/python3.12/site-packages/airflow/utils/session.py", line 97, in wrapper
    return func(*args, session=session, **kwargs)
           ^^^^^^^^^^^^^^^^^^^^^^^^^^^^^^^^^^^^^^
  File "/home/airflow/.local/lib/python3.12/site-packages/airflow/models/taskinstance.py", line 3004, in _run_raw_task
    return _run_raw_task(
           ^^^^^^^^^^^^^^
  File "/home/airflow/.local/lib/python3.12/site-packages/airflow/models/taskinstance.py", line 273, in _run_raw_task
    TaskInstance._execute_task_with_callbacks(
  File "/home/airflow/.local/lib/python3.12/site-packages/airflow/models/taskinstance.py", line 3158, in _execute_task_with_callbacks
    result = self._execute_task(context, task_orig)
             ^^^^^^^^^^^^^^^^^^^^^^^^^^^^^^^^^^^^^^
  File "/home/airflow/.local/lib/python3.12/site-packages/airflow/models/taskinstance.py", line 3182, in _execute_task
    return _execute_task(self, context, task_orig)
           ^^^^^^^^^^^^^^^^^^^^^^^^^^^^^^^^^^^^^^^
  File "/home/airflow/.local/lib/python3.12/site-packages/airflow/models/taskinstance.py", line 767, in _execute_task
    result = _execute_callable(context=context, **execute_callable_kwargs)
             ^^^^^^^^^^^^^^^^^^^^^^^^^^^^^^^^^^^^^^^^^^^^^^^^^^^^^^^^^^^^^
  File "/home/airflow/.local/lib/python3.12/site-packages/airflow/models/taskinstance.py", line 733, in _execute_callable
    return ExecutionCallableRunner(
           ^^^^^^^^^^^^^^^^^^^^^^^^
  File "/home/airflow/.local/lib/python3.12/site-packages/airflow/utils/operator_helpers.py", line 252, in run
    return self.func(*args, **kwargs)
           ^^^^^^^^^^^^^^^^^^^^^^^^^^
  File "/home/airflow/.local/lib/python3.12/site-packages/airflow/models/baseoperator.py", line 406, in wrapper
    return func(self, *args, **kwargs)
           ^^^^^^^^^^^^^^^^^^^^^^^^^^^
  File "/home/airflow/.local/lib/python3.12/site-packages/airflow/operators/python.py", line 238, in execute
    return_value = self.execute_callable()
                   ^^^^^^^^^^^^^^^^^^^^^^^
  File "/home/airflow/.local/lib/python3.12/site-packages/airflow/operators/python.py", line 256, in execute_callable
    return runner.run(*self.op_args, **self.op_kwargs)
           ^^^^^^^^^^^^^^^^^^^^^^^^^^^^^^^^^^^^^^^^^^^
  File "/home/airflow/.local/lib/python3.12/site-packages/airflow/utils/operator_helpers.py", line 252, in run
    return self.func(*args, **kwargs)
           ^^^^^^^^^^^^^^^^^^^^^^^^^^
  File "/opt/airflow/dags/etl_dag.py", line 28, in extract_transform_load
    df = df.dropna(subset=['Quantity'])
         ^^^^^^^^^^^^^^^^^^^^^^^^^^^^^^
  File "/home/airflow/.local/lib/python3.12/site-packages/pandas/core/frame.py", line 6692, in dropna
    raise KeyError(np.array(subset)[check].tolist())
KeyError: ['Quantity']
[2025-11-06T20:27:23.189+0000] {local_task_job_runner.py:266} INFO - Task exited with return code 1
[2025-11-06T20:27:23.197+0000] {taskinstance.py:3900} INFO - 0 downstream tasks scheduled from follow-on schedule check
[2025-11-06T20:27:23.197+0000] {local_task_job_runner.py:245} INFO - ::endgroup::
