[2025-11-06T19:49:08.490+0000] {processor.py:186} INFO - Started process (PID=55) to work on /home/airflow/.local/lib/python3.12/site-packages/airflow/example_dags/example_branch_python_dop_operator_3.py
[2025-11-06T19:49:08.491+0000] {processor.py:914} INFO - Processing file /home/airflow/.local/lib/python3.12/site-packages/airflow/example_dags/example_branch_python_dop_operator_3.py for tasks to queue
[2025-11-06T19:49:08.492+0000] {logging_mixin.py:190} INFO - [2025-11-06T19:49:08.492+0000] {dagbag.py:588} INFO - Filling up the DagBag from /home/airflow/.local/lib/python3.12/site-packages/airflow/example_dags/example_branch_python_dop_operator_3.py
[2025-11-06T19:49:08.496+0000] {processor.py:925} INFO - DAG(s) 'example_branch_dop_operator_v3' retrieved from /home/airflow/.local/lib/python3.12/site-packages/airflow/example_dags/example_branch_python_dop_operator_3.py
[2025-11-06T19:49:08.537+0000] {logging_mixin.py:190} INFO - [2025-11-06T19:49:08.536+0000] {override.py:1900} INFO - Created Permission View: can delete on DAG:example_branch_dop_operator_v3
[2025-11-06T19:49:08.541+0000] {logging_mixin.py:190} INFO - [2025-11-06T19:49:08.541+0000] {override.py:1900} INFO - Created Permission View: can read on DAG:example_branch_dop_operator_v3
[2025-11-06T19:49:08.544+0000] {logging_mixin.py:190} INFO - [2025-11-06T19:49:08.544+0000] {override.py:1900} INFO - Created Permission View: can edit on DAG:example_branch_dop_operator_v3
[2025-11-06T19:49:08.546+0000] {logging_mixin.py:190} INFO - [2025-11-06T19:49:08.546+0000] {override.py:1900} INFO - Created Permission View: can delete on DAG Run:example_branch_dop_operator_v3
[2025-11-06T19:49:08.549+0000] {logging_mixin.py:190} INFO - [2025-11-06T19:49:08.549+0000] {override.py:1900} INFO - Created Permission View: can read on DAG Run:example_branch_dop_operator_v3
[2025-11-06T19:49:08.550+0000] {logging_mixin.py:190} INFO - [2025-11-06T19:49:08.550+0000] {override.py:1900} INFO - Created Permission View: menu access on DAG Run:example_branch_dop_operator_v3
[2025-11-06T19:49:08.552+0000] {logging_mixin.py:190} INFO - [2025-11-06T19:49:08.552+0000] {override.py:1900} INFO - Created Permission View: can create on DAG Run:example_branch_dop_operator_v3
[2025-11-06T19:49:08.552+0000] {logging_mixin.py:190} INFO - [2025-11-06T19:49:08.552+0000] {dag.py:3239} INFO - Sync 1 DAGs
[2025-11-06T19:49:08.557+0000] {logging_mixin.py:190} INFO - [2025-11-06T19:49:08.557+0000] {dag.py:3262} INFO - Creating ORM DAG for example_branch_dop_operator_v3
[2025-11-06T19:49:08.561+0000] {logging_mixin.py:190} INFO - [2025-11-06T19:49:08.561+0000] {dag.py:4180} INFO - Setting next_dagrun for example_branch_dop_operator_v3 to 2025-11-06 19:48:00+00:00, run_after=2025-11-06 19:49:00+00:00
[2025-11-06T19:49:08.567+0000] {processor.py:208} INFO - Processing /home/airflow/.local/lib/python3.12/site-packages/airflow/example_dags/example_branch_python_dop_operator_3.py took 0.079 seconds
[2025-11-06T19:49:39.443+0000] {processor.py:186} INFO - Started process (PID=117) to work on /home/airflow/.local/lib/python3.12/site-packages/airflow/example_dags/example_branch_python_dop_operator_3.py
[2025-11-06T19:49:39.444+0000] {processor.py:914} INFO - Processing file /home/airflow/.local/lib/python3.12/site-packages/airflow/example_dags/example_branch_python_dop_operator_3.py for tasks to queue
[2025-11-06T19:49:39.445+0000] {logging_mixin.py:190} INFO - [2025-11-06T19:49:39.445+0000] {dagbag.py:588} INFO - Filling up the DagBag from /home/airflow/.local/lib/python3.12/site-packages/airflow/example_dags/example_branch_python_dop_operator_3.py
[2025-11-06T19:49:39.449+0000] {processor.py:925} INFO - DAG(s) 'example_branch_dop_operator_v3' retrieved from /home/airflow/.local/lib/python3.12/site-packages/airflow/example_dags/example_branch_python_dop_operator_3.py
[2025-11-06T19:49:39.459+0000] {logging_mixin.py:190} INFO - [2025-11-06T19:49:39.459+0000] {dag.py:3239} INFO - Sync 1 DAGs
[2025-11-06T19:49:39.471+0000] {logging_mixin.py:190} INFO - [2025-11-06T19:49:39.471+0000] {dag.py:4180} INFO - Setting next_dagrun for example_branch_dop_operator_v3 to 2025-11-06 19:48:00+00:00, run_after=2025-11-06 19:49:00+00:00
[2025-11-06T19:49:39.477+0000] {processor.py:208} INFO - Processing /home/airflow/.local/lib/python3.12/site-packages/airflow/example_dags/example_branch_python_dop_operator_3.py took 0.036 seconds
[2025-11-06T19:50:20.128+0000] {processor.py:186} INFO - Started process (PID=48) to work on /home/airflow/.local/lib/python3.12/site-packages/airflow/example_dags/example_branch_python_dop_operator_3.py
[2025-11-06T19:50:20.129+0000] {processor.py:914} INFO - Processing file /home/airflow/.local/lib/python3.12/site-packages/airflow/example_dags/example_branch_python_dop_operator_3.py for tasks to queue
[2025-11-06T19:50:20.130+0000] {logging_mixin.py:190} INFO - [2025-11-06T19:50:20.130+0000] {dagbag.py:588} INFO - Filling up the DagBag from /home/airflow/.local/lib/python3.12/site-packages/airflow/example_dags/example_branch_python_dop_operator_3.py
[2025-11-06T19:50:20.134+0000] {processor.py:925} INFO - DAG(s) 'example_branch_dop_operator_v3' retrieved from /home/airflow/.local/lib/python3.12/site-packages/airflow/example_dags/example_branch_python_dop_operator_3.py
[2025-11-06T19:50:20.147+0000] {logging_mixin.py:190} INFO - [2025-11-06T19:50:20.147+0000] {dag.py:3239} INFO - Sync 1 DAGs
[2025-11-06T19:50:20.159+0000] {logging_mixin.py:190} INFO - [2025-11-06T19:50:20.159+0000] {dag.py:4180} INFO - Setting next_dagrun for example_branch_dop_operator_v3 to 2025-11-06 19:49:00+00:00, run_after=2025-11-06 19:50:00+00:00
[2025-11-06T19:50:20.169+0000] {processor.py:208} INFO - Processing /home/airflow/.local/lib/python3.12/site-packages/airflow/example_dags/example_branch_python_dop_operator_3.py took 0.042 seconds
[2025-11-06T19:50:50.899+0000] {processor.py:186} INFO - Started process (PID=116) to work on /home/airflow/.local/lib/python3.12/site-packages/airflow/example_dags/example_branch_python_dop_operator_3.py
[2025-11-06T19:50:50.902+0000] {processor.py:914} INFO - Processing file /home/airflow/.local/lib/python3.12/site-packages/airflow/example_dags/example_branch_python_dop_operator_3.py for tasks to queue
[2025-11-06T19:50:50.903+0000] {logging_mixin.py:190} INFO - [2025-11-06T19:50:50.903+0000] {dagbag.py:588} INFO - Filling up the DagBag from /home/airflow/.local/lib/python3.12/site-packages/airflow/example_dags/example_branch_python_dop_operator_3.py
[2025-11-06T19:50:50.908+0000] {processor.py:925} INFO - DAG(s) 'example_branch_dop_operator_v3' retrieved from /home/airflow/.local/lib/python3.12/site-packages/airflow/example_dags/example_branch_python_dop_operator_3.py
[2025-11-06T19:50:50.920+0000] {logging_mixin.py:190} INFO - [2025-11-06T19:50:50.920+0000] {dag.py:3239} INFO - Sync 1 DAGs
[2025-11-06T19:50:50.929+0000] {logging_mixin.py:190} INFO - [2025-11-06T19:50:50.929+0000] {dag.py:4180} INFO - Setting next_dagrun for example_branch_dop_operator_v3 to 2025-11-06 19:49:00+00:00, run_after=2025-11-06 19:50:00+00:00
[2025-11-06T19:50:50.939+0000] {processor.py:208} INFO - Processing /home/airflow/.local/lib/python3.12/site-packages/airflow/example_dags/example_branch_python_dop_operator_3.py took 0.042 seconds
[2025-11-06T19:51:21.444+0000] {processor.py:186} INFO - Started process (PID=178) to work on /home/airflow/.local/lib/python3.12/site-packages/airflow/example_dags/example_branch_python_dop_operator_3.py
[2025-11-06T19:51:21.448+0000] {processor.py:914} INFO - Processing file /home/airflow/.local/lib/python3.12/site-packages/airflow/example_dags/example_branch_python_dop_operator_3.py for tasks to queue
[2025-11-06T19:51:21.450+0000] {logging_mixin.py:190} INFO - [2025-11-06T19:51:21.450+0000] {dagbag.py:588} INFO - Filling up the DagBag from /home/airflow/.local/lib/python3.12/site-packages/airflow/example_dags/example_branch_python_dop_operator_3.py
[2025-11-06T19:51:21.453+0000] {processor.py:925} INFO - DAG(s) 'example_branch_dop_operator_v3' retrieved from /home/airflow/.local/lib/python3.12/site-packages/airflow/example_dags/example_branch_python_dop_operator_3.py
[2025-11-06T19:51:21.467+0000] {logging_mixin.py:190} INFO - [2025-11-06T19:51:21.467+0000] {dag.py:3239} INFO - Sync 1 DAGs
[2025-11-06T19:51:21.477+0000] {logging_mixin.py:190} INFO - [2025-11-06T19:51:21.477+0000] {dag.py:4180} INFO - Setting next_dagrun for example_branch_dop_operator_v3 to 2025-11-06 19:50:00+00:00, run_after=2025-11-06 19:51:00+00:00
[2025-11-06T19:51:21.485+0000] {processor.py:208} INFO - Processing /home/airflow/.local/lib/python3.12/site-packages/airflow/example_dags/example_branch_python_dop_operator_3.py took 0.043 seconds
[2025-11-06T19:51:52.051+0000] {processor.py:186} INFO - Started process (PID=240) to work on /home/airflow/.local/lib/python3.12/site-packages/airflow/example_dags/example_branch_python_dop_operator_3.py
[2025-11-06T19:51:52.052+0000] {processor.py:914} INFO - Processing file /home/airflow/.local/lib/python3.12/site-packages/airflow/example_dags/example_branch_python_dop_operator_3.py for tasks to queue
[2025-11-06T19:51:52.053+0000] {logging_mixin.py:190} INFO - [2025-11-06T19:51:52.052+0000] {dagbag.py:588} INFO - Filling up the DagBag from /home/airflow/.local/lib/python3.12/site-packages/airflow/example_dags/example_branch_python_dop_operator_3.py
[2025-11-06T19:51:52.057+0000] {processor.py:925} INFO - DAG(s) 'example_branch_dop_operator_v3' retrieved from /home/airflow/.local/lib/python3.12/site-packages/airflow/example_dags/example_branch_python_dop_operator_3.py
[2025-11-06T19:51:52.066+0000] {logging_mixin.py:190} INFO - [2025-11-06T19:51:52.066+0000] {dag.py:3239} INFO - Sync 1 DAGs
[2025-11-06T19:51:52.074+0000] {logging_mixin.py:190} INFO - [2025-11-06T19:51:52.074+0000] {dag.py:4180} INFO - Setting next_dagrun for example_branch_dop_operator_v3 to 2025-11-06 19:50:00+00:00, run_after=2025-11-06 19:51:00+00:00
[2025-11-06T19:51:52.084+0000] {processor.py:208} INFO - Processing /home/airflow/.local/lib/python3.12/site-packages/airflow/example_dags/example_branch_python_dop_operator_3.py took 0.036 seconds
[2025-11-06T19:52:22.640+0000] {processor.py:186} INFO - Started process (PID=302) to work on /home/airflow/.local/lib/python3.12/site-packages/airflow/example_dags/example_branch_python_dop_operator_3.py
[2025-11-06T19:52:22.643+0000] {processor.py:914} INFO - Processing file /home/airflow/.local/lib/python3.12/site-packages/airflow/example_dags/example_branch_python_dop_operator_3.py for tasks to queue
[2025-11-06T19:52:22.643+0000] {logging_mixin.py:190} INFO - [2025-11-06T19:52:22.643+0000] {dagbag.py:588} INFO - Filling up the DagBag from /home/airflow/.local/lib/python3.12/site-packages/airflow/example_dags/example_branch_python_dop_operator_3.py
[2025-11-06T19:52:22.648+0000] {processor.py:925} INFO - DAG(s) 'example_branch_dop_operator_v3' retrieved from /home/airflow/.local/lib/python3.12/site-packages/airflow/example_dags/example_branch_python_dop_operator_3.py
[2025-11-06T19:52:22.657+0000] {logging_mixin.py:190} INFO - [2025-11-06T19:52:22.657+0000] {dag.py:3239} INFO - Sync 1 DAGs
[2025-11-06T19:52:22.665+0000] {logging_mixin.py:190} INFO - [2025-11-06T19:52:22.665+0000] {dag.py:4180} INFO - Setting next_dagrun for example_branch_dop_operator_v3 to 2025-11-06 19:51:00+00:00, run_after=2025-11-06 19:52:00+00:00
[2025-11-06T19:52:22.674+0000] {processor.py:208} INFO - Processing /home/airflow/.local/lib/python3.12/site-packages/airflow/example_dags/example_branch_python_dop_operator_3.py took 0.036 seconds
[2025-11-06T19:52:53.311+0000] {processor.py:186} INFO - Started process (PID=364) to work on /home/airflow/.local/lib/python3.12/site-packages/airflow/example_dags/example_branch_python_dop_operator_3.py
[2025-11-06T19:52:53.315+0000] {processor.py:914} INFO - Processing file /home/airflow/.local/lib/python3.12/site-packages/airflow/example_dags/example_branch_python_dop_operator_3.py for tasks to queue
[2025-11-06T19:52:53.317+0000] {logging_mixin.py:190} INFO - [2025-11-06T19:52:53.316+0000] {dagbag.py:588} INFO - Filling up the DagBag from /home/airflow/.local/lib/python3.12/site-packages/airflow/example_dags/example_branch_python_dop_operator_3.py
[2025-11-06T19:52:53.322+0000] {processor.py:925} INFO - DAG(s) 'example_branch_dop_operator_v3' retrieved from /home/airflow/.local/lib/python3.12/site-packages/airflow/example_dags/example_branch_python_dop_operator_3.py
[2025-11-06T19:52:53.338+0000] {logging_mixin.py:190} INFO - [2025-11-06T19:52:53.338+0000] {dag.py:3239} INFO - Sync 1 DAGs
[2025-11-06T19:52:53.354+0000] {logging_mixin.py:190} INFO - [2025-11-06T19:52:53.353+0000] {dag.py:4180} INFO - Setting next_dagrun for example_branch_dop_operator_v3 to 2025-11-06 19:51:00+00:00, run_after=2025-11-06 19:52:00+00:00
[2025-11-06T19:52:53.363+0000] {processor.py:208} INFO - Processing /home/airflow/.local/lib/python3.12/site-packages/airflow/example_dags/example_branch_python_dop_operator_3.py took 0.054 seconds
[2025-11-06T19:53:24.238+0000] {processor.py:186} INFO - Started process (PID=426) to work on /home/airflow/.local/lib/python3.12/site-packages/airflow/example_dags/example_branch_python_dop_operator_3.py
[2025-11-06T19:53:24.239+0000] {processor.py:914} INFO - Processing file /home/airflow/.local/lib/python3.12/site-packages/airflow/example_dags/example_branch_python_dop_operator_3.py for tasks to queue
[2025-11-06T19:53:24.239+0000] {logging_mixin.py:190} INFO - [2025-11-06T19:53:24.239+0000] {dagbag.py:588} INFO - Filling up the DagBag from /home/airflow/.local/lib/python3.12/site-packages/airflow/example_dags/example_branch_python_dop_operator_3.py
[2025-11-06T19:53:24.243+0000] {processor.py:925} INFO - DAG(s) 'example_branch_dop_operator_v3' retrieved from /home/airflow/.local/lib/python3.12/site-packages/airflow/example_dags/example_branch_python_dop_operator_3.py
[2025-11-06T19:53:24.255+0000] {logging_mixin.py:190} INFO - [2025-11-06T19:53:24.255+0000] {dag.py:3239} INFO - Sync 1 DAGs
[2025-11-06T19:53:24.265+0000] {logging_mixin.py:190} INFO - [2025-11-06T19:53:24.265+0000] {dag.py:4180} INFO - Setting next_dagrun for example_branch_dop_operator_v3 to 2025-11-06 19:52:00+00:00, run_after=2025-11-06 19:53:00+00:00
[2025-11-06T19:53:24.275+0000] {processor.py:208} INFO - Processing /home/airflow/.local/lib/python3.12/site-packages/airflow/example_dags/example_branch_python_dop_operator_3.py took 0.039 seconds
[2025-11-06T19:53:54.828+0000] {processor.py:186} INFO - Started process (PID=488) to work on /home/airflow/.local/lib/python3.12/site-packages/airflow/example_dags/example_branch_python_dop_operator_3.py
[2025-11-06T19:53:54.828+0000] {processor.py:914} INFO - Processing file /home/airflow/.local/lib/python3.12/site-packages/airflow/example_dags/example_branch_python_dop_operator_3.py for tasks to queue
[2025-11-06T19:53:54.829+0000] {logging_mixin.py:190} INFO - [2025-11-06T19:53:54.829+0000] {dagbag.py:588} INFO - Filling up the DagBag from /home/airflow/.local/lib/python3.12/site-packages/airflow/example_dags/example_branch_python_dop_operator_3.py
[2025-11-06T19:53:54.832+0000] {processor.py:925} INFO - DAG(s) 'example_branch_dop_operator_v3' retrieved from /home/airflow/.local/lib/python3.12/site-packages/airflow/example_dags/example_branch_python_dop_operator_3.py
[2025-11-06T19:53:54.841+0000] {logging_mixin.py:190} INFO - [2025-11-06T19:53:54.841+0000] {dag.py:3239} INFO - Sync 1 DAGs
[2025-11-06T19:53:54.850+0000] {logging_mixin.py:190} INFO - [2025-11-06T19:53:54.849+0000] {dag.py:4180} INFO - Setting next_dagrun for example_branch_dop_operator_v3 to 2025-11-06 19:52:00+00:00, run_after=2025-11-06 19:53:00+00:00
[2025-11-06T19:53:54.859+0000] {processor.py:208} INFO - Processing /home/airflow/.local/lib/python3.12/site-packages/airflow/example_dags/example_branch_python_dop_operator_3.py took 0.033 seconds
