[2025-11-06T19:49:09.661+0000] {processor.py:186} INFO - Started process (PID=85) to work on /home/airflow/.local/lib/python3.12/site-packages/airflow/example_dags/example_trigger_target_dag.py
[2025-11-06T19:49:09.662+0000] {processor.py:914} INFO - Processing file /home/airflow/.local/lib/python3.12/site-packages/airflow/example_dags/example_trigger_target_dag.py for tasks to queue
[2025-11-06T19:49:09.664+0000] {logging_mixin.py:190} INFO - [2025-11-06T19:49:09.664+0000] {dagbag.py:588} INFO - Filling up the DagBag from /home/airflow/.local/lib/python3.12/site-packages/airflow/example_dags/example_trigger_target_dag.py
[2025-11-06T19:49:09.668+0000] {processor.py:925} INFO - DAG(s) 'example_trigger_target_dag' retrieved from /home/airflow/.local/lib/python3.12/site-packages/airflow/example_dags/example_trigger_target_dag.py
[2025-11-06T19:49:09.705+0000] {logging_mixin.py:190} INFO - [2025-11-06T19:49:09.704+0000] {override.py:1900} INFO - Created Permission View: can delete on DAG:example_trigger_target_dag
[2025-11-06T19:49:09.708+0000] {logging_mixin.py:190} INFO - [2025-11-06T19:49:09.708+0000] {override.py:1900} INFO - Created Permission View: can read on DAG:example_trigger_target_dag
[2025-11-06T19:49:09.709+0000] {logging_mixin.py:190} INFO - [2025-11-06T19:49:09.709+0000] {override.py:1900} INFO - Created Permission View: can edit on DAG:example_trigger_target_dag
[2025-11-06T19:49:09.711+0000] {logging_mixin.py:190} INFO - [2025-11-06T19:49:09.711+0000] {override.py:1900} INFO - Created Permission View: can delete on DAG Run:example_trigger_target_dag
[2025-11-06T19:49:09.713+0000] {logging_mixin.py:190} INFO - [2025-11-06T19:49:09.712+0000] {override.py:1900} INFO - Created Permission View: can read on DAG Run:example_trigger_target_dag
[2025-11-06T19:49:09.714+0000] {logging_mixin.py:190} INFO - [2025-11-06T19:49:09.714+0000] {override.py:1900} INFO - Created Permission View: menu access on DAG Run:example_trigger_target_dag
[2025-11-06T19:49:09.715+0000] {logging_mixin.py:190} INFO - [2025-11-06T19:49:09.715+0000] {override.py:1900} INFO - Created Permission View: can create on DAG Run:example_trigger_target_dag
[2025-11-06T19:49:09.715+0000] {logging_mixin.py:190} INFO - [2025-11-06T19:49:09.715+0000] {dag.py:3239} INFO - Sync 1 DAGs
[2025-11-06T19:49:09.720+0000] {logging_mixin.py:190} INFO - [2025-11-06T19:49:09.719+0000] {dag.py:3262} INFO - Creating ORM DAG for example_trigger_target_dag
[2025-11-06T19:49:09.720+0000] {logging_mixin.py:190} INFO - [2025-11-06T19:49:09.720+0000] {dag.py:4180} INFO - Setting next_dagrun for example_trigger_target_dag to None, run_after=None
[2025-11-06T19:49:09.726+0000] {processor.py:208} INFO - Processing /home/airflow/.local/lib/python3.12/site-packages/airflow/example_dags/example_trigger_target_dag.py took 0.068 seconds
[2025-11-06T19:49:40.060+0000] {processor.py:186} INFO - Started process (PID=147) to work on /home/airflow/.local/lib/python3.12/site-packages/airflow/example_dags/example_trigger_target_dag.py
[2025-11-06T19:49:40.061+0000] {processor.py:914} INFO - Processing file /home/airflow/.local/lib/python3.12/site-packages/airflow/example_dags/example_trigger_target_dag.py for tasks to queue
[2025-11-06T19:49:40.063+0000] {logging_mixin.py:190} INFO - [2025-11-06T19:49:40.063+0000] {dagbag.py:588} INFO - Filling up the DagBag from /home/airflow/.local/lib/python3.12/site-packages/airflow/example_dags/example_trigger_target_dag.py
[2025-11-06T19:49:40.066+0000] {processor.py:925} INFO - DAG(s) 'example_trigger_target_dag' retrieved from /home/airflow/.local/lib/python3.12/site-packages/airflow/example_dags/example_trigger_target_dag.py
[2025-11-06T19:49:40.075+0000] {logging_mixin.py:190} INFO - [2025-11-06T19:49:40.075+0000] {dag.py:3239} INFO - Sync 1 DAGs
[2025-11-06T19:49:40.080+0000] {logging_mixin.py:190} INFO - [2025-11-06T19:49:40.080+0000] {dag.py:4180} INFO - Setting next_dagrun for example_trigger_target_dag to None, run_after=None
[2025-11-06T19:49:40.086+0000] {processor.py:208} INFO - Processing /home/airflow/.local/lib/python3.12/site-packages/airflow/example_dags/example_trigger_target_dag.py took 0.029 seconds
[2025-11-06T19:50:21.021+0000] {processor.py:186} INFO - Started process (PID=84) to work on /home/airflow/.local/lib/python3.12/site-packages/airflow/example_dags/example_trigger_target_dag.py
[2025-11-06T19:50:21.022+0000] {processor.py:914} INFO - Processing file /home/airflow/.local/lib/python3.12/site-packages/airflow/example_dags/example_trigger_target_dag.py for tasks to queue
[2025-11-06T19:50:21.022+0000] {logging_mixin.py:190} INFO - [2025-11-06T19:50:21.022+0000] {dagbag.py:588} INFO - Filling up the DagBag from /home/airflow/.local/lib/python3.12/site-packages/airflow/example_dags/example_trigger_target_dag.py
[2025-11-06T19:50:21.026+0000] {processor.py:925} INFO - DAG(s) 'example_trigger_target_dag' retrieved from /home/airflow/.local/lib/python3.12/site-packages/airflow/example_dags/example_trigger_target_dag.py
[2025-11-06T19:50:21.039+0000] {logging_mixin.py:190} INFO - [2025-11-06T19:50:21.039+0000] {dag.py:3239} INFO - Sync 1 DAGs
[2025-11-06T19:50:21.044+0000] {logging_mixin.py:190} INFO - [2025-11-06T19:50:21.044+0000] {dag.py:4180} INFO - Setting next_dagrun for example_trigger_target_dag to None, run_after=None
[2025-11-06T19:50:21.050+0000] {processor.py:208} INFO - Processing /home/airflow/.local/lib/python3.12/site-packages/airflow/example_dags/example_trigger_target_dag.py took 0.031 seconds
[2025-11-06T19:50:51.634+0000] {processor.py:186} INFO - Started process (PID=146) to work on /home/airflow/.local/lib/python3.12/site-packages/airflow/example_dags/example_trigger_target_dag.py
[2025-11-06T19:50:51.635+0000] {processor.py:914} INFO - Processing file /home/airflow/.local/lib/python3.12/site-packages/airflow/example_dags/example_trigger_target_dag.py for tasks to queue
[2025-11-06T19:50:51.635+0000] {logging_mixin.py:190} INFO - [2025-11-06T19:50:51.635+0000] {dagbag.py:588} INFO - Filling up the DagBag from /home/airflow/.local/lib/python3.12/site-packages/airflow/example_dags/example_trigger_target_dag.py
[2025-11-06T19:50:51.638+0000] {processor.py:925} INFO - DAG(s) 'example_trigger_target_dag' retrieved from /home/airflow/.local/lib/python3.12/site-packages/airflow/example_dags/example_trigger_target_dag.py
[2025-11-06T19:50:51.647+0000] {logging_mixin.py:190} INFO - [2025-11-06T19:50:51.647+0000] {dag.py:3239} INFO - Sync 1 DAGs
[2025-11-06T19:50:51.651+0000] {logging_mixin.py:190} INFO - [2025-11-06T19:50:51.651+0000] {dag.py:4180} INFO - Setting next_dagrun for example_trigger_target_dag to None, run_after=None
[2025-11-06T19:50:51.656+0000] {processor.py:208} INFO - Processing /home/airflow/.local/lib/python3.12/site-packages/airflow/example_dags/example_trigger_target_dag.py took 0.024 seconds
[2025-11-06T19:51:22.162+0000] {processor.py:186} INFO - Started process (PID=208) to work on /home/airflow/.local/lib/python3.12/site-packages/airflow/example_dags/example_trigger_target_dag.py
[2025-11-06T19:51:22.162+0000] {processor.py:914} INFO - Processing file /home/airflow/.local/lib/python3.12/site-packages/airflow/example_dags/example_trigger_target_dag.py for tasks to queue
[2025-11-06T19:51:22.163+0000] {logging_mixin.py:190} INFO - [2025-11-06T19:51:22.163+0000] {dagbag.py:588} INFO - Filling up the DagBag from /home/airflow/.local/lib/python3.12/site-packages/airflow/example_dags/example_trigger_target_dag.py
[2025-11-06T19:51:22.166+0000] {processor.py:925} INFO - DAG(s) 'example_trigger_target_dag' retrieved from /home/airflow/.local/lib/python3.12/site-packages/airflow/example_dags/example_trigger_target_dag.py
[2025-11-06T19:51:22.177+0000] {logging_mixin.py:190} INFO - [2025-11-06T19:51:22.177+0000] {dag.py:3239} INFO - Sync 1 DAGs
[2025-11-06T19:51:22.182+0000] {logging_mixin.py:190} INFO - [2025-11-06T19:51:22.181+0000] {dag.py:4180} INFO - Setting next_dagrun for example_trigger_target_dag to None, run_after=None
[2025-11-06T19:51:22.188+0000] {processor.py:208} INFO - Processing /home/airflow/.local/lib/python3.12/site-packages/airflow/example_dags/example_trigger_target_dag.py took 0.029 seconds
[2025-11-06T19:51:52.764+0000] {processor.py:186} INFO - Started process (PID=270) to work on /home/airflow/.local/lib/python3.12/site-packages/airflow/example_dags/example_trigger_target_dag.py
[2025-11-06T19:51:52.766+0000] {processor.py:914} INFO - Processing file /home/airflow/.local/lib/python3.12/site-packages/airflow/example_dags/example_trigger_target_dag.py for tasks to queue
[2025-11-06T19:51:52.767+0000] {logging_mixin.py:190} INFO - [2025-11-06T19:51:52.766+0000] {dagbag.py:588} INFO - Filling up the DagBag from /home/airflow/.local/lib/python3.12/site-packages/airflow/example_dags/example_trigger_target_dag.py
[2025-11-06T19:51:52.771+0000] {processor.py:925} INFO - DAG(s) 'example_trigger_target_dag' retrieved from /home/airflow/.local/lib/python3.12/site-packages/airflow/example_dags/example_trigger_target_dag.py
[2025-11-06T19:51:52.782+0000] {logging_mixin.py:190} INFO - [2025-11-06T19:51:52.782+0000] {dag.py:3239} INFO - Sync 1 DAGs
[2025-11-06T19:51:52.787+0000] {logging_mixin.py:190} INFO - [2025-11-06T19:51:52.787+0000] {dag.py:4180} INFO - Setting next_dagrun for example_trigger_target_dag to None, run_after=None
[2025-11-06T19:51:52.794+0000] {processor.py:208} INFO - Processing /home/airflow/.local/lib/python3.12/site-packages/airflow/example_dags/example_trigger_target_dag.py took 0.033 seconds
[2025-11-06T19:52:23.319+0000] {processor.py:186} INFO - Started process (PID=332) to work on /home/airflow/.local/lib/python3.12/site-packages/airflow/example_dags/example_trigger_target_dag.py
[2025-11-06T19:52:23.321+0000] {processor.py:914} INFO - Processing file /home/airflow/.local/lib/python3.12/site-packages/airflow/example_dags/example_trigger_target_dag.py for tasks to queue
[2025-11-06T19:52:23.322+0000] {logging_mixin.py:190} INFO - [2025-11-06T19:52:23.322+0000] {dagbag.py:588} INFO - Filling up the DagBag from /home/airflow/.local/lib/python3.12/site-packages/airflow/example_dags/example_trigger_target_dag.py
[2025-11-06T19:52:23.325+0000] {processor.py:925} INFO - DAG(s) 'example_trigger_target_dag' retrieved from /home/airflow/.local/lib/python3.12/site-packages/airflow/example_dags/example_trigger_target_dag.py
[2025-11-06T19:52:23.334+0000] {logging_mixin.py:190} INFO - [2025-11-06T19:52:23.334+0000] {dag.py:3239} INFO - Sync 1 DAGs
[2025-11-06T19:52:23.339+0000] {logging_mixin.py:190} INFO - [2025-11-06T19:52:23.339+0000] {dag.py:4180} INFO - Setting next_dagrun for example_trigger_target_dag to None, run_after=None
[2025-11-06T19:52:23.345+0000] {processor.py:208} INFO - Processing /home/airflow/.local/lib/python3.12/site-packages/airflow/example_dags/example_trigger_target_dag.py took 0.028 seconds
[2025-11-06T19:52:54.296+0000] {processor.py:186} INFO - Started process (PID=394) to work on /home/airflow/.local/lib/python3.12/site-packages/airflow/example_dags/example_trigger_target_dag.py
[2025-11-06T19:52:54.298+0000] {processor.py:914} INFO - Processing file /home/airflow/.local/lib/python3.12/site-packages/airflow/example_dags/example_trigger_target_dag.py for tasks to queue
[2025-11-06T19:52:54.302+0000] {logging_mixin.py:190} INFO - [2025-11-06T19:52:54.302+0000] {dagbag.py:588} INFO - Filling up the DagBag from /home/airflow/.local/lib/python3.12/site-packages/airflow/example_dags/example_trigger_target_dag.py
[2025-11-06T19:52:54.307+0000] {processor.py:925} INFO - DAG(s) 'example_trigger_target_dag' retrieved from /home/airflow/.local/lib/python3.12/site-packages/airflow/example_dags/example_trigger_target_dag.py
[2025-11-06T19:52:54.317+0000] {logging_mixin.py:190} INFO - [2025-11-06T19:52:54.317+0000] {dag.py:3239} INFO - Sync 1 DAGs
[2025-11-06T19:52:54.323+0000] {logging_mixin.py:190} INFO - [2025-11-06T19:52:54.323+0000] {dag.py:4180} INFO - Setting next_dagrun for example_trigger_target_dag to None, run_after=None
[2025-11-06T19:52:54.333+0000] {processor.py:208} INFO - Processing /home/airflow/.local/lib/python3.12/site-packages/airflow/example_dags/example_trigger_target_dag.py took 0.043 seconds
[2025-11-06T19:53:24.912+0000] {processor.py:186} INFO - Started process (PID=456) to work on /home/airflow/.local/lib/python3.12/site-packages/airflow/example_dags/example_trigger_target_dag.py
[2025-11-06T19:53:24.912+0000] {processor.py:914} INFO - Processing file /home/airflow/.local/lib/python3.12/site-packages/airflow/example_dags/example_trigger_target_dag.py for tasks to queue
[2025-11-06T19:53:24.913+0000] {logging_mixin.py:190} INFO - [2025-11-06T19:53:24.913+0000] {dagbag.py:588} INFO - Filling up the DagBag from /home/airflow/.local/lib/python3.12/site-packages/airflow/example_dags/example_trigger_target_dag.py
[2025-11-06T19:53:24.916+0000] {processor.py:925} INFO - DAG(s) 'example_trigger_target_dag' retrieved from /home/airflow/.local/lib/python3.12/site-packages/airflow/example_dags/example_trigger_target_dag.py
[2025-11-06T19:53:24.926+0000] {logging_mixin.py:190} INFO - [2025-11-06T19:53:24.925+0000] {dag.py:3239} INFO - Sync 1 DAGs
[2025-11-06T19:53:24.930+0000] {logging_mixin.py:190} INFO - [2025-11-06T19:53:24.930+0000] {dag.py:4180} INFO - Setting next_dagrun for example_trigger_target_dag to None, run_after=None
[2025-11-06T19:53:24.938+0000] {processor.py:208} INFO - Processing /home/airflow/.local/lib/python3.12/site-packages/airflow/example_dags/example_trigger_target_dag.py took 0.029 seconds
[2025-11-06T19:53:55.578+0000] {processor.py:186} INFO - Started process (PID=518) to work on /home/airflow/.local/lib/python3.12/site-packages/airflow/example_dags/example_trigger_target_dag.py
[2025-11-06T19:53:55.579+0000] {processor.py:914} INFO - Processing file /home/airflow/.local/lib/python3.12/site-packages/airflow/example_dags/example_trigger_target_dag.py for tasks to queue
[2025-11-06T19:53:55.583+0000] {logging_mixin.py:190} INFO - [2025-11-06T19:53:55.583+0000] {dagbag.py:588} INFO - Filling up the DagBag from /home/airflow/.local/lib/python3.12/site-packages/airflow/example_dags/example_trigger_target_dag.py
[2025-11-06T19:53:55.586+0000] {processor.py:925} INFO - DAG(s) 'example_trigger_target_dag' retrieved from /home/airflow/.local/lib/python3.12/site-packages/airflow/example_dags/example_trigger_target_dag.py
[2025-11-06T19:53:55.597+0000] {logging_mixin.py:190} INFO - [2025-11-06T19:53:55.597+0000] {dag.py:3239} INFO - Sync 1 DAGs
[2025-11-06T19:53:55.602+0000] {logging_mixin.py:190} INFO - [2025-11-06T19:53:55.602+0000] {dag.py:4180} INFO - Setting next_dagrun for example_trigger_target_dag to None, run_after=None
[2025-11-06T19:53:55.607+0000] {processor.py:208} INFO - Processing /home/airflow/.local/lib/python3.12/site-packages/airflow/example_dags/example_trigger_target_dag.py took 0.032 seconds
