[2025-11-06T19:49:08.807+0000] {processor.py:186} INFO - Started process (PID=64) to work on /home/airflow/.local/lib/python3.12/site-packages/airflow/example_dags/example_short_circuit_decorator.py
[2025-11-06T19:49:08.807+0000] {processor.py:914} INFO - Processing file /home/airflow/.local/lib/python3.12/site-packages/airflow/example_dags/example_short_circuit_decorator.py for tasks to queue
[2025-11-06T19:49:08.808+0000] {logging_mixin.py:190} INFO - [2025-11-06T19:49:08.808+0000] {dagbag.py:588} INFO - Filling up the DagBag from /home/airflow/.local/lib/python3.12/site-packages/airflow/example_dags/example_short_circuit_decorator.py
[2025-11-06T19:49:08.814+0000] {processor.py:925} INFO - DAG(s) 'example_short_circuit_decorator' retrieved from /home/airflow/.local/lib/python3.12/site-packages/airflow/example_dags/example_short_circuit_decorator.py
[2025-11-06T19:49:08.852+0000] {logging_mixin.py:190} INFO - [2025-11-06T19:49:08.852+0000] {override.py:1900} INFO - Created Permission View: can delete on DAG:example_short_circuit_decorator
[2025-11-06T19:49:08.855+0000] {logging_mixin.py:190} INFO - [2025-11-06T19:49:08.854+0000] {override.py:1900} INFO - Created Permission View: can read on DAG:example_short_circuit_decorator
[2025-11-06T19:49:08.856+0000] {logging_mixin.py:190} INFO - [2025-11-06T19:49:08.856+0000] {override.py:1900} INFO - Created Permission View: can edit on DAG:example_short_circuit_decorator
[2025-11-06T19:49:08.857+0000] {logging_mixin.py:190} INFO - [2025-11-06T19:49:08.857+0000] {override.py:1900} INFO - Created Permission View: can delete on DAG Run:example_short_circuit_decorator
[2025-11-06T19:49:08.859+0000] {logging_mixin.py:190} INFO - [2025-11-06T19:49:08.859+0000] {override.py:1900} INFO - Created Permission View: can read on DAG Run:example_short_circuit_decorator
[2025-11-06T19:49:08.860+0000] {logging_mixin.py:190} INFO - [2025-11-06T19:49:08.860+0000] {override.py:1900} INFO - Created Permission View: menu access on DAG Run:example_short_circuit_decorator
[2025-11-06T19:49:08.862+0000] {logging_mixin.py:190} INFO - [2025-11-06T19:49:08.861+0000] {override.py:1900} INFO - Created Permission View: can create on DAG Run:example_short_circuit_decorator
[2025-11-06T19:49:08.862+0000] {logging_mixin.py:190} INFO - [2025-11-06T19:49:08.862+0000] {dag.py:3239} INFO - Sync 1 DAGs
[2025-11-06T19:49:08.866+0000] {logging_mixin.py:190} INFO - [2025-11-06T19:49:08.866+0000] {dag.py:3262} INFO - Creating ORM DAG for example_short_circuit_decorator
[2025-11-06T19:49:08.866+0000] {logging_mixin.py:190} INFO - [2025-11-06T19:49:08.866+0000] {dag.py:4180} INFO - Setting next_dagrun for example_short_circuit_decorator to None, run_after=None
[2025-11-06T19:49:08.872+0000] {processor.py:208} INFO - Processing /home/airflow/.local/lib/python3.12/site-packages/airflow/example_dags/example_short_circuit_decorator.py took 0.067 seconds
[2025-11-06T19:49:39.602+0000] {processor.py:186} INFO - Started process (PID=126) to work on /home/airflow/.local/lib/python3.12/site-packages/airflow/example_dags/example_short_circuit_decorator.py
[2025-11-06T19:49:39.602+0000] {processor.py:914} INFO - Processing file /home/airflow/.local/lib/python3.12/site-packages/airflow/example_dags/example_short_circuit_decorator.py for tasks to queue
[2025-11-06T19:49:39.603+0000] {logging_mixin.py:190} INFO - [2025-11-06T19:49:39.603+0000] {dagbag.py:588} INFO - Filling up the DagBag from /home/airflow/.local/lib/python3.12/site-packages/airflow/example_dags/example_short_circuit_decorator.py
[2025-11-06T19:49:39.607+0000] {processor.py:925} INFO - DAG(s) 'example_short_circuit_decorator' retrieved from /home/airflow/.local/lib/python3.12/site-packages/airflow/example_dags/example_short_circuit_decorator.py
[2025-11-06T19:49:39.616+0000] {logging_mixin.py:190} INFO - [2025-11-06T19:49:39.616+0000] {dag.py:3239} INFO - Sync 1 DAGs
[2025-11-06T19:49:39.623+0000] {logging_mixin.py:190} INFO - [2025-11-06T19:49:39.623+0000] {dag.py:4180} INFO - Setting next_dagrun for example_short_circuit_decorator to None, run_after=None
[2025-11-06T19:49:39.628+0000] {processor.py:208} INFO - Processing /home/airflow/.local/lib/python3.12/site-packages/airflow/example_dags/example_short_circuit_decorator.py took 0.029 seconds
[2025-11-06T19:50:20.398+0000] {processor.py:186} INFO - Started process (PID=63) to work on /home/airflow/.local/lib/python3.12/site-packages/airflow/example_dags/example_short_circuit_decorator.py
[2025-11-06T19:50:20.399+0000] {processor.py:914} INFO - Processing file /home/airflow/.local/lib/python3.12/site-packages/airflow/example_dags/example_short_circuit_decorator.py for tasks to queue
[2025-11-06T19:50:20.402+0000] {logging_mixin.py:190} INFO - [2025-11-06T19:50:20.402+0000] {dagbag.py:588} INFO - Filling up the DagBag from /home/airflow/.local/lib/python3.12/site-packages/airflow/example_dags/example_short_circuit_decorator.py
[2025-11-06T19:50:20.408+0000] {processor.py:925} INFO - DAG(s) 'example_short_circuit_decorator' retrieved from /home/airflow/.local/lib/python3.12/site-packages/airflow/example_dags/example_short_circuit_decorator.py
[2025-11-06T19:50:20.419+0000] {logging_mixin.py:190} INFO - [2025-11-06T19:50:20.419+0000] {dag.py:3239} INFO - Sync 1 DAGs
[2025-11-06T19:50:20.425+0000] {logging_mixin.py:190} INFO - [2025-11-06T19:50:20.425+0000] {dag.py:4180} INFO - Setting next_dagrun for example_short_circuit_decorator to None, run_after=None
[2025-11-06T19:50:20.435+0000] {processor.py:208} INFO - Processing /home/airflow/.local/lib/python3.12/site-packages/airflow/example_dags/example_short_circuit_decorator.py took 0.040 seconds
[2025-11-06T19:50:51.117+0000] {processor.py:186} INFO - Started process (PID=125) to work on /home/airflow/.local/lib/python3.12/site-packages/airflow/example_dags/example_short_circuit_decorator.py
[2025-11-06T19:50:51.121+0000] {processor.py:914} INFO - Processing file /home/airflow/.local/lib/python3.12/site-packages/airflow/example_dags/example_short_circuit_decorator.py for tasks to queue
[2025-11-06T19:50:51.123+0000] {logging_mixin.py:190} INFO - [2025-11-06T19:50:51.122+0000] {dagbag.py:588} INFO - Filling up the DagBag from /home/airflow/.local/lib/python3.12/site-packages/airflow/example_dags/example_short_circuit_decorator.py
[2025-11-06T19:50:51.126+0000] {processor.py:925} INFO - DAG(s) 'example_short_circuit_decorator' retrieved from /home/airflow/.local/lib/python3.12/site-packages/airflow/example_dags/example_short_circuit_decorator.py
[2025-11-06T19:50:51.142+0000] {logging_mixin.py:190} INFO - [2025-11-06T19:50:51.142+0000] {dag.py:3239} INFO - Sync 1 DAGs
[2025-11-06T19:50:51.148+0000] {logging_mixin.py:190} INFO - [2025-11-06T19:50:51.147+0000] {dag.py:4180} INFO - Setting next_dagrun for example_short_circuit_decorator to None, run_after=None
[2025-11-06T19:50:51.156+0000] {processor.py:208} INFO - Processing /home/airflow/.local/lib/python3.12/site-packages/airflow/example_dags/example_short_circuit_decorator.py took 0.041 seconds
[2025-11-06T19:51:21.661+0000] {processor.py:186} INFO - Started process (PID=187) to work on /home/airflow/.local/lib/python3.12/site-packages/airflow/example_dags/example_short_circuit_decorator.py
[2025-11-06T19:51:21.664+0000] {processor.py:914} INFO - Processing file /home/airflow/.local/lib/python3.12/site-packages/airflow/example_dags/example_short_circuit_decorator.py for tasks to queue
[2025-11-06T19:51:21.665+0000] {logging_mixin.py:190} INFO - [2025-11-06T19:51:21.665+0000] {dagbag.py:588} INFO - Filling up the DagBag from /home/airflow/.local/lib/python3.12/site-packages/airflow/example_dags/example_short_circuit_decorator.py
[2025-11-06T19:51:21.669+0000] {processor.py:925} INFO - DAG(s) 'example_short_circuit_decorator' retrieved from /home/airflow/.local/lib/python3.12/site-packages/airflow/example_dags/example_short_circuit_decorator.py
[2025-11-06T19:51:21.683+0000] {logging_mixin.py:190} INFO - [2025-11-06T19:51:21.683+0000] {dag.py:3239} INFO - Sync 1 DAGs
[2025-11-06T19:51:21.687+0000] {logging_mixin.py:190} INFO - [2025-11-06T19:51:21.687+0000] {dag.py:4180} INFO - Setting next_dagrun for example_short_circuit_decorator to None, run_after=None
[2025-11-06T19:51:21.698+0000] {processor.py:208} INFO - Processing /home/airflow/.local/lib/python3.12/site-packages/airflow/example_dags/example_short_circuit_decorator.py took 0.039 seconds
[2025-11-06T19:51:52.223+0000] {processor.py:186} INFO - Started process (PID=249) to work on /home/airflow/.local/lib/python3.12/site-packages/airflow/example_dags/example_short_circuit_decorator.py
[2025-11-06T19:51:52.224+0000] {processor.py:914} INFO - Processing file /home/airflow/.local/lib/python3.12/site-packages/airflow/example_dags/example_short_circuit_decorator.py for tasks to queue
[2025-11-06T19:51:52.225+0000] {logging_mixin.py:190} INFO - [2025-11-06T19:51:52.224+0000] {dagbag.py:588} INFO - Filling up the DagBag from /home/airflow/.local/lib/python3.12/site-packages/airflow/example_dags/example_short_circuit_decorator.py
[2025-11-06T19:51:52.229+0000] {processor.py:925} INFO - DAG(s) 'example_short_circuit_decorator' retrieved from /home/airflow/.local/lib/python3.12/site-packages/airflow/example_dags/example_short_circuit_decorator.py
[2025-11-06T19:51:52.241+0000] {logging_mixin.py:190} INFO - [2025-11-06T19:51:52.241+0000] {dag.py:3239} INFO - Sync 1 DAGs
[2025-11-06T19:51:52.246+0000] {logging_mixin.py:190} INFO - [2025-11-06T19:51:52.246+0000] {dag.py:4180} INFO - Setting next_dagrun for example_short_circuit_decorator to None, run_after=None
[2025-11-06T19:51:52.252+0000] {processor.py:208} INFO - Processing /home/airflow/.local/lib/python3.12/site-packages/airflow/example_dags/example_short_circuit_decorator.py took 0.031 seconds
[2025-11-06T19:52:22.837+0000] {processor.py:186} INFO - Started process (PID=311) to work on /home/airflow/.local/lib/python3.12/site-packages/airflow/example_dags/example_short_circuit_decorator.py
[2025-11-06T19:52:22.837+0000] {processor.py:914} INFO - Processing file /home/airflow/.local/lib/python3.12/site-packages/airflow/example_dags/example_short_circuit_decorator.py for tasks to queue
[2025-11-06T19:52:22.838+0000] {logging_mixin.py:190} INFO - [2025-11-06T19:52:22.838+0000] {dagbag.py:588} INFO - Filling up the DagBag from /home/airflow/.local/lib/python3.12/site-packages/airflow/example_dags/example_short_circuit_decorator.py
[2025-11-06T19:52:22.842+0000] {processor.py:925} INFO - DAG(s) 'example_short_circuit_decorator' retrieved from /home/airflow/.local/lib/python3.12/site-packages/airflow/example_dags/example_short_circuit_decorator.py
[2025-11-06T19:52:22.853+0000] {logging_mixin.py:190} INFO - [2025-11-06T19:52:22.853+0000] {dag.py:3239} INFO - Sync 1 DAGs
[2025-11-06T19:52:22.858+0000] {logging_mixin.py:190} INFO - [2025-11-06T19:52:22.858+0000] {dag.py:4180} INFO - Setting next_dagrun for example_short_circuit_decorator to None, run_after=None
[2025-11-06T19:52:22.866+0000] {processor.py:208} INFO - Processing /home/airflow/.local/lib/python3.12/site-packages/airflow/example_dags/example_short_circuit_decorator.py took 0.031 seconds
[2025-11-06T19:52:53.592+0000] {processor.py:186} INFO - Started process (PID=373) to work on /home/airflow/.local/lib/python3.12/site-packages/airflow/example_dags/example_short_circuit_decorator.py
[2025-11-06T19:52:53.592+0000] {processor.py:914} INFO - Processing file /home/airflow/.local/lib/python3.12/site-packages/airflow/example_dags/example_short_circuit_decorator.py for tasks to queue
[2025-11-06T19:52:53.593+0000] {logging_mixin.py:190} INFO - [2025-11-06T19:52:53.593+0000] {dagbag.py:588} INFO - Filling up the DagBag from /home/airflow/.local/lib/python3.12/site-packages/airflow/example_dags/example_short_circuit_decorator.py
[2025-11-06T19:52:53.599+0000] {processor.py:925} INFO - DAG(s) 'example_short_circuit_decorator' retrieved from /home/airflow/.local/lib/python3.12/site-packages/airflow/example_dags/example_short_circuit_decorator.py
[2025-11-06T19:52:53.617+0000] {logging_mixin.py:190} INFO - [2025-11-06T19:52:53.617+0000] {dag.py:3239} INFO - Sync 1 DAGs
[2025-11-06T19:52:53.623+0000] {logging_mixin.py:190} INFO - [2025-11-06T19:52:53.623+0000] {dag.py:4180} INFO - Setting next_dagrun for example_short_circuit_decorator to None, run_after=None
[2025-11-06T19:52:53.633+0000] {processor.py:208} INFO - Processing /home/airflow/.local/lib/python3.12/site-packages/airflow/example_dags/example_short_circuit_decorator.py took 0.044 seconds
[2025-11-06T19:53:24.436+0000] {processor.py:186} INFO - Started process (PID=435) to work on /home/airflow/.local/lib/python3.12/site-packages/airflow/example_dags/example_short_circuit_decorator.py
[2025-11-06T19:53:24.437+0000] {processor.py:914} INFO - Processing file /home/airflow/.local/lib/python3.12/site-packages/airflow/example_dags/example_short_circuit_decorator.py for tasks to queue
[2025-11-06T19:53:24.437+0000] {logging_mixin.py:190} INFO - [2025-11-06T19:53:24.437+0000] {dagbag.py:588} INFO - Filling up the DagBag from /home/airflow/.local/lib/python3.12/site-packages/airflow/example_dags/example_short_circuit_decorator.py
[2025-11-06T19:53:24.441+0000] {processor.py:925} INFO - DAG(s) 'example_short_circuit_decorator' retrieved from /home/airflow/.local/lib/python3.12/site-packages/airflow/example_dags/example_short_circuit_decorator.py
[2025-11-06T19:53:24.456+0000] {logging_mixin.py:190} INFO - [2025-11-06T19:53:24.455+0000] {dag.py:3239} INFO - Sync 1 DAGs
[2025-11-06T19:53:24.461+0000] {logging_mixin.py:190} INFO - [2025-11-06T19:53:24.461+0000] {dag.py:4180} INFO - Setting next_dagrun for example_short_circuit_decorator to None, run_after=None
[2025-11-06T19:53:24.472+0000] {processor.py:208} INFO - Processing /home/airflow/.local/lib/python3.12/site-packages/airflow/example_dags/example_short_circuit_decorator.py took 0.038 seconds
[2025-11-06T19:53:55.025+0000] {processor.py:186} INFO - Started process (PID=497) to work on /home/airflow/.local/lib/python3.12/site-packages/airflow/example_dags/example_short_circuit_decorator.py
[2025-11-06T19:53:55.026+0000] {processor.py:914} INFO - Processing file /home/airflow/.local/lib/python3.12/site-packages/airflow/example_dags/example_short_circuit_decorator.py for tasks to queue
[2025-11-06T19:53:55.027+0000] {logging_mixin.py:190} INFO - [2025-11-06T19:53:55.027+0000] {dagbag.py:588} INFO - Filling up the DagBag from /home/airflow/.local/lib/python3.12/site-packages/airflow/example_dags/example_short_circuit_decorator.py
[2025-11-06T19:53:55.031+0000] {processor.py:925} INFO - DAG(s) 'example_short_circuit_decorator' retrieved from /home/airflow/.local/lib/python3.12/site-packages/airflow/example_dags/example_short_circuit_decorator.py
[2025-11-06T19:53:55.046+0000] {logging_mixin.py:190} INFO - [2025-11-06T19:53:55.046+0000] {dag.py:3239} INFO - Sync 1 DAGs
[2025-11-06T19:53:55.051+0000] {logging_mixin.py:190} INFO - [2025-11-06T19:53:55.051+0000] {dag.py:4180} INFO - Setting next_dagrun for example_short_circuit_decorator to None, run_after=None
[2025-11-06T19:53:55.057+0000] {processor.py:208} INFO - Processing /home/airflow/.local/lib/python3.12/site-packages/airflow/example_dags/example_short_circuit_decorator.py took 0.034 seconds
