[2025-11-06T19:49:09.486+0000] {processor.py:186} INFO - Started process (PID=80) to work on /home/airflow/.local/lib/python3.12/site-packages/airflow/example_dags/example_sla_dag.py
[2025-11-06T19:49:09.487+0000] {processor.py:914} INFO - Processing file /home/airflow/.local/lib/python3.12/site-packages/airflow/example_dags/example_sla_dag.py for tasks to queue
[2025-11-06T19:49:09.487+0000] {logging_mixin.py:190} INFO - [2025-11-06T19:49:09.487+0000] {dagbag.py:588} INFO - Filling up the DagBag from /home/airflow/.local/lib/python3.12/site-packages/airflow/example_dags/example_sla_dag.py
[2025-11-06T19:49:09.492+0000] {processor.py:925} INFO - DAG(s) 'example_sla_dag' retrieved from /home/airflow/.local/lib/python3.12/site-packages/airflow/example_dags/example_sla_dag.py
[2025-11-06T19:49:09.530+0000] {logging_mixin.py:190} INFO - [2025-11-06T19:49:09.530+0000] {override.py:1900} INFO - Created Permission View: can delete on DAG:example_sla_dag
[2025-11-06T19:49:09.533+0000] {logging_mixin.py:190} INFO - [2025-11-06T19:49:09.533+0000] {override.py:1900} INFO - Created Permission View: can read on DAG:example_sla_dag
[2025-11-06T19:49:09.535+0000] {logging_mixin.py:190} INFO - [2025-11-06T19:49:09.535+0000] {override.py:1900} INFO - Created Permission View: can edit on DAG:example_sla_dag
[2025-11-06T19:49:09.536+0000] {logging_mixin.py:190} INFO - [2025-11-06T19:49:09.536+0000] {override.py:1900} INFO - Created Permission View: can delete on DAG Run:example_sla_dag
[2025-11-06T19:49:09.537+0000] {logging_mixin.py:190} INFO - [2025-11-06T19:49:09.537+0000] {override.py:1900} INFO - Created Permission View: can read on DAG Run:example_sla_dag
[2025-11-06T19:49:09.539+0000] {logging_mixin.py:190} INFO - [2025-11-06T19:49:09.539+0000] {override.py:1900} INFO - Created Permission View: menu access on DAG Run:example_sla_dag
[2025-11-06T19:49:09.544+0000] {logging_mixin.py:190} INFO - [2025-11-06T19:49:09.544+0000] {override.py:1900} INFO - Created Permission View: can create on DAG Run:example_sla_dag
[2025-11-06T19:49:09.544+0000] {logging_mixin.py:190} INFO - [2025-11-06T19:49:09.544+0000] {dag.py:3239} INFO - Sync 1 DAGs
[2025-11-06T19:49:09.548+0000] {logging_mixin.py:190} INFO - [2025-11-06T19:49:09.548+0000] {dag.py:3262} INFO - Creating ORM DAG for example_sla_dag
[2025-11-06T19:49:09.552+0000] {logging_mixin.py:190} INFO - [2025-11-06T19:49:09.552+0000] {dag.py:4180} INFO - Setting next_dagrun for example_sla_dag to 2025-11-06 19:46:00+00:00, run_after=2025-11-06 19:48:00+00:00
[2025-11-06T19:49:09.555+0000] {processor.py:208} INFO - Processing /home/airflow/.local/lib/python3.12/site-packages/airflow/example_dags/example_sla_dag.py took 0.071 seconds
[2025-11-06T19:49:39.940+0000] {processor.py:186} INFO - Started process (PID=142) to work on /home/airflow/.local/lib/python3.12/site-packages/airflow/example_dags/example_sla_dag.py
[2025-11-06T19:49:39.942+0000] {processor.py:914} INFO - Processing file /home/airflow/.local/lib/python3.12/site-packages/airflow/example_dags/example_sla_dag.py for tasks to queue
[2025-11-06T19:49:39.943+0000] {logging_mixin.py:190} INFO - [2025-11-06T19:49:39.943+0000] {dagbag.py:588} INFO - Filling up the DagBag from /home/airflow/.local/lib/python3.12/site-packages/airflow/example_dags/example_sla_dag.py
[2025-11-06T19:49:39.947+0000] {processor.py:925} INFO - DAG(s) 'example_sla_dag' retrieved from /home/airflow/.local/lib/python3.12/site-packages/airflow/example_dags/example_sla_dag.py
[2025-11-06T19:49:39.956+0000] {logging_mixin.py:190} INFO - [2025-11-06T19:49:39.955+0000] {dag.py:3239} INFO - Sync 1 DAGs
[2025-11-06T19:49:39.965+0000] {logging_mixin.py:190} INFO - [2025-11-06T19:49:39.965+0000] {dag.py:4180} INFO - Setting next_dagrun for example_sla_dag to 2025-11-06 19:46:00+00:00, run_after=2025-11-06 19:48:00+00:00
[2025-11-06T19:49:39.970+0000] {processor.py:208} INFO - Processing /home/airflow/.local/lib/python3.12/site-packages/airflow/example_dags/example_sla_dag.py took 0.032 seconds
[2025-11-06T19:50:20.873+0000] {processor.py:186} INFO - Started process (PID=79) to work on /home/airflow/.local/lib/python3.12/site-packages/airflow/example_dags/example_sla_dag.py
[2025-11-06T19:50:20.874+0000] {processor.py:914} INFO - Processing file /home/airflow/.local/lib/python3.12/site-packages/airflow/example_dags/example_sla_dag.py for tasks to queue
[2025-11-06T19:50:20.875+0000] {logging_mixin.py:190} INFO - [2025-11-06T19:50:20.875+0000] {dagbag.py:588} INFO - Filling up the DagBag from /home/airflow/.local/lib/python3.12/site-packages/airflow/example_dags/example_sla_dag.py
[2025-11-06T19:50:20.880+0000] {processor.py:925} INFO - DAG(s) 'example_sla_dag' retrieved from /home/airflow/.local/lib/python3.12/site-packages/airflow/example_dags/example_sla_dag.py
[2025-11-06T19:50:20.894+0000] {logging_mixin.py:190} INFO - [2025-11-06T19:50:20.893+0000] {dag.py:3239} INFO - Sync 1 DAGs
[2025-11-06T19:50:20.903+0000] {logging_mixin.py:190} INFO - [2025-11-06T19:50:20.903+0000] {dag.py:4180} INFO - Setting next_dagrun for example_sla_dag to 2025-11-06 19:48:00+00:00, run_after=2025-11-06 19:50:00+00:00
[2025-11-06T19:50:20.914+0000] {processor.py:208} INFO - Processing /home/airflow/.local/lib/python3.12/site-packages/airflow/example_dags/example_sla_dag.py took 0.043 seconds
[2025-11-06T19:50:51.516+0000] {processor.py:186} INFO - Started process (PID=141) to work on /home/airflow/.local/lib/python3.12/site-packages/airflow/example_dags/example_sla_dag.py
[2025-11-06T19:50:51.517+0000] {processor.py:914} INFO - Processing file /home/airflow/.local/lib/python3.12/site-packages/airflow/example_dags/example_sla_dag.py for tasks to queue
[2025-11-06T19:50:51.520+0000] {logging_mixin.py:190} INFO - [2025-11-06T19:50:51.520+0000] {dagbag.py:588} INFO - Filling up the DagBag from /home/airflow/.local/lib/python3.12/site-packages/airflow/example_dags/example_sla_dag.py
[2025-11-06T19:50:51.527+0000] {processor.py:925} INFO - DAG(s) 'example_sla_dag' retrieved from /home/airflow/.local/lib/python3.12/site-packages/airflow/example_dags/example_sla_dag.py
[2025-11-06T19:50:51.537+0000] {logging_mixin.py:190} INFO - [2025-11-06T19:50:51.537+0000] {dag.py:3239} INFO - Sync 1 DAGs
[2025-11-06T19:50:51.546+0000] {logging_mixin.py:190} INFO - [2025-11-06T19:50:51.546+0000] {dag.py:4180} INFO - Setting next_dagrun for example_sla_dag to 2025-11-06 19:48:00+00:00, run_after=2025-11-06 19:50:00+00:00
[2025-11-06T19:50:51.557+0000] {processor.py:208} INFO - Processing /home/airflow/.local/lib/python3.12/site-packages/airflow/example_dags/example_sla_dag.py took 0.042 seconds
[2025-11-06T19:51:22.057+0000] {processor.py:186} INFO - Started process (PID=203) to work on /home/airflow/.local/lib/python3.12/site-packages/airflow/example_dags/example_sla_dag.py
[2025-11-06T19:51:22.058+0000] {processor.py:914} INFO - Processing file /home/airflow/.local/lib/python3.12/site-packages/airflow/example_dags/example_sla_dag.py for tasks to queue
[2025-11-06T19:51:22.058+0000] {logging_mixin.py:190} INFO - [2025-11-06T19:51:22.058+0000] {dagbag.py:588} INFO - Filling up the DagBag from /home/airflow/.local/lib/python3.12/site-packages/airflow/example_dags/example_sla_dag.py
[2025-11-06T19:51:22.063+0000] {processor.py:925} INFO - DAG(s) 'example_sla_dag' retrieved from /home/airflow/.local/lib/python3.12/site-packages/airflow/example_dags/example_sla_dag.py
[2025-11-06T19:51:22.075+0000] {logging_mixin.py:190} INFO - [2025-11-06T19:51:22.075+0000] {dag.py:3239} INFO - Sync 1 DAGs
[2025-11-06T19:51:22.088+0000] {logging_mixin.py:190} INFO - [2025-11-06T19:51:22.087+0000] {dag.py:4180} INFO - Setting next_dagrun for example_sla_dag to 2025-11-06 19:48:00+00:00, run_after=2025-11-06 19:50:00+00:00
[2025-11-06T19:51:22.093+0000] {processor.py:208} INFO - Processing /home/airflow/.local/lib/python3.12/site-packages/airflow/example_dags/example_sla_dag.py took 0.038 seconds
[2025-11-06T19:51:52.660+0000] {processor.py:186} INFO - Started process (PID=265) to work on /home/airflow/.local/lib/python3.12/site-packages/airflow/example_dags/example_sla_dag.py
[2025-11-06T19:51:52.660+0000] {processor.py:914} INFO - Processing file /home/airflow/.local/lib/python3.12/site-packages/airflow/example_dags/example_sla_dag.py for tasks to queue
[2025-11-06T19:51:52.661+0000] {logging_mixin.py:190} INFO - [2025-11-06T19:51:52.661+0000] {dagbag.py:588} INFO - Filling up the DagBag from /home/airflow/.local/lib/python3.12/site-packages/airflow/example_dags/example_sla_dag.py
[2025-11-06T19:51:52.666+0000] {processor.py:925} INFO - DAG(s) 'example_sla_dag' retrieved from /home/airflow/.local/lib/python3.12/site-packages/airflow/example_dags/example_sla_dag.py
[2025-11-06T19:51:52.682+0000] {logging_mixin.py:190} INFO - [2025-11-06T19:51:52.682+0000] {dag.py:3239} INFO - Sync 1 DAGs
[2025-11-06T19:51:52.690+0000] {logging_mixin.py:190} INFO - [2025-11-06T19:51:52.690+0000] {dag.py:4180} INFO - Setting next_dagrun for example_sla_dag to 2025-11-06 19:48:00+00:00, run_after=2025-11-06 19:50:00+00:00
[2025-11-06T19:51:52.697+0000] {processor.py:208} INFO - Processing /home/airflow/.local/lib/python3.12/site-packages/airflow/example_dags/example_sla_dag.py took 0.040 seconds
[2025-11-06T19:52:23.201+0000] {processor.py:186} INFO - Started process (PID=327) to work on /home/airflow/.local/lib/python3.12/site-packages/airflow/example_dags/example_sla_dag.py
[2025-11-06T19:52:23.202+0000] {processor.py:914} INFO - Processing file /home/airflow/.local/lib/python3.12/site-packages/airflow/example_dags/example_sla_dag.py for tasks to queue
[2025-11-06T19:52:23.204+0000] {logging_mixin.py:190} INFO - [2025-11-06T19:52:23.203+0000] {dagbag.py:588} INFO - Filling up the DagBag from /home/airflow/.local/lib/python3.12/site-packages/airflow/example_dags/example_sla_dag.py
[2025-11-06T19:52:23.208+0000] {processor.py:925} INFO - DAG(s) 'example_sla_dag' retrieved from /home/airflow/.local/lib/python3.12/site-packages/airflow/example_dags/example_sla_dag.py
[2025-11-06T19:52:23.217+0000] {logging_mixin.py:190} INFO - [2025-11-06T19:52:23.217+0000] {dag.py:3239} INFO - Sync 1 DAGs
[2025-11-06T19:52:23.225+0000] {logging_mixin.py:190} INFO - [2025-11-06T19:52:23.225+0000] {dag.py:4180} INFO - Setting next_dagrun for example_sla_dag to 2025-11-06 19:50:00+00:00, run_after=2025-11-06 19:52:00+00:00
[2025-11-06T19:52:23.231+0000] {processor.py:208} INFO - Processing /home/airflow/.local/lib/python3.12/site-packages/airflow/example_dags/example_sla_dag.py took 0.032 seconds
[2025-11-06T19:52:54.111+0000] {processor.py:186} INFO - Started process (PID=389) to work on /home/airflow/.local/lib/python3.12/site-packages/airflow/example_dags/example_sla_dag.py
[2025-11-06T19:52:54.112+0000] {processor.py:914} INFO - Processing file /home/airflow/.local/lib/python3.12/site-packages/airflow/example_dags/example_sla_dag.py for tasks to queue
[2025-11-06T19:52:54.114+0000] {logging_mixin.py:190} INFO - [2025-11-06T19:52:54.114+0000] {dagbag.py:588} INFO - Filling up the DagBag from /home/airflow/.local/lib/python3.12/site-packages/airflow/example_dags/example_sla_dag.py
[2025-11-06T19:52:54.120+0000] {processor.py:925} INFO - DAG(s) 'example_sla_dag' retrieved from /home/airflow/.local/lib/python3.12/site-packages/airflow/example_dags/example_sla_dag.py
[2025-11-06T19:52:54.132+0000] {logging_mixin.py:190} INFO - [2025-11-06T19:52:54.131+0000] {dag.py:3239} INFO - Sync 1 DAGs
[2025-11-06T19:52:54.143+0000] {logging_mixin.py:190} INFO - [2025-11-06T19:52:54.143+0000] {dag.py:4180} INFO - Setting next_dagrun for example_sla_dag to 2025-11-06 19:50:00+00:00, run_after=2025-11-06 19:52:00+00:00
[2025-11-06T19:52:54.154+0000] {processor.py:208} INFO - Processing /home/airflow/.local/lib/python3.12/site-packages/airflow/example_dags/example_sla_dag.py took 0.046 seconds
[2025-11-06T19:53:24.805+0000] {processor.py:186} INFO - Started process (PID=451) to work on /home/airflow/.local/lib/python3.12/site-packages/airflow/example_dags/example_sla_dag.py
[2025-11-06T19:53:24.805+0000] {processor.py:914} INFO - Processing file /home/airflow/.local/lib/python3.12/site-packages/airflow/example_dags/example_sla_dag.py for tasks to queue
[2025-11-06T19:53:24.807+0000] {logging_mixin.py:190} INFO - [2025-11-06T19:53:24.807+0000] {dagbag.py:588} INFO - Filling up the DagBag from /home/airflow/.local/lib/python3.12/site-packages/airflow/example_dags/example_sla_dag.py
[2025-11-06T19:53:24.814+0000] {processor.py:925} INFO - DAG(s) 'example_sla_dag' retrieved from /home/airflow/.local/lib/python3.12/site-packages/airflow/example_dags/example_sla_dag.py
[2025-11-06T19:53:24.825+0000] {logging_mixin.py:190} INFO - [2025-11-06T19:53:24.825+0000] {dag.py:3239} INFO - Sync 1 DAGs
[2025-11-06T19:53:24.833+0000] {logging_mixin.py:190} INFO - [2025-11-06T19:53:24.833+0000] {dag.py:4180} INFO - Setting next_dagrun for example_sla_dag to 2025-11-06 19:50:00+00:00, run_after=2025-11-06 19:52:00+00:00
[2025-11-06T19:53:24.839+0000] {processor.py:208} INFO - Processing /home/airflow/.local/lib/python3.12/site-packages/airflow/example_dags/example_sla_dag.py took 0.036 seconds
[2025-11-06T19:53:55.442+0000] {processor.py:186} INFO - Started process (PID=513) to work on /home/airflow/.local/lib/python3.12/site-packages/airflow/example_dags/example_sla_dag.py
[2025-11-06T19:53:55.442+0000] {processor.py:914} INFO - Processing file /home/airflow/.local/lib/python3.12/site-packages/airflow/example_dags/example_sla_dag.py for tasks to queue
[2025-11-06T19:53:55.444+0000] {logging_mixin.py:190} INFO - [2025-11-06T19:53:55.444+0000] {dagbag.py:588} INFO - Filling up the DagBag from /home/airflow/.local/lib/python3.12/site-packages/airflow/example_dags/example_sla_dag.py
[2025-11-06T19:53:55.448+0000] {processor.py:925} INFO - DAG(s) 'example_sla_dag' retrieved from /home/airflow/.local/lib/python3.12/site-packages/airflow/example_dags/example_sla_dag.py
[2025-11-06T19:53:55.462+0000] {logging_mixin.py:190} INFO - [2025-11-06T19:53:55.462+0000] {dag.py:3239} INFO - Sync 1 DAGs
[2025-11-06T19:53:55.475+0000] {logging_mixin.py:190} INFO - [2025-11-06T19:53:55.475+0000] {dag.py:4180} INFO - Setting next_dagrun for example_sla_dag to 2025-11-06 19:50:00+00:00, run_after=2025-11-06 19:52:00+00:00
[2025-11-06T19:53:55.486+0000] {processor.py:208} INFO - Processing /home/airflow/.local/lib/python3.12/site-packages/airflow/example_dags/example_sla_dag.py took 0.047 seconds
