[2025-11-06T19:49:08.287+0000] {processor.py:186} INFO - Started process (PID=51) to work on /home/airflow/.local/lib/python3.12/site-packages/airflow/example_dags/example_bash_operator.py
[2025-11-06T19:49:08.288+0000] {processor.py:914} INFO - Processing file /home/airflow/.local/lib/python3.12/site-packages/airflow/example_dags/example_bash_operator.py for tasks to queue
[2025-11-06T19:49:08.289+0000] {logging_mixin.py:190} INFO - [2025-11-06T19:49:08.289+0000] {dagbag.py:588} INFO - Filling up the DagBag from /home/airflow/.local/lib/python3.12/site-packages/airflow/example_dags/example_bash_operator.py
[2025-11-06T19:49:08.296+0000] {processor.py:925} INFO - DAG(s) 'example_bash_operator' retrieved from /home/airflow/.local/lib/python3.12/site-packages/airflow/example_dags/example_bash_operator.py
[2025-11-06T19:49:08.342+0000] {logging_mixin.py:190} INFO - [2025-11-06T19:49:08.341+0000] {override.py:1900} INFO - Created Permission View: can delete on DAG:example_bash_operator
[2025-11-06T19:49:08.344+0000] {logging_mixin.py:190} INFO - [2025-11-06T19:49:08.344+0000] {override.py:1900} INFO - Created Permission View: can read on DAG:example_bash_operator
[2025-11-06T19:49:08.346+0000] {logging_mixin.py:190} INFO - [2025-11-06T19:49:08.346+0000] {override.py:1900} INFO - Created Permission View: can edit on DAG:example_bash_operator
[2025-11-06T19:49:08.347+0000] {logging_mixin.py:190} INFO - [2025-11-06T19:49:08.347+0000] {override.py:1900} INFO - Created Permission View: can delete on DAG Run:example_bash_operator
[2025-11-06T19:49:08.349+0000] {logging_mixin.py:190} INFO - [2025-11-06T19:49:08.349+0000] {override.py:1900} INFO - Created Permission View: can read on DAG Run:example_bash_operator
[2025-11-06T19:49:08.350+0000] {logging_mixin.py:190} INFO - [2025-11-06T19:49:08.350+0000] {override.py:1900} INFO - Created Permission View: menu access on DAG Run:example_bash_operator
[2025-11-06T19:49:08.351+0000] {logging_mixin.py:190} INFO - [2025-11-06T19:49:08.351+0000] {override.py:1900} INFO - Created Permission View: can create on DAG Run:example_bash_operator
[2025-11-06T19:49:08.351+0000] {logging_mixin.py:190} INFO - [2025-11-06T19:49:08.351+0000] {dag.py:3239} INFO - Sync 1 DAGs
[2025-11-06T19:49:08.355+0000] {logging_mixin.py:190} INFO - [2025-11-06T19:49:08.355+0000] {dag.py:3262} INFO - Creating ORM DAG for example_bash_operator
[2025-11-06T19:49:08.359+0000] {logging_mixin.py:190} INFO - [2025-11-06T19:49:08.359+0000] {dag.py:4180} INFO - Setting next_dagrun for example_bash_operator to 2025-11-05 00:00:00+00:00, run_after=2025-11-06 00:00:00+00:00
[2025-11-06T19:49:08.365+0000] {processor.py:208} INFO - Processing /home/airflow/.local/lib/python3.12/site-packages/airflow/example_dags/example_bash_operator.py took 0.082 seconds
[2025-11-06T19:49:39.360+0000] {processor.py:186} INFO - Started process (PID=113) to work on /home/airflow/.local/lib/python3.12/site-packages/airflow/example_dags/example_bash_operator.py
[2025-11-06T19:49:39.362+0000] {processor.py:914} INFO - Processing file /home/airflow/.local/lib/python3.12/site-packages/airflow/example_dags/example_bash_operator.py for tasks to queue
[2025-11-06T19:49:39.364+0000] {logging_mixin.py:190} INFO - [2025-11-06T19:49:39.364+0000] {dagbag.py:588} INFO - Filling up the DagBag from /home/airflow/.local/lib/python3.12/site-packages/airflow/example_dags/example_bash_operator.py
[2025-11-06T19:49:39.373+0000] {processor.py:925} INFO - DAG(s) 'example_bash_operator' retrieved from /home/airflow/.local/lib/python3.12/site-packages/airflow/example_dags/example_bash_operator.py
[2025-11-06T19:49:39.387+0000] {logging_mixin.py:190} INFO - [2025-11-06T19:49:39.387+0000] {dag.py:3239} INFO - Sync 1 DAGs
[2025-11-06T19:49:39.397+0000] {logging_mixin.py:190} INFO - [2025-11-06T19:49:39.397+0000] {dag.py:4180} INFO - Setting next_dagrun for example_bash_operator to 2025-11-05 00:00:00+00:00, run_after=2025-11-06 00:00:00+00:00
[2025-11-06T19:49:39.403+0000] {processor.py:208} INFO - Processing /home/airflow/.local/lib/python3.12/site-packages/airflow/example_dags/example_bash_operator.py took 0.049 seconds
[2025-11-06T19:50:20.017+0000] {processor.py:186} INFO - Started process (PID=44) to work on /home/airflow/.local/lib/python3.12/site-packages/airflow/example_dags/example_bash_operator.py
[2025-11-06T19:50:20.017+0000] {processor.py:914} INFO - Processing file /home/airflow/.local/lib/python3.12/site-packages/airflow/example_dags/example_bash_operator.py for tasks to queue
[2025-11-06T19:50:20.018+0000] {logging_mixin.py:190} INFO - [2025-11-06T19:50:20.018+0000] {dagbag.py:588} INFO - Filling up the DagBag from /home/airflow/.local/lib/python3.12/site-packages/airflow/example_dags/example_bash_operator.py
[2025-11-06T19:50:20.023+0000] {processor.py:925} INFO - DAG(s) 'example_bash_operator' retrieved from /home/airflow/.local/lib/python3.12/site-packages/airflow/example_dags/example_bash_operator.py
[2025-11-06T19:50:20.036+0000] {logging_mixin.py:190} INFO - [2025-11-06T19:50:20.036+0000] {dag.py:3239} INFO - Sync 1 DAGs
[2025-11-06T19:50:20.044+0000] {logging_mixin.py:190} INFO - [2025-11-06T19:50:20.044+0000] {dag.py:4180} INFO - Setting next_dagrun for example_bash_operator to 2025-11-05 00:00:00+00:00, run_after=2025-11-06 00:00:00+00:00
[2025-11-06T19:50:20.049+0000] {processor.py:208} INFO - Processing /home/airflow/.local/lib/python3.12/site-packages/airflow/example_dags/example_bash_operator.py took 0.035 seconds
[2025-11-06T19:50:50.815+0000] {processor.py:186} INFO - Started process (PID=112) to work on /home/airflow/.local/lib/python3.12/site-packages/airflow/example_dags/example_bash_operator.py
[2025-11-06T19:50:50.816+0000] {processor.py:914} INFO - Processing file /home/airflow/.local/lib/python3.12/site-packages/airflow/example_dags/example_bash_operator.py for tasks to queue
[2025-11-06T19:50:50.817+0000] {logging_mixin.py:190} INFO - [2025-11-06T19:50:50.817+0000] {dagbag.py:588} INFO - Filling up the DagBag from /home/airflow/.local/lib/python3.12/site-packages/airflow/example_dags/example_bash_operator.py
[2025-11-06T19:50:50.822+0000] {processor.py:925} INFO - DAG(s) 'example_bash_operator' retrieved from /home/airflow/.local/lib/python3.12/site-packages/airflow/example_dags/example_bash_operator.py
[2025-11-06T19:50:50.838+0000] {logging_mixin.py:190} INFO - [2025-11-06T19:50:50.837+0000] {dag.py:3239} INFO - Sync 1 DAGs
[2025-11-06T19:50:50.847+0000] {logging_mixin.py:190} INFO - [2025-11-06T19:50:50.846+0000] {dag.py:4180} INFO - Setting next_dagrun for example_bash_operator to 2025-11-05 00:00:00+00:00, run_after=2025-11-06 00:00:00+00:00
[2025-11-06T19:50:50.856+0000] {processor.py:208} INFO - Processing /home/airflow/.local/lib/python3.12/site-packages/airflow/example_dags/example_bash_operator.py took 0.043 seconds
[2025-11-06T19:51:21.366+0000] {processor.py:186} INFO - Started process (PID=174) to work on /home/airflow/.local/lib/python3.12/site-packages/airflow/example_dags/example_bash_operator.py
[2025-11-06T19:51:21.366+0000] {processor.py:914} INFO - Processing file /home/airflow/.local/lib/python3.12/site-packages/airflow/example_dags/example_bash_operator.py for tasks to queue
[2025-11-06T19:51:21.367+0000] {logging_mixin.py:190} INFO - [2025-11-06T19:51:21.367+0000] {dagbag.py:588} INFO - Filling up the DagBag from /home/airflow/.local/lib/python3.12/site-packages/airflow/example_dags/example_bash_operator.py
[2025-11-06T19:51:21.372+0000] {processor.py:925} INFO - DAG(s) 'example_bash_operator' retrieved from /home/airflow/.local/lib/python3.12/site-packages/airflow/example_dags/example_bash_operator.py
[2025-11-06T19:51:21.387+0000] {logging_mixin.py:190} INFO - [2025-11-06T19:51:21.387+0000] {dag.py:3239} INFO - Sync 1 DAGs
[2025-11-06T19:51:21.397+0000] {logging_mixin.py:190} INFO - [2025-11-06T19:51:21.397+0000] {dag.py:4180} INFO - Setting next_dagrun for example_bash_operator to 2025-11-05 00:00:00+00:00, run_after=2025-11-06 00:00:00+00:00
[2025-11-06T19:51:21.406+0000] {processor.py:208} INFO - Processing /home/airflow/.local/lib/python3.12/site-packages/airflow/example_dags/example_bash_operator.py took 0.042 seconds
[2025-11-06T19:51:51.960+0000] {processor.py:186} INFO - Started process (PID=236) to work on /home/airflow/.local/lib/python3.12/site-packages/airflow/example_dags/example_bash_operator.py
[2025-11-06T19:51:51.961+0000] {processor.py:914} INFO - Processing file /home/airflow/.local/lib/python3.12/site-packages/airflow/example_dags/example_bash_operator.py for tasks to queue
[2025-11-06T19:51:51.962+0000] {logging_mixin.py:190} INFO - [2025-11-06T19:51:51.961+0000] {dagbag.py:588} INFO - Filling up the DagBag from /home/airflow/.local/lib/python3.12/site-packages/airflow/example_dags/example_bash_operator.py
[2025-11-06T19:51:51.967+0000] {processor.py:925} INFO - DAG(s) 'example_bash_operator' retrieved from /home/airflow/.local/lib/python3.12/site-packages/airflow/example_dags/example_bash_operator.py
[2025-11-06T19:51:51.980+0000] {logging_mixin.py:190} INFO - [2025-11-06T19:51:51.980+0000] {dag.py:3239} INFO - Sync 1 DAGs
[2025-11-06T19:51:51.989+0000] {logging_mixin.py:190} INFO - [2025-11-06T19:51:51.989+0000] {dag.py:4180} INFO - Setting next_dagrun for example_bash_operator to 2025-11-05 00:00:00+00:00, run_after=2025-11-06 00:00:00+00:00
[2025-11-06T19:51:51.998+0000] {processor.py:208} INFO - Processing /home/airflow/.local/lib/python3.12/site-packages/airflow/example_dags/example_bash_operator.py took 0.040 seconds
[2025-11-06T19:52:22.540+0000] {processor.py:186} INFO - Started process (PID=298) to work on /home/airflow/.local/lib/python3.12/site-packages/airflow/example_dags/example_bash_operator.py
[2025-11-06T19:52:22.540+0000] {processor.py:914} INFO - Processing file /home/airflow/.local/lib/python3.12/site-packages/airflow/example_dags/example_bash_operator.py for tasks to queue
[2025-11-06T19:52:22.541+0000] {logging_mixin.py:190} INFO - [2025-11-06T19:52:22.541+0000] {dagbag.py:588} INFO - Filling up the DagBag from /home/airflow/.local/lib/python3.12/site-packages/airflow/example_dags/example_bash_operator.py
[2025-11-06T19:52:22.546+0000] {processor.py:925} INFO - DAG(s) 'example_bash_operator' retrieved from /home/airflow/.local/lib/python3.12/site-packages/airflow/example_dags/example_bash_operator.py
[2025-11-06T19:52:22.562+0000] {logging_mixin.py:190} INFO - [2025-11-06T19:52:22.562+0000] {dag.py:3239} INFO - Sync 1 DAGs
[2025-11-06T19:52:22.574+0000] {logging_mixin.py:190} INFO - [2025-11-06T19:52:22.574+0000] {dag.py:4180} INFO - Setting next_dagrun for example_bash_operator to 2025-11-05 00:00:00+00:00, run_after=2025-11-06 00:00:00+00:00
[2025-11-06T19:52:22.587+0000] {processor.py:208} INFO - Processing /home/airflow/.local/lib/python3.12/site-packages/airflow/example_dags/example_bash_operator.py took 0.049 seconds
[2025-11-06T19:52:53.204+0000] {processor.py:186} INFO - Started process (PID=360) to work on /home/airflow/.local/lib/python3.12/site-packages/airflow/example_dags/example_bash_operator.py
[2025-11-06T19:52:53.205+0000] {processor.py:914} INFO - Processing file /home/airflow/.local/lib/python3.12/site-packages/airflow/example_dags/example_bash_operator.py for tasks to queue
[2025-11-06T19:52:53.206+0000] {logging_mixin.py:190} INFO - [2025-11-06T19:52:53.206+0000] {dagbag.py:588} INFO - Filling up the DagBag from /home/airflow/.local/lib/python3.12/site-packages/airflow/example_dags/example_bash_operator.py
[2025-11-06T19:52:53.211+0000] {processor.py:925} INFO - DAG(s) 'example_bash_operator' retrieved from /home/airflow/.local/lib/python3.12/site-packages/airflow/example_dags/example_bash_operator.py
[2025-11-06T19:52:53.231+0000] {logging_mixin.py:190} INFO - [2025-11-06T19:52:53.231+0000] {dag.py:3239} INFO - Sync 1 DAGs
[2025-11-06T19:52:53.251+0000] {logging_mixin.py:190} INFO - [2025-11-06T19:52:53.251+0000] {dag.py:4180} INFO - Setting next_dagrun for example_bash_operator to 2025-11-05 00:00:00+00:00, run_after=2025-11-06 00:00:00+00:00
[2025-11-06T19:52:53.261+0000] {processor.py:208} INFO - Processing /home/airflow/.local/lib/python3.12/site-packages/airflow/example_dags/example_bash_operator.py took 0.059 seconds
[2025-11-06T19:53:24.145+0000] {processor.py:186} INFO - Started process (PID=422) to work on /home/airflow/.local/lib/python3.12/site-packages/airflow/example_dags/example_bash_operator.py
[2025-11-06T19:53:24.146+0000] {processor.py:914} INFO - Processing file /home/airflow/.local/lib/python3.12/site-packages/airflow/example_dags/example_bash_operator.py for tasks to queue
[2025-11-06T19:53:24.146+0000] {logging_mixin.py:190} INFO - [2025-11-06T19:53:24.146+0000] {dagbag.py:588} INFO - Filling up the DagBag from /home/airflow/.local/lib/python3.12/site-packages/airflow/example_dags/example_bash_operator.py
[2025-11-06T19:53:24.154+0000] {processor.py:925} INFO - DAG(s) 'example_bash_operator' retrieved from /home/airflow/.local/lib/python3.12/site-packages/airflow/example_dags/example_bash_operator.py
[2025-11-06T19:53:24.166+0000] {logging_mixin.py:190} INFO - [2025-11-06T19:53:24.166+0000] {dag.py:3239} INFO - Sync 1 DAGs
[2025-11-06T19:53:24.176+0000] {logging_mixin.py:190} INFO - [2025-11-06T19:53:24.175+0000] {dag.py:4180} INFO - Setting next_dagrun for example_bash_operator to 2025-11-05 00:00:00+00:00, run_after=2025-11-06 00:00:00+00:00
[2025-11-06T19:53:24.187+0000] {processor.py:208} INFO - Processing /home/airflow/.local/lib/python3.12/site-packages/airflow/example_dags/example_bash_operator.py took 0.044 seconds
[2025-11-06T19:53:54.744+0000] {processor.py:186} INFO - Started process (PID=484) to work on /home/airflow/.local/lib/python3.12/site-packages/airflow/example_dags/example_bash_operator.py
[2025-11-06T19:53:54.745+0000] {processor.py:914} INFO - Processing file /home/airflow/.local/lib/python3.12/site-packages/airflow/example_dags/example_bash_operator.py for tasks to queue
[2025-11-06T19:53:54.746+0000] {logging_mixin.py:190} INFO - [2025-11-06T19:53:54.745+0000] {dagbag.py:588} INFO - Filling up the DagBag from /home/airflow/.local/lib/python3.12/site-packages/airflow/example_dags/example_bash_operator.py
[2025-11-06T19:53:54.750+0000] {processor.py:925} INFO - DAG(s) 'example_bash_operator' retrieved from /home/airflow/.local/lib/python3.12/site-packages/airflow/example_dags/example_bash_operator.py
[2025-11-06T19:53:54.765+0000] {logging_mixin.py:190} INFO - [2025-11-06T19:53:54.765+0000] {dag.py:3239} INFO - Sync 1 DAGs
[2025-11-06T19:53:54.773+0000] {logging_mixin.py:190} INFO - [2025-11-06T19:53:54.773+0000] {dag.py:4180} INFO - Setting next_dagrun for example_bash_operator to 2025-11-05 00:00:00+00:00, run_after=2025-11-06 00:00:00+00:00
[2025-11-06T19:53:54.782+0000] {processor.py:208} INFO - Processing /home/airflow/.local/lib/python3.12/site-packages/airflow/example_dags/example_bash_operator.py took 0.040 seconds
