[2025-11-06T19:49:09.361+0000] {processor.py:186} INFO - Started process (PID=77) to work on /home/airflow/.local/lib/python3.12/site-packages/airflow/example_dags/example_params_trigger_ui.py
[2025-11-06T19:49:09.361+0000] {processor.py:914} INFO - Processing file /home/airflow/.local/lib/python3.12/site-packages/airflow/example_dags/example_params_trigger_ui.py for tasks to queue
[2025-11-06T19:49:09.362+0000] {logging_mixin.py:190} INFO - [2025-11-06T19:49:09.362+0000] {dagbag.py:588} INFO - Filling up the DagBag from /home/airflow/.local/lib/python3.12/site-packages/airflow/example_dags/example_params_trigger_ui.py
[2025-11-06T19:49:09.366+0000] {processor.py:925} INFO - DAG(s) 'example_params_trigger_ui' retrieved from /home/airflow/.local/lib/python3.12/site-packages/airflow/example_dags/example_params_trigger_ui.py
[2025-11-06T19:49:09.408+0000] {logging_mixin.py:190} INFO - [2025-11-06T19:49:09.408+0000] {override.py:1900} INFO - Created Permission View: can delete on DAG:example_params_trigger_ui
[2025-11-06T19:49:09.411+0000] {logging_mixin.py:190} INFO - [2025-11-06T19:49:09.411+0000] {override.py:1900} INFO - Created Permission View: can read on DAG:example_params_trigger_ui
[2025-11-06T19:49:09.413+0000] {logging_mixin.py:190} INFO - [2025-11-06T19:49:09.412+0000] {override.py:1900} INFO - Created Permission View: can edit on DAG:example_params_trigger_ui
[2025-11-06T19:49:09.415+0000] {logging_mixin.py:190} INFO - [2025-11-06T19:49:09.415+0000] {override.py:1900} INFO - Created Permission View: can delete on DAG Run:example_params_trigger_ui
[2025-11-06T19:49:09.416+0000] {logging_mixin.py:190} INFO - [2025-11-06T19:49:09.416+0000] {override.py:1900} INFO - Created Permission View: can read on DAG Run:example_params_trigger_ui
[2025-11-06T19:49:09.418+0000] {logging_mixin.py:190} INFO - [2025-11-06T19:49:09.418+0000] {override.py:1900} INFO - Created Permission View: menu access on DAG Run:example_params_trigger_ui
[2025-11-06T19:49:09.419+0000] {logging_mixin.py:190} INFO - [2025-11-06T19:49:09.419+0000] {override.py:1900} INFO - Created Permission View: can create on DAG Run:example_params_trigger_ui
[2025-11-06T19:49:09.420+0000] {logging_mixin.py:190} INFO - [2025-11-06T19:49:09.420+0000] {dag.py:3239} INFO - Sync 1 DAGs
[2025-11-06T19:49:09.424+0000] {logging_mixin.py:190} INFO - [2025-11-06T19:49:09.424+0000] {dag.py:3262} INFO - Creating ORM DAG for example_params_trigger_ui
[2025-11-06T19:49:09.424+0000] {logging_mixin.py:190} INFO - [2025-11-06T19:49:09.424+0000] {dag.py:4180} INFO - Setting next_dagrun for example_params_trigger_ui to None, run_after=None
[2025-11-06T19:49:09.429+0000] {processor.py:208} INFO - Processing /home/airflow/.local/lib/python3.12/site-packages/airflow/example_dags/example_params_trigger_ui.py took 0.070 seconds
[2025-11-06T19:49:39.860+0000] {processor.py:186} INFO - Started process (PID=139) to work on /home/airflow/.local/lib/python3.12/site-packages/airflow/example_dags/example_params_trigger_ui.py
[2025-11-06T19:49:39.862+0000] {processor.py:914} INFO - Processing file /home/airflow/.local/lib/python3.12/site-packages/airflow/example_dags/example_params_trigger_ui.py for tasks to queue
[2025-11-06T19:49:39.863+0000] {logging_mixin.py:190} INFO - [2025-11-06T19:49:39.863+0000] {dagbag.py:588} INFO - Filling up the DagBag from /home/airflow/.local/lib/python3.12/site-packages/airflow/example_dags/example_params_trigger_ui.py
[2025-11-06T19:49:39.867+0000] {processor.py:925} INFO - DAG(s) 'example_params_trigger_ui' retrieved from /home/airflow/.local/lib/python3.12/site-packages/airflow/example_dags/example_params_trigger_ui.py
[2025-11-06T19:49:39.884+0000] {logging_mixin.py:190} INFO - [2025-11-06T19:49:39.884+0000] {dag.py:3239} INFO - Sync 1 DAGs
[2025-11-06T19:49:39.888+0000] {logging_mixin.py:190} INFO - [2025-11-06T19:49:39.888+0000] {dag.py:4180} INFO - Setting next_dagrun for example_params_trigger_ui to None, run_after=None
[2025-11-06T19:49:39.894+0000] {processor.py:208} INFO - Processing /home/airflow/.local/lib/python3.12/site-packages/airflow/example_dags/example_params_trigger_ui.py took 0.036 seconds
[2025-11-06T19:50:20.773+0000] {processor.py:186} INFO - Started process (PID=76) to work on /home/airflow/.local/lib/python3.12/site-packages/airflow/example_dags/example_params_trigger_ui.py
[2025-11-06T19:50:20.775+0000] {processor.py:914} INFO - Processing file /home/airflow/.local/lib/python3.12/site-packages/airflow/example_dags/example_params_trigger_ui.py for tasks to queue
[2025-11-06T19:50:20.776+0000] {logging_mixin.py:190} INFO - [2025-11-06T19:50:20.776+0000] {dagbag.py:588} INFO - Filling up the DagBag from /home/airflow/.local/lib/python3.12/site-packages/airflow/example_dags/example_params_trigger_ui.py
[2025-11-06T19:50:20.782+0000] {processor.py:925} INFO - DAG(s) 'example_params_trigger_ui' retrieved from /home/airflow/.local/lib/python3.12/site-packages/airflow/example_dags/example_params_trigger_ui.py
[2025-11-06T19:50:20.801+0000] {logging_mixin.py:190} INFO - [2025-11-06T19:50:20.801+0000] {dag.py:3239} INFO - Sync 1 DAGs
[2025-11-06T19:50:20.808+0000] {logging_mixin.py:190} INFO - [2025-11-06T19:50:20.808+0000] {dag.py:4180} INFO - Setting next_dagrun for example_params_trigger_ui to None, run_after=None
[2025-11-06T19:50:20.818+0000] {processor.py:208} INFO - Processing /home/airflow/.local/lib/python3.12/site-packages/airflow/example_dags/example_params_trigger_ui.py took 0.047 seconds
[2025-11-06T19:50:51.432+0000] {processor.py:186} INFO - Started process (PID=138) to work on /home/airflow/.local/lib/python3.12/site-packages/airflow/example_dags/example_params_trigger_ui.py
[2025-11-06T19:50:51.435+0000] {processor.py:914} INFO - Processing file /home/airflow/.local/lib/python3.12/site-packages/airflow/example_dags/example_params_trigger_ui.py for tasks to queue
[2025-11-06T19:50:51.436+0000] {logging_mixin.py:190} INFO - [2025-11-06T19:50:51.436+0000] {dagbag.py:588} INFO - Filling up the DagBag from /home/airflow/.local/lib/python3.12/site-packages/airflow/example_dags/example_params_trigger_ui.py
[2025-11-06T19:50:51.440+0000] {processor.py:925} INFO - DAG(s) 'example_params_trigger_ui' retrieved from /home/airflow/.local/lib/python3.12/site-packages/airflow/example_dags/example_params_trigger_ui.py
[2025-11-06T19:50:51.459+0000] {logging_mixin.py:190} INFO - [2025-11-06T19:50:51.459+0000] {dag.py:3239} INFO - Sync 1 DAGs
[2025-11-06T19:50:51.465+0000] {logging_mixin.py:190} INFO - [2025-11-06T19:50:51.465+0000] {dag.py:4180} INFO - Setting next_dagrun for example_params_trigger_ui to None, run_after=None
[2025-11-06T19:50:51.476+0000] {processor.py:208} INFO - Processing /home/airflow/.local/lib/python3.12/site-packages/airflow/example_dags/example_params_trigger_ui.py took 0.045 seconds
[2025-11-06T19:51:21.956+0000] {processor.py:186} INFO - Started process (PID=200) to work on /home/airflow/.local/lib/python3.12/site-packages/airflow/example_dags/example_params_trigger_ui.py
[2025-11-06T19:51:21.956+0000] {processor.py:914} INFO - Processing file /home/airflow/.local/lib/python3.12/site-packages/airflow/example_dags/example_params_trigger_ui.py for tasks to queue
[2025-11-06T19:51:21.957+0000] {logging_mixin.py:190} INFO - [2025-11-06T19:51:21.957+0000] {dagbag.py:588} INFO - Filling up the DagBag from /home/airflow/.local/lib/python3.12/site-packages/airflow/example_dags/example_params_trigger_ui.py
[2025-11-06T19:51:21.964+0000] {processor.py:925} INFO - DAG(s) 'example_params_trigger_ui' retrieved from /home/airflow/.local/lib/python3.12/site-packages/airflow/example_dags/example_params_trigger_ui.py
[2025-11-06T19:51:21.984+0000] {logging_mixin.py:190} INFO - [2025-11-06T19:51:21.983+0000] {dag.py:3239} INFO - Sync 1 DAGs
[2025-11-06T19:51:21.988+0000] {logging_mixin.py:190} INFO - [2025-11-06T19:51:21.988+0000] {dag.py:4180} INFO - Setting next_dagrun for example_params_trigger_ui to None, run_after=None
[2025-11-06T19:51:21.995+0000] {processor.py:208} INFO - Processing /home/airflow/.local/lib/python3.12/site-packages/airflow/example_dags/example_params_trigger_ui.py took 0.042 seconds
[2025-11-06T19:51:52.520+0000] {processor.py:186} INFO - Started process (PID=262) to work on /home/airflow/.local/lib/python3.12/site-packages/airflow/example_dags/example_params_trigger_ui.py
[2025-11-06T19:51:52.521+0000] {processor.py:914} INFO - Processing file /home/airflow/.local/lib/python3.12/site-packages/airflow/example_dags/example_params_trigger_ui.py for tasks to queue
[2025-11-06T19:51:52.521+0000] {logging_mixin.py:190} INFO - [2025-11-06T19:51:52.521+0000] {dagbag.py:588} INFO - Filling up the DagBag from /home/airflow/.local/lib/python3.12/site-packages/airflow/example_dags/example_params_trigger_ui.py
[2025-11-06T19:51:52.526+0000] {processor.py:925} INFO - DAG(s) 'example_params_trigger_ui' retrieved from /home/airflow/.local/lib/python3.12/site-packages/airflow/example_dags/example_params_trigger_ui.py
[2025-11-06T19:51:52.545+0000] {logging_mixin.py:190} INFO - [2025-11-06T19:51:52.545+0000] {dag.py:3239} INFO - Sync 1 DAGs
[2025-11-06T19:51:52.550+0000] {logging_mixin.py:190} INFO - [2025-11-06T19:51:52.549+0000] {dag.py:4180} INFO - Setting next_dagrun for example_params_trigger_ui to None, run_after=None
[2025-11-06T19:51:52.558+0000] {processor.py:208} INFO - Processing /home/airflow/.local/lib/python3.12/site-packages/airflow/example_dags/example_params_trigger_ui.py took 0.040 seconds
[2025-11-06T19:52:23.110+0000] {processor.py:186} INFO - Started process (PID=324) to work on /home/airflow/.local/lib/python3.12/site-packages/airflow/example_dags/example_params_trigger_ui.py
[2025-11-06T19:52:23.110+0000] {processor.py:914} INFO - Processing file /home/airflow/.local/lib/python3.12/site-packages/airflow/example_dags/example_params_trigger_ui.py for tasks to queue
[2025-11-06T19:52:23.112+0000] {logging_mixin.py:190} INFO - [2025-11-06T19:52:23.112+0000] {dagbag.py:588} INFO - Filling up the DagBag from /home/airflow/.local/lib/python3.12/site-packages/airflow/example_dags/example_params_trigger_ui.py
[2025-11-06T19:52:23.119+0000] {processor.py:925} INFO - DAG(s) 'example_params_trigger_ui' retrieved from /home/airflow/.local/lib/python3.12/site-packages/airflow/example_dags/example_params_trigger_ui.py
[2025-11-06T19:52:23.139+0000] {logging_mixin.py:190} INFO - [2025-11-06T19:52:23.139+0000] {dag.py:3239} INFO - Sync 1 DAGs
[2025-11-06T19:52:23.145+0000] {logging_mixin.py:190} INFO - [2025-11-06T19:52:23.145+0000] {dag.py:4180} INFO - Setting next_dagrun for example_params_trigger_ui to None, run_after=None
[2025-11-06T19:52:23.153+0000] {processor.py:208} INFO - Processing /home/airflow/.local/lib/python3.12/site-packages/airflow/example_dags/example_params_trigger_ui.py took 0.046 seconds
[2025-11-06T19:52:54.002+0000] {processor.py:186} INFO - Started process (PID=386) to work on /home/airflow/.local/lib/python3.12/site-packages/airflow/example_dags/example_params_trigger_ui.py
[2025-11-06T19:52:54.003+0000] {processor.py:914} INFO - Processing file /home/airflow/.local/lib/python3.12/site-packages/airflow/example_dags/example_params_trigger_ui.py for tasks to queue
[2025-11-06T19:52:54.004+0000] {logging_mixin.py:190} INFO - [2025-11-06T19:52:54.004+0000] {dagbag.py:588} INFO - Filling up the DagBag from /home/airflow/.local/lib/python3.12/site-packages/airflow/example_dags/example_params_trigger_ui.py
[2025-11-06T19:52:54.011+0000] {processor.py:925} INFO - DAG(s) 'example_params_trigger_ui' retrieved from /home/airflow/.local/lib/python3.12/site-packages/airflow/example_dags/example_params_trigger_ui.py
[2025-11-06T19:52:54.035+0000] {logging_mixin.py:190} INFO - [2025-11-06T19:52:54.035+0000] {dag.py:3239} INFO - Sync 1 DAGs
[2025-11-06T19:52:54.040+0000] {logging_mixin.py:190} INFO - [2025-11-06T19:52:54.040+0000] {dag.py:4180} INFO - Setting next_dagrun for example_params_trigger_ui to None, run_after=None
[2025-11-06T19:52:54.050+0000] {processor.py:208} INFO - Processing /home/airflow/.local/lib/python3.12/site-packages/airflow/example_dags/example_params_trigger_ui.py took 0.051 seconds
[2025-11-06T19:53:24.719+0000] {processor.py:186} INFO - Started process (PID=448) to work on /home/airflow/.local/lib/python3.12/site-packages/airflow/example_dags/example_params_trigger_ui.py
[2025-11-06T19:53:24.720+0000] {processor.py:914} INFO - Processing file /home/airflow/.local/lib/python3.12/site-packages/airflow/example_dags/example_params_trigger_ui.py for tasks to queue
[2025-11-06T19:53:24.720+0000] {logging_mixin.py:190} INFO - [2025-11-06T19:53:24.720+0000] {dagbag.py:588} INFO - Filling up the DagBag from /home/airflow/.local/lib/python3.12/site-packages/airflow/example_dags/example_params_trigger_ui.py
[2025-11-06T19:53:24.726+0000] {processor.py:925} INFO - DAG(s) 'example_params_trigger_ui' retrieved from /home/airflow/.local/lib/python3.12/site-packages/airflow/example_dags/example_params_trigger_ui.py
[2025-11-06T19:53:24.744+0000] {logging_mixin.py:190} INFO - [2025-11-06T19:53:24.744+0000] {dag.py:3239} INFO - Sync 1 DAGs
[2025-11-06T19:53:24.748+0000] {logging_mixin.py:190} INFO - [2025-11-06T19:53:24.748+0000] {dag.py:4180} INFO - Setting next_dagrun for example_params_trigger_ui to None, run_after=None
[2025-11-06T19:53:24.757+0000] {processor.py:208} INFO - Processing /home/airflow/.local/lib/python3.12/site-packages/airflow/example_dags/example_params_trigger_ui.py took 0.040 seconds
[2025-11-06T19:53:55.340+0000] {processor.py:186} INFO - Started process (PID=510) to work on /home/airflow/.local/lib/python3.12/site-packages/airflow/example_dags/example_params_trigger_ui.py
[2025-11-06T19:53:55.342+0000] {processor.py:914} INFO - Processing file /home/airflow/.local/lib/python3.12/site-packages/airflow/example_dags/example_params_trigger_ui.py for tasks to queue
[2025-11-06T19:53:55.343+0000] {logging_mixin.py:190} INFO - [2025-11-06T19:53:55.342+0000] {dagbag.py:588} INFO - Filling up the DagBag from /home/airflow/.local/lib/python3.12/site-packages/airflow/example_dags/example_params_trigger_ui.py
[2025-11-06T19:53:55.349+0000] {processor.py:925} INFO - DAG(s) 'example_params_trigger_ui' retrieved from /home/airflow/.local/lib/python3.12/site-packages/airflow/example_dags/example_params_trigger_ui.py
[2025-11-06T19:53:55.367+0000] {logging_mixin.py:190} INFO - [2025-11-06T19:53:55.367+0000] {dag.py:3239} INFO - Sync 1 DAGs
[2025-11-06T19:53:55.377+0000] {logging_mixin.py:190} INFO - [2025-11-06T19:53:55.377+0000] {dag.py:4180} INFO - Setting next_dagrun for example_params_trigger_ui to None, run_after=None
[2025-11-06T19:53:55.387+0000] {processor.py:208} INFO - Processing /home/airflow/.local/lib/python3.12/site-packages/airflow/example_dags/example_params_trigger_ui.py took 0.049 seconds
