[2025-11-06T19:49:09.440+0000] {processor.py:186} INFO - Started process (PID=79) to work on /home/airflow/.local/lib/python3.12/site-packages/airflow/example_dags/example_workday_timetable.py
[2025-11-06T19:49:09.440+0000] {processor.py:914} INFO - Processing file /home/airflow/.local/lib/python3.12/site-packages/airflow/example_dags/example_workday_timetable.py for tasks to queue
[2025-11-06T19:49:09.441+0000] {logging_mixin.py:190} INFO - [2025-11-06T19:49:09.441+0000] {dagbag.py:588} INFO - Filling up the DagBag from /home/airflow/.local/lib/python3.12/site-packages/airflow/example_dags/example_workday_timetable.py
[2025-11-06T19:49:09.443+0000] {processor.py:925} INFO - DAG(s) 'example_workday_timetable' retrieved from /home/airflow/.local/lib/python3.12/site-packages/airflow/example_dags/example_workday_timetable.py
[2025-11-06T19:49:09.480+0000] {logging_mixin.py:190} INFO - [2025-11-06T19:49:09.480+0000] {override.py:1900} INFO - Created Permission View: can delete on DAG:example_workday_timetable
[2025-11-06T19:49:09.485+0000] {logging_mixin.py:190} INFO - [2025-11-06T19:49:09.485+0000] {override.py:1900} INFO - Created Permission View: can read on DAG:example_workday_timetable
[2025-11-06T19:49:09.486+0000] {logging_mixin.py:190} INFO - [2025-11-06T19:49:09.486+0000] {override.py:1900} INFO - Created Permission View: can edit on DAG:example_workday_timetable
[2025-11-06T19:49:09.487+0000] {logging_mixin.py:190} INFO - [2025-11-06T19:49:09.487+0000] {override.py:1900} INFO - Created Permission View: can delete on DAG Run:example_workday_timetable
[2025-11-06T19:49:09.488+0000] {logging_mixin.py:190} INFO - [2025-11-06T19:49:09.488+0000] {override.py:1900} INFO - Created Permission View: can read on DAG Run:example_workday_timetable
[2025-11-06T19:49:09.490+0000] {logging_mixin.py:190} INFO - [2025-11-06T19:49:09.490+0000] {override.py:1900} INFO - Created Permission View: menu access on DAG Run:example_workday_timetable
[2025-11-06T19:49:09.491+0000] {logging_mixin.py:190} INFO - [2025-11-06T19:49:09.491+0000] {override.py:1900} INFO - Created Permission View: can create on DAG Run:example_workday_timetable
[2025-11-06T19:49:09.491+0000] {logging_mixin.py:190} INFO - [2025-11-06T19:49:09.491+0000] {dag.py:3239} INFO - Sync 1 DAGs
[2025-11-06T19:49:09.495+0000] {logging_mixin.py:190} INFO - [2025-11-06T19:49:09.495+0000] {dag.py:3262} INFO - Creating ORM DAG for example_workday_timetable
[2025-11-06T19:49:09.509+0000] {logging_mixin.py:190} INFO - [2025-11-06T19:49:09.509+0000] {dag.py:4180} INFO - Setting next_dagrun for example_workday_timetable to 2021-01-04 00:00:00+00:00, run_after=2021-01-05 00:00:00+00:00
[2025-11-06T19:49:09.515+0000] {processor.py:208} INFO - Processing /home/airflow/.local/lib/python3.12/site-packages/airflow/example_dags/example_workday_timetable.py took 0.078 seconds
[2025-11-06T19:49:39.939+0000] {processor.py:186} INFO - Started process (PID=141) to work on /home/airflow/.local/lib/python3.12/site-packages/airflow/example_dags/example_workday_timetable.py
[2025-11-06T19:49:39.939+0000] {processor.py:914} INFO - Processing file /home/airflow/.local/lib/python3.12/site-packages/airflow/example_dags/example_workday_timetable.py for tasks to queue
[2025-11-06T19:49:39.940+0000] {logging_mixin.py:190} INFO - [2025-11-06T19:49:39.940+0000] {dagbag.py:588} INFO - Filling up the DagBag from /home/airflow/.local/lib/python3.12/site-packages/airflow/example_dags/example_workday_timetable.py
[2025-11-06T19:49:39.942+0000] {processor.py:925} INFO - DAG(s) 'example_workday_timetable' retrieved from /home/airflow/.local/lib/python3.12/site-packages/airflow/example_dags/example_workday_timetable.py
[2025-11-06T19:49:39.951+0000] {logging_mixin.py:190} INFO - [2025-11-06T19:49:39.951+0000] {dag.py:3239} INFO - Sync 1 DAGs
[2025-11-06T19:49:39.969+0000] {logging_mixin.py:190} INFO - [2025-11-06T19:49:39.969+0000] {dag.py:4180} INFO - Setting next_dagrun for example_workday_timetable to 2021-01-04 00:00:00+00:00, run_after=2021-01-05 00:00:00+00:00
[2025-11-06T19:49:39.975+0000] {processor.py:208} INFO - Processing /home/airflow/.local/lib/python3.12/site-packages/airflow/example_dags/example_workday_timetable.py took 0.038 seconds
[2025-11-06T19:50:20.870+0000] {processor.py:186} INFO - Started process (PID=78) to work on /home/airflow/.local/lib/python3.12/site-packages/airflow/example_dags/example_workday_timetable.py
[2025-11-06T19:50:20.870+0000] {processor.py:914} INFO - Processing file /home/airflow/.local/lib/python3.12/site-packages/airflow/example_dags/example_workday_timetable.py for tasks to queue
[2025-11-06T19:50:20.871+0000] {logging_mixin.py:190} INFO - [2025-11-06T19:50:20.871+0000] {dagbag.py:588} INFO - Filling up the DagBag from /home/airflow/.local/lib/python3.12/site-packages/airflow/example_dags/example_workday_timetable.py
[2025-11-06T19:50:20.873+0000] {processor.py:925} INFO - DAG(s) 'example_workday_timetable' retrieved from /home/airflow/.local/lib/python3.12/site-packages/airflow/example_dags/example_workday_timetable.py
[2025-11-06T19:50:20.885+0000] {logging_mixin.py:190} INFO - [2025-11-06T19:50:20.885+0000] {dag.py:3239} INFO - Sync 1 DAGs
[2025-11-06T19:50:20.907+0000] {logging_mixin.py:190} INFO - [2025-11-06T19:50:20.907+0000] {dag.py:4180} INFO - Setting next_dagrun for example_workday_timetable to 2021-01-04 00:00:00+00:00, run_after=2021-01-05 00:00:00+00:00
[2025-11-06T19:50:20.916+0000] {processor.py:208} INFO - Processing /home/airflow/.local/lib/python3.12/site-packages/airflow/example_dags/example_workday_timetable.py took 0.048 seconds
[2025-11-06T19:50:51.489+0000] {processor.py:186} INFO - Started process (PID=140) to work on /home/airflow/.local/lib/python3.12/site-packages/airflow/example_dags/example_workday_timetable.py
[2025-11-06T19:50:51.490+0000] {processor.py:914} INFO - Processing file /home/airflow/.local/lib/python3.12/site-packages/airflow/example_dags/example_workday_timetable.py for tasks to queue
[2025-11-06T19:50:51.491+0000] {logging_mixin.py:190} INFO - [2025-11-06T19:50:51.491+0000] {dagbag.py:588} INFO - Filling up the DagBag from /home/airflow/.local/lib/python3.12/site-packages/airflow/example_dags/example_workday_timetable.py
[2025-11-06T19:50:51.494+0000] {processor.py:925} INFO - DAG(s) 'example_workday_timetable' retrieved from /home/airflow/.local/lib/python3.12/site-packages/airflow/example_dags/example_workday_timetable.py
[2025-11-06T19:50:51.503+0000] {logging_mixin.py:190} INFO - [2025-11-06T19:50:51.503+0000] {dag.py:3239} INFO - Sync 1 DAGs
[2025-11-06T19:50:51.520+0000] {logging_mixin.py:190} INFO - [2025-11-06T19:50:51.520+0000] {dag.py:4180} INFO - Setting next_dagrun for example_workday_timetable to 2021-01-04 00:00:00+00:00, run_after=2021-01-05 00:00:00+00:00
[2025-11-06T19:50:51.530+0000] {processor.py:208} INFO - Processing /home/airflow/.local/lib/python3.12/site-packages/airflow/example_dags/example_workday_timetable.py took 0.043 seconds
[2025-11-06T19:51:22.009+0000] {processor.py:186} INFO - Started process (PID=202) to work on /home/airflow/.local/lib/python3.12/site-packages/airflow/example_dags/example_workday_timetable.py
[2025-11-06T19:51:22.009+0000] {processor.py:914} INFO - Processing file /home/airflow/.local/lib/python3.12/site-packages/airflow/example_dags/example_workday_timetable.py for tasks to queue
[2025-11-06T19:51:22.011+0000] {logging_mixin.py:190} INFO - [2025-11-06T19:51:22.011+0000] {dagbag.py:588} INFO - Filling up the DagBag from /home/airflow/.local/lib/python3.12/site-packages/airflow/example_dags/example_workday_timetable.py
[2025-11-06T19:51:22.013+0000] {processor.py:925} INFO - DAG(s) 'example_workday_timetable' retrieved from /home/airflow/.local/lib/python3.12/site-packages/airflow/example_dags/example_workday_timetable.py
[2025-11-06T19:51:22.023+0000] {logging_mixin.py:190} INFO - [2025-11-06T19:51:22.023+0000] {dag.py:3239} INFO - Sync 1 DAGs
[2025-11-06T19:51:22.041+0000] {logging_mixin.py:190} INFO - [2025-11-06T19:51:22.041+0000] {dag.py:4180} INFO - Setting next_dagrun for example_workday_timetable to 2021-01-04 00:00:00+00:00, run_after=2021-01-05 00:00:00+00:00
[2025-11-06T19:51:22.048+0000] {processor.py:208} INFO - Processing /home/airflow/.local/lib/python3.12/site-packages/airflow/example_dags/example_workday_timetable.py took 0.042 seconds
[2025-11-06T19:51:52.619+0000] {processor.py:186} INFO - Started process (PID=264) to work on /home/airflow/.local/lib/python3.12/site-packages/airflow/example_dags/example_workday_timetable.py
[2025-11-06T19:51:52.619+0000] {processor.py:914} INFO - Processing file /home/airflow/.local/lib/python3.12/site-packages/airflow/example_dags/example_workday_timetable.py for tasks to queue
[2025-11-06T19:51:52.620+0000] {logging_mixin.py:190} INFO - [2025-11-06T19:51:52.620+0000] {dagbag.py:588} INFO - Filling up the DagBag from /home/airflow/.local/lib/python3.12/site-packages/airflow/example_dags/example_workday_timetable.py
[2025-11-06T19:51:52.622+0000] {processor.py:925} INFO - DAG(s) 'example_workday_timetable' retrieved from /home/airflow/.local/lib/python3.12/site-packages/airflow/example_dags/example_workday_timetable.py
[2025-11-06T19:51:52.630+0000] {logging_mixin.py:190} INFO - [2025-11-06T19:51:52.630+0000] {dag.py:3239} INFO - Sync 1 DAGs
[2025-11-06T19:51:52.646+0000] {logging_mixin.py:190} INFO - [2025-11-06T19:51:52.646+0000] {dag.py:4180} INFO - Setting next_dagrun for example_workday_timetable to 2021-01-04 00:00:00+00:00, run_after=2021-01-05 00:00:00+00:00
[2025-11-06T19:51:52.651+0000] {processor.py:208} INFO - Processing /home/airflow/.local/lib/python3.12/site-packages/airflow/example_dags/example_workday_timetable.py took 0.035 seconds
[2025-11-06T19:52:23.198+0000] {processor.py:186} INFO - Started process (PID=326) to work on /home/airflow/.local/lib/python3.12/site-packages/airflow/example_dags/example_workday_timetable.py
[2025-11-06T19:52:23.199+0000] {processor.py:914} INFO - Processing file /home/airflow/.local/lib/python3.12/site-packages/airflow/example_dags/example_workday_timetable.py for tasks to queue
[2025-11-06T19:52:23.200+0000] {logging_mixin.py:190} INFO - [2025-11-06T19:52:23.199+0000] {dagbag.py:588} INFO - Filling up the DagBag from /home/airflow/.local/lib/python3.12/site-packages/airflow/example_dags/example_workday_timetable.py
[2025-11-06T19:52:23.202+0000] {processor.py:925} INFO - DAG(s) 'example_workday_timetable' retrieved from /home/airflow/.local/lib/python3.12/site-packages/airflow/example_dags/example_workday_timetable.py
[2025-11-06T19:52:23.213+0000] {logging_mixin.py:190} INFO - [2025-11-06T19:52:23.213+0000] {dag.py:3239} INFO - Sync 1 DAGs
[2025-11-06T19:52:23.230+0000] {logging_mixin.py:190} INFO - [2025-11-06T19:52:23.230+0000] {dag.py:4180} INFO - Setting next_dagrun for example_workday_timetable to 2021-01-04 00:00:00+00:00, run_after=2021-01-05 00:00:00+00:00
[2025-11-06T19:52:23.236+0000] {processor.py:208} INFO - Processing /home/airflow/.local/lib/python3.12/site-packages/airflow/example_dags/example_workday_timetable.py took 0.040 seconds
[2025-11-06T19:52:54.108+0000] {processor.py:186} INFO - Started process (PID=388) to work on /home/airflow/.local/lib/python3.12/site-packages/airflow/example_dags/example_workday_timetable.py
[2025-11-06T19:52:54.108+0000] {processor.py:914} INFO - Processing file /home/airflow/.local/lib/python3.12/site-packages/airflow/example_dags/example_workday_timetable.py for tasks to queue
[2025-11-06T19:52:54.109+0000] {logging_mixin.py:190} INFO - [2025-11-06T19:52:54.109+0000] {dagbag.py:588} INFO - Filling up the DagBag from /home/airflow/.local/lib/python3.12/site-packages/airflow/example_dags/example_workday_timetable.py
[2025-11-06T19:52:54.112+0000] {processor.py:925} INFO - DAG(s) 'example_workday_timetable' retrieved from /home/airflow/.local/lib/python3.12/site-packages/airflow/example_dags/example_workday_timetable.py
[2025-11-06T19:52:54.127+0000] {logging_mixin.py:190} INFO - [2025-11-06T19:52:54.127+0000] {dag.py:3239} INFO - Sync 1 DAGs
[2025-11-06T19:52:54.149+0000] {logging_mixin.py:190} INFO - [2025-11-06T19:52:54.149+0000] {dag.py:4180} INFO - Setting next_dagrun for example_workday_timetable to 2021-01-04 00:00:00+00:00, run_after=2021-01-05 00:00:00+00:00
[2025-11-06T19:52:54.161+0000] {processor.py:208} INFO - Processing /home/airflow/.local/lib/python3.12/site-packages/airflow/example_dags/example_workday_timetable.py took 0.056 seconds
[2025-11-06T19:53:24.804+0000] {processor.py:186} INFO - Started process (PID=450) to work on /home/airflow/.local/lib/python3.12/site-packages/airflow/example_dags/example_workday_timetable.py
[2025-11-06T19:53:24.804+0000] {processor.py:914} INFO - Processing file /home/airflow/.local/lib/python3.12/site-packages/airflow/example_dags/example_workday_timetable.py for tasks to queue
[2025-11-06T19:53:24.805+0000] {logging_mixin.py:190} INFO - [2025-11-06T19:53:24.805+0000] {dagbag.py:588} INFO - Filling up the DagBag from /home/airflow/.local/lib/python3.12/site-packages/airflow/example_dags/example_workday_timetable.py
[2025-11-06T19:53:24.808+0000] {processor.py:925} INFO - DAG(s) 'example_workday_timetable' retrieved from /home/airflow/.local/lib/python3.12/site-packages/airflow/example_dags/example_workday_timetable.py
[2025-11-06T19:53:24.823+0000] {logging_mixin.py:190} INFO - [2025-11-06T19:53:24.822+0000] {dag.py:3239} INFO - Sync 1 DAGs
[2025-11-06T19:53:24.842+0000] {logging_mixin.py:190} INFO - [2025-11-06T19:53:24.842+0000] {dag.py:4180} INFO - Setting next_dagrun for example_workday_timetable to 2021-01-04 00:00:00+00:00, run_after=2021-01-05 00:00:00+00:00
[2025-11-06T19:53:24.847+0000] {processor.py:208} INFO - Processing /home/airflow/.local/lib/python3.12/site-packages/airflow/example_dags/example_workday_timetable.py took 0.046 seconds
[2025-11-06T19:53:55.439+0000] {processor.py:186} INFO - Started process (PID=512) to work on /home/airflow/.local/lib/python3.12/site-packages/airflow/example_dags/example_workday_timetable.py
[2025-11-06T19:53:55.439+0000] {processor.py:914} INFO - Processing file /home/airflow/.local/lib/python3.12/site-packages/airflow/example_dags/example_workday_timetable.py for tasks to queue
[2025-11-06T19:53:55.440+0000] {logging_mixin.py:190} INFO - [2025-11-06T19:53:55.440+0000] {dagbag.py:588} INFO - Filling up the DagBag from /home/airflow/.local/lib/python3.12/site-packages/airflow/example_dags/example_workday_timetable.py
[2025-11-06T19:53:55.442+0000] {processor.py:925} INFO - DAG(s) 'example_workday_timetable' retrieved from /home/airflow/.local/lib/python3.12/site-packages/airflow/example_dags/example_workday_timetable.py
[2025-11-06T19:53:55.458+0000] {logging_mixin.py:190} INFO - [2025-11-06T19:53:55.458+0000] {dag.py:3239} INFO - Sync 1 DAGs
[2025-11-06T19:53:55.479+0000] {logging_mixin.py:190} INFO - [2025-11-06T19:53:55.479+0000] {dag.py:4180} INFO - Setting next_dagrun for example_workday_timetable to 2021-01-04 00:00:00+00:00, run_after=2021-01-05 00:00:00+00:00
[2025-11-06T19:53:55.487+0000] {processor.py:208} INFO - Processing /home/airflow/.local/lib/python3.12/site-packages/airflow/example_dags/example_workday_timetable.py took 0.051 seconds
