[2025-11-06T19:49:09.291+0000] {processor.py:186} INFO - Started process (PID=76) to work on /home/airflow/.local/lib/python3.12/site-packages/airflow/example_dags/example_dataset_alias_with_no_taskflow.py
[2025-11-06T19:49:09.291+0000] {processor.py:914} INFO - Processing file /home/airflow/.local/lib/python3.12/site-packages/airflow/example_dags/example_dataset_alias_with_no_taskflow.py for tasks to queue
[2025-11-06T19:49:09.292+0000] {logging_mixin.py:190} INFO - [2025-11-06T19:49:09.292+0000] {dagbag.py:588} INFO - Filling up the DagBag from /home/airflow/.local/lib/python3.12/site-packages/airflow/example_dags/example_dataset_alias_with_no_taskflow.py
[2025-11-06T19:49:09.303+0000] {processor.py:925} INFO - DAG(s) 'dataset_s3_bucket_consumer_with_no_taskflow', 'dataset_alias_example_alias_producer_with_no_taskflow', 'dataset_s3_bucket_producer_with_no_taskflow', 'dataset_alias_example_alias_consumer_with_no_taskflow' retrieved from /home/airflow/.local/lib/python3.12/site-packages/airflow/example_dags/example_dataset_alias_with_no_taskflow.py
[2025-11-06T19:49:09.333+0000] {logging_mixin.py:190} INFO - [2025-11-06T19:49:09.332+0000] {override.py:1900} INFO - Created Permission View: can delete on DAG:dataset_s3_bucket_consumer_with_no_taskflow
[2025-11-06T19:49:09.335+0000] {logging_mixin.py:190} INFO - [2025-11-06T19:49:09.335+0000] {override.py:1900} INFO - Created Permission View: can read on DAG:dataset_s3_bucket_consumer_with_no_taskflow
[2025-11-06T19:49:09.336+0000] {logging_mixin.py:190} INFO - [2025-11-06T19:49:09.336+0000] {override.py:1900} INFO - Created Permission View: can edit on DAG:dataset_s3_bucket_consumer_with_no_taskflow
[2025-11-06T19:49:09.338+0000] {logging_mixin.py:190} INFO - [2025-11-06T19:49:09.338+0000] {override.py:1900} INFO - Created Permission View: can delete on DAG Run:dataset_s3_bucket_consumer_with_no_taskflow
[2025-11-06T19:49:09.339+0000] {logging_mixin.py:190} INFO - [2025-11-06T19:49:09.339+0000] {override.py:1900} INFO - Created Permission View: can read on DAG Run:dataset_s3_bucket_consumer_with_no_taskflow
[2025-11-06T19:49:09.340+0000] {logging_mixin.py:190} INFO - [2025-11-06T19:49:09.340+0000] {override.py:1900} INFO - Created Permission View: menu access on DAG Run:dataset_s3_bucket_consumer_with_no_taskflow
[2025-11-06T19:49:09.341+0000] {logging_mixin.py:190} INFO - [2025-11-06T19:49:09.341+0000] {override.py:1900} INFO - Created Permission View: can create on DAG Run:dataset_s3_bucket_consumer_with_no_taskflow
[2025-11-06T19:49:09.344+0000] {logging_mixin.py:190} INFO - [2025-11-06T19:49:09.344+0000] {override.py:1900} INFO - Created Permission View: can delete on DAG:dataset_alias_example_alias_producer_with_no_taskflow
[2025-11-06T19:49:09.346+0000] {logging_mixin.py:190} INFO - [2025-11-06T19:49:09.346+0000] {override.py:1900} INFO - Created Permission View: can read on DAG:dataset_alias_example_alias_producer_with_no_taskflow
[2025-11-06T19:49:09.347+0000] {logging_mixin.py:190} INFO - [2025-11-06T19:49:09.347+0000] {override.py:1900} INFO - Created Permission View: can edit on DAG:dataset_alias_example_alias_producer_with_no_taskflow
[2025-11-06T19:49:09.349+0000] {logging_mixin.py:190} INFO - [2025-11-06T19:49:09.349+0000] {override.py:1900} INFO - Created Permission View: can delete on DAG Run:dataset_alias_example_alias_producer_with_no_taskflow
[2025-11-06T19:49:09.351+0000] {logging_mixin.py:190} INFO - [2025-11-06T19:49:09.351+0000] {override.py:1900} INFO - Created Permission View: can read on DAG Run:dataset_alias_example_alias_producer_with_no_taskflow
[2025-11-06T19:49:09.352+0000] {logging_mixin.py:190} INFO - [2025-11-06T19:49:09.352+0000] {override.py:1900} INFO - Created Permission View: menu access on DAG Run:dataset_alias_example_alias_producer_with_no_taskflow
[2025-11-06T19:49:09.354+0000] {logging_mixin.py:190} INFO - [2025-11-06T19:49:09.354+0000] {override.py:1900} INFO - Created Permission View: can create on DAG Run:dataset_alias_example_alias_producer_with_no_taskflow
[2025-11-06T19:49:09.359+0000] {logging_mixin.py:190} INFO - [2025-11-06T19:49:09.359+0000] {override.py:1900} INFO - Created Permission View: can delete on DAG:dataset_s3_bucket_producer_with_no_taskflow
[2025-11-06T19:49:09.360+0000] {logging_mixin.py:190} INFO - [2025-11-06T19:49:09.360+0000] {override.py:1900} INFO - Created Permission View: can read on DAG:dataset_s3_bucket_producer_with_no_taskflow
[2025-11-06T19:49:09.361+0000] {logging_mixin.py:190} INFO - [2025-11-06T19:49:09.361+0000] {override.py:1900} INFO - Created Permission View: can edit on DAG:dataset_s3_bucket_producer_with_no_taskflow
[2025-11-06T19:49:09.363+0000] {logging_mixin.py:190} INFO - [2025-11-06T19:49:09.363+0000] {override.py:1900} INFO - Created Permission View: can delete on DAG Run:dataset_s3_bucket_producer_with_no_taskflow
[2025-11-06T19:49:09.364+0000] {logging_mixin.py:190} INFO - [2025-11-06T19:49:09.364+0000] {override.py:1900} INFO - Created Permission View: can read on DAG Run:dataset_s3_bucket_producer_with_no_taskflow
[2025-11-06T19:49:09.365+0000] {logging_mixin.py:190} INFO - [2025-11-06T19:49:09.365+0000] {override.py:1900} INFO - Created Permission View: menu access on DAG Run:dataset_s3_bucket_producer_with_no_taskflow
[2025-11-06T19:49:09.367+0000] {logging_mixin.py:190} INFO - [2025-11-06T19:49:09.366+0000] {override.py:1900} INFO - Created Permission View: can create on DAG Run:dataset_s3_bucket_producer_with_no_taskflow
[2025-11-06T19:49:09.369+0000] {logging_mixin.py:190} INFO - [2025-11-06T19:49:09.369+0000] {override.py:1900} INFO - Created Permission View: can delete on DAG:dataset_alias_example_alias_consumer_with_no_taskflow
[2025-11-06T19:49:09.371+0000] {logging_mixin.py:190} INFO - [2025-11-06T19:49:09.371+0000] {override.py:1900} INFO - Created Permission View: can read on DAG:dataset_alias_example_alias_consumer_with_no_taskflow
[2025-11-06T19:49:09.372+0000] {logging_mixin.py:190} INFO - [2025-11-06T19:49:09.372+0000] {override.py:1900} INFO - Created Permission View: can edit on DAG:dataset_alias_example_alias_consumer_with_no_taskflow
[2025-11-06T19:49:09.373+0000] {logging_mixin.py:190} INFO - [2025-11-06T19:49:09.373+0000] {override.py:1900} INFO - Created Permission View: can delete on DAG Run:dataset_alias_example_alias_consumer_with_no_taskflow
[2025-11-06T19:49:09.374+0000] {logging_mixin.py:190} INFO - [2025-11-06T19:49:09.374+0000] {override.py:1900} INFO - Created Permission View: can read on DAG Run:dataset_alias_example_alias_consumer_with_no_taskflow
[2025-11-06T19:49:09.375+0000] {logging_mixin.py:190} INFO - [2025-11-06T19:49:09.375+0000] {override.py:1900} INFO - Created Permission View: menu access on DAG Run:dataset_alias_example_alias_consumer_with_no_taskflow
[2025-11-06T19:49:09.377+0000] {logging_mixin.py:190} INFO - [2025-11-06T19:49:09.376+0000] {override.py:1900} INFO - Created Permission View: can create on DAG Run:dataset_alias_example_alias_consumer_with_no_taskflow
[2025-11-06T19:49:09.377+0000] {logging_mixin.py:190} INFO - [2025-11-06T19:49:09.377+0000] {dag.py:3239} INFO - Sync 4 DAGs
[2025-11-06T19:49:09.381+0000] {logging_mixin.py:190} INFO - [2025-11-06T19:49:09.380+0000] {dag.py:3262} INFO - Creating ORM DAG for dataset_alias_example_alias_producer_with_no_taskflow
[2025-11-06T19:49:09.381+0000] {logging_mixin.py:190} INFO - [2025-11-06T19:49:09.381+0000] {dag.py:3262} INFO - Creating ORM DAG for dataset_s3_bucket_producer_with_no_taskflow
[2025-11-06T19:49:09.381+0000] {logging_mixin.py:190} INFO - [2025-11-06T19:49:09.381+0000] {dag.py:3262} INFO - Creating ORM DAG for dataset_s3_bucket_consumer_with_no_taskflow
[2025-11-06T19:49:09.381+0000] {logging_mixin.py:190} INFO - [2025-11-06T19:49:09.381+0000] {dag.py:3262} INFO - Creating ORM DAG for dataset_alias_example_alias_consumer_with_no_taskflow
[2025-11-06T19:49:09.384+0000] {logging_mixin.py:190} INFO - [2025-11-06T19:49:09.384+0000] {dag.py:4180} INFO - Setting next_dagrun for dataset_alias_example_alias_consumer_with_no_taskflow to None, run_after=None
[2025-11-06T19:49:09.384+0000] {logging_mixin.py:190} INFO - [2025-11-06T19:49:09.384+0000] {dag.py:4180} INFO - Setting next_dagrun for dataset_alias_example_alias_producer_with_no_taskflow to None, run_after=None
[2025-11-06T19:49:09.384+0000] {logging_mixin.py:190} INFO - [2025-11-06T19:49:09.384+0000] {dag.py:4180} INFO - Setting next_dagrun for dataset_s3_bucket_consumer_with_no_taskflow to None, run_after=None
[2025-11-06T19:49:09.384+0000] {logging_mixin.py:190} INFO - [2025-11-06T19:49:09.384+0000] {dag.py:4180} INFO - Setting next_dagrun for dataset_s3_bucket_producer_with_no_taskflow to None, run_after=None
[2025-11-06T19:49:09.392+0000] {processor.py:208} INFO - Processing /home/airflow/.local/lib/python3.12/site-packages/airflow/example_dags/example_dataset_alias_with_no_taskflow.py took 0.104 seconds
[2025-11-06T19:49:39.858+0000] {processor.py:186} INFO - Started process (PID=138) to work on /home/airflow/.local/lib/python3.12/site-packages/airflow/example_dags/example_dataset_alias_with_no_taskflow.py
[2025-11-06T19:49:39.858+0000] {processor.py:914} INFO - Processing file /home/airflow/.local/lib/python3.12/site-packages/airflow/example_dags/example_dataset_alias_with_no_taskflow.py for tasks to queue
[2025-11-06T19:49:39.859+0000] {logging_mixin.py:190} INFO - [2025-11-06T19:49:39.859+0000] {dagbag.py:588} INFO - Filling up the DagBag from /home/airflow/.local/lib/python3.12/site-packages/airflow/example_dags/example_dataset_alias_with_no_taskflow.py
[2025-11-06T19:49:39.870+0000] {processor.py:925} INFO - DAG(s) 'dataset_s3_bucket_consumer_with_no_taskflow', 'dataset_s3_bucket_producer_with_no_taskflow', 'dataset_alias_example_alias_consumer_with_no_taskflow', 'dataset_alias_example_alias_producer_with_no_taskflow' retrieved from /home/airflow/.local/lib/python3.12/site-packages/airflow/example_dags/example_dataset_alias_with_no_taskflow.py
[2025-11-06T19:49:39.877+0000] {logging_mixin.py:190} INFO - [2025-11-06T19:49:39.877+0000] {dag.py:3239} INFO - Sync 4 DAGs
[2025-11-06T19:49:39.884+0000] {logging_mixin.py:190} INFO - [2025-11-06T19:49:39.884+0000] {dag.py:4180} INFO - Setting next_dagrun for dataset_alias_example_alias_consumer_with_no_taskflow to None, run_after=None
[2025-11-06T19:49:39.885+0000] {logging_mixin.py:190} INFO - [2025-11-06T19:49:39.885+0000] {dag.py:4180} INFO - Setting next_dagrun for dataset_alias_example_alias_producer_with_no_taskflow to None, run_after=None
[2025-11-06T19:49:39.886+0000] {logging_mixin.py:190} INFO - [2025-11-06T19:49:39.886+0000] {dag.py:4180} INFO - Setting next_dagrun for dataset_s3_bucket_consumer_with_no_taskflow to None, run_after=None
[2025-11-06T19:49:39.886+0000] {logging_mixin.py:190} INFO - [2025-11-06T19:49:39.886+0000] {dag.py:4180} INFO - Setting next_dagrun for dataset_s3_bucket_producer_with_no_taskflow to None, run_after=None
[2025-11-06T19:49:39.892+0000] {processor.py:208} INFO - Processing /home/airflow/.local/lib/python3.12/site-packages/airflow/example_dags/example_dataset_alias_with_no_taskflow.py took 0.037 seconds
[2025-11-06T19:50:20.770+0000] {processor.py:186} INFO - Started process (PID=75) to work on /home/airflow/.local/lib/python3.12/site-packages/airflow/example_dags/example_dataset_alias_with_no_taskflow.py
[2025-11-06T19:50:20.770+0000] {processor.py:914} INFO - Processing file /home/airflow/.local/lib/python3.12/site-packages/airflow/example_dags/example_dataset_alias_with_no_taskflow.py for tasks to queue
[2025-11-06T19:50:20.771+0000] {logging_mixin.py:190} INFO - [2025-11-06T19:50:20.771+0000] {dagbag.py:588} INFO - Filling up the DagBag from /home/airflow/.local/lib/python3.12/site-packages/airflow/example_dags/example_dataset_alias_with_no_taskflow.py
[2025-11-06T19:50:20.784+0000] {processor.py:925} INFO - DAG(s) 'dataset_alias_example_alias_producer_with_no_taskflow', 'dataset_alias_example_alias_consumer_with_no_taskflow', 'dataset_s3_bucket_producer_with_no_taskflow', 'dataset_s3_bucket_consumer_with_no_taskflow' retrieved from /home/airflow/.local/lib/python3.12/site-packages/airflow/example_dags/example_dataset_alias_with_no_taskflow.py
[2025-11-06T19:50:20.792+0000] {logging_mixin.py:190} INFO - [2025-11-06T19:50:20.792+0000] {dag.py:3239} INFO - Sync 4 DAGs
[2025-11-06T19:50:20.801+0000] {logging_mixin.py:190} INFO - [2025-11-06T19:50:20.801+0000] {dag.py:4180} INFO - Setting next_dagrun for dataset_alias_example_alias_consumer_with_no_taskflow to None, run_after=None
[2025-11-06T19:50:20.804+0000] {logging_mixin.py:190} INFO - [2025-11-06T19:50:20.804+0000] {dag.py:4180} INFO - Setting next_dagrun for dataset_alias_example_alias_producer_with_no_taskflow to None, run_after=None
[2025-11-06T19:50:20.805+0000] {logging_mixin.py:190} INFO - [2025-11-06T19:50:20.805+0000] {dag.py:4180} INFO - Setting next_dagrun for dataset_s3_bucket_consumer_with_no_taskflow to None, run_after=None
[2025-11-06T19:50:20.806+0000] {logging_mixin.py:190} INFO - [2025-11-06T19:50:20.806+0000] {dag.py:4180} INFO - Setting next_dagrun for dataset_s3_bucket_producer_with_no_taskflow to None, run_after=None
[2025-11-06T19:50:20.819+0000] {processor.py:208} INFO - Processing /home/airflow/.local/lib/python3.12/site-packages/airflow/example_dags/example_dataset_alias_with_no_taskflow.py took 0.051 seconds
[2025-11-06T19:50:51.412+0000] {processor.py:186} INFO - Started process (PID=137) to work on /home/airflow/.local/lib/python3.12/site-packages/airflow/example_dags/example_dataset_alias_with_no_taskflow.py
[2025-11-06T19:50:51.412+0000] {processor.py:914} INFO - Processing file /home/airflow/.local/lib/python3.12/site-packages/airflow/example_dags/example_dataset_alias_with_no_taskflow.py for tasks to queue
[2025-11-06T19:50:51.413+0000] {logging_mixin.py:190} INFO - [2025-11-06T19:50:51.413+0000] {dagbag.py:588} INFO - Filling up the DagBag from /home/airflow/.local/lib/python3.12/site-packages/airflow/example_dags/example_dataset_alias_with_no_taskflow.py
[2025-11-06T19:50:51.425+0000] {processor.py:925} INFO - DAG(s) 'dataset_s3_bucket_consumer_with_no_taskflow', 'dataset_alias_example_alias_consumer_with_no_taskflow', 'dataset_alias_example_alias_producer_with_no_taskflow', 'dataset_s3_bucket_producer_with_no_taskflow' retrieved from /home/airflow/.local/lib/python3.12/site-packages/airflow/example_dags/example_dataset_alias_with_no_taskflow.py
[2025-11-06T19:50:51.432+0000] {logging_mixin.py:190} INFO - [2025-11-06T19:50:51.432+0000] {dag.py:3239} INFO - Sync 4 DAGs
[2025-11-06T19:50:51.439+0000] {logging_mixin.py:190} INFO - [2025-11-06T19:50:51.439+0000] {dag.py:4180} INFO - Setting next_dagrun for dataset_alias_example_alias_consumer_with_no_taskflow to None, run_after=None
[2025-11-06T19:50:51.441+0000] {logging_mixin.py:190} INFO - [2025-11-06T19:50:51.441+0000] {dag.py:4180} INFO - Setting next_dagrun for dataset_alias_example_alias_producer_with_no_taskflow to None, run_after=None
[2025-11-06T19:50:51.442+0000] {logging_mixin.py:190} INFO - [2025-11-06T19:50:51.442+0000] {dag.py:4180} INFO - Setting next_dagrun for dataset_s3_bucket_consumer_with_no_taskflow to None, run_after=None
[2025-11-06T19:50:51.442+0000] {logging_mixin.py:190} INFO - [2025-11-06T19:50:51.442+0000] {dag.py:4180} INFO - Setting next_dagrun for dataset_s3_bucket_producer_with_no_taskflow to None, run_after=None
[2025-11-06T19:50:51.456+0000] {processor.py:208} INFO - Processing /home/airflow/.local/lib/python3.12/site-packages/airflow/example_dags/example_dataset_alias_with_no_taskflow.py took 0.046 seconds
[2025-11-06T19:51:21.948+0000] {processor.py:186} INFO - Started process (PID=199) to work on /home/airflow/.local/lib/python3.12/site-packages/airflow/example_dags/example_dataset_alias_with_no_taskflow.py
[2025-11-06T19:51:21.949+0000] {processor.py:914} INFO - Processing file /home/airflow/.local/lib/python3.12/site-packages/airflow/example_dags/example_dataset_alias_with_no_taskflow.py for tasks to queue
[2025-11-06T19:51:21.950+0000] {logging_mixin.py:190} INFO - [2025-11-06T19:51:21.949+0000] {dagbag.py:588} INFO - Filling up the DagBag from /home/airflow/.local/lib/python3.12/site-packages/airflow/example_dags/example_dataset_alias_with_no_taskflow.py
[2025-11-06T19:51:21.964+0000] {processor.py:925} INFO - DAG(s) 'dataset_alias_example_alias_producer_with_no_taskflow', 'dataset_s3_bucket_consumer_with_no_taskflow', 'dataset_s3_bucket_producer_with_no_taskflow', 'dataset_alias_example_alias_consumer_with_no_taskflow' retrieved from /home/airflow/.local/lib/python3.12/site-packages/airflow/example_dags/example_dataset_alias_with_no_taskflow.py
[2025-11-06T19:51:21.977+0000] {logging_mixin.py:190} INFO - [2025-11-06T19:51:21.977+0000] {dag.py:3239} INFO - Sync 4 DAGs
[2025-11-06T19:51:21.988+0000] {logging_mixin.py:190} INFO - [2025-11-06T19:51:21.988+0000] {dag.py:4180} INFO - Setting next_dagrun for dataset_alias_example_alias_consumer_with_no_taskflow to None, run_after=None
[2025-11-06T19:51:21.989+0000] {logging_mixin.py:190} INFO - [2025-11-06T19:51:21.989+0000] {dag.py:4180} INFO - Setting next_dagrun for dataset_alias_example_alias_producer_with_no_taskflow to None, run_after=None
[2025-11-06T19:51:21.990+0000] {logging_mixin.py:190} INFO - [2025-11-06T19:51:21.990+0000] {dag.py:4180} INFO - Setting next_dagrun for dataset_s3_bucket_consumer_with_no_taskflow to None, run_after=None
[2025-11-06T19:51:21.991+0000] {logging_mixin.py:190} INFO - [2025-11-06T19:51:21.991+0000] {dag.py:4180} INFO - Setting next_dagrun for dataset_s3_bucket_producer_with_no_taskflow to None, run_after=None
[2025-11-06T19:51:22.000+0000] {processor.py:208} INFO - Processing /home/airflow/.local/lib/python3.12/site-packages/airflow/example_dags/example_dataset_alias_with_no_taskflow.py took 0.054 seconds
[2025-11-06T19:51:52.513+0000] {processor.py:186} INFO - Started process (PID=261) to work on /home/airflow/.local/lib/python3.12/site-packages/airflow/example_dags/example_dataset_alias_with_no_taskflow.py
[2025-11-06T19:51:52.513+0000] {processor.py:914} INFO - Processing file /home/airflow/.local/lib/python3.12/site-packages/airflow/example_dags/example_dataset_alias_with_no_taskflow.py for tasks to queue
[2025-11-06T19:51:52.514+0000] {logging_mixin.py:190} INFO - [2025-11-06T19:51:52.514+0000] {dagbag.py:588} INFO - Filling up the DagBag from /home/airflow/.local/lib/python3.12/site-packages/airflow/example_dags/example_dataset_alias_with_no_taskflow.py
[2025-11-06T19:51:52.526+0000] {processor.py:925} INFO - DAG(s) 'dataset_s3_bucket_consumer_with_no_taskflow', 'dataset_s3_bucket_producer_with_no_taskflow', 'dataset_alias_example_alias_producer_with_no_taskflow', 'dataset_alias_example_alias_consumer_with_no_taskflow' retrieved from /home/airflow/.local/lib/python3.12/site-packages/airflow/example_dags/example_dataset_alias_with_no_taskflow.py
[2025-11-06T19:51:52.539+0000] {logging_mixin.py:190} INFO - [2025-11-06T19:51:52.539+0000] {dag.py:3239} INFO - Sync 4 DAGs
[2025-11-06T19:51:52.547+0000] {logging_mixin.py:190} INFO - [2025-11-06T19:51:52.547+0000] {dag.py:4180} INFO - Setting next_dagrun for dataset_alias_example_alias_consumer_with_no_taskflow to None, run_after=None
[2025-11-06T19:51:52.549+0000] {logging_mixin.py:190} INFO - [2025-11-06T19:51:52.549+0000] {dag.py:4180} INFO - Setting next_dagrun for dataset_alias_example_alias_producer_with_no_taskflow to None, run_after=None
[2025-11-06T19:51:52.549+0000] {logging_mixin.py:190} INFO - [2025-11-06T19:51:52.549+0000] {dag.py:4180} INFO - Setting next_dagrun for dataset_s3_bucket_consumer_with_no_taskflow to None, run_after=None
[2025-11-06T19:51:52.550+0000] {logging_mixin.py:190} INFO - [2025-11-06T19:51:52.550+0000] {dag.py:4180} INFO - Setting next_dagrun for dataset_s3_bucket_producer_with_no_taskflow to None, run_after=None
[2025-11-06T19:51:52.560+0000] {processor.py:208} INFO - Processing /home/airflow/.local/lib/python3.12/site-packages/airflow/example_dags/example_dataset_alias_with_no_taskflow.py took 0.050 seconds
[2025-11-06T19:52:23.102+0000] {processor.py:186} INFO - Started process (PID=323) to work on /home/airflow/.local/lib/python3.12/site-packages/airflow/example_dags/example_dataset_alias_with_no_taskflow.py
[2025-11-06T19:52:23.102+0000] {processor.py:914} INFO - Processing file /home/airflow/.local/lib/python3.12/site-packages/airflow/example_dags/example_dataset_alias_with_no_taskflow.py for tasks to queue
[2025-11-06T19:52:23.103+0000] {logging_mixin.py:190} INFO - [2025-11-06T19:52:23.103+0000] {dagbag.py:588} INFO - Filling up the DagBag from /home/airflow/.local/lib/python3.12/site-packages/airflow/example_dags/example_dataset_alias_with_no_taskflow.py
[2025-11-06T19:52:23.118+0000] {processor.py:925} INFO - DAG(s) 'dataset_s3_bucket_producer_with_no_taskflow', 'dataset_alias_example_alias_producer_with_no_taskflow', 'dataset_s3_bucket_consumer_with_no_taskflow', 'dataset_alias_example_alias_consumer_with_no_taskflow' retrieved from /home/airflow/.local/lib/python3.12/site-packages/airflow/example_dags/example_dataset_alias_with_no_taskflow.py
[2025-11-06T19:52:23.130+0000] {logging_mixin.py:190} INFO - [2025-11-06T19:52:23.130+0000] {dag.py:3239} INFO - Sync 4 DAGs
[2025-11-06T19:52:23.138+0000] {logging_mixin.py:190} INFO - [2025-11-06T19:52:23.138+0000] {dag.py:4180} INFO - Setting next_dagrun for dataset_alias_example_alias_consumer_with_no_taskflow to None, run_after=None
[2025-11-06T19:52:23.139+0000] {logging_mixin.py:190} INFO - [2025-11-06T19:52:23.139+0000] {dag.py:4180} INFO - Setting next_dagrun for dataset_alias_example_alias_producer_with_no_taskflow to None, run_after=None
[2025-11-06T19:52:23.141+0000] {logging_mixin.py:190} INFO - [2025-11-06T19:52:23.140+0000] {dag.py:4180} INFO - Setting next_dagrun for dataset_s3_bucket_consumer_with_no_taskflow to None, run_after=None
[2025-11-06T19:52:23.141+0000] {logging_mixin.py:190} INFO - [2025-11-06T19:52:23.141+0000] {dag.py:4180} INFO - Setting next_dagrun for dataset_s3_bucket_producer_with_no_taskflow to None, run_after=None
[2025-11-06T19:52:23.151+0000] {processor.py:208} INFO - Processing /home/airflow/.local/lib/python3.12/site-packages/airflow/example_dags/example_dataset_alias_with_no_taskflow.py took 0.052 seconds
[2025-11-06T19:52:53.992+0000] {processor.py:186} INFO - Started process (PID=385) to work on /home/airflow/.local/lib/python3.12/site-packages/airflow/example_dags/example_dataset_alias_with_no_taskflow.py
[2025-11-06T19:52:53.992+0000] {processor.py:914} INFO - Processing file /home/airflow/.local/lib/python3.12/site-packages/airflow/example_dags/example_dataset_alias_with_no_taskflow.py for tasks to queue
[2025-11-06T19:52:53.994+0000] {logging_mixin.py:190} INFO - [2025-11-06T19:52:53.994+0000] {dagbag.py:588} INFO - Filling up the DagBag from /home/airflow/.local/lib/python3.12/site-packages/airflow/example_dags/example_dataset_alias_with_no_taskflow.py
[2025-11-06T19:52:54.010+0000] {processor.py:925} INFO - DAG(s) 'dataset_alias_example_alias_consumer_with_no_taskflow', 'dataset_s3_bucket_consumer_with_no_taskflow', 'dataset_alias_example_alias_producer_with_no_taskflow', 'dataset_s3_bucket_producer_with_no_taskflow' retrieved from /home/airflow/.local/lib/python3.12/site-packages/airflow/example_dags/example_dataset_alias_with_no_taskflow.py
[2025-11-06T19:52:54.021+0000] {logging_mixin.py:190} INFO - [2025-11-06T19:52:54.021+0000] {dag.py:3239} INFO - Sync 4 DAGs
[2025-11-06T19:52:54.033+0000] {logging_mixin.py:190} INFO - [2025-11-06T19:52:54.033+0000] {dag.py:4180} INFO - Setting next_dagrun for dataset_alias_example_alias_consumer_with_no_taskflow to None, run_after=None
[2025-11-06T19:52:54.034+0000] {logging_mixin.py:190} INFO - [2025-11-06T19:52:54.034+0000] {dag.py:4180} INFO - Setting next_dagrun for dataset_alias_example_alias_producer_with_no_taskflow to None, run_after=None
[2025-11-06T19:52:54.034+0000] {logging_mixin.py:190} INFO - [2025-11-06T19:52:54.034+0000] {dag.py:4180} INFO - Setting next_dagrun for dataset_s3_bucket_consumer_with_no_taskflow to None, run_after=None
[2025-11-06T19:52:54.035+0000] {logging_mixin.py:190} INFO - [2025-11-06T19:52:54.035+0000] {dag.py:4180} INFO - Setting next_dagrun for dataset_s3_bucket_producer_with_no_taskflow to None, run_after=None
[2025-11-06T19:52:54.047+0000] {processor.py:208} INFO - Processing /home/airflow/.local/lib/python3.12/site-packages/airflow/example_dags/example_dataset_alias_with_no_taskflow.py took 0.058 seconds
[2025-11-06T19:53:24.717+0000] {processor.py:186} INFO - Started process (PID=447) to work on /home/airflow/.local/lib/python3.12/site-packages/airflow/example_dags/example_dataset_alias_with_no_taskflow.py
[2025-11-06T19:53:24.719+0000] {processor.py:914} INFO - Processing file /home/airflow/.local/lib/python3.12/site-packages/airflow/example_dags/example_dataset_alias_with_no_taskflow.py for tasks to queue
[2025-11-06T19:53:24.721+0000] {logging_mixin.py:190} INFO - [2025-11-06T19:53:24.721+0000] {dagbag.py:588} INFO - Filling up the DagBag from /home/airflow/.local/lib/python3.12/site-packages/airflow/example_dags/example_dataset_alias_with_no_taskflow.py
[2025-11-06T19:53:24.735+0000] {processor.py:925} INFO - DAG(s) 'dataset_alias_example_alias_consumer_with_no_taskflow', 'dataset_alias_example_alias_producer_with_no_taskflow', 'dataset_s3_bucket_consumer_with_no_taskflow', 'dataset_s3_bucket_producer_with_no_taskflow' retrieved from /home/airflow/.local/lib/python3.12/site-packages/airflow/example_dags/example_dataset_alias_with_no_taskflow.py
[2025-11-06T19:53:24.741+0000] {logging_mixin.py:190} INFO - [2025-11-06T19:53:24.741+0000] {dag.py:3239} INFO - Sync 4 DAGs
[2025-11-06T19:53:24.748+0000] {logging_mixin.py:190} INFO - [2025-11-06T19:53:24.748+0000] {dag.py:4180} INFO - Setting next_dagrun for dataset_alias_example_alias_consumer_with_no_taskflow to None, run_after=None
[2025-11-06T19:53:24.750+0000] {logging_mixin.py:190} INFO - [2025-11-06T19:53:24.750+0000] {dag.py:4180} INFO - Setting next_dagrun for dataset_alias_example_alias_producer_with_no_taskflow to None, run_after=None
[2025-11-06T19:53:24.750+0000] {logging_mixin.py:190} INFO - [2025-11-06T19:53:24.750+0000] {dag.py:4180} INFO - Setting next_dagrun for dataset_s3_bucket_consumer_with_no_taskflow to None, run_after=None
[2025-11-06T19:53:24.751+0000] {logging_mixin.py:190} INFO - [2025-11-06T19:53:24.751+0000] {dag.py:4180} INFO - Setting next_dagrun for dataset_s3_bucket_producer_with_no_taskflow to None, run_after=None
[2025-11-06T19:53:24.759+0000] {processor.py:208} INFO - Processing /home/airflow/.local/lib/python3.12/site-packages/airflow/example_dags/example_dataset_alias_with_no_taskflow.py took 0.045 seconds
[2025-11-06T19:53:55.337+0000] {processor.py:186} INFO - Started process (PID=509) to work on /home/airflow/.local/lib/python3.12/site-packages/airflow/example_dags/example_dataset_alias_with_no_taskflow.py
[2025-11-06T19:53:55.337+0000] {processor.py:914} INFO - Processing file /home/airflow/.local/lib/python3.12/site-packages/airflow/example_dags/example_dataset_alias_with_no_taskflow.py for tasks to queue
[2025-11-06T19:53:55.338+0000] {logging_mixin.py:190} INFO - [2025-11-06T19:53:55.338+0000] {dagbag.py:588} INFO - Filling up the DagBag from /home/airflow/.local/lib/python3.12/site-packages/airflow/example_dags/example_dataset_alias_with_no_taskflow.py
[2025-11-06T19:53:55.354+0000] {processor.py:925} INFO - DAG(s) 'dataset_s3_bucket_producer_with_no_taskflow', 'dataset_s3_bucket_consumer_with_no_taskflow', 'dataset_alias_example_alias_producer_with_no_taskflow', 'dataset_alias_example_alias_consumer_with_no_taskflow' retrieved from /home/airflow/.local/lib/python3.12/site-packages/airflow/example_dags/example_dataset_alias_with_no_taskflow.py
[2025-11-06T19:53:55.362+0000] {logging_mixin.py:190} INFO - [2025-11-06T19:53:55.362+0000] {dag.py:3239} INFO - Sync 4 DAGs
[2025-11-06T19:53:55.372+0000] {logging_mixin.py:190} INFO - [2025-11-06T19:53:55.371+0000] {dag.py:4180} INFO - Setting next_dagrun for dataset_alias_example_alias_consumer_with_no_taskflow to None, run_after=None
[2025-11-06T19:53:55.374+0000] {logging_mixin.py:190} INFO - [2025-11-06T19:53:55.374+0000] {dag.py:4180} INFO - Setting next_dagrun for dataset_alias_example_alias_producer_with_no_taskflow to None, run_after=None
[2025-11-06T19:53:55.374+0000] {logging_mixin.py:190} INFO - [2025-11-06T19:53:55.374+0000] {dag.py:4180} INFO - Setting next_dagrun for dataset_s3_bucket_consumer_with_no_taskflow to None, run_after=None
[2025-11-06T19:53:55.375+0000] {logging_mixin.py:190} INFO - [2025-11-06T19:53:55.375+0000] {dag.py:4180} INFO - Setting next_dagrun for dataset_s3_bucket_producer_with_no_taskflow to None, run_after=None
[2025-11-06T19:53:55.385+0000] {processor.py:208} INFO - Processing /home/airflow/.local/lib/python3.12/site-packages/airflow/example_dags/example_dataset_alias_with_no_taskflow.py took 0.051 seconds
