[2025-11-06T19:49:08.874+0000] {processor.py:186} INFO - Started process (PID=65) to work on /home/airflow/.local/lib/python3.12/site-packages/airflow/example_dags/example_time_delta_sensor_async.py
[2025-11-06T19:49:08.875+0000] {processor.py:914} INFO - Processing file /home/airflow/.local/lib/python3.12/site-packages/airflow/example_dags/example_time_delta_sensor_async.py for tasks to queue
[2025-11-06T19:49:08.875+0000] {logging_mixin.py:190} INFO - [2025-11-06T19:49:08.875+0000] {dagbag.py:588} INFO - Filling up the DagBag from /home/airflow/.local/lib/python3.12/site-packages/airflow/example_dags/example_time_delta_sensor_async.py
[2025-11-06T19:49:08.879+0000] {processor.py:925} INFO - DAG(s) 'example_time_delta_sensor_async' retrieved from /home/airflow/.local/lib/python3.12/site-packages/airflow/example_dags/example_time_delta_sensor_async.py
[2025-11-06T19:49:08.917+0000] {logging_mixin.py:190} INFO - [2025-11-06T19:49:08.916+0000] {override.py:1900} INFO - Created Permission View: can delete on DAG:example_time_delta_sensor_async
[2025-11-06T19:49:08.919+0000] {logging_mixin.py:190} INFO - [2025-11-06T19:49:08.919+0000] {override.py:1900} INFO - Created Permission View: can read on DAG:example_time_delta_sensor_async
[2025-11-06T19:49:08.920+0000] {logging_mixin.py:190} INFO - [2025-11-06T19:49:08.920+0000] {override.py:1900} INFO - Created Permission View: can edit on DAG:example_time_delta_sensor_async
[2025-11-06T19:49:08.922+0000] {logging_mixin.py:190} INFO - [2025-11-06T19:49:08.922+0000] {override.py:1900} INFO - Created Permission View: can delete on DAG Run:example_time_delta_sensor_async
[2025-11-06T19:49:08.923+0000] {logging_mixin.py:190} INFO - [2025-11-06T19:49:08.923+0000] {override.py:1900} INFO - Created Permission View: can read on DAG Run:example_time_delta_sensor_async
[2025-11-06T19:49:08.924+0000] {logging_mixin.py:190} INFO - [2025-11-06T19:49:08.924+0000] {override.py:1900} INFO - Created Permission View: menu access on DAG Run:example_time_delta_sensor_async
[2025-11-06T19:49:08.925+0000] {logging_mixin.py:190} INFO - [2025-11-06T19:49:08.925+0000] {override.py:1900} INFO - Created Permission View: can create on DAG Run:example_time_delta_sensor_async
[2025-11-06T19:49:08.925+0000] {logging_mixin.py:190} INFO - [2025-11-06T19:49:08.925+0000] {dag.py:3239} INFO - Sync 1 DAGs
[2025-11-06T19:49:08.929+0000] {logging_mixin.py:190} INFO - [2025-11-06T19:49:08.929+0000] {dag.py:3262} INFO - Creating ORM DAG for example_time_delta_sensor_async
[2025-11-06T19:49:08.929+0000] {logging_mixin.py:190} INFO - [2025-11-06T19:49:08.929+0000] {dag.py:4180} INFO - Setting next_dagrun for example_time_delta_sensor_async to None, run_after=None
[2025-11-06T19:49:08.934+0000] {processor.py:208} INFO - Processing /home/airflow/.local/lib/python3.12/site-packages/airflow/example_dags/example_time_delta_sensor_async.py took 0.063 seconds
[2025-11-06T19:49:39.634+0000] {processor.py:186} INFO - Started process (PID=127) to work on /home/airflow/.local/lib/python3.12/site-packages/airflow/example_dags/example_time_delta_sensor_async.py
[2025-11-06T19:49:39.635+0000] {processor.py:914} INFO - Processing file /home/airflow/.local/lib/python3.12/site-packages/airflow/example_dags/example_time_delta_sensor_async.py for tasks to queue
[2025-11-06T19:49:39.636+0000] {logging_mixin.py:190} INFO - [2025-11-06T19:49:39.636+0000] {dagbag.py:588} INFO - Filling up the DagBag from /home/airflow/.local/lib/python3.12/site-packages/airflow/example_dags/example_time_delta_sensor_async.py
[2025-11-06T19:49:39.639+0000] {processor.py:925} INFO - DAG(s) 'example_time_delta_sensor_async' retrieved from /home/airflow/.local/lib/python3.12/site-packages/airflow/example_dags/example_time_delta_sensor_async.py
[2025-11-06T19:49:39.647+0000] {logging_mixin.py:190} INFO - [2025-11-06T19:49:39.647+0000] {dag.py:3239} INFO - Sync 1 DAGs
[2025-11-06T19:49:39.652+0000] {logging_mixin.py:190} INFO - [2025-11-06T19:49:39.652+0000] {dag.py:4180} INFO - Setting next_dagrun for example_time_delta_sensor_async to None, run_after=None
[2025-11-06T19:49:39.657+0000] {processor.py:208} INFO - Processing /home/airflow/.local/lib/python3.12/site-packages/airflow/example_dags/example_time_delta_sensor_async.py took 0.025 seconds
[2025-11-06T19:50:20.446+0000] {processor.py:186} INFO - Started process (PID=64) to work on /home/airflow/.local/lib/python3.12/site-packages/airflow/example_dags/example_time_delta_sensor_async.py
[2025-11-06T19:50:20.446+0000] {processor.py:914} INFO - Processing file /home/airflow/.local/lib/python3.12/site-packages/airflow/example_dags/example_time_delta_sensor_async.py for tasks to queue
[2025-11-06T19:50:20.447+0000] {logging_mixin.py:190} INFO - [2025-11-06T19:50:20.447+0000] {dagbag.py:588} INFO - Filling up the DagBag from /home/airflow/.local/lib/python3.12/site-packages/airflow/example_dags/example_time_delta_sensor_async.py
[2025-11-06T19:50:20.450+0000] {processor.py:925} INFO - DAG(s) 'example_time_delta_sensor_async' retrieved from /home/airflow/.local/lib/python3.12/site-packages/airflow/example_dags/example_time_delta_sensor_async.py
[2025-11-06T19:50:20.460+0000] {logging_mixin.py:190} INFO - [2025-11-06T19:50:20.460+0000] {dag.py:3239} INFO - Sync 1 DAGs
[2025-11-06T19:50:20.465+0000] {logging_mixin.py:190} INFO - [2025-11-06T19:50:20.465+0000] {dag.py:4180} INFO - Setting next_dagrun for example_time_delta_sensor_async to None, run_after=None
[2025-11-06T19:50:20.471+0000] {processor.py:208} INFO - Processing /home/airflow/.local/lib/python3.12/site-packages/airflow/example_dags/example_time_delta_sensor_async.py took 0.028 seconds
[2025-11-06T19:50:51.161+0000] {processor.py:186} INFO - Started process (PID=126) to work on /home/airflow/.local/lib/python3.12/site-packages/airflow/example_dags/example_time_delta_sensor_async.py
[2025-11-06T19:50:51.162+0000] {processor.py:914} INFO - Processing file /home/airflow/.local/lib/python3.12/site-packages/airflow/example_dags/example_time_delta_sensor_async.py for tasks to queue
[2025-11-06T19:50:51.164+0000] {logging_mixin.py:190} INFO - [2025-11-06T19:50:51.164+0000] {dagbag.py:588} INFO - Filling up the DagBag from /home/airflow/.local/lib/python3.12/site-packages/airflow/example_dags/example_time_delta_sensor_async.py
[2025-11-06T19:50:51.168+0000] {processor.py:925} INFO - DAG(s) 'example_time_delta_sensor_async' retrieved from /home/airflow/.local/lib/python3.12/site-packages/airflow/example_dags/example_time_delta_sensor_async.py
[2025-11-06T19:50:51.180+0000] {logging_mixin.py:190} INFO - [2025-11-06T19:50:51.180+0000] {dag.py:3239} INFO - Sync 1 DAGs
[2025-11-06T19:50:51.185+0000] {logging_mixin.py:190} INFO - [2025-11-06T19:50:51.185+0000] {dag.py:4180} INFO - Setting next_dagrun for example_time_delta_sensor_async to None, run_after=None
[2025-11-06T19:50:51.196+0000] {processor.py:208} INFO - Processing /home/airflow/.local/lib/python3.12/site-packages/airflow/example_dags/example_time_delta_sensor_async.py took 0.038 seconds
[2025-11-06T19:51:21.686+0000] {processor.py:186} INFO - Started process (PID=188) to work on /home/airflow/.local/lib/python3.12/site-packages/airflow/example_dags/example_time_delta_sensor_async.py
[2025-11-06T19:51:21.686+0000] {processor.py:914} INFO - Processing file /home/airflow/.local/lib/python3.12/site-packages/airflow/example_dags/example_time_delta_sensor_async.py for tasks to queue
[2025-11-06T19:51:21.687+0000] {logging_mixin.py:190} INFO - [2025-11-06T19:51:21.687+0000] {dagbag.py:588} INFO - Filling up the DagBag from /home/airflow/.local/lib/python3.12/site-packages/airflow/example_dags/example_time_delta_sensor_async.py
[2025-11-06T19:51:21.689+0000] {processor.py:925} INFO - DAG(s) 'example_time_delta_sensor_async' retrieved from /home/airflow/.local/lib/python3.12/site-packages/airflow/example_dags/example_time_delta_sensor_async.py
[2025-11-06T19:51:21.701+0000] {logging_mixin.py:190} INFO - [2025-11-06T19:51:21.701+0000] {dag.py:3239} INFO - Sync 1 DAGs
[2025-11-06T19:51:21.706+0000] {logging_mixin.py:190} INFO - [2025-11-06T19:51:21.706+0000] {dag.py:4180} INFO - Setting next_dagrun for example_time_delta_sensor_async to None, run_after=None
[2025-11-06T19:51:21.716+0000] {processor.py:208} INFO - Processing /home/airflow/.local/lib/python3.12/site-packages/airflow/example_dags/example_time_delta_sensor_async.py took 0.033 seconds
[2025-11-06T19:51:52.252+0000] {processor.py:186} INFO - Started process (PID=250) to work on /home/airflow/.local/lib/python3.12/site-packages/airflow/example_dags/example_time_delta_sensor_async.py
[2025-11-06T19:51:52.254+0000] {processor.py:914} INFO - Processing file /home/airflow/.local/lib/python3.12/site-packages/airflow/example_dags/example_time_delta_sensor_async.py for tasks to queue
[2025-11-06T19:51:52.254+0000] {logging_mixin.py:190} INFO - [2025-11-06T19:51:52.254+0000] {dagbag.py:588} INFO - Filling up the DagBag from /home/airflow/.local/lib/python3.12/site-packages/airflow/example_dags/example_time_delta_sensor_async.py
[2025-11-06T19:51:52.257+0000] {processor.py:925} INFO - DAG(s) 'example_time_delta_sensor_async' retrieved from /home/airflow/.local/lib/python3.12/site-packages/airflow/example_dags/example_time_delta_sensor_async.py
[2025-11-06T19:51:52.266+0000] {logging_mixin.py:190} INFO - [2025-11-06T19:51:52.266+0000] {dag.py:3239} INFO - Sync 1 DAGs
[2025-11-06T19:51:52.273+0000] {logging_mixin.py:190} INFO - [2025-11-06T19:51:52.273+0000] {dag.py:4180} INFO - Setting next_dagrun for example_time_delta_sensor_async to None, run_after=None
[2025-11-06T19:51:52.284+0000] {processor.py:208} INFO - Processing /home/airflow/.local/lib/python3.12/site-packages/airflow/example_dags/example_time_delta_sensor_async.py took 0.034 seconds
[2025-11-06T19:52:22.837+0000] {processor.py:186} INFO - Started process (PID=312) to work on /home/airflow/.local/lib/python3.12/site-packages/airflow/example_dags/example_time_delta_sensor_async.py
[2025-11-06T19:52:22.837+0000] {processor.py:914} INFO - Processing file /home/airflow/.local/lib/python3.12/site-packages/airflow/example_dags/example_time_delta_sensor_async.py for tasks to queue
[2025-11-06T19:52:22.838+0000] {logging_mixin.py:190} INFO - [2025-11-06T19:52:22.838+0000] {dagbag.py:588} INFO - Filling up the DagBag from /home/airflow/.local/lib/python3.12/site-packages/airflow/example_dags/example_time_delta_sensor_async.py
[2025-11-06T19:52:22.842+0000] {processor.py:925} INFO - DAG(s) 'example_time_delta_sensor_async' retrieved from /home/airflow/.local/lib/python3.12/site-packages/airflow/example_dags/example_time_delta_sensor_async.py
[2025-11-06T19:52:22.853+0000] {logging_mixin.py:190} INFO - [2025-11-06T19:52:22.852+0000] {dag.py:3239} INFO - Sync 1 DAGs
[2025-11-06T19:52:22.857+0000] {logging_mixin.py:190} INFO - [2025-11-06T19:52:22.857+0000] {dag.py:4180} INFO - Setting next_dagrun for example_time_delta_sensor_async to None, run_after=None
[2025-11-06T19:52:22.865+0000] {processor.py:208} INFO - Processing /home/airflow/.local/lib/python3.12/site-packages/airflow/example_dags/example_time_delta_sensor_async.py took 0.030 seconds
[2025-11-06T19:52:53.601+0000] {processor.py:186} INFO - Started process (PID=374) to work on /home/airflow/.local/lib/python3.12/site-packages/airflow/example_dags/example_time_delta_sensor_async.py
[2025-11-06T19:52:53.603+0000] {processor.py:914} INFO - Processing file /home/airflow/.local/lib/python3.12/site-packages/airflow/example_dags/example_time_delta_sensor_async.py for tasks to queue
[2025-11-06T19:52:53.604+0000] {logging_mixin.py:190} INFO - [2025-11-06T19:52:53.604+0000] {dagbag.py:588} INFO - Filling up the DagBag from /home/airflow/.local/lib/python3.12/site-packages/airflow/example_dags/example_time_delta_sensor_async.py
[2025-11-06T19:52:53.607+0000] {processor.py:925} INFO - DAG(s) 'example_time_delta_sensor_async' retrieved from /home/airflow/.local/lib/python3.12/site-packages/airflow/example_dags/example_time_delta_sensor_async.py
[2025-11-06T19:52:53.622+0000] {logging_mixin.py:190} INFO - [2025-11-06T19:52:53.622+0000] {dag.py:3239} INFO - Sync 1 DAGs
[2025-11-06T19:52:53.631+0000] {logging_mixin.py:190} INFO - [2025-11-06T19:52:53.631+0000] {dag.py:4180} INFO - Setting next_dagrun for example_time_delta_sensor_async to None, run_after=None
[2025-11-06T19:52:53.664+0000] {processor.py:208} INFO - Processing /home/airflow/.local/lib/python3.12/site-packages/airflow/example_dags/example_time_delta_sensor_async.py took 0.065 seconds
[2025-11-06T19:53:24.440+0000] {processor.py:186} INFO - Started process (PID=436) to work on /home/airflow/.local/lib/python3.12/site-packages/airflow/example_dags/example_time_delta_sensor_async.py
[2025-11-06T19:53:24.441+0000] {processor.py:914} INFO - Processing file /home/airflow/.local/lib/python3.12/site-packages/airflow/example_dags/example_time_delta_sensor_async.py for tasks to queue
[2025-11-06T19:53:24.443+0000] {logging_mixin.py:190} INFO - [2025-11-06T19:53:24.443+0000] {dagbag.py:588} INFO - Filling up the DagBag from /home/airflow/.local/lib/python3.12/site-packages/airflow/example_dags/example_time_delta_sensor_async.py
[2025-11-06T19:53:24.445+0000] {processor.py:925} INFO - DAG(s) 'example_time_delta_sensor_async' retrieved from /home/airflow/.local/lib/python3.12/site-packages/airflow/example_dags/example_time_delta_sensor_async.py
[2025-11-06T19:53:24.458+0000] {logging_mixin.py:190} INFO - [2025-11-06T19:53:24.458+0000] {dag.py:3239} INFO - Sync 1 DAGs
[2025-11-06T19:53:24.465+0000] {logging_mixin.py:190} INFO - [2025-11-06T19:53:24.465+0000] {dag.py:4180} INFO - Setting next_dagrun for example_time_delta_sensor_async to None, run_after=None
[2025-11-06T19:53:24.474+0000] {processor.py:208} INFO - Processing /home/airflow/.local/lib/python3.12/site-packages/airflow/example_dags/example_time_delta_sensor_async.py took 0.036 seconds
[2025-11-06T19:53:55.058+0000] {processor.py:186} INFO - Started process (PID=498) to work on /home/airflow/.local/lib/python3.12/site-packages/airflow/example_dags/example_time_delta_sensor_async.py
[2025-11-06T19:53:55.059+0000] {processor.py:914} INFO - Processing file /home/airflow/.local/lib/python3.12/site-packages/airflow/example_dags/example_time_delta_sensor_async.py for tasks to queue
[2025-11-06T19:53:55.061+0000] {logging_mixin.py:190} INFO - [2025-11-06T19:53:55.060+0000] {dagbag.py:588} INFO - Filling up the DagBag from /home/airflow/.local/lib/python3.12/site-packages/airflow/example_dags/example_time_delta_sensor_async.py
[2025-11-06T19:53:55.063+0000] {processor.py:925} INFO - DAG(s) 'example_time_delta_sensor_async' retrieved from /home/airflow/.local/lib/python3.12/site-packages/airflow/example_dags/example_time_delta_sensor_async.py
[2025-11-06T19:53:55.073+0000] {logging_mixin.py:190} INFO - [2025-11-06T19:53:55.073+0000] {dag.py:3239} INFO - Sync 1 DAGs
[2025-11-06T19:53:55.078+0000] {logging_mixin.py:190} INFO - [2025-11-06T19:53:55.078+0000] {dag.py:4180} INFO - Setting next_dagrun for example_time_delta_sensor_async to None, run_after=None
[2025-11-06T19:53:55.088+0000] {processor.py:208} INFO - Processing /home/airflow/.local/lib/python3.12/site-packages/airflow/example_dags/example_time_delta_sensor_async.py took 0.032 seconds
