[2025-11-06T19:49:09.279+0000] {processor.py:186} INFO - Started process (PID=75) to work on /home/airflow/.local/lib/python3.12/site-packages/airflow/example_dags/example_external_task_marker_dag.py
[2025-11-06T19:49:09.280+0000] {processor.py:914} INFO - Processing file /home/airflow/.local/lib/python3.12/site-packages/airflow/example_dags/example_external_task_marker_dag.py for tasks to queue
[2025-11-06T19:49:09.281+0000] {logging_mixin.py:190} INFO - [2025-11-06T19:49:09.281+0000] {dagbag.py:588} INFO - Filling up the DagBag from /home/airflow/.local/lib/python3.12/site-packages/airflow/example_dags/example_external_task_marker_dag.py
[2025-11-06T19:49:09.284+0000] {processor.py:925} INFO - DAG(s) 'example_external_task_marker_child', 'example_external_task_marker_parent' retrieved from /home/airflow/.local/lib/python3.12/site-packages/airflow/example_dags/example_external_task_marker_dag.py
[2025-11-06T19:49:09.323+0000] {logging_mixin.py:190} INFO - [2025-11-06T19:49:09.322+0000] {override.py:1900} INFO - Created Permission View: can delete on DAG:example_external_task_marker_child
[2025-11-06T19:49:09.325+0000] {logging_mixin.py:190} INFO - [2025-11-06T19:49:09.325+0000] {override.py:1900} INFO - Created Permission View: can read on DAG:example_external_task_marker_child
[2025-11-06T19:49:09.326+0000] {logging_mixin.py:190} INFO - [2025-11-06T19:49:09.326+0000] {override.py:1900} INFO - Created Permission View: can edit on DAG:example_external_task_marker_child
[2025-11-06T19:49:09.328+0000] {logging_mixin.py:190} INFO - [2025-11-06T19:49:09.328+0000] {override.py:1900} INFO - Created Permission View: can delete on DAG Run:example_external_task_marker_child
[2025-11-06T19:49:09.329+0000] {logging_mixin.py:190} INFO - [2025-11-06T19:49:09.329+0000] {override.py:1900} INFO - Created Permission View: can read on DAG Run:example_external_task_marker_child
[2025-11-06T19:49:09.330+0000] {logging_mixin.py:190} INFO - [2025-11-06T19:49:09.330+0000] {override.py:1900} INFO - Created Permission View: menu access on DAG Run:example_external_task_marker_child
[2025-11-06T19:49:09.332+0000] {logging_mixin.py:190} INFO - [2025-11-06T19:49:09.331+0000] {override.py:1900} INFO - Created Permission View: can create on DAG Run:example_external_task_marker_child
[2025-11-06T19:49:09.334+0000] {logging_mixin.py:190} INFO - [2025-11-06T19:49:09.334+0000] {override.py:1900} INFO - Created Permission View: can delete on DAG:example_external_task_marker_parent
[2025-11-06T19:49:09.336+0000] {logging_mixin.py:190} INFO - [2025-11-06T19:49:09.336+0000] {override.py:1900} INFO - Created Permission View: can read on DAG:example_external_task_marker_parent
[2025-11-06T19:49:09.337+0000] {logging_mixin.py:190} INFO - [2025-11-06T19:49:09.337+0000] {override.py:1900} INFO - Created Permission View: can edit on DAG:example_external_task_marker_parent
[2025-11-06T19:49:09.338+0000] {logging_mixin.py:190} INFO - [2025-11-06T19:49:09.338+0000] {override.py:1900} INFO - Created Permission View: can delete on DAG Run:example_external_task_marker_parent
[2025-11-06T19:49:09.339+0000] {logging_mixin.py:190} INFO - [2025-11-06T19:49:09.339+0000] {override.py:1900} INFO - Created Permission View: can read on DAG Run:example_external_task_marker_parent
[2025-11-06T19:49:09.340+0000] {logging_mixin.py:190} INFO - [2025-11-06T19:49:09.340+0000] {override.py:1900} INFO - Created Permission View: menu access on DAG Run:example_external_task_marker_parent
[2025-11-06T19:49:09.342+0000] {logging_mixin.py:190} INFO - [2025-11-06T19:49:09.342+0000] {override.py:1900} INFO - Created Permission View: can create on DAG Run:example_external_task_marker_parent
[2025-11-06T19:49:09.342+0000] {logging_mixin.py:190} INFO - [2025-11-06T19:49:09.342+0000] {dag.py:3239} INFO - Sync 2 DAGs
[2025-11-06T19:49:09.346+0000] {logging_mixin.py:190} INFO - [2025-11-06T19:49:09.346+0000] {dag.py:3262} INFO - Creating ORM DAG for example_external_task_marker_parent
[2025-11-06T19:49:09.346+0000] {logging_mixin.py:190} INFO - [2025-11-06T19:49:09.346+0000] {dag.py:3262} INFO - Creating ORM DAG for example_external_task_marker_child
[2025-11-06T19:49:09.346+0000] {logging_mixin.py:190} INFO - [2025-11-06T19:49:09.346+0000] {dag.py:4180} INFO - Setting next_dagrun for example_external_task_marker_child to None, run_after=None
[2025-11-06T19:49:09.346+0000] {logging_mixin.py:190} INFO - [2025-11-06T19:49:09.346+0000] {dag.py:4180} INFO - Setting next_dagrun for example_external_task_marker_parent to None, run_after=None
[2025-11-06T19:49:09.351+0000] {processor.py:208} INFO - Processing /home/airflow/.local/lib/python3.12/site-packages/airflow/example_dags/example_external_task_marker_dag.py took 0.074 seconds
[2025-11-06T19:49:39.827+0000] {processor.py:186} INFO - Started process (PID=137) to work on /home/airflow/.local/lib/python3.12/site-packages/airflow/example_dags/example_external_task_marker_dag.py
[2025-11-06T19:49:39.827+0000] {processor.py:914} INFO - Processing file /home/airflow/.local/lib/python3.12/site-packages/airflow/example_dags/example_external_task_marker_dag.py for tasks to queue
[2025-11-06T19:49:39.828+0000] {logging_mixin.py:190} INFO - [2025-11-06T19:49:39.828+0000] {dagbag.py:588} INFO - Filling up the DagBag from /home/airflow/.local/lib/python3.12/site-packages/airflow/example_dags/example_external_task_marker_dag.py
[2025-11-06T19:49:39.831+0000] {processor.py:925} INFO - DAG(s) 'example_external_task_marker_child', 'example_external_task_marker_parent' retrieved from /home/airflow/.local/lib/python3.12/site-packages/airflow/example_dags/example_external_task_marker_dag.py
[2025-11-06T19:49:39.840+0000] {logging_mixin.py:190} INFO - [2025-11-06T19:49:39.840+0000] {dag.py:3239} INFO - Sync 2 DAGs
[2025-11-06T19:49:39.845+0000] {logging_mixin.py:190} INFO - [2025-11-06T19:49:39.845+0000] {dag.py:4180} INFO - Setting next_dagrun for example_external_task_marker_child to None, run_after=None
[2025-11-06T19:49:39.846+0000] {logging_mixin.py:190} INFO - [2025-11-06T19:49:39.846+0000] {dag.py:4180} INFO - Setting next_dagrun for example_external_task_marker_parent to None, run_after=None
[2025-11-06T19:49:39.850+0000] {processor.py:208} INFO - Processing /home/airflow/.local/lib/python3.12/site-packages/airflow/example_dags/example_external_task_marker_dag.py took 0.025 seconds
[2025-11-06T19:50:20.735+0000] {processor.py:186} INFO - Started process (PID=74) to work on /home/airflow/.local/lib/python3.12/site-packages/airflow/example_dags/example_external_task_marker_dag.py
[2025-11-06T19:50:20.735+0000] {processor.py:914} INFO - Processing file /home/airflow/.local/lib/python3.12/site-packages/airflow/example_dags/example_external_task_marker_dag.py for tasks to queue
[2025-11-06T19:50:20.736+0000] {logging_mixin.py:190} INFO - [2025-11-06T19:50:20.736+0000] {dagbag.py:588} INFO - Filling up the DagBag from /home/airflow/.local/lib/python3.12/site-packages/airflow/example_dags/example_external_task_marker_dag.py
[2025-11-06T19:50:20.739+0000] {processor.py:925} INFO - DAG(s) 'example_external_task_marker_parent', 'example_external_task_marker_child' retrieved from /home/airflow/.local/lib/python3.12/site-packages/airflow/example_dags/example_external_task_marker_dag.py
[2025-11-06T19:50:20.749+0000] {logging_mixin.py:190} INFO - [2025-11-06T19:50:20.749+0000] {dag.py:3239} INFO - Sync 2 DAGs
[2025-11-06T19:50:20.754+0000] {logging_mixin.py:190} INFO - [2025-11-06T19:50:20.754+0000] {dag.py:4180} INFO - Setting next_dagrun for example_external_task_marker_child to None, run_after=None
[2025-11-06T19:50:20.756+0000] {logging_mixin.py:190} INFO - [2025-11-06T19:50:20.756+0000] {dag.py:4180} INFO - Setting next_dagrun for example_external_task_marker_parent to None, run_after=None
[2025-11-06T19:50:20.761+0000] {processor.py:208} INFO - Processing /home/airflow/.local/lib/python3.12/site-packages/airflow/example_dags/example_external_task_marker_dag.py took 0.028 seconds
[2025-11-06T19:50:51.386+0000] {processor.py:186} INFO - Started process (PID=136) to work on /home/airflow/.local/lib/python3.12/site-packages/airflow/example_dags/example_external_task_marker_dag.py
[2025-11-06T19:50:51.387+0000] {processor.py:914} INFO - Processing file /home/airflow/.local/lib/python3.12/site-packages/airflow/example_dags/example_external_task_marker_dag.py for tasks to queue
[2025-11-06T19:50:51.390+0000] {logging_mixin.py:190} INFO - [2025-11-06T19:50:51.390+0000] {dagbag.py:588} INFO - Filling up the DagBag from /home/airflow/.local/lib/python3.12/site-packages/airflow/example_dags/example_external_task_marker_dag.py
[2025-11-06T19:50:51.395+0000] {processor.py:925} INFO - DAG(s) 'example_external_task_marker_parent', 'example_external_task_marker_child' retrieved from /home/airflow/.local/lib/python3.12/site-packages/airflow/example_dags/example_external_task_marker_dag.py
[2025-11-06T19:50:51.409+0000] {logging_mixin.py:190} INFO - [2025-11-06T19:50:51.409+0000] {dag.py:3239} INFO - Sync 2 DAGs
[2025-11-06T19:50:51.414+0000] {logging_mixin.py:190} INFO - [2025-11-06T19:50:51.414+0000] {dag.py:4180} INFO - Setting next_dagrun for example_external_task_marker_child to None, run_after=None
[2025-11-06T19:50:51.417+0000] {logging_mixin.py:190} INFO - [2025-11-06T19:50:51.417+0000] {dag.py:4180} INFO - Setting next_dagrun for example_external_task_marker_parent to None, run_after=None
[2025-11-06T19:50:51.423+0000] {processor.py:208} INFO - Processing /home/airflow/.local/lib/python3.12/site-packages/airflow/example_dags/example_external_task_marker_dag.py took 0.038 seconds
[2025-11-06T19:51:21.921+0000] {processor.py:186} INFO - Started process (PID=198) to work on /home/airflow/.local/lib/python3.12/site-packages/airflow/example_dags/example_external_task_marker_dag.py
[2025-11-06T19:51:21.921+0000] {processor.py:914} INFO - Processing file /home/airflow/.local/lib/python3.12/site-packages/airflow/example_dags/example_external_task_marker_dag.py for tasks to queue
[2025-11-06T19:51:21.922+0000] {logging_mixin.py:190} INFO - [2025-11-06T19:51:21.922+0000] {dagbag.py:588} INFO - Filling up the DagBag from /home/airflow/.local/lib/python3.12/site-packages/airflow/example_dags/example_external_task_marker_dag.py
[2025-11-06T19:51:21.925+0000] {processor.py:925} INFO - DAG(s) 'example_external_task_marker_child', 'example_external_task_marker_parent' retrieved from /home/airflow/.local/lib/python3.12/site-packages/airflow/example_dags/example_external_task_marker_dag.py
[2025-11-06T19:51:21.935+0000] {logging_mixin.py:190} INFO - [2025-11-06T19:51:21.935+0000] {dag.py:3239} INFO - Sync 2 DAGs
[2025-11-06T19:51:21.940+0000] {logging_mixin.py:190} INFO - [2025-11-06T19:51:21.940+0000] {dag.py:4180} INFO - Setting next_dagrun for example_external_task_marker_child to None, run_after=None
[2025-11-06T19:51:21.941+0000] {logging_mixin.py:190} INFO - [2025-11-06T19:51:21.941+0000] {dag.py:4180} INFO - Setting next_dagrun for example_external_task_marker_parent to None, run_after=None
[2025-11-06T19:51:21.946+0000] {processor.py:208} INFO - Processing /home/airflow/.local/lib/python3.12/site-packages/airflow/example_dags/example_external_task_marker_dag.py took 0.027 seconds
[2025-11-06T19:51:52.476+0000] {processor.py:186} INFO - Started process (PID=260) to work on /home/airflow/.local/lib/python3.12/site-packages/airflow/example_dags/example_external_task_marker_dag.py
[2025-11-06T19:51:52.477+0000] {processor.py:914} INFO - Processing file /home/airflow/.local/lib/python3.12/site-packages/airflow/example_dags/example_external_task_marker_dag.py for tasks to queue
[2025-11-06T19:51:52.479+0000] {logging_mixin.py:190} INFO - [2025-11-06T19:51:52.479+0000] {dagbag.py:588} INFO - Filling up the DagBag from /home/airflow/.local/lib/python3.12/site-packages/airflow/example_dags/example_external_task_marker_dag.py
[2025-11-06T19:51:52.482+0000] {processor.py:925} INFO - DAG(s) 'example_external_task_marker_parent', 'example_external_task_marker_child' retrieved from /home/airflow/.local/lib/python3.12/site-packages/airflow/example_dags/example_external_task_marker_dag.py
[2025-11-06T19:51:52.495+0000] {logging_mixin.py:190} INFO - [2025-11-06T19:51:52.495+0000] {dag.py:3239} INFO - Sync 2 DAGs
[2025-11-06T19:51:52.501+0000] {logging_mixin.py:190} INFO - [2025-11-06T19:51:52.500+0000] {dag.py:4180} INFO - Setting next_dagrun for example_external_task_marker_child to None, run_after=None
[2025-11-06T19:51:52.503+0000] {logging_mixin.py:190} INFO - [2025-11-06T19:51:52.502+0000] {dag.py:4180} INFO - Setting next_dagrun for example_external_task_marker_parent to None, run_after=None
[2025-11-06T19:51:52.508+0000] {processor.py:208} INFO - Processing /home/airflow/.local/lib/python3.12/site-packages/airflow/example_dags/example_external_task_marker_dag.py took 0.034 seconds
[2025-11-06T19:52:23.076+0000] {processor.py:186} INFO - Started process (PID=322) to work on /home/airflow/.local/lib/python3.12/site-packages/airflow/example_dags/example_external_task_marker_dag.py
[2025-11-06T19:52:23.076+0000] {processor.py:914} INFO - Processing file /home/airflow/.local/lib/python3.12/site-packages/airflow/example_dags/example_external_task_marker_dag.py for tasks to queue
[2025-11-06T19:52:23.077+0000] {logging_mixin.py:190} INFO - [2025-11-06T19:52:23.077+0000] {dagbag.py:588} INFO - Filling up the DagBag from /home/airflow/.local/lib/python3.12/site-packages/airflow/example_dags/example_external_task_marker_dag.py
[2025-11-06T19:52:23.080+0000] {processor.py:925} INFO - DAG(s) 'example_external_task_marker_child', 'example_external_task_marker_parent' retrieved from /home/airflow/.local/lib/python3.12/site-packages/airflow/example_dags/example_external_task_marker_dag.py
[2025-11-06T19:52:23.090+0000] {logging_mixin.py:190} INFO - [2025-11-06T19:52:23.090+0000] {dag.py:3239} INFO - Sync 2 DAGs
[2025-11-06T19:52:23.095+0000] {logging_mixin.py:190} INFO - [2025-11-06T19:52:23.095+0000] {dag.py:4180} INFO - Setting next_dagrun for example_external_task_marker_child to None, run_after=None
[2025-11-06T19:52:23.096+0000] {logging_mixin.py:190} INFO - [2025-11-06T19:52:23.096+0000] {dag.py:4180} INFO - Setting next_dagrun for example_external_task_marker_parent to None, run_after=None
[2025-11-06T19:52:23.100+0000] {processor.py:208} INFO - Processing /home/airflow/.local/lib/python3.12/site-packages/airflow/example_dags/example_external_task_marker_dag.py took 0.027 seconds
[2025-11-06T19:52:53.950+0000] {processor.py:186} INFO - Started process (PID=384) to work on /home/airflow/.local/lib/python3.12/site-packages/airflow/example_dags/example_external_task_marker_dag.py
[2025-11-06T19:52:53.951+0000] {processor.py:914} INFO - Processing file /home/airflow/.local/lib/python3.12/site-packages/airflow/example_dags/example_external_task_marker_dag.py for tasks to queue
[2025-11-06T19:52:53.952+0000] {logging_mixin.py:190} INFO - [2025-11-06T19:52:53.952+0000] {dagbag.py:588} INFO - Filling up the DagBag from /home/airflow/.local/lib/python3.12/site-packages/airflow/example_dags/example_external_task_marker_dag.py
[2025-11-06T19:52:53.956+0000] {processor.py:925} INFO - DAG(s) 'example_external_task_marker_child', 'example_external_task_marker_parent' retrieved from /home/airflow/.local/lib/python3.12/site-packages/airflow/example_dags/example_external_task_marker_dag.py
[2025-11-06T19:52:53.975+0000] {logging_mixin.py:190} INFO - [2025-11-06T19:52:53.975+0000] {dag.py:3239} INFO - Sync 2 DAGs
[2025-11-06T19:52:53.980+0000] {logging_mixin.py:190} INFO - [2025-11-06T19:52:53.980+0000] {dag.py:4180} INFO - Setting next_dagrun for example_external_task_marker_child to None, run_after=None
[2025-11-06T19:52:53.983+0000] {logging_mixin.py:190} INFO - [2025-11-06T19:52:53.983+0000] {dag.py:4180} INFO - Setting next_dagrun for example_external_task_marker_parent to None, run_after=None
[2025-11-06T19:52:53.989+0000] {processor.py:208} INFO - Processing /home/airflow/.local/lib/python3.12/site-packages/airflow/example_dags/example_external_task_marker_dag.py took 0.042 seconds
[2025-11-06T19:53:24.685+0000] {processor.py:186} INFO - Started process (PID=446) to work on /home/airflow/.local/lib/python3.12/site-packages/airflow/example_dags/example_external_task_marker_dag.py
[2025-11-06T19:53:24.686+0000] {processor.py:914} INFO - Processing file /home/airflow/.local/lib/python3.12/site-packages/airflow/example_dags/example_external_task_marker_dag.py for tasks to queue
[2025-11-06T19:53:24.686+0000] {logging_mixin.py:190} INFO - [2025-11-06T19:53:24.686+0000] {dagbag.py:588} INFO - Filling up the DagBag from /home/airflow/.local/lib/python3.12/site-packages/airflow/example_dags/example_external_task_marker_dag.py
[2025-11-06T19:53:24.689+0000] {processor.py:925} INFO - DAG(s) 'example_external_task_marker_parent', 'example_external_task_marker_child' retrieved from /home/airflow/.local/lib/python3.12/site-packages/airflow/example_dags/example_external_task_marker_dag.py
[2025-11-06T19:53:24.699+0000] {logging_mixin.py:190} INFO - [2025-11-06T19:53:24.699+0000] {dag.py:3239} INFO - Sync 2 DAGs
[2025-11-06T19:53:24.703+0000] {logging_mixin.py:190} INFO - [2025-11-06T19:53:24.703+0000] {dag.py:4180} INFO - Setting next_dagrun for example_external_task_marker_child to None, run_after=None
[2025-11-06T19:53:24.704+0000] {logging_mixin.py:190} INFO - [2025-11-06T19:53:24.704+0000] {dag.py:4180} INFO - Setting next_dagrun for example_external_task_marker_parent to None, run_after=None
[2025-11-06T19:53:24.709+0000] {processor.py:208} INFO - Processing /home/airflow/.local/lib/python3.12/site-packages/airflow/example_dags/example_external_task_marker_dag.py took 0.026 seconds
[2025-11-06T19:53:55.304+0000] {processor.py:186} INFO - Started process (PID=508) to work on /home/airflow/.local/lib/python3.12/site-packages/airflow/example_dags/example_external_task_marker_dag.py
[2025-11-06T19:53:55.304+0000] {processor.py:914} INFO - Processing file /home/airflow/.local/lib/python3.12/site-packages/airflow/example_dags/example_external_task_marker_dag.py for tasks to queue
[2025-11-06T19:53:55.305+0000] {logging_mixin.py:190} INFO - [2025-11-06T19:53:55.305+0000] {dagbag.py:588} INFO - Filling up the DagBag from /home/airflow/.local/lib/python3.12/site-packages/airflow/example_dags/example_external_task_marker_dag.py
[2025-11-06T19:53:55.308+0000] {processor.py:925} INFO - DAG(s) 'example_external_task_marker_parent', 'example_external_task_marker_child' retrieved from /home/airflow/.local/lib/python3.12/site-packages/airflow/example_dags/example_external_task_marker_dag.py
[2025-11-06T19:53:55.318+0000] {logging_mixin.py:190} INFO - [2025-11-06T19:53:55.318+0000] {dag.py:3239} INFO - Sync 2 DAGs
[2025-11-06T19:53:55.322+0000] {logging_mixin.py:190} INFO - [2025-11-06T19:53:55.322+0000] {dag.py:4180} INFO - Setting next_dagrun for example_external_task_marker_child to None, run_after=None
[2025-11-06T19:53:55.323+0000] {logging_mixin.py:190} INFO - [2025-11-06T19:53:55.323+0000] {dag.py:4180} INFO - Setting next_dagrun for example_external_task_marker_parent to None, run_after=None
[2025-11-06T19:53:55.328+0000] {processor.py:208} INFO - Processing /home/airflow/.local/lib/python3.12/site-packages/airflow/example_dags/example_external_task_marker_dag.py took 0.026 seconds
