[2025-11-06T19:49:08.884+0000] {processor.py:186} INFO - Started process (PID=66) to work on /home/airflow/.local/lib/python3.12/site-packages/airflow/example_dags/example_outlet_event_extra.py
[2025-11-06T19:49:08.885+0000] {processor.py:914} INFO - Processing file /home/airflow/.local/lib/python3.12/site-packages/airflow/example_dags/example_outlet_event_extra.py for tasks to queue
[2025-11-06T19:49:08.886+0000] {logging_mixin.py:190} INFO - [2025-11-06T19:49:08.886+0000] {dagbag.py:588} INFO - Filling up the DagBag from /home/airflow/.local/lib/python3.12/site-packages/airflow/example_dags/example_outlet_event_extra.py
[2025-11-06T19:49:08.895+0000] {processor.py:925} INFO - DAG(s) 'dataset_with_extra_by_context', 'dataset_with_extra_from_classic_operator', 'dataset_with_extra_by_yield' retrieved from /home/airflow/.local/lib/python3.12/site-packages/airflow/example_dags/example_outlet_event_extra.py
[2025-11-06T19:49:08.930+0000] {logging_mixin.py:190} INFO - [2025-11-06T19:49:08.930+0000] {override.py:1900} INFO - Created Permission View: can delete on DAG:dataset_with_extra_by_context
[2025-11-06T19:49:08.933+0000] {logging_mixin.py:190} INFO - [2025-11-06T19:49:08.933+0000] {override.py:1900} INFO - Created Permission View: can read on DAG:dataset_with_extra_by_context
[2025-11-06T19:49:08.935+0000] {logging_mixin.py:190} INFO - [2025-11-06T19:49:08.935+0000] {override.py:1900} INFO - Created Permission View: can edit on DAG:dataset_with_extra_by_context
[2025-11-06T19:49:08.937+0000] {logging_mixin.py:190} INFO - [2025-11-06T19:49:08.937+0000] {override.py:1900} INFO - Created Permission View: can delete on DAG Run:dataset_with_extra_by_context
[2025-11-06T19:49:08.939+0000] {logging_mixin.py:190} INFO - [2025-11-06T19:49:08.939+0000] {override.py:1900} INFO - Created Permission View: can read on DAG Run:dataset_with_extra_by_context
[2025-11-06T19:49:08.941+0000] {logging_mixin.py:190} INFO - [2025-11-06T19:49:08.941+0000] {override.py:1900} INFO - Created Permission View: menu access on DAG Run:dataset_with_extra_by_context
[2025-11-06T19:49:08.942+0000] {logging_mixin.py:190} INFO - [2025-11-06T19:49:08.942+0000] {override.py:1900} INFO - Created Permission View: can create on DAG Run:dataset_with_extra_by_context
[2025-11-06T19:49:08.946+0000] {logging_mixin.py:190} INFO - [2025-11-06T19:49:08.946+0000] {override.py:1900} INFO - Created Permission View: can delete on DAG:dataset_with_extra_from_classic_operator
[2025-11-06T19:49:08.947+0000] {logging_mixin.py:190} INFO - [2025-11-06T19:49:08.947+0000] {override.py:1900} INFO - Created Permission View: can read on DAG:dataset_with_extra_from_classic_operator
[2025-11-06T19:49:08.949+0000] {logging_mixin.py:190} INFO - [2025-11-06T19:49:08.949+0000] {override.py:1900} INFO - Created Permission View: can edit on DAG:dataset_with_extra_from_classic_operator
[2025-11-06T19:49:08.950+0000] {logging_mixin.py:190} INFO - [2025-11-06T19:49:08.950+0000] {override.py:1900} INFO - Created Permission View: can delete on DAG Run:dataset_with_extra_from_classic_operator
[2025-11-06T19:49:08.951+0000] {logging_mixin.py:190} INFO - [2025-11-06T19:49:08.951+0000] {override.py:1900} INFO - Created Permission View: can read on DAG Run:dataset_with_extra_from_classic_operator
[2025-11-06T19:49:08.953+0000] {logging_mixin.py:190} INFO - [2025-11-06T19:49:08.952+0000] {override.py:1900} INFO - Created Permission View: menu access on DAG Run:dataset_with_extra_from_classic_operator
[2025-11-06T19:49:08.954+0000] {logging_mixin.py:190} INFO - [2025-11-06T19:49:08.954+0000] {override.py:1900} INFO - Created Permission View: can create on DAG Run:dataset_with_extra_from_classic_operator
[2025-11-06T19:49:08.957+0000] {logging_mixin.py:190} INFO - [2025-11-06T19:49:08.957+0000] {override.py:1900} INFO - Created Permission View: can delete on DAG:dataset_with_extra_by_yield
[2025-11-06T19:49:08.958+0000] {logging_mixin.py:190} INFO - [2025-11-06T19:49:08.958+0000] {override.py:1900} INFO - Created Permission View: can read on DAG:dataset_with_extra_by_yield
[2025-11-06T19:49:08.960+0000] {logging_mixin.py:190} INFO - [2025-11-06T19:49:08.960+0000] {override.py:1900} INFO - Created Permission View: can edit on DAG:dataset_with_extra_by_yield
[2025-11-06T19:49:08.961+0000] {logging_mixin.py:190} INFO - [2025-11-06T19:49:08.961+0000] {override.py:1900} INFO - Created Permission View: can delete on DAG Run:dataset_with_extra_by_yield
[2025-11-06T19:49:08.963+0000] {logging_mixin.py:190} INFO - [2025-11-06T19:49:08.963+0000] {override.py:1900} INFO - Created Permission View: can read on DAG Run:dataset_with_extra_by_yield
[2025-11-06T19:49:08.964+0000] {logging_mixin.py:190} INFO - [2025-11-06T19:49:08.964+0000] {override.py:1900} INFO - Created Permission View: menu access on DAG Run:dataset_with_extra_by_yield
[2025-11-06T19:49:08.965+0000] {logging_mixin.py:190} INFO - [2025-11-06T19:49:08.965+0000] {override.py:1900} INFO - Created Permission View: can create on DAG Run:dataset_with_extra_by_yield
[2025-11-06T19:49:08.965+0000] {logging_mixin.py:190} INFO - [2025-11-06T19:49:08.965+0000] {dag.py:3239} INFO - Sync 3 DAGs
[2025-11-06T19:49:08.970+0000] {logging_mixin.py:190} INFO - [2025-11-06T19:49:08.969+0000] {dag.py:3262} INFO - Creating ORM DAG for dataset_with_extra_from_classic_operator
[2025-11-06T19:49:08.970+0000] {logging_mixin.py:190} INFO - [2025-11-06T19:49:08.970+0000] {dag.py:3262} INFO - Creating ORM DAG for dataset_with_extra_by_yield
[2025-11-06T19:49:08.970+0000] {logging_mixin.py:190} INFO - [2025-11-06T19:49:08.970+0000] {dag.py:3262} INFO - Creating ORM DAG for dataset_with_extra_by_context
[2025-11-06T19:49:08.973+0000] {logging_mixin.py:190} INFO - [2025-11-06T19:49:08.973+0000] {dag.py:4180} INFO - Setting next_dagrun for dataset_with_extra_by_context to 2025-11-05 00:00:00+00:00, run_after=2025-11-06 00:00:00+00:00
[2025-11-06T19:49:08.974+0000] {logging_mixin.py:190} INFO - [2025-11-06T19:49:08.974+0000] {dag.py:4180} INFO - Setting next_dagrun for dataset_with_extra_by_yield to 2025-11-05 00:00:00+00:00, run_after=2025-11-06 00:00:00+00:00
[2025-11-06T19:49:08.974+0000] {logging_mixin.py:190} INFO - [2025-11-06T19:49:08.974+0000] {dag.py:4180} INFO - Setting next_dagrun for dataset_with_extra_from_classic_operator to 2025-11-05 00:00:00+00:00, run_after=2025-11-06 00:00:00+00:00
[2025-11-06T19:49:08.982+0000] {processor.py:208} INFO - Processing /home/airflow/.local/lib/python3.12/site-packages/airflow/example_dags/example_outlet_event_extra.py took 0.099 seconds
[2025-11-06T19:49:39.638+0000] {processor.py:186} INFO - Started process (PID=128) to work on /home/airflow/.local/lib/python3.12/site-packages/airflow/example_dags/example_outlet_event_extra.py
[2025-11-06T19:49:39.639+0000] {processor.py:914} INFO - Processing file /home/airflow/.local/lib/python3.12/site-packages/airflow/example_dags/example_outlet_event_extra.py for tasks to queue
[2025-11-06T19:49:39.640+0000] {logging_mixin.py:190} INFO - [2025-11-06T19:49:39.640+0000] {dagbag.py:588} INFO - Filling up the DagBag from /home/airflow/.local/lib/python3.12/site-packages/airflow/example_dags/example_outlet_event_extra.py
[2025-11-06T19:49:39.645+0000] {processor.py:925} INFO - DAG(s) 'dataset_with_extra_from_classic_operator', 'dataset_with_extra_by_yield', 'dataset_with_extra_by_context' retrieved from /home/airflow/.local/lib/python3.12/site-packages/airflow/example_dags/example_outlet_event_extra.py
[2025-11-06T19:49:39.657+0000] {logging_mixin.py:190} INFO - [2025-11-06T19:49:39.657+0000] {dag.py:3239} INFO - Sync 3 DAGs
[2025-11-06T19:49:39.665+0000] {logging_mixin.py:190} INFO - [2025-11-06T19:49:39.665+0000] {dag.py:4180} INFO - Setting next_dagrun for dataset_with_extra_by_context to 2025-11-05 00:00:00+00:00, run_after=2025-11-06 00:00:00+00:00
[2025-11-06T19:49:39.667+0000] {logging_mixin.py:190} INFO - [2025-11-06T19:49:39.667+0000] {dag.py:4180} INFO - Setting next_dagrun for dataset_with_extra_by_yield to 2025-11-05 00:00:00+00:00, run_after=2025-11-06 00:00:00+00:00
[2025-11-06T19:49:39.668+0000] {logging_mixin.py:190} INFO - [2025-11-06T19:49:39.668+0000] {dag.py:4180} INFO - Setting next_dagrun for dataset_with_extra_from_classic_operator to 2025-11-05 00:00:00+00:00, run_after=2025-11-06 00:00:00+00:00
[2025-11-06T19:49:39.674+0000] {processor.py:208} INFO - Processing /home/airflow/.local/lib/python3.12/site-packages/airflow/example_dags/example_outlet_event_extra.py took 0.037 seconds
[2025-11-06T19:50:20.481+0000] {processor.py:186} INFO - Started process (PID=65) to work on /home/airflow/.local/lib/python3.12/site-packages/airflow/example_dags/example_outlet_event_extra.py
[2025-11-06T19:50:20.481+0000] {processor.py:914} INFO - Processing file /home/airflow/.local/lib/python3.12/site-packages/airflow/example_dags/example_outlet_event_extra.py for tasks to queue
[2025-11-06T19:50:20.482+0000] {logging_mixin.py:190} INFO - [2025-11-06T19:50:20.482+0000] {dagbag.py:588} INFO - Filling up the DagBag from /home/airflow/.local/lib/python3.12/site-packages/airflow/example_dags/example_outlet_event_extra.py
[2025-11-06T19:50:20.488+0000] {processor.py:925} INFO - DAG(s) 'dataset_with_extra_by_context', 'dataset_with_extra_by_yield', 'dataset_with_extra_from_classic_operator' retrieved from /home/airflow/.local/lib/python3.12/site-packages/airflow/example_dags/example_outlet_event_extra.py
[2025-11-06T19:50:20.504+0000] {logging_mixin.py:190} INFO - [2025-11-06T19:50:20.504+0000] {dag.py:3239} INFO - Sync 3 DAGs
[2025-11-06T19:50:20.514+0000] {logging_mixin.py:190} INFO - [2025-11-06T19:50:20.514+0000] {dag.py:4180} INFO - Setting next_dagrun for dataset_with_extra_by_context to 2025-11-05 00:00:00+00:00, run_after=2025-11-06 00:00:00+00:00
[2025-11-06T19:50:20.517+0000] {logging_mixin.py:190} INFO - [2025-11-06T19:50:20.517+0000] {dag.py:4180} INFO - Setting next_dagrun for dataset_with_extra_by_yield to 2025-11-05 00:00:00+00:00, run_after=2025-11-06 00:00:00+00:00
[2025-11-06T19:50:20.518+0000] {logging_mixin.py:190} INFO - [2025-11-06T19:50:20.518+0000] {dag.py:4180} INFO - Setting next_dagrun for dataset_with_extra_from_classic_operator to 2025-11-05 00:00:00+00:00, run_after=2025-11-06 00:00:00+00:00
[2025-11-06T19:50:20.528+0000] {processor.py:208} INFO - Processing /home/airflow/.local/lib/python3.12/site-packages/airflow/example_dags/example_outlet_event_extra.py took 0.050 seconds
[2025-11-06T19:50:51.165+0000] {processor.py:186} INFO - Started process (PID=127) to work on /home/airflow/.local/lib/python3.12/site-packages/airflow/example_dags/example_outlet_event_extra.py
[2025-11-06T19:50:51.168+0000] {processor.py:914} INFO - Processing file /home/airflow/.local/lib/python3.12/site-packages/airflow/example_dags/example_outlet_event_extra.py for tasks to queue
[2025-11-06T19:50:51.169+0000] {logging_mixin.py:190} INFO - [2025-11-06T19:50:51.169+0000] {dagbag.py:588} INFO - Filling up the DagBag from /home/airflow/.local/lib/python3.12/site-packages/airflow/example_dags/example_outlet_event_extra.py
[2025-11-06T19:50:51.175+0000] {processor.py:925} INFO - DAG(s) 'dataset_with_extra_by_context', 'dataset_with_extra_by_yield', 'dataset_with_extra_from_classic_operator' retrieved from /home/airflow/.local/lib/python3.12/site-packages/airflow/example_dags/example_outlet_event_extra.py
[2025-11-06T19:50:51.192+0000] {logging_mixin.py:190} INFO - [2025-11-06T19:50:51.192+0000] {dag.py:3239} INFO - Sync 3 DAGs
[2025-11-06T19:50:51.201+0000] {logging_mixin.py:190} INFO - [2025-11-06T19:50:51.201+0000] {dag.py:4180} INFO - Setting next_dagrun for dataset_with_extra_by_context to 2025-11-05 00:00:00+00:00, run_after=2025-11-06 00:00:00+00:00
[2025-11-06T19:50:51.202+0000] {logging_mixin.py:190} INFO - [2025-11-06T19:50:51.202+0000] {dag.py:4180} INFO - Setting next_dagrun for dataset_with_extra_by_yield to 2025-11-05 00:00:00+00:00, run_after=2025-11-06 00:00:00+00:00
[2025-11-06T19:50:51.203+0000] {logging_mixin.py:190} INFO - [2025-11-06T19:50:51.203+0000] {dag.py:4180} INFO - Setting next_dagrun for dataset_with_extra_from_classic_operator to 2025-11-05 00:00:00+00:00, run_after=2025-11-06 00:00:00+00:00
[2025-11-06T19:50:51.209+0000] {processor.py:208} INFO - Processing /home/airflow/.local/lib/python3.12/site-packages/airflow/example_dags/example_outlet_event_extra.py took 0.046 seconds
[2025-11-06T19:51:21.708+0000] {processor.py:186} INFO - Started process (PID=189) to work on /home/airflow/.local/lib/python3.12/site-packages/airflow/example_dags/example_outlet_event_extra.py
[2025-11-06T19:51:21.709+0000] {processor.py:914} INFO - Processing file /home/airflow/.local/lib/python3.12/site-packages/airflow/example_dags/example_outlet_event_extra.py for tasks to queue
[2025-11-06T19:51:21.710+0000] {logging_mixin.py:190} INFO - [2025-11-06T19:51:21.710+0000] {dagbag.py:588} INFO - Filling up the DagBag from /home/airflow/.local/lib/python3.12/site-packages/airflow/example_dags/example_outlet_event_extra.py
[2025-11-06T19:51:21.719+0000] {processor.py:925} INFO - DAG(s) 'dataset_with_extra_by_yield', 'dataset_with_extra_by_context', 'dataset_with_extra_from_classic_operator' retrieved from /home/airflow/.local/lib/python3.12/site-packages/airflow/example_dags/example_outlet_event_extra.py
[2025-11-06T19:51:21.729+0000] {logging_mixin.py:190} INFO - [2025-11-06T19:51:21.729+0000] {dag.py:3239} INFO - Sync 3 DAGs
[2025-11-06T19:51:21.741+0000] {logging_mixin.py:190} INFO - [2025-11-06T19:51:21.741+0000] {dag.py:4180} INFO - Setting next_dagrun for dataset_with_extra_by_context to 2025-11-05 00:00:00+00:00, run_after=2025-11-06 00:00:00+00:00
[2025-11-06T19:51:21.745+0000] {logging_mixin.py:190} INFO - [2025-11-06T19:51:21.745+0000] {dag.py:4180} INFO - Setting next_dagrun for dataset_with_extra_by_yield to 2025-11-05 00:00:00+00:00, run_after=2025-11-06 00:00:00+00:00
[2025-11-06T19:51:21.746+0000] {logging_mixin.py:190} INFO - [2025-11-06T19:51:21.746+0000] {dag.py:4180} INFO - Setting next_dagrun for dataset_with_extra_from_classic_operator to 2025-11-05 00:00:00+00:00, run_after=2025-11-06 00:00:00+00:00
[2025-11-06T19:51:21.758+0000] {processor.py:208} INFO - Processing /home/airflow/.local/lib/python3.12/site-packages/airflow/example_dags/example_outlet_event_extra.py took 0.052 seconds
[2025-11-06T19:51:52.262+0000] {processor.py:186} INFO - Started process (PID=251) to work on /home/airflow/.local/lib/python3.12/site-packages/airflow/example_dags/example_outlet_event_extra.py
[2025-11-06T19:51:52.262+0000] {processor.py:914} INFO - Processing file /home/airflow/.local/lib/python3.12/site-packages/airflow/example_dags/example_outlet_event_extra.py for tasks to queue
[2025-11-06T19:51:52.263+0000] {logging_mixin.py:190} INFO - [2025-11-06T19:51:52.263+0000] {dagbag.py:588} INFO - Filling up the DagBag from /home/airflow/.local/lib/python3.12/site-packages/airflow/example_dags/example_outlet_event_extra.py
[2025-11-06T19:51:52.268+0000] {processor.py:925} INFO - DAG(s) 'dataset_with_extra_by_yield', 'dataset_with_extra_by_context', 'dataset_with_extra_from_classic_operator' retrieved from /home/airflow/.local/lib/python3.12/site-packages/airflow/example_dags/example_outlet_event_extra.py
[2025-11-06T19:51:52.285+0000] {logging_mixin.py:190} INFO - [2025-11-06T19:51:52.285+0000] {dag.py:3239} INFO - Sync 3 DAGs
[2025-11-06T19:51:52.293+0000] {logging_mixin.py:190} INFO - [2025-11-06T19:51:52.293+0000] {dag.py:4180} INFO - Setting next_dagrun for dataset_with_extra_by_context to 2025-11-05 00:00:00+00:00, run_after=2025-11-06 00:00:00+00:00
[2025-11-06T19:51:52.295+0000] {logging_mixin.py:190} INFO - [2025-11-06T19:51:52.295+0000] {dag.py:4180} INFO - Setting next_dagrun for dataset_with_extra_by_yield to 2025-11-05 00:00:00+00:00, run_after=2025-11-06 00:00:00+00:00
[2025-11-06T19:51:52.295+0000] {logging_mixin.py:190} INFO - [2025-11-06T19:51:52.295+0000] {dag.py:4180} INFO - Setting next_dagrun for dataset_with_extra_from_classic_operator to 2025-11-05 00:00:00+00:00, run_after=2025-11-06 00:00:00+00:00
[2025-11-06T19:51:52.306+0000] {processor.py:208} INFO - Processing /home/airflow/.local/lib/python3.12/site-packages/airflow/example_dags/example_outlet_event_extra.py took 0.047 seconds
[2025-11-06T19:52:22.873+0000] {processor.py:186} INFO - Started process (PID=313) to work on /home/airflow/.local/lib/python3.12/site-packages/airflow/example_dags/example_outlet_event_extra.py
[2025-11-06T19:52:22.873+0000] {processor.py:914} INFO - Processing file /home/airflow/.local/lib/python3.12/site-packages/airflow/example_dags/example_outlet_event_extra.py for tasks to queue
[2025-11-06T19:52:22.874+0000] {logging_mixin.py:190} INFO - [2025-11-06T19:52:22.874+0000] {dagbag.py:588} INFO - Filling up the DagBag from /home/airflow/.local/lib/python3.12/site-packages/airflow/example_dags/example_outlet_event_extra.py
[2025-11-06T19:52:22.878+0000] {processor.py:925} INFO - DAG(s) 'dataset_with_extra_by_context', 'dataset_with_extra_from_classic_operator', 'dataset_with_extra_by_yield' retrieved from /home/airflow/.local/lib/python3.12/site-packages/airflow/example_dags/example_outlet_event_extra.py
[2025-11-06T19:52:22.888+0000] {logging_mixin.py:190} INFO - [2025-11-06T19:52:22.888+0000] {dag.py:3239} INFO - Sync 3 DAGs
[2025-11-06T19:52:22.895+0000] {logging_mixin.py:190} INFO - [2025-11-06T19:52:22.895+0000] {dag.py:4180} INFO - Setting next_dagrun for dataset_with_extra_by_context to 2025-11-05 00:00:00+00:00, run_after=2025-11-06 00:00:00+00:00
[2025-11-06T19:52:22.897+0000] {logging_mixin.py:190} INFO - [2025-11-06T19:52:22.897+0000] {dag.py:4180} INFO - Setting next_dagrun for dataset_with_extra_by_yield to 2025-11-05 00:00:00+00:00, run_after=2025-11-06 00:00:00+00:00
[2025-11-06T19:52:22.897+0000] {logging_mixin.py:190} INFO - [2025-11-06T19:52:22.897+0000] {dag.py:4180} INFO - Setting next_dagrun for dataset_with_extra_from_classic_operator to 2025-11-05 00:00:00+00:00, run_after=2025-11-06 00:00:00+00:00
[2025-11-06T19:52:22.903+0000] {processor.py:208} INFO - Processing /home/airflow/.local/lib/python3.12/site-packages/airflow/example_dags/example_outlet_event_extra.py took 0.032 seconds
[2025-11-06T19:52:53.666+0000] {processor.py:186} INFO - Started process (PID=375) to work on /home/airflow/.local/lib/python3.12/site-packages/airflow/example_dags/example_outlet_event_extra.py
[2025-11-06T19:52:53.670+0000] {processor.py:914} INFO - Processing file /home/airflow/.local/lib/python3.12/site-packages/airflow/example_dags/example_outlet_event_extra.py for tasks to queue
[2025-11-06T19:52:53.672+0000] {logging_mixin.py:190} INFO - [2025-11-06T19:52:53.671+0000] {dagbag.py:588} INFO - Filling up the DagBag from /home/airflow/.local/lib/python3.12/site-packages/airflow/example_dags/example_outlet_event_extra.py
[2025-11-06T19:52:53.680+0000] {processor.py:925} INFO - DAG(s) 'dataset_with_extra_by_yield', 'dataset_with_extra_from_classic_operator', 'dataset_with_extra_by_context' retrieved from /home/airflow/.local/lib/python3.12/site-packages/airflow/example_dags/example_outlet_event_extra.py
[2025-11-06T19:52:53.709+0000] {logging_mixin.py:190} INFO - [2025-11-06T19:52:53.709+0000] {dag.py:3239} INFO - Sync 3 DAGs
[2025-11-06T19:52:53.719+0000] {logging_mixin.py:190} INFO - [2025-11-06T19:52:53.719+0000] {dag.py:4180} INFO - Setting next_dagrun for dataset_with_extra_by_context to 2025-11-05 00:00:00+00:00, run_after=2025-11-06 00:00:00+00:00
[2025-11-06T19:52:53.722+0000] {logging_mixin.py:190} INFO - [2025-11-06T19:52:53.721+0000] {dag.py:4180} INFO - Setting next_dagrun for dataset_with_extra_by_yield to 2025-11-05 00:00:00+00:00, run_after=2025-11-06 00:00:00+00:00
[2025-11-06T19:52:53.723+0000] {logging_mixin.py:190} INFO - [2025-11-06T19:52:53.723+0000] {dag.py:4180} INFO - Setting next_dagrun for dataset_with_extra_from_classic_operator to 2025-11-05 00:00:00+00:00, run_after=2025-11-06 00:00:00+00:00
[2025-11-06T19:52:53.733+0000] {processor.py:208} INFO - Processing /home/airflow/.local/lib/python3.12/site-packages/airflow/example_dags/example_outlet_event_extra.py took 0.072 seconds
[2025-11-06T19:53:24.515+0000] {processor.py:186} INFO - Started process (PID=438) to work on /home/airflow/.local/lib/python3.12/site-packages/airflow/example_dags/example_outlet_event_extra.py
[2025-11-06T19:53:24.515+0000] {processor.py:914} INFO - Processing file /home/airflow/.local/lib/python3.12/site-packages/airflow/example_dags/example_outlet_event_extra.py for tasks to queue
[2025-11-06T19:53:24.516+0000] {logging_mixin.py:190} INFO - [2025-11-06T19:53:24.516+0000] {dagbag.py:588} INFO - Filling up the DagBag from /home/airflow/.local/lib/python3.12/site-packages/airflow/example_dags/example_outlet_event_extra.py
[2025-11-06T19:53:24.522+0000] {processor.py:925} INFO - DAG(s) 'dataset_with_extra_from_classic_operator', 'dataset_with_extra_by_yield', 'dataset_with_extra_by_context' retrieved from /home/airflow/.local/lib/python3.12/site-packages/airflow/example_dags/example_outlet_event_extra.py
[2025-11-06T19:53:24.537+0000] {logging_mixin.py:190} INFO - [2025-11-06T19:53:24.537+0000] {dag.py:3239} INFO - Sync 3 DAGs
[2025-11-06T19:53:24.545+0000] {logging_mixin.py:190} INFO - [2025-11-06T19:53:24.545+0000] {dag.py:4180} INFO - Setting next_dagrun for dataset_with_extra_by_context to 2025-11-05 00:00:00+00:00, run_after=2025-11-06 00:00:00+00:00
[2025-11-06T19:53:24.547+0000] {logging_mixin.py:190} INFO - [2025-11-06T19:53:24.547+0000] {dag.py:4180} INFO - Setting next_dagrun for dataset_with_extra_by_yield to 2025-11-05 00:00:00+00:00, run_after=2025-11-06 00:00:00+00:00
[2025-11-06T19:53:24.549+0000] {logging_mixin.py:190} INFO - [2025-11-06T19:53:24.548+0000] {dag.py:4180} INFO - Setting next_dagrun for dataset_with_extra_from_classic_operator to 2025-11-05 00:00:00+00:00, run_after=2025-11-06 00:00:00+00:00
[2025-11-06T19:53:24.555+0000] {processor.py:208} INFO - Processing /home/airflow/.local/lib/python3.12/site-packages/airflow/example_dags/example_outlet_event_extra.py took 0.042 seconds
[2025-11-06T19:53:55.068+0000] {processor.py:186} INFO - Started process (PID=499) to work on /home/airflow/.local/lib/python3.12/site-packages/airflow/example_dags/example_outlet_event_extra.py
[2025-11-06T19:53:55.069+0000] {processor.py:914} INFO - Processing file /home/airflow/.local/lib/python3.12/site-packages/airflow/example_dags/example_outlet_event_extra.py for tasks to queue
[2025-11-06T19:53:55.069+0000] {logging_mixin.py:190} INFO - [2025-11-06T19:53:55.069+0000] {dagbag.py:588} INFO - Filling up the DagBag from /home/airflow/.local/lib/python3.12/site-packages/airflow/example_dags/example_outlet_event_extra.py
[2025-11-06T19:53:55.075+0000] {processor.py:925} INFO - DAG(s) 'dataset_with_extra_from_classic_operator', 'dataset_with_extra_by_yield', 'dataset_with_extra_by_context' retrieved from /home/airflow/.local/lib/python3.12/site-packages/airflow/example_dags/example_outlet_event_extra.py
[2025-11-06T19:53:55.088+0000] {logging_mixin.py:190} INFO - [2025-11-06T19:53:55.088+0000] {dag.py:3239} INFO - Sync 3 DAGs
[2025-11-06T19:53:55.097+0000] {logging_mixin.py:190} INFO - [2025-11-06T19:53:55.096+0000] {dag.py:4180} INFO - Setting next_dagrun for dataset_with_extra_by_context to 2025-11-05 00:00:00+00:00, run_after=2025-11-06 00:00:00+00:00
[2025-11-06T19:53:55.098+0000] {logging_mixin.py:190} INFO - [2025-11-06T19:53:55.098+0000] {dag.py:4180} INFO - Setting next_dagrun for dataset_with_extra_by_yield to 2025-11-05 00:00:00+00:00, run_after=2025-11-06 00:00:00+00:00
[2025-11-06T19:53:55.099+0000] {logging_mixin.py:190} INFO - [2025-11-06T19:53:55.099+0000] {dag.py:4180} INFO - Setting next_dagrun for dataset_with_extra_from_classic_operator to 2025-11-05 00:00:00+00:00, run_after=2025-11-06 00:00:00+00:00
[2025-11-06T19:53:55.110+0000] {processor.py:208} INFO - Processing /home/airflow/.local/lib/python3.12/site-packages/airflow/example_dags/example_outlet_event_extra.py took 0.044 seconds
