[2025-11-06T19:49:08.406+0000] {processor.py:186} INFO - Started process (PID=54) to work on /home/airflow/.local/lib/python3.12/site-packages/airflow/example_dags/example_inlet_event_extra.py
[2025-11-06T19:49:08.407+0000] {processor.py:914} INFO - Processing file /home/airflow/.local/lib/python3.12/site-packages/airflow/example_dags/example_inlet_event_extra.py for tasks to queue
[2025-11-06T19:49:08.407+0000] {logging_mixin.py:190} INFO - [2025-11-06T19:49:08.407+0000] {dagbag.py:588} INFO - Filling up the DagBag from /home/airflow/.local/lib/python3.12/site-packages/airflow/example_dags/example_inlet_event_extra.py
[2025-11-06T19:49:08.413+0000] {processor.py:925} INFO - DAG(s) 'read_dataset_event_from_classic', 'read_dataset_event' retrieved from /home/airflow/.local/lib/python3.12/site-packages/airflow/example_dags/example_inlet_event_extra.py
[2025-11-06T19:49:08.477+0000] {logging_mixin.py:190} INFO - [2025-11-06T19:49:08.477+0000] {override.py:1900} INFO - Created Permission View: can delete on DAG:read_dataset_event_from_classic
[2025-11-06T19:49:08.480+0000] {logging_mixin.py:190} INFO - [2025-11-06T19:49:08.480+0000] {override.py:1900} INFO - Created Permission View: can read on DAG:read_dataset_event_from_classic
[2025-11-06T19:49:08.482+0000] {logging_mixin.py:190} INFO - [2025-11-06T19:49:08.482+0000] {override.py:1900} INFO - Created Permission View: can edit on DAG:read_dataset_event_from_classic
[2025-11-06T19:49:08.486+0000] {logging_mixin.py:190} INFO - [2025-11-06T19:49:08.486+0000] {override.py:1900} INFO - Created Permission View: can delete on DAG Run:read_dataset_event_from_classic
[2025-11-06T19:49:08.488+0000] {logging_mixin.py:190} INFO - [2025-11-06T19:49:08.488+0000] {override.py:1900} INFO - Created Permission View: can read on DAG Run:read_dataset_event_from_classic
[2025-11-06T19:49:08.490+0000] {logging_mixin.py:190} INFO - [2025-11-06T19:49:08.490+0000] {override.py:1900} INFO - Created Permission View: menu access on DAG Run:read_dataset_event_from_classic
[2025-11-06T19:49:08.492+0000] {logging_mixin.py:190} INFO - [2025-11-06T19:49:08.492+0000] {override.py:1900} INFO - Created Permission View: can create on DAG Run:read_dataset_event_from_classic
[2025-11-06T19:49:08.496+0000] {logging_mixin.py:190} INFO - [2025-11-06T19:49:08.495+0000] {override.py:1900} INFO - Created Permission View: can delete on DAG:read_dataset_event
[2025-11-06T19:49:08.497+0000] {logging_mixin.py:190} INFO - [2025-11-06T19:49:08.497+0000] {override.py:1900} INFO - Created Permission View: can read on DAG:read_dataset_event
[2025-11-06T19:49:08.499+0000] {logging_mixin.py:190} INFO - [2025-11-06T19:49:08.499+0000] {override.py:1900} INFO - Created Permission View: can edit on DAG:read_dataset_event
[2025-11-06T19:49:08.500+0000] {logging_mixin.py:190} INFO - [2025-11-06T19:49:08.500+0000] {override.py:1900} INFO - Created Permission View: can delete on DAG Run:read_dataset_event
[2025-11-06T19:49:08.502+0000] {logging_mixin.py:190} INFO - [2025-11-06T19:49:08.502+0000] {override.py:1900} INFO - Created Permission View: can read on DAG Run:read_dataset_event
[2025-11-06T19:49:08.503+0000] {logging_mixin.py:190} INFO - [2025-11-06T19:49:08.503+0000] {override.py:1900} INFO - Created Permission View: menu access on DAG Run:read_dataset_event
[2025-11-06T19:49:08.504+0000] {logging_mixin.py:190} INFO - [2025-11-06T19:49:08.504+0000] {override.py:1900} INFO - Created Permission View: can create on DAG Run:read_dataset_event
[2025-11-06T19:49:08.505+0000] {logging_mixin.py:190} INFO - [2025-11-06T19:49:08.505+0000] {dag.py:3239} INFO - Sync 2 DAGs
[2025-11-06T19:49:08.509+0000] {logging_mixin.py:190} INFO - [2025-11-06T19:49:08.509+0000] {dag.py:3262} INFO - Creating ORM DAG for read_dataset_event_from_classic
[2025-11-06T19:49:08.509+0000] {logging_mixin.py:190} INFO - [2025-11-06T19:49:08.509+0000] {dag.py:3262} INFO - Creating ORM DAG for read_dataset_event
[2025-11-06T19:49:08.513+0000] {logging_mixin.py:190} INFO - [2025-11-06T19:49:08.512+0000] {dag.py:4180} INFO - Setting next_dagrun for read_dataset_event to 2025-11-05 00:00:00+00:00, run_after=2025-11-06 00:00:00+00:00
[2025-11-06T19:49:08.513+0000] {logging_mixin.py:190} INFO - [2025-11-06T19:49:08.513+0000] {dag.py:4180} INFO - Setting next_dagrun for read_dataset_event_from_classic to 2025-11-05 00:00:00+00:00, run_after=2025-11-06 00:00:00+00:00
[2025-11-06T19:49:08.518+0000] {processor.py:208} INFO - Processing /home/airflow/.local/lib/python3.12/site-packages/airflow/example_dags/example_inlet_event_extra.py took 0.115 seconds
[2025-11-06T19:49:39.413+0000] {processor.py:186} INFO - Started process (PID=116) to work on /home/airflow/.local/lib/python3.12/site-packages/airflow/example_dags/example_inlet_event_extra.py
[2025-11-06T19:49:39.414+0000] {processor.py:914} INFO - Processing file /home/airflow/.local/lib/python3.12/site-packages/airflow/example_dags/example_inlet_event_extra.py for tasks to queue
[2025-11-06T19:49:39.414+0000] {logging_mixin.py:190} INFO - [2025-11-06T19:49:39.414+0000] {dagbag.py:588} INFO - Filling up the DagBag from /home/airflow/.local/lib/python3.12/site-packages/airflow/example_dags/example_inlet_event_extra.py
[2025-11-06T19:49:39.420+0000] {processor.py:925} INFO - DAG(s) 'read_dataset_event', 'read_dataset_event_from_classic' retrieved from /home/airflow/.local/lib/python3.12/site-packages/airflow/example_dags/example_inlet_event_extra.py
[2025-11-06T19:49:39.433+0000] {logging_mixin.py:190} INFO - [2025-11-06T19:49:39.432+0000] {dag.py:3239} INFO - Sync 2 DAGs
[2025-11-06T19:49:39.441+0000] {logging_mixin.py:190} INFO - [2025-11-06T19:49:39.441+0000] {dag.py:4180} INFO - Setting next_dagrun for read_dataset_event to 2025-11-05 00:00:00+00:00, run_after=2025-11-06 00:00:00+00:00
[2025-11-06T19:49:39.442+0000] {logging_mixin.py:190} INFO - [2025-11-06T19:49:39.442+0000] {dag.py:4180} INFO - Setting next_dagrun for read_dataset_event_from_classic to 2025-11-05 00:00:00+00:00, run_after=2025-11-06 00:00:00+00:00
[2025-11-06T19:49:39.447+0000] {processor.py:208} INFO - Processing /home/airflow/.local/lib/python3.12/site-packages/airflow/example_dags/example_inlet_event_extra.py took 0.037 seconds
[2025-11-06T19:50:20.099+0000] {processor.py:186} INFO - Started process (PID=47) to work on /home/airflow/.local/lib/python3.12/site-packages/airflow/example_dags/example_inlet_event_extra.py
[2025-11-06T19:50:20.099+0000] {processor.py:914} INFO - Processing file /home/airflow/.local/lib/python3.12/site-packages/airflow/example_dags/example_inlet_event_extra.py for tasks to queue
[2025-11-06T19:50:20.100+0000] {logging_mixin.py:190} INFO - [2025-11-06T19:50:20.100+0000] {dagbag.py:588} INFO - Filling up the DagBag from /home/airflow/.local/lib/python3.12/site-packages/airflow/example_dags/example_inlet_event_extra.py
[2025-11-06T19:50:20.105+0000] {processor.py:925} INFO - DAG(s) 'read_dataset_event', 'read_dataset_event_from_classic' retrieved from /home/airflow/.local/lib/python3.12/site-packages/airflow/example_dags/example_inlet_event_extra.py
[2025-11-06T19:50:20.117+0000] {logging_mixin.py:190} INFO - [2025-11-06T19:50:20.117+0000] {dag.py:3239} INFO - Sync 2 DAGs
[2025-11-06T19:50:20.125+0000] {logging_mixin.py:190} INFO - [2025-11-06T19:50:20.125+0000] {dag.py:4180} INFO - Setting next_dagrun for read_dataset_event to 2025-11-05 00:00:00+00:00, run_after=2025-11-06 00:00:00+00:00
[2025-11-06T19:50:20.127+0000] {logging_mixin.py:190} INFO - [2025-11-06T19:50:20.127+0000] {dag.py:4180} INFO - Setting next_dagrun for read_dataset_event_from_classic to 2025-11-05 00:00:00+00:00, run_after=2025-11-06 00:00:00+00:00
[2025-11-06T19:50:20.132+0000] {processor.py:208} INFO - Processing /home/airflow/.local/lib/python3.12/site-packages/airflow/example_dags/example_inlet_event_extra.py took 0.036 seconds
[2025-11-06T19:50:50.896+0000] {processor.py:186} INFO - Started process (PID=115) to work on /home/airflow/.local/lib/python3.12/site-packages/airflow/example_dags/example_inlet_event_extra.py
[2025-11-06T19:50:50.897+0000] {processor.py:914} INFO - Processing file /home/airflow/.local/lib/python3.12/site-packages/airflow/example_dags/example_inlet_event_extra.py for tasks to queue
[2025-11-06T19:50:50.898+0000] {logging_mixin.py:190} INFO - [2025-11-06T19:50:50.898+0000] {dagbag.py:588} INFO - Filling up the DagBag from /home/airflow/.local/lib/python3.12/site-packages/airflow/example_dags/example_inlet_event_extra.py
[2025-11-06T19:50:50.903+0000] {processor.py:925} INFO - DAG(s) 'read_dataset_event', 'read_dataset_event_from_classic' retrieved from /home/airflow/.local/lib/python3.12/site-packages/airflow/example_dags/example_inlet_event_extra.py
[2025-11-06T19:50:50.913+0000] {logging_mixin.py:190} INFO - [2025-11-06T19:50:50.913+0000] {dag.py:3239} INFO - Sync 2 DAGs
[2025-11-06T19:50:50.925+0000] {logging_mixin.py:190} INFO - [2025-11-06T19:50:50.925+0000] {dag.py:4180} INFO - Setting next_dagrun for read_dataset_event to 2025-11-05 00:00:00+00:00, run_after=2025-11-06 00:00:00+00:00
[2025-11-06T19:50:50.928+0000] {logging_mixin.py:190} INFO - [2025-11-06T19:50:50.928+0000] {dag.py:4180} INFO - Setting next_dagrun for read_dataset_event_from_classic to 2025-11-05 00:00:00+00:00, run_after=2025-11-06 00:00:00+00:00
[2025-11-06T19:50:50.936+0000] {processor.py:208} INFO - Processing /home/airflow/.local/lib/python3.12/site-packages/airflow/example_dags/example_inlet_event_extra.py took 0.042 seconds
[2025-11-06T19:51:21.442+0000] {processor.py:186} INFO - Started process (PID=177) to work on /home/airflow/.local/lib/python3.12/site-packages/airflow/example_dags/example_inlet_event_extra.py
[2025-11-06T19:51:21.443+0000] {processor.py:914} INFO - Processing file /home/airflow/.local/lib/python3.12/site-packages/airflow/example_dags/example_inlet_event_extra.py for tasks to queue
[2025-11-06T19:51:21.444+0000] {logging_mixin.py:190} INFO - [2025-11-06T19:51:21.443+0000] {dagbag.py:588} INFO - Filling up the DagBag from /home/airflow/.local/lib/python3.12/site-packages/airflow/example_dags/example_inlet_event_extra.py
[2025-11-06T19:51:21.448+0000] {processor.py:925} INFO - DAG(s) 'read_dataset_event_from_classic', 'read_dataset_event' retrieved from /home/airflow/.local/lib/python3.12/site-packages/airflow/example_dags/example_inlet_event_extra.py
[2025-11-06T19:51:21.464+0000] {logging_mixin.py:190} INFO - [2025-11-06T19:51:21.464+0000] {dag.py:3239} INFO - Sync 2 DAGs
[2025-11-06T19:51:21.475+0000] {logging_mixin.py:190} INFO - [2025-11-06T19:51:21.475+0000] {dag.py:4180} INFO - Setting next_dagrun for read_dataset_event to 2025-11-05 00:00:00+00:00, run_after=2025-11-06 00:00:00+00:00
[2025-11-06T19:51:21.477+0000] {logging_mixin.py:190} INFO - [2025-11-06T19:51:21.477+0000] {dag.py:4180} INFO - Setting next_dagrun for read_dataset_event_from_classic to 2025-11-05 00:00:00+00:00, run_after=2025-11-06 00:00:00+00:00
[2025-11-06T19:51:21.485+0000] {processor.py:208} INFO - Processing /home/airflow/.local/lib/python3.12/site-packages/airflow/example_dags/example_inlet_event_extra.py took 0.045 seconds
[2025-11-06T19:51:52.011+0000] {processor.py:186} INFO - Started process (PID=239) to work on /home/airflow/.local/lib/python3.12/site-packages/airflow/example_dags/example_inlet_event_extra.py
[2025-11-06T19:51:52.012+0000] {processor.py:914} INFO - Processing file /home/airflow/.local/lib/python3.12/site-packages/airflow/example_dags/example_inlet_event_extra.py for tasks to queue
[2025-11-06T19:51:52.014+0000] {logging_mixin.py:190} INFO - [2025-11-06T19:51:52.014+0000] {dagbag.py:588} INFO - Filling up the DagBag from /home/airflow/.local/lib/python3.12/site-packages/airflow/example_dags/example_inlet_event_extra.py
[2025-11-06T19:51:52.019+0000] {processor.py:925} INFO - DAG(s) 'read_dataset_event_from_classic', 'read_dataset_event' retrieved from /home/airflow/.local/lib/python3.12/site-packages/airflow/example_dags/example_inlet_event_extra.py
[2025-11-06T19:51:52.035+0000] {logging_mixin.py:190} INFO - [2025-11-06T19:51:52.035+0000] {dag.py:3239} INFO - Sync 2 DAGs
[2025-11-06T19:51:52.044+0000] {logging_mixin.py:190} INFO - [2025-11-06T19:51:52.044+0000] {dag.py:4180} INFO - Setting next_dagrun for read_dataset_event to 2025-11-05 00:00:00+00:00, run_after=2025-11-06 00:00:00+00:00
[2025-11-06T19:51:52.045+0000] {logging_mixin.py:190} INFO - [2025-11-06T19:51:52.045+0000] {dag.py:4180} INFO - Setting next_dagrun for read_dataset_event_from_classic to 2025-11-05 00:00:00+00:00, run_after=2025-11-06 00:00:00+00:00
[2025-11-06T19:51:52.050+0000] {processor.py:208} INFO - Processing /home/airflow/.local/lib/python3.12/site-packages/airflow/example_dags/example_inlet_event_extra.py took 0.041 seconds
[2025-11-06T19:52:22.603+0000] {processor.py:186} INFO - Started process (PID=301) to work on /home/airflow/.local/lib/python3.12/site-packages/airflow/example_dags/example_inlet_event_extra.py
[2025-11-06T19:52:22.603+0000] {processor.py:914} INFO - Processing file /home/airflow/.local/lib/python3.12/site-packages/airflow/example_dags/example_inlet_event_extra.py for tasks to queue
[2025-11-06T19:52:22.604+0000] {logging_mixin.py:190} INFO - [2025-11-06T19:52:22.604+0000] {dagbag.py:588} INFO - Filling up the DagBag from /home/airflow/.local/lib/python3.12/site-packages/airflow/example_dags/example_inlet_event_extra.py
[2025-11-06T19:52:22.610+0000] {processor.py:925} INFO - DAG(s) 'read_dataset_event_from_classic', 'read_dataset_event' retrieved from /home/airflow/.local/lib/python3.12/site-packages/airflow/example_dags/example_inlet_event_extra.py
[2025-11-06T19:52:22.626+0000] {logging_mixin.py:190} INFO - [2025-11-06T19:52:22.626+0000] {dag.py:3239} INFO - Sync 2 DAGs
[2025-11-06T19:52:22.634+0000] {logging_mixin.py:190} INFO - [2025-11-06T19:52:22.634+0000] {dag.py:4180} INFO - Setting next_dagrun for read_dataset_event to 2025-11-05 00:00:00+00:00, run_after=2025-11-06 00:00:00+00:00
[2025-11-06T19:52:22.636+0000] {logging_mixin.py:190} INFO - [2025-11-06T19:52:22.636+0000] {dag.py:4180} INFO - Setting next_dagrun for read_dataset_event_from_classic to 2025-11-05 00:00:00+00:00, run_after=2025-11-06 00:00:00+00:00
[2025-11-06T19:52:22.640+0000] {processor.py:208} INFO - Processing /home/airflow/.local/lib/python3.12/site-packages/airflow/example_dags/example_inlet_event_extra.py took 0.040 seconds
[2025-11-06T19:52:53.310+0000] {processor.py:186} INFO - Started process (PID=363) to work on /home/airflow/.local/lib/python3.12/site-packages/airflow/example_dags/example_inlet_event_extra.py
[2025-11-06T19:52:53.310+0000] {processor.py:914} INFO - Processing file /home/airflow/.local/lib/python3.12/site-packages/airflow/example_dags/example_inlet_event_extra.py for tasks to queue
[2025-11-06T19:52:53.311+0000] {logging_mixin.py:190} INFO - [2025-11-06T19:52:53.311+0000] {dagbag.py:588} INFO - Filling up the DagBag from /home/airflow/.local/lib/python3.12/site-packages/airflow/example_dags/example_inlet_event_extra.py
[2025-11-06T19:52:53.316+0000] {processor.py:925} INFO - DAG(s) 'read_dataset_event', 'read_dataset_event_from_classic' retrieved from /home/airflow/.local/lib/python3.12/site-packages/airflow/example_dags/example_inlet_event_extra.py
[2025-11-06T19:52:53.331+0000] {logging_mixin.py:190} INFO - [2025-11-06T19:52:53.331+0000] {dag.py:3239} INFO - Sync 2 DAGs
[2025-11-06T19:52:53.342+0000] {logging_mixin.py:190} INFO - [2025-11-06T19:52:53.342+0000] {dag.py:4180} INFO - Setting next_dagrun for read_dataset_event to 2025-11-05 00:00:00+00:00, run_after=2025-11-06 00:00:00+00:00
[2025-11-06T19:52:53.345+0000] {logging_mixin.py:190} INFO - [2025-11-06T19:52:53.345+0000] {dag.py:4180} INFO - Setting next_dagrun for read_dataset_event_from_classic to 2025-11-05 00:00:00+00:00, run_after=2025-11-06 00:00:00+00:00
[2025-11-06T19:52:53.359+0000] {processor.py:208} INFO - Processing /home/airflow/.local/lib/python3.12/site-packages/airflow/example_dags/example_inlet_event_extra.py took 0.052 seconds
[2025-11-06T19:53:24.200+0000] {processor.py:186} INFO - Started process (PID=425) to work on /home/airflow/.local/lib/python3.12/site-packages/airflow/example_dags/example_inlet_event_extra.py
[2025-11-06T19:53:24.201+0000] {processor.py:914} INFO - Processing file /home/airflow/.local/lib/python3.12/site-packages/airflow/example_dags/example_inlet_event_extra.py for tasks to queue
[2025-11-06T19:53:24.203+0000] {logging_mixin.py:190} INFO - [2025-11-06T19:53:24.202+0000] {dagbag.py:588} INFO - Filling up the DagBag from /home/airflow/.local/lib/python3.12/site-packages/airflow/example_dags/example_inlet_event_extra.py
[2025-11-06T19:53:24.208+0000] {processor.py:925} INFO - DAG(s) 'read_dataset_event_from_classic', 'read_dataset_event' retrieved from /home/airflow/.local/lib/python3.12/site-packages/airflow/example_dags/example_inlet_event_extra.py
[2025-11-06T19:53:24.220+0000] {logging_mixin.py:190} INFO - [2025-11-06T19:53:24.220+0000] {dag.py:3239} INFO - Sync 2 DAGs
[2025-11-06T19:53:24.227+0000] {logging_mixin.py:190} INFO - [2025-11-06T19:53:24.227+0000] {dag.py:4180} INFO - Setting next_dagrun for read_dataset_event to 2025-11-05 00:00:00+00:00, run_after=2025-11-06 00:00:00+00:00
[2025-11-06T19:53:24.230+0000] {logging_mixin.py:190} INFO - [2025-11-06T19:53:24.230+0000] {dag.py:4180} INFO - Setting next_dagrun for read_dataset_event_from_classic to 2025-11-05 00:00:00+00:00, run_after=2025-11-06 00:00:00+00:00
[2025-11-06T19:53:24.235+0000] {processor.py:208} INFO - Processing /home/airflow/.local/lib/python3.12/site-packages/airflow/example_dags/example_inlet_event_extra.py took 0.038 seconds
[2025-11-06T19:53:54.824+0000] {processor.py:186} INFO - Started process (PID=487) to work on /home/airflow/.local/lib/python3.12/site-packages/airflow/example_dags/example_inlet_event_extra.py
[2025-11-06T19:53:54.824+0000] {processor.py:914} INFO - Processing file /home/airflow/.local/lib/python3.12/site-packages/airflow/example_dags/example_inlet_event_extra.py for tasks to queue
[2025-11-06T19:53:54.825+0000] {logging_mixin.py:190} INFO - [2025-11-06T19:53:54.825+0000] {dagbag.py:588} INFO - Filling up the DagBag from /home/airflow/.local/lib/python3.12/site-packages/airflow/example_dags/example_inlet_event_extra.py
[2025-11-06T19:53:54.831+0000] {processor.py:925} INFO - DAG(s) 'read_dataset_event_from_classic', 'read_dataset_event' retrieved from /home/airflow/.local/lib/python3.12/site-packages/airflow/example_dags/example_inlet_event_extra.py
[2025-11-06T19:53:54.844+0000] {logging_mixin.py:190} INFO - [2025-11-06T19:53:54.844+0000] {dag.py:3239} INFO - Sync 2 DAGs
[2025-11-06T19:53:54.853+0000] {logging_mixin.py:190} INFO - [2025-11-06T19:53:54.853+0000] {dag.py:4180} INFO - Setting next_dagrun for read_dataset_event to 2025-11-05 00:00:00+00:00, run_after=2025-11-06 00:00:00+00:00
[2025-11-06T19:53:54.856+0000] {logging_mixin.py:190} INFO - [2025-11-06T19:53:54.856+0000] {dag.py:4180} INFO - Setting next_dagrun for read_dataset_event_from_classic to 2025-11-05 00:00:00+00:00, run_after=2025-11-06 00:00:00+00:00
[2025-11-06T19:53:54.862+0000] {processor.py:208} INFO - Processing /home/airflow/.local/lib/python3.12/site-packages/airflow/example_dags/example_inlet_event_extra.py took 0.041 seconds
