[2025-11-06T19:49:09.033+0000] {processor.py:186} INFO - Started process (PID=69) to work on /home/airflow/.local/lib/python3.12/site-packages/airflow/example_dags/example_bash_decorator.py
[2025-11-06T19:49:09.034+0000] {processor.py:914} INFO - Processing file /home/airflow/.local/lib/python3.12/site-packages/airflow/example_dags/example_bash_decorator.py for tasks to queue
[2025-11-06T19:49:09.034+0000] {logging_mixin.py:190} INFO - [2025-11-06T19:49:09.034+0000] {dagbag.py:588} INFO - Filling up the DagBag from /home/airflow/.local/lib/python3.12/site-packages/airflow/example_dags/example_bash_decorator.py
[2025-11-06T19:49:09.041+0000] {processor.py:925} INFO - DAG(s) 'example_bash_decorator' retrieved from /home/airflow/.local/lib/python3.12/site-packages/airflow/example_dags/example_bash_decorator.py
[2025-11-06T19:49:09.078+0000] {logging_mixin.py:190} INFO - [2025-11-06T19:49:09.078+0000] {override.py:1900} INFO - Created Permission View: can delete on DAG:example_bash_decorator
[2025-11-06T19:49:09.081+0000] {logging_mixin.py:190} INFO - [2025-11-06T19:49:09.081+0000] {override.py:1900} INFO - Created Permission View: can read on DAG:example_bash_decorator
[2025-11-06T19:49:09.082+0000] {logging_mixin.py:190} INFO - [2025-11-06T19:49:09.082+0000] {override.py:1900} INFO - Created Permission View: can edit on DAG:example_bash_decorator
[2025-11-06T19:49:09.083+0000] {logging_mixin.py:190} INFO - [2025-11-06T19:49:09.083+0000] {override.py:1900} INFO - Created Permission View: can delete on DAG Run:example_bash_decorator
[2025-11-06T19:49:09.084+0000] {logging_mixin.py:190} INFO - [2025-11-06T19:49:09.084+0000] {override.py:1900} INFO - Created Permission View: can read on DAG Run:example_bash_decorator
[2025-11-06T19:49:09.085+0000] {logging_mixin.py:190} INFO - [2025-11-06T19:49:09.085+0000] {override.py:1900} INFO - Created Permission View: menu access on DAG Run:example_bash_decorator
[2025-11-06T19:49:09.086+0000] {logging_mixin.py:190} INFO - [2025-11-06T19:49:09.086+0000] {override.py:1900} INFO - Created Permission View: can create on DAG Run:example_bash_decorator
[2025-11-06T19:49:09.087+0000] {logging_mixin.py:190} INFO - [2025-11-06T19:49:09.087+0000] {dag.py:3239} INFO - Sync 1 DAGs
[2025-11-06T19:49:09.090+0000] {logging_mixin.py:190} INFO - [2025-11-06T19:49:09.090+0000] {dag.py:3262} INFO - Creating ORM DAG for example_bash_decorator
[2025-11-06T19:49:09.091+0000] {logging_mixin.py:190} INFO - [2025-11-06T19:49:09.091+0000] {dag.py:4180} INFO - Setting next_dagrun for example_bash_decorator to None, run_after=None
[2025-11-06T19:49:09.094+0000] {processor.py:208} INFO - Processing /home/airflow/.local/lib/python3.12/site-packages/airflow/example_dags/example_bash_decorator.py took 0.063 seconds
[2025-11-06T19:49:39.707+0000] {processor.py:186} INFO - Started process (PID=131) to work on /home/airflow/.local/lib/python3.12/site-packages/airflow/example_dags/example_bash_decorator.py
[2025-11-06T19:49:39.708+0000] {processor.py:914} INFO - Processing file /home/airflow/.local/lib/python3.12/site-packages/airflow/example_dags/example_bash_decorator.py for tasks to queue
[2025-11-06T19:49:39.710+0000] {logging_mixin.py:190} INFO - [2025-11-06T19:49:39.710+0000] {dagbag.py:588} INFO - Filling up the DagBag from /home/airflow/.local/lib/python3.12/site-packages/airflow/example_dags/example_bash_decorator.py
[2025-11-06T19:49:39.716+0000] {processor.py:925} INFO - DAG(s) 'example_bash_decorator' retrieved from /home/airflow/.local/lib/python3.12/site-packages/airflow/example_dags/example_bash_decorator.py
[2025-11-06T19:49:39.726+0000] {logging_mixin.py:190} INFO - [2025-11-06T19:49:39.726+0000] {dag.py:3239} INFO - Sync 1 DAGs
[2025-11-06T19:49:39.731+0000] {logging_mixin.py:190} INFO - [2025-11-06T19:49:39.731+0000] {dag.py:4180} INFO - Setting next_dagrun for example_bash_decorator to None, run_after=None
[2025-11-06T19:49:39.736+0000] {processor.py:208} INFO - Processing /home/airflow/.local/lib/python3.12/site-packages/airflow/example_dags/example_bash_decorator.py took 0.031 seconds
[2025-11-06T19:50:20.538+0000] {processor.py:186} INFO - Started process (PID=68) to work on /home/airflow/.local/lib/python3.12/site-packages/airflow/example_dags/example_bash_decorator.py
[2025-11-06T19:50:20.540+0000] {processor.py:914} INFO - Processing file /home/airflow/.local/lib/python3.12/site-packages/airflow/example_dags/example_bash_decorator.py for tasks to queue
[2025-11-06T19:50:20.541+0000] {logging_mixin.py:190} INFO - [2025-11-06T19:50:20.541+0000] {dagbag.py:588} INFO - Filling up the DagBag from /home/airflow/.local/lib/python3.12/site-packages/airflow/example_dags/example_bash_decorator.py
[2025-11-06T19:50:20.550+0000] {processor.py:925} INFO - DAG(s) 'example_bash_decorator' retrieved from /home/airflow/.local/lib/python3.12/site-packages/airflow/example_dags/example_bash_decorator.py
[2025-11-06T19:50:20.596+0000] {logging_mixin.py:190} INFO - [2025-11-06T19:50:20.596+0000] {dag.py:3239} INFO - Sync 1 DAGs
[2025-11-06T19:50:20.600+0000] {logging_mixin.py:190} INFO - [2025-11-06T19:50:20.600+0000] {dag.py:4180} INFO - Setting next_dagrun for example_bash_decorator to None, run_after=None
[2025-11-06T19:50:20.609+0000] {processor.py:208} INFO - Processing /home/airflow/.local/lib/python3.12/site-packages/airflow/example_dags/example_bash_decorator.py took 0.074 seconds
[2025-11-06T19:50:51.252+0000] {processor.py:186} INFO - Started process (PID=130) to work on /home/airflow/.local/lib/python3.12/site-packages/airflow/example_dags/example_bash_decorator.py
[2025-11-06T19:50:51.252+0000] {processor.py:914} INFO - Processing file /home/airflow/.local/lib/python3.12/site-packages/airflow/example_dags/example_bash_decorator.py for tasks to queue
[2025-11-06T19:50:51.253+0000] {logging_mixin.py:190} INFO - [2025-11-06T19:50:51.253+0000] {dagbag.py:588} INFO - Filling up the DagBag from /home/airflow/.local/lib/python3.12/site-packages/airflow/example_dags/example_bash_decorator.py
[2025-11-06T19:50:51.258+0000] {processor.py:925} INFO - DAG(s) 'example_bash_decorator' retrieved from /home/airflow/.local/lib/python3.12/site-packages/airflow/example_dags/example_bash_decorator.py
[2025-11-06T19:50:51.267+0000] {logging_mixin.py:190} INFO - [2025-11-06T19:50:51.267+0000] {dag.py:3239} INFO - Sync 1 DAGs
[2025-11-06T19:50:51.272+0000] {logging_mixin.py:190} INFO - [2025-11-06T19:50:51.272+0000] {dag.py:4180} INFO - Setting next_dagrun for example_bash_decorator to None, run_after=None
[2025-11-06T19:50:51.276+0000] {processor.py:208} INFO - Processing /home/airflow/.local/lib/python3.12/site-packages/airflow/example_dags/example_bash_decorator.py took 0.027 seconds
[2025-11-06T19:51:21.775+0000] {processor.py:186} INFO - Started process (PID=192) to work on /home/airflow/.local/lib/python3.12/site-packages/airflow/example_dags/example_bash_decorator.py
[2025-11-06T19:51:21.776+0000] {processor.py:914} INFO - Processing file /home/airflow/.local/lib/python3.12/site-packages/airflow/example_dags/example_bash_decorator.py for tasks to queue
[2025-11-06T19:51:21.776+0000] {logging_mixin.py:190} INFO - [2025-11-06T19:51:21.776+0000] {dagbag.py:588} INFO - Filling up the DagBag from /home/airflow/.local/lib/python3.12/site-packages/airflow/example_dags/example_bash_decorator.py
[2025-11-06T19:51:21.781+0000] {processor.py:925} INFO - DAG(s) 'example_bash_decorator' retrieved from /home/airflow/.local/lib/python3.12/site-packages/airflow/example_dags/example_bash_decorator.py
[2025-11-06T19:51:21.799+0000] {logging_mixin.py:190} INFO - [2025-11-06T19:51:21.799+0000] {dag.py:3239} INFO - Sync 1 DAGs
[2025-11-06T19:51:21.804+0000] {logging_mixin.py:190} INFO - [2025-11-06T19:51:21.804+0000] {dag.py:4180} INFO - Setting next_dagrun for example_bash_decorator to None, run_after=None
[2025-11-06T19:51:21.810+0000] {processor.py:208} INFO - Processing /home/airflow/.local/lib/python3.12/site-packages/airflow/example_dags/example_bash_decorator.py took 0.037 seconds
[2025-11-06T19:51:52.336+0000] {processor.py:186} INFO - Started process (PID=254) to work on /home/airflow/.local/lib/python3.12/site-packages/airflow/example_dags/example_bash_decorator.py
[2025-11-06T19:51:52.338+0000] {processor.py:914} INFO - Processing file /home/airflow/.local/lib/python3.12/site-packages/airflow/example_dags/example_bash_decorator.py for tasks to queue
[2025-11-06T19:51:52.339+0000] {logging_mixin.py:190} INFO - [2025-11-06T19:51:52.339+0000] {dagbag.py:588} INFO - Filling up the DagBag from /home/airflow/.local/lib/python3.12/site-packages/airflow/example_dags/example_bash_decorator.py
[2025-11-06T19:51:52.346+0000] {processor.py:925} INFO - DAG(s) 'example_bash_decorator' retrieved from /home/airflow/.local/lib/python3.12/site-packages/airflow/example_dags/example_bash_decorator.py
[2025-11-06T19:51:52.356+0000] {logging_mixin.py:190} INFO - [2025-11-06T19:51:52.356+0000] {dag.py:3239} INFO - Sync 1 DAGs
[2025-11-06T19:51:52.361+0000] {logging_mixin.py:190} INFO - [2025-11-06T19:51:52.361+0000] {dag.py:4180} INFO - Setting next_dagrun for example_bash_decorator to None, run_after=None
[2025-11-06T19:51:52.369+0000] {processor.py:208} INFO - Processing /home/airflow/.local/lib/python3.12/site-packages/airflow/example_dags/example_bash_decorator.py took 0.035 seconds
[2025-11-06T19:52:22.953+0000] {processor.py:186} INFO - Started process (PID=316) to work on /home/airflow/.local/lib/python3.12/site-packages/airflow/example_dags/example_bash_decorator.py
[2025-11-06T19:52:22.953+0000] {processor.py:914} INFO - Processing file /home/airflow/.local/lib/python3.12/site-packages/airflow/example_dags/example_bash_decorator.py for tasks to queue
[2025-11-06T19:52:22.954+0000] {logging_mixin.py:190} INFO - [2025-11-06T19:52:22.954+0000] {dagbag.py:588} INFO - Filling up the DagBag from /home/airflow/.local/lib/python3.12/site-packages/airflow/example_dags/example_bash_decorator.py
[2025-11-06T19:52:22.959+0000] {processor.py:925} INFO - DAG(s) 'example_bash_decorator' retrieved from /home/airflow/.local/lib/python3.12/site-packages/airflow/example_dags/example_bash_decorator.py
[2025-11-06T19:52:22.968+0000] {logging_mixin.py:190} INFO - [2025-11-06T19:52:22.968+0000] {dag.py:3239} INFO - Sync 1 DAGs
[2025-11-06T19:52:22.972+0000] {logging_mixin.py:190} INFO - [2025-11-06T19:52:22.972+0000] {dag.py:4180} INFO - Setting next_dagrun for example_bash_decorator to None, run_after=None
[2025-11-06T19:52:22.977+0000] {processor.py:208} INFO - Processing /home/airflow/.local/lib/python3.12/site-packages/airflow/example_dags/example_bash_decorator.py took 0.026 seconds
[2025-11-06T19:52:53.779+0000] {processor.py:186} INFO - Started process (PID=378) to work on /home/airflow/.local/lib/python3.12/site-packages/airflow/example_dags/example_bash_decorator.py
[2025-11-06T19:52:53.780+0000] {processor.py:914} INFO - Processing file /home/airflow/.local/lib/python3.12/site-packages/airflow/example_dags/example_bash_decorator.py for tasks to queue
[2025-11-06T19:52:53.781+0000] {logging_mixin.py:190} INFO - [2025-11-06T19:52:53.781+0000] {dagbag.py:588} INFO - Filling up the DagBag from /home/airflow/.local/lib/python3.12/site-packages/airflow/example_dags/example_bash_decorator.py
[2025-11-06T19:52:53.787+0000] {processor.py:925} INFO - DAG(s) 'example_bash_decorator' retrieved from /home/airflow/.local/lib/python3.12/site-packages/airflow/example_dags/example_bash_decorator.py
[2025-11-06T19:52:53.802+0000] {logging_mixin.py:190} INFO - [2025-11-06T19:52:53.802+0000] {dag.py:3239} INFO - Sync 1 DAGs
[2025-11-06T19:52:53.809+0000] {logging_mixin.py:190} INFO - [2025-11-06T19:52:53.809+0000] {dag.py:4180} INFO - Setting next_dagrun for example_bash_decorator to None, run_after=None
[2025-11-06T19:52:53.822+0000] {processor.py:208} INFO - Processing /home/airflow/.local/lib/python3.12/site-packages/airflow/example_dags/example_bash_decorator.py took 0.045 seconds
[2025-11-06T19:53:24.556+0000] {processor.py:186} INFO - Started process (PID=440) to work on /home/airflow/.local/lib/python3.12/site-packages/airflow/example_dags/example_bash_decorator.py
[2025-11-06T19:53:24.557+0000] {processor.py:914} INFO - Processing file /home/airflow/.local/lib/python3.12/site-packages/airflow/example_dags/example_bash_decorator.py for tasks to queue
[2025-11-06T19:53:24.558+0000] {logging_mixin.py:190} INFO - [2025-11-06T19:53:24.558+0000] {dagbag.py:588} INFO - Filling up the DagBag from /home/airflow/.local/lib/python3.12/site-packages/airflow/example_dags/example_bash_decorator.py
[2025-11-06T19:53:24.564+0000] {processor.py:925} INFO - DAG(s) 'example_bash_decorator' retrieved from /home/airflow/.local/lib/python3.12/site-packages/airflow/example_dags/example_bash_decorator.py
[2025-11-06T19:53:24.574+0000] {logging_mixin.py:190} INFO - [2025-11-06T19:53:24.573+0000] {dag.py:3239} INFO - Sync 1 DAGs
[2025-11-06T19:53:24.578+0000] {logging_mixin.py:190} INFO - [2025-11-06T19:53:24.578+0000] {dag.py:4180} INFO - Setting next_dagrun for example_bash_decorator to None, run_after=None
[2025-11-06T19:53:24.583+0000] {processor.py:208} INFO - Processing /home/airflow/.local/lib/python3.12/site-packages/airflow/example_dags/example_bash_decorator.py took 0.029 seconds
[2025-11-06T19:53:55.142+0000] {processor.py:186} INFO - Started process (PID=502) to work on /home/airflow/.local/lib/python3.12/site-packages/airflow/example_dags/example_bash_decorator.py
[2025-11-06T19:53:55.144+0000] {processor.py:914} INFO - Processing file /home/airflow/.local/lib/python3.12/site-packages/airflow/example_dags/example_bash_decorator.py for tasks to queue
[2025-11-06T19:53:55.145+0000] {logging_mixin.py:190} INFO - [2025-11-06T19:53:55.144+0000] {dagbag.py:588} INFO - Filling up the DagBag from /home/airflow/.local/lib/python3.12/site-packages/airflow/example_dags/example_bash_decorator.py
[2025-11-06T19:53:55.151+0000] {processor.py:925} INFO - DAG(s) 'example_bash_decorator' retrieved from /home/airflow/.local/lib/python3.12/site-packages/airflow/example_dags/example_bash_decorator.py
[2025-11-06T19:53:55.162+0000] {logging_mixin.py:190} INFO - [2025-11-06T19:53:55.162+0000] {dag.py:3239} INFO - Sync 1 DAGs
[2025-11-06T19:53:55.169+0000] {logging_mixin.py:190} INFO - [2025-11-06T19:53:55.169+0000] {dag.py:4180} INFO - Setting next_dagrun for example_bash_decorator to None, run_after=None
[2025-11-06T19:53:55.179+0000] {processor.py:208} INFO - Processing /home/airflow/.local/lib/python3.12/site-packages/airflow/example_dags/example_bash_decorator.py took 0.039 seconds
