[2025-11-06T19:49:08.635+0000] {processor.py:186} INFO - Started process (PID=59) to work on /home/airflow/.local/lib/python3.12/site-packages/airflow/example_dags/example_sensors.py
[2025-11-06T19:49:08.636+0000] {processor.py:914} INFO - Processing file /home/airflow/.local/lib/python3.12/site-packages/airflow/example_dags/example_sensors.py for tasks to queue
[2025-11-06T19:49:08.637+0000] {logging_mixin.py:190} INFO - [2025-11-06T19:49:08.637+0000] {dagbag.py:588} INFO - Filling up the DagBag from /home/airflow/.local/lib/python3.12/site-packages/airflow/example_dags/example_sensors.py
[2025-11-06T19:49:08.642+0000] {processor.py:925} INFO - DAG(s) 'example_sensors' retrieved from /home/airflow/.local/lib/python3.12/site-packages/airflow/example_dags/example_sensors.py
[2025-11-06T19:49:08.682+0000] {logging_mixin.py:190} INFO - [2025-11-06T19:49:08.681+0000] {override.py:1900} INFO - Created Permission View: can delete on DAG:example_sensors
[2025-11-06T19:49:08.686+0000] {logging_mixin.py:190} INFO - [2025-11-06T19:49:08.686+0000] {override.py:1900} INFO - Created Permission View: can read on DAG:example_sensors
[2025-11-06T19:49:08.688+0000] {logging_mixin.py:190} INFO - [2025-11-06T19:49:08.688+0000] {override.py:1900} INFO - Created Permission View: can edit on DAG:example_sensors
[2025-11-06T19:49:08.689+0000] {logging_mixin.py:190} INFO - [2025-11-06T19:49:08.689+0000] {override.py:1900} INFO - Created Permission View: can delete on DAG Run:example_sensors
[2025-11-06T19:49:08.692+0000] {logging_mixin.py:190} INFO - [2025-11-06T19:49:08.691+0000] {override.py:1900} INFO - Created Permission View: can read on DAG Run:example_sensors
[2025-11-06T19:49:08.693+0000] {logging_mixin.py:190} INFO - [2025-11-06T19:49:08.693+0000] {override.py:1900} INFO - Created Permission View: menu access on DAG Run:example_sensors
[2025-11-06T19:49:08.695+0000] {logging_mixin.py:190} INFO - [2025-11-06T19:49:08.695+0000] {override.py:1900} INFO - Created Permission View: can create on DAG Run:example_sensors
[2025-11-06T19:49:08.695+0000] {logging_mixin.py:190} INFO - [2025-11-06T19:49:08.695+0000] {dag.py:3239} INFO - Sync 1 DAGs
[2025-11-06T19:49:08.699+0000] {logging_mixin.py:190} INFO - [2025-11-06T19:49:08.699+0000] {dag.py:3262} INFO - Creating ORM DAG for example_sensors
[2025-11-06T19:49:08.699+0000] {logging_mixin.py:190} INFO - [2025-11-06T19:49:08.699+0000] {dag.py:4180} INFO - Setting next_dagrun for example_sensors to None, run_after=None
[2025-11-06T19:49:08.704+0000] {processor.py:208} INFO - Processing /home/airflow/.local/lib/python3.12/site-packages/airflow/example_dags/example_sensors.py took 0.071 seconds
[2025-11-06T19:49:39.517+0000] {processor.py:186} INFO - Started process (PID=121) to work on /home/airflow/.local/lib/python3.12/site-packages/airflow/example_dags/example_sensors.py
[2025-11-06T19:49:39.518+0000] {processor.py:914} INFO - Processing file /home/airflow/.local/lib/python3.12/site-packages/airflow/example_dags/example_sensors.py for tasks to queue
[2025-11-06T19:49:39.519+0000] {logging_mixin.py:190} INFO - [2025-11-06T19:49:39.519+0000] {dagbag.py:588} INFO - Filling up the DagBag from /home/airflow/.local/lib/python3.12/site-packages/airflow/example_dags/example_sensors.py
[2025-11-06T19:49:39.523+0000] {processor.py:925} INFO - DAG(s) 'example_sensors' retrieved from /home/airflow/.local/lib/python3.12/site-packages/airflow/example_dags/example_sensors.py
[2025-11-06T19:49:39.534+0000] {logging_mixin.py:190} INFO - [2025-11-06T19:49:39.534+0000] {dag.py:3239} INFO - Sync 1 DAGs
[2025-11-06T19:49:39.539+0000] {logging_mixin.py:190} INFO - [2025-11-06T19:49:39.539+0000] {dag.py:4180} INFO - Setting next_dagrun for example_sensors to None, run_after=None
[2025-11-06T19:49:39.545+0000] {processor.py:208} INFO - Processing /home/airflow/.local/lib/python3.12/site-packages/airflow/example_dags/example_sensors.py took 0.029 seconds
[2025-11-06T19:50:20.229+0000] {processor.py:186} INFO - Started process (PID=58) to work on /home/airflow/.local/lib/python3.12/site-packages/airflow/example_dags/example_sensors.py
[2025-11-06T19:50:20.230+0000] {processor.py:914} INFO - Processing file /home/airflow/.local/lib/python3.12/site-packages/airflow/example_dags/example_sensors.py for tasks to queue
[2025-11-06T19:50:20.231+0000] {logging_mixin.py:190} INFO - [2025-11-06T19:50:20.231+0000] {dagbag.py:588} INFO - Filling up the DagBag from /home/airflow/.local/lib/python3.12/site-packages/airflow/example_dags/example_sensors.py
[2025-11-06T19:50:20.238+0000] {processor.py:925} INFO - DAG(s) 'example_sensors' retrieved from /home/airflow/.local/lib/python3.12/site-packages/airflow/example_dags/example_sensors.py
[2025-11-06T19:50:20.251+0000] {logging_mixin.py:190} INFO - [2025-11-06T19:50:20.251+0000] {dag.py:3239} INFO - Sync 1 DAGs
[2025-11-06T19:50:20.256+0000] {logging_mixin.py:190} INFO - [2025-11-06T19:50:20.256+0000] {dag.py:4180} INFO - Setting next_dagrun for example_sensors to None, run_after=None
[2025-11-06T19:50:20.262+0000] {processor.py:208} INFO - Processing /home/airflow/.local/lib/python3.12/site-packages/airflow/example_dags/example_sensors.py took 0.035 seconds
[2025-11-06T19:50:51.009+0000] {processor.py:186} INFO - Started process (PID=120) to work on /home/airflow/.local/lib/python3.12/site-packages/airflow/example_dags/example_sensors.py
[2025-11-06T19:50:51.009+0000] {processor.py:914} INFO - Processing file /home/airflow/.local/lib/python3.12/site-packages/airflow/example_dags/example_sensors.py for tasks to queue
[2025-11-06T19:50:51.010+0000] {logging_mixin.py:190} INFO - [2025-11-06T19:50:51.010+0000] {dagbag.py:588} INFO - Filling up the DagBag from /home/airflow/.local/lib/python3.12/site-packages/airflow/example_dags/example_sensors.py
[2025-11-06T19:50:51.014+0000] {processor.py:925} INFO - DAG(s) 'example_sensors' retrieved from /home/airflow/.local/lib/python3.12/site-packages/airflow/example_dags/example_sensors.py
[2025-11-06T19:50:51.033+0000] {logging_mixin.py:190} INFO - [2025-11-06T19:50:51.033+0000] {dag.py:3239} INFO - Sync 1 DAGs
[2025-11-06T19:50:51.037+0000] {logging_mixin.py:190} INFO - [2025-11-06T19:50:51.037+0000] {dag.py:4180} INFO - Setting next_dagrun for example_sensors to None, run_after=None
[2025-11-06T19:50:51.046+0000] {processor.py:208} INFO - Processing /home/airflow/.local/lib/python3.12/site-packages/airflow/example_dags/example_sensors.py took 0.039 seconds
[2025-11-06T19:51:21.554+0000] {processor.py:186} INFO - Started process (PID=182) to work on /home/airflow/.local/lib/python3.12/site-packages/airflow/example_dags/example_sensors.py
[2025-11-06T19:51:21.555+0000] {processor.py:914} INFO - Processing file /home/airflow/.local/lib/python3.12/site-packages/airflow/example_dags/example_sensors.py for tasks to queue
[2025-11-06T19:51:21.556+0000] {logging_mixin.py:190} INFO - [2025-11-06T19:51:21.556+0000] {dagbag.py:588} INFO - Filling up the DagBag from /home/airflow/.local/lib/python3.12/site-packages/airflow/example_dags/example_sensors.py
[2025-11-06T19:51:21.561+0000] {processor.py:925} INFO - DAG(s) 'example_sensors' retrieved from /home/airflow/.local/lib/python3.12/site-packages/airflow/example_dags/example_sensors.py
[2025-11-06T19:51:21.573+0000] {logging_mixin.py:190} INFO - [2025-11-06T19:51:21.573+0000] {dag.py:3239} INFO - Sync 1 DAGs
[2025-11-06T19:51:21.579+0000] {logging_mixin.py:190} INFO - [2025-11-06T19:51:21.579+0000] {dag.py:4180} INFO - Setting next_dagrun for example_sensors to None, run_after=None
[2025-11-06T19:51:21.587+0000] {processor.py:208} INFO - Processing /home/airflow/.local/lib/python3.12/site-packages/airflow/example_dags/example_sensors.py took 0.035 seconds
[2025-11-06T19:51:52.118+0000] {processor.py:186} INFO - Started process (PID=244) to work on /home/airflow/.local/lib/python3.12/site-packages/airflow/example_dags/example_sensors.py
[2025-11-06T19:51:52.119+0000] {processor.py:914} INFO - Processing file /home/airflow/.local/lib/python3.12/site-packages/airflow/example_dags/example_sensors.py for tasks to queue
[2025-11-06T19:51:52.120+0000] {logging_mixin.py:190} INFO - [2025-11-06T19:51:52.120+0000] {dagbag.py:588} INFO - Filling up the DagBag from /home/airflow/.local/lib/python3.12/site-packages/airflow/example_dags/example_sensors.py
[2025-11-06T19:51:52.124+0000] {processor.py:925} INFO - DAG(s) 'example_sensors' retrieved from /home/airflow/.local/lib/python3.12/site-packages/airflow/example_dags/example_sensors.py
[2025-11-06T19:51:52.135+0000] {logging_mixin.py:190} INFO - [2025-11-06T19:51:52.135+0000] {dag.py:3239} INFO - Sync 1 DAGs
[2025-11-06T19:51:52.140+0000] {logging_mixin.py:190} INFO - [2025-11-06T19:51:52.140+0000] {dag.py:4180} INFO - Setting next_dagrun for example_sensors to None, run_after=None
[2025-11-06T19:51:52.149+0000] {processor.py:208} INFO - Processing /home/airflow/.local/lib/python3.12/site-packages/airflow/example_dags/example_sensors.py took 0.033 seconds
[2025-11-06T19:52:22.716+0000] {processor.py:186} INFO - Started process (PID=306) to work on /home/airflow/.local/lib/python3.12/site-packages/airflow/example_dags/example_sensors.py
[2025-11-06T19:52:22.717+0000] {processor.py:914} INFO - Processing file /home/airflow/.local/lib/python3.12/site-packages/airflow/example_dags/example_sensors.py for tasks to queue
[2025-11-06T19:52:22.718+0000] {logging_mixin.py:190} INFO - [2025-11-06T19:52:22.718+0000] {dagbag.py:588} INFO - Filling up the DagBag from /home/airflow/.local/lib/python3.12/site-packages/airflow/example_dags/example_sensors.py
[2025-11-06T19:52:22.722+0000] {processor.py:925} INFO - DAG(s) 'example_sensors' retrieved from /home/airflow/.local/lib/python3.12/site-packages/airflow/example_dags/example_sensors.py
[2025-11-06T19:52:22.733+0000] {logging_mixin.py:190} INFO - [2025-11-06T19:52:22.733+0000] {dag.py:3239} INFO - Sync 1 DAGs
[2025-11-06T19:52:22.739+0000] {logging_mixin.py:190} INFO - [2025-11-06T19:52:22.739+0000] {dag.py:4180} INFO - Setting next_dagrun for example_sensors to None, run_after=None
[2025-11-06T19:52:22.745+0000] {processor.py:208} INFO - Processing /home/airflow/.local/lib/python3.12/site-packages/airflow/example_dags/example_sensors.py took 0.031 seconds
[2025-11-06T19:52:53.437+0000] {processor.py:186} INFO - Started process (PID=368) to work on /home/airflow/.local/lib/python3.12/site-packages/airflow/example_dags/example_sensors.py
[2025-11-06T19:52:53.439+0000] {processor.py:914} INFO - Processing file /home/airflow/.local/lib/python3.12/site-packages/airflow/example_dags/example_sensors.py for tasks to queue
[2025-11-06T19:52:53.440+0000] {logging_mixin.py:190} INFO - [2025-11-06T19:52:53.440+0000] {dagbag.py:588} INFO - Filling up the DagBag from /home/airflow/.local/lib/python3.12/site-packages/airflow/example_dags/example_sensors.py
[2025-11-06T19:52:53.445+0000] {processor.py:925} INFO - DAG(s) 'example_sensors' retrieved from /home/airflow/.local/lib/python3.12/site-packages/airflow/example_dags/example_sensors.py
[2025-11-06T19:52:53.468+0000] {logging_mixin.py:190} INFO - [2025-11-06T19:52:53.468+0000] {dag.py:3239} INFO - Sync 1 DAGs
[2025-11-06T19:52:53.476+0000] {logging_mixin.py:190} INFO - [2025-11-06T19:52:53.476+0000] {dag.py:4180} INFO - Setting next_dagrun for example_sensors to None, run_after=None
[2025-11-06T19:52:53.491+0000] {processor.py:208} INFO - Processing /home/airflow/.local/lib/python3.12/site-packages/airflow/example_dags/example_sensors.py took 0.056 seconds
[2025-11-06T19:53:24.317+0000] {processor.py:186} INFO - Started process (PID=430) to work on /home/airflow/.local/lib/python3.12/site-packages/airflow/example_dags/example_sensors.py
[2025-11-06T19:53:24.317+0000] {processor.py:914} INFO - Processing file /home/airflow/.local/lib/python3.12/site-packages/airflow/example_dags/example_sensors.py for tasks to queue
[2025-11-06T19:53:24.318+0000] {logging_mixin.py:190} INFO - [2025-11-06T19:53:24.318+0000] {dagbag.py:588} INFO - Filling up the DagBag from /home/airflow/.local/lib/python3.12/site-packages/airflow/example_dags/example_sensors.py
[2025-11-06T19:53:24.322+0000] {processor.py:925} INFO - DAG(s) 'example_sensors' retrieved from /home/airflow/.local/lib/python3.12/site-packages/airflow/example_dags/example_sensors.py
[2025-11-06T19:53:24.339+0000] {logging_mixin.py:190} INFO - [2025-11-06T19:53:24.339+0000] {dag.py:3239} INFO - Sync 1 DAGs
[2025-11-06T19:53:24.345+0000] {logging_mixin.py:190} INFO - [2025-11-06T19:53:24.345+0000] {dag.py:4180} INFO - Setting next_dagrun for example_sensors to None, run_after=None
[2025-11-06T19:53:24.354+0000] {processor.py:208} INFO - Processing /home/airflow/.local/lib/python3.12/site-packages/airflow/example_dags/example_sensors.py took 0.040 seconds
[2025-11-06T19:53:54.919+0000] {processor.py:186} INFO - Started process (PID=492) to work on /home/airflow/.local/lib/python3.12/site-packages/airflow/example_dags/example_sensors.py
[2025-11-06T19:53:54.920+0000] {processor.py:914} INFO - Processing file /home/airflow/.local/lib/python3.12/site-packages/airflow/example_dags/example_sensors.py for tasks to queue
[2025-11-06T19:53:54.921+0000] {logging_mixin.py:190} INFO - [2025-11-06T19:53:54.921+0000] {dagbag.py:588} INFO - Filling up the DagBag from /home/airflow/.local/lib/python3.12/site-packages/airflow/example_dags/example_sensors.py
[2025-11-06T19:53:54.926+0000] {processor.py:925} INFO - DAG(s) 'example_sensors' retrieved from /home/airflow/.local/lib/python3.12/site-packages/airflow/example_dags/example_sensors.py
[2025-11-06T19:53:54.937+0000] {logging_mixin.py:190} INFO - [2025-11-06T19:53:54.937+0000] {dag.py:3239} INFO - Sync 1 DAGs
[2025-11-06T19:53:54.942+0000] {logging_mixin.py:190} INFO - [2025-11-06T19:53:54.942+0000] {dag.py:4180} INFO - Setting next_dagrun for example_sensors to None, run_after=None
[2025-11-06T19:53:54.952+0000] {processor.py:208} INFO - Processing /home/airflow/.local/lib/python3.12/site-packages/airflow/example_dags/example_sensors.py took 0.035 seconds
