[2025-11-06T19:49:08.991+0000] {processor.py:186} INFO - Started process (PID=68) to work on /home/airflow/.local/lib/python3.12/site-packages/airflow/example_dags/example_dynamic_task_mapping.py
[2025-11-06T19:49:08.992+0000] {processor.py:914} INFO - Processing file /home/airflow/.local/lib/python3.12/site-packages/airflow/example_dags/example_dynamic_task_mapping.py for tasks to queue
[2025-11-06T19:49:08.993+0000] {logging_mixin.py:190} INFO - [2025-11-06T19:49:08.993+0000] {dagbag.py:588} INFO - Filling up the DagBag from /home/airflow/.local/lib/python3.12/site-packages/airflow/example_dags/example_dynamic_task_mapping.py
[2025-11-06T19:49:08.997+0000] {processor.py:925} INFO - DAG(s) 'example_dynamic_task_mapping' retrieved from /home/airflow/.local/lib/python3.12/site-packages/airflow/example_dags/example_dynamic_task_mapping.py
[2025-11-06T19:49:09.034+0000] {logging_mixin.py:190} INFO - [2025-11-06T19:49:09.033+0000] {override.py:1900} INFO - Created Permission View: can delete on DAG:example_dynamic_task_mapping
[2025-11-06T19:49:09.036+0000] {logging_mixin.py:190} INFO - [2025-11-06T19:49:09.036+0000] {override.py:1900} INFO - Created Permission View: can read on DAG:example_dynamic_task_mapping
[2025-11-06T19:49:09.038+0000] {logging_mixin.py:190} INFO - [2025-11-06T19:49:09.038+0000] {override.py:1900} INFO - Created Permission View: can edit on DAG:example_dynamic_task_mapping
[2025-11-06T19:49:09.040+0000] {logging_mixin.py:190} INFO - [2025-11-06T19:49:09.039+0000] {override.py:1900} INFO - Created Permission View: can delete on DAG Run:example_dynamic_task_mapping
[2025-11-06T19:49:09.041+0000] {logging_mixin.py:190} INFO - [2025-11-06T19:49:09.041+0000] {override.py:1900} INFO - Created Permission View: can read on DAG Run:example_dynamic_task_mapping
[2025-11-06T19:49:09.042+0000] {logging_mixin.py:190} INFO - [2025-11-06T19:49:09.042+0000] {override.py:1900} INFO - Created Permission View: menu access on DAG Run:example_dynamic_task_mapping
[2025-11-06T19:49:09.043+0000] {logging_mixin.py:190} INFO - [2025-11-06T19:49:09.043+0000] {override.py:1900} INFO - Created Permission View: can create on DAG Run:example_dynamic_task_mapping
[2025-11-06T19:49:09.043+0000] {logging_mixin.py:190} INFO - [2025-11-06T19:49:09.043+0000] {dag.py:3239} INFO - Sync 1 DAGs
[2025-11-06T19:49:09.047+0000] {logging_mixin.py:190} INFO - [2025-11-06T19:49:09.047+0000] {dag.py:3262} INFO - Creating ORM DAG for example_dynamic_task_mapping
[2025-11-06T19:49:09.047+0000] {logging_mixin.py:190} INFO - [2025-11-06T19:49:09.047+0000] {dag.py:4180} INFO - Setting next_dagrun for example_dynamic_task_mapping to None, run_after=None
[2025-11-06T19:49:09.051+0000] {processor.py:208} INFO - Processing /home/airflow/.local/lib/python3.12/site-packages/airflow/example_dags/example_dynamic_task_mapping.py took 0.063 seconds
[2025-11-06T19:49:39.683+0000] {processor.py:186} INFO - Started process (PID=130) to work on /home/airflow/.local/lib/python3.12/site-packages/airflow/example_dags/example_dynamic_task_mapping.py
[2025-11-06T19:49:39.684+0000] {processor.py:914} INFO - Processing file /home/airflow/.local/lib/python3.12/site-packages/airflow/example_dags/example_dynamic_task_mapping.py for tasks to queue
[2025-11-06T19:49:39.685+0000] {logging_mixin.py:190} INFO - [2025-11-06T19:49:39.685+0000] {dagbag.py:588} INFO - Filling up the DagBag from /home/airflow/.local/lib/python3.12/site-packages/airflow/example_dags/example_dynamic_task_mapping.py
[2025-11-06T19:49:39.689+0000] {processor.py:925} INFO - DAG(s) 'example_dynamic_task_mapping' retrieved from /home/airflow/.local/lib/python3.12/site-packages/airflow/example_dags/example_dynamic_task_mapping.py
[2025-11-06T19:49:39.698+0000] {logging_mixin.py:190} INFO - [2025-11-06T19:49:39.698+0000] {dag.py:3239} INFO - Sync 1 DAGs
[2025-11-06T19:49:39.703+0000] {logging_mixin.py:190} INFO - [2025-11-06T19:49:39.702+0000] {dag.py:4180} INFO - Setting next_dagrun for example_dynamic_task_mapping to None, run_after=None
[2025-11-06T19:49:39.708+0000] {processor.py:208} INFO - Processing /home/airflow/.local/lib/python3.12/site-packages/airflow/example_dags/example_dynamic_task_mapping.py took 0.027 seconds
[2025-11-06T19:50:20.534+0000] {processor.py:186} INFO - Started process (PID=67) to work on /home/airflow/.local/lib/python3.12/site-packages/airflow/example_dags/example_dynamic_task_mapping.py
[2025-11-06T19:50:20.535+0000] {processor.py:914} INFO - Processing file /home/airflow/.local/lib/python3.12/site-packages/airflow/example_dags/example_dynamic_task_mapping.py for tasks to queue
[2025-11-06T19:50:20.536+0000] {logging_mixin.py:190} INFO - [2025-11-06T19:50:20.536+0000] {dagbag.py:588} INFO - Filling up the DagBag from /home/airflow/.local/lib/python3.12/site-packages/airflow/example_dags/example_dynamic_task_mapping.py
[2025-11-06T19:50:20.540+0000] {processor.py:925} INFO - DAG(s) 'example_dynamic_task_mapping' retrieved from /home/airflow/.local/lib/python3.12/site-packages/airflow/example_dags/example_dynamic_task_mapping.py
[2025-11-06T19:50:20.556+0000] {logging_mixin.py:190} INFO - [2025-11-06T19:50:20.556+0000] {dag.py:3239} INFO - Sync 1 DAGs
[2025-11-06T19:50:20.562+0000] {logging_mixin.py:190} INFO - [2025-11-06T19:50:20.562+0000] {dag.py:4180} INFO - Setting next_dagrun for example_dynamic_task_mapping to None, run_after=None
[2025-11-06T19:50:20.584+0000] {processor.py:208} INFO - Processing /home/airflow/.local/lib/python3.12/site-packages/airflow/example_dags/example_dynamic_task_mapping.py took 0.052 seconds
[2025-11-06T19:50:51.219+0000] {processor.py:186} INFO - Started process (PID=129) to work on /home/airflow/.local/lib/python3.12/site-packages/airflow/example_dags/example_dynamic_task_mapping.py
[2025-11-06T19:50:51.220+0000] {processor.py:914} INFO - Processing file /home/airflow/.local/lib/python3.12/site-packages/airflow/example_dags/example_dynamic_task_mapping.py for tasks to queue
[2025-11-06T19:50:51.221+0000] {logging_mixin.py:190} INFO - [2025-11-06T19:50:51.221+0000] {dagbag.py:588} INFO - Filling up the DagBag from /home/airflow/.local/lib/python3.12/site-packages/airflow/example_dags/example_dynamic_task_mapping.py
[2025-11-06T19:50:51.224+0000] {processor.py:925} INFO - DAG(s) 'example_dynamic_task_mapping' retrieved from /home/airflow/.local/lib/python3.12/site-packages/airflow/example_dags/example_dynamic_task_mapping.py
[2025-11-06T19:50:51.233+0000] {logging_mixin.py:190} INFO - [2025-11-06T19:50:51.233+0000] {dag.py:3239} INFO - Sync 1 DAGs
[2025-11-06T19:50:51.238+0000] {logging_mixin.py:190} INFO - [2025-11-06T19:50:51.238+0000] {dag.py:4180} INFO - Setting next_dagrun for example_dynamic_task_mapping to None, run_after=None
[2025-11-06T19:50:51.246+0000] {processor.py:208} INFO - Processing /home/airflow/.local/lib/python3.12/site-packages/airflow/example_dags/example_dynamic_task_mapping.py took 0.030 seconds
[2025-11-06T19:51:21.768+0000] {processor.py:186} INFO - Started process (PID=191) to work on /home/airflow/.local/lib/python3.12/site-packages/airflow/example_dags/example_dynamic_task_mapping.py
[2025-11-06T19:51:21.768+0000] {processor.py:914} INFO - Processing file /home/airflow/.local/lib/python3.12/site-packages/airflow/example_dags/example_dynamic_task_mapping.py for tasks to queue
[2025-11-06T19:51:21.769+0000] {logging_mixin.py:190} INFO - [2025-11-06T19:51:21.769+0000] {dagbag.py:588} INFO - Filling up the DagBag from /home/airflow/.local/lib/python3.12/site-packages/airflow/example_dags/example_dynamic_task_mapping.py
[2025-11-06T19:51:21.772+0000] {processor.py:925} INFO - DAG(s) 'example_dynamic_task_mapping' retrieved from /home/airflow/.local/lib/python3.12/site-packages/airflow/example_dags/example_dynamic_task_mapping.py
[2025-11-06T19:51:21.788+0000] {logging_mixin.py:190} INFO - [2025-11-06T19:51:21.787+0000] {dag.py:3239} INFO - Sync 1 DAGs
[2025-11-06T19:51:21.792+0000] {logging_mixin.py:190} INFO - [2025-11-06T19:51:21.792+0000] {dag.py:4180} INFO - Setting next_dagrun for example_dynamic_task_mapping to None, run_after=None
[2025-11-06T19:51:21.803+0000] {processor.py:208} INFO - Processing /home/airflow/.local/lib/python3.12/site-packages/airflow/example_dags/example_dynamic_task_mapping.py took 0.037 seconds
[2025-11-06T19:51:52.315+0000] {processor.py:186} INFO - Started process (PID=253) to work on /home/airflow/.local/lib/python3.12/site-packages/airflow/example_dags/example_dynamic_task_mapping.py
[2025-11-06T19:51:52.317+0000] {processor.py:914} INFO - Processing file /home/airflow/.local/lib/python3.12/site-packages/airflow/example_dags/example_dynamic_task_mapping.py for tasks to queue
[2025-11-06T19:51:52.317+0000] {logging_mixin.py:190} INFO - [2025-11-06T19:51:52.317+0000] {dagbag.py:588} INFO - Filling up the DagBag from /home/airflow/.local/lib/python3.12/site-packages/airflow/example_dags/example_dynamic_task_mapping.py
[2025-11-06T19:51:52.321+0000] {processor.py:925} INFO - DAG(s) 'example_dynamic_task_mapping' retrieved from /home/airflow/.local/lib/python3.12/site-packages/airflow/example_dags/example_dynamic_task_mapping.py
[2025-11-06T19:51:52.330+0000] {logging_mixin.py:190} INFO - [2025-11-06T19:51:52.330+0000] {dag.py:3239} INFO - Sync 1 DAGs
[2025-11-06T19:51:52.335+0000] {logging_mixin.py:190} INFO - [2025-11-06T19:51:52.335+0000] {dag.py:4180} INFO - Setting next_dagrun for example_dynamic_task_mapping to None, run_after=None
[2025-11-06T19:51:52.344+0000] {processor.py:208} INFO - Processing /home/airflow/.local/lib/python3.12/site-packages/airflow/example_dags/example_dynamic_task_mapping.py took 0.031 seconds
[2025-11-06T19:52:22.914+0000] {processor.py:186} INFO - Started process (PID=315) to work on /home/airflow/.local/lib/python3.12/site-packages/airflow/example_dags/example_dynamic_task_mapping.py
[2025-11-06T19:52:22.916+0000] {processor.py:914} INFO - Processing file /home/airflow/.local/lib/python3.12/site-packages/airflow/example_dags/example_dynamic_task_mapping.py for tasks to queue
[2025-11-06T19:52:22.917+0000] {logging_mixin.py:190} INFO - [2025-11-06T19:52:22.917+0000] {dagbag.py:588} INFO - Filling up the DagBag from /home/airflow/.local/lib/python3.12/site-packages/airflow/example_dags/example_dynamic_task_mapping.py
[2025-11-06T19:52:22.920+0000] {processor.py:925} INFO - DAG(s) 'example_dynamic_task_mapping' retrieved from /home/airflow/.local/lib/python3.12/site-packages/airflow/example_dags/example_dynamic_task_mapping.py
[2025-11-06T19:52:22.929+0000] {logging_mixin.py:190} INFO - [2025-11-06T19:52:22.928+0000] {dag.py:3239} INFO - Sync 1 DAGs
[2025-11-06T19:52:22.935+0000] {logging_mixin.py:190} INFO - [2025-11-06T19:52:22.935+0000] {dag.py:4180} INFO - Setting next_dagrun for example_dynamic_task_mapping to None, run_after=None
[2025-11-06T19:52:22.944+0000] {processor.py:208} INFO - Processing /home/airflow/.local/lib/python3.12/site-packages/airflow/example_dags/example_dynamic_task_mapping.py took 0.032 seconds
[2025-11-06T19:52:53.741+0000] {processor.py:186} INFO - Started process (PID=377) to work on /home/airflow/.local/lib/python3.12/site-packages/airflow/example_dags/example_dynamic_task_mapping.py
[2025-11-06T19:52:53.741+0000] {processor.py:914} INFO - Processing file /home/airflow/.local/lib/python3.12/site-packages/airflow/example_dags/example_dynamic_task_mapping.py for tasks to queue
[2025-11-06T19:52:53.742+0000] {logging_mixin.py:190} INFO - [2025-11-06T19:52:53.742+0000] {dagbag.py:588} INFO - Filling up the DagBag from /home/airflow/.local/lib/python3.12/site-packages/airflow/example_dags/example_dynamic_task_mapping.py
[2025-11-06T19:52:53.746+0000] {processor.py:925} INFO - DAG(s) 'example_dynamic_task_mapping' retrieved from /home/airflow/.local/lib/python3.12/site-packages/airflow/example_dags/example_dynamic_task_mapping.py
[2025-11-06T19:52:53.756+0000] {logging_mixin.py:190} INFO - [2025-11-06T19:52:53.756+0000] {dag.py:3239} INFO - Sync 1 DAGs
[2025-11-06T19:52:53.761+0000] {logging_mixin.py:190} INFO - [2025-11-06T19:52:53.761+0000] {dag.py:4180} INFO - Setting next_dagrun for example_dynamic_task_mapping to None, run_after=None
[2025-11-06T19:52:53.769+0000] {processor.py:208} INFO - Processing /home/airflow/.local/lib/python3.12/site-packages/airflow/example_dags/example_dynamic_task_mapping.py took 0.031 seconds
[2025-11-06T19:53:24.515+0000] {processor.py:186} INFO - Started process (PID=439) to work on /home/airflow/.local/lib/python3.12/site-packages/airflow/example_dags/example_dynamic_task_mapping.py
[2025-11-06T19:53:24.515+0000] {processor.py:914} INFO - Processing file /home/airflow/.local/lib/python3.12/site-packages/airflow/example_dags/example_dynamic_task_mapping.py for tasks to queue
[2025-11-06T19:53:24.516+0000] {logging_mixin.py:190} INFO - [2025-11-06T19:53:24.516+0000] {dagbag.py:588} INFO - Filling up the DagBag from /home/airflow/.local/lib/python3.12/site-packages/airflow/example_dags/example_dynamic_task_mapping.py
[2025-11-06T19:53:24.522+0000] {processor.py:925} INFO - DAG(s) 'example_dynamic_task_mapping' retrieved from /home/airflow/.local/lib/python3.12/site-packages/airflow/example_dags/example_dynamic_task_mapping.py
[2025-11-06T19:53:24.534+0000] {logging_mixin.py:190} INFO - [2025-11-06T19:53:24.534+0000] {dag.py:3239} INFO - Sync 1 DAGs
[2025-11-06T19:53:24.541+0000] {logging_mixin.py:190} INFO - [2025-11-06T19:53:24.541+0000] {dag.py:4180} INFO - Setting next_dagrun for example_dynamic_task_mapping to None, run_after=None
[2025-11-06T19:53:24.547+0000] {processor.py:208} INFO - Processing /home/airflow/.local/lib/python3.12/site-packages/airflow/example_dags/example_dynamic_task_mapping.py took 0.034 seconds
[2025-11-06T19:53:55.121+0000] {processor.py:186} INFO - Started process (PID=501) to work on /home/airflow/.local/lib/python3.12/site-packages/airflow/example_dags/example_dynamic_task_mapping.py
[2025-11-06T19:53:55.121+0000] {processor.py:914} INFO - Processing file /home/airflow/.local/lib/python3.12/site-packages/airflow/example_dags/example_dynamic_task_mapping.py for tasks to queue
[2025-11-06T19:53:55.122+0000] {logging_mixin.py:190} INFO - [2025-11-06T19:53:55.122+0000] {dagbag.py:588} INFO - Filling up the DagBag from /home/airflow/.local/lib/python3.12/site-packages/airflow/example_dags/example_dynamic_task_mapping.py
[2025-11-06T19:53:55.126+0000] {processor.py:925} INFO - DAG(s) 'example_dynamic_task_mapping' retrieved from /home/airflow/.local/lib/python3.12/site-packages/airflow/example_dags/example_dynamic_task_mapping.py
[2025-11-06T19:53:55.135+0000] {logging_mixin.py:190} INFO - [2025-11-06T19:53:55.135+0000] {dag.py:3239} INFO - Sync 1 DAGs
[2025-11-06T19:53:55.141+0000] {logging_mixin.py:190} INFO - [2025-11-06T19:53:55.141+0000] {dag.py:4180} INFO - Setting next_dagrun for example_dynamic_task_mapping to None, run_after=None
[2025-11-06T19:53:55.149+0000] {processor.py:208} INFO - Processing /home/airflow/.local/lib/python3.12/site-packages/airflow/example_dags/example_dynamic_task_mapping.py took 0.031 seconds
