[2025-11-06T19:49:07.691+0000] {processor.py:186} INFO - Started process (PID=35) to work on /home/airflow/.local/lib/python3.12/site-packages/airflow/example_dags/example_display_name.py
[2025-11-06T19:49:07.691+0000] {processor.py:914} INFO - Processing file /home/airflow/.local/lib/python3.12/site-packages/airflow/example_dags/example_display_name.py for tasks to queue
[2025-11-06T19:49:07.693+0000] {logging_mixin.py:190} INFO - [2025-11-06T19:49:07.693+0000] {dagbag.py:588} INFO - Filling up the DagBag from /home/airflow/.local/lib/python3.12/site-packages/airflow/example_dags/example_display_name.py
[2025-11-06T19:49:07.697+0000] {processor.py:925} INFO - DAG(s) 'example_display_name' retrieved from /home/airflow/.local/lib/python3.12/site-packages/airflow/example_dags/example_display_name.py
[2025-11-06T19:49:07.740+0000] {logging_mixin.py:190} INFO - [2025-11-06T19:49:07.740+0000] {override.py:1900} INFO - Created Permission View: can delete on DAG:example_display_name
[2025-11-06T19:49:07.743+0000] {logging_mixin.py:190} INFO - [2025-11-06T19:49:07.743+0000] {override.py:1900} INFO - Created Permission View: can read on DAG:example_display_name
[2025-11-06T19:49:07.744+0000] {logging_mixin.py:190} INFO - [2025-11-06T19:49:07.744+0000] {override.py:1900} INFO - Created Permission View: can edit on DAG:example_display_name
[2025-11-06T19:49:07.748+0000] {logging_mixin.py:190} INFO - [2025-11-06T19:49:07.748+0000] {override.py:1900} INFO - Created Permission View: can delete on DAG Run:example_display_name
[2025-11-06T19:49:07.751+0000] {logging_mixin.py:190} INFO - [2025-11-06T19:49:07.751+0000] {override.py:1900} INFO - Created Permission View: can read on DAG Run:example_display_name
[2025-11-06T19:49:07.753+0000] {logging_mixin.py:190} INFO - [2025-11-06T19:49:07.753+0000] {override.py:1900} INFO - Created Permission View: menu access on DAG Run:example_display_name
[2025-11-06T19:49:07.755+0000] {logging_mixin.py:190} INFO - [2025-11-06T19:49:07.755+0000] {override.py:1900} INFO - Created Permission View: can create on DAG Run:example_display_name
[2025-11-06T19:49:07.755+0000] {logging_mixin.py:190} INFO - [2025-11-06T19:49:07.755+0000] {dag.py:3239} INFO - Sync 1 DAGs
[2025-11-06T19:49:07.760+0000] {logging_mixin.py:190} INFO - [2025-11-06T19:49:07.760+0000] {dag.py:3262} INFO - Creating ORM DAG for example_display_name
[2025-11-06T19:49:07.762+0000] {logging_mixin.py:190} INFO - [2025-11-06T19:49:07.762+0000] {dag.py:4180} INFO - Setting next_dagrun for example_display_name to None, run_after=None
[2025-11-06T19:49:07.767+0000] {processor.py:208} INFO - Processing /home/airflow/.local/lib/python3.12/site-packages/airflow/example_dags/example_display_name.py took 0.079 seconds
[2025-11-06T19:49:38.148+0000] {processor.py:186} INFO - Started process (PID=103) to work on /home/airflow/.local/lib/python3.12/site-packages/airflow/example_dags/example_display_name.py
[2025-11-06T19:49:38.149+0000] {processor.py:914} INFO - Processing file /home/airflow/.local/lib/python3.12/site-packages/airflow/example_dags/example_display_name.py for tasks to queue
[2025-11-06T19:49:38.150+0000] {logging_mixin.py:190} INFO - [2025-11-06T19:49:38.150+0000] {dagbag.py:588} INFO - Filling up the DagBag from /home/airflow/.local/lib/python3.12/site-packages/airflow/example_dags/example_display_name.py
[2025-11-06T19:49:38.155+0000] {processor.py:925} INFO - DAG(s) 'example_display_name' retrieved from /home/airflow/.local/lib/python3.12/site-packages/airflow/example_dags/example_display_name.py
[2025-11-06T19:49:38.165+0000] {logging_mixin.py:190} INFO - [2025-11-06T19:49:38.164+0000] {dag.py:3239} INFO - Sync 1 DAGs
[2025-11-06T19:49:38.169+0000] {logging_mixin.py:190} INFO - [2025-11-06T19:49:38.169+0000] {dag.py:4180} INFO - Setting next_dagrun for example_display_name to None, run_after=None
[2025-11-06T19:49:38.176+0000] {processor.py:208} INFO - Processing /home/airflow/.local/lib/python3.12/site-packages/airflow/example_dags/example_display_name.py took 0.030 seconds
[2025-11-06T19:50:19.762+0000] {processor.py:186} INFO - Started process (PID=34) to work on /home/airflow/.local/lib/python3.12/site-packages/airflow/example_dags/example_display_name.py
[2025-11-06T19:50:19.765+0000] {processor.py:914} INFO - Processing file /home/airflow/.local/lib/python3.12/site-packages/airflow/example_dags/example_display_name.py for tasks to queue
[2025-11-06T19:50:19.768+0000] {logging_mixin.py:190} INFO - [2025-11-06T19:50:19.767+0000] {dagbag.py:588} INFO - Filling up the DagBag from /home/airflow/.local/lib/python3.12/site-packages/airflow/example_dags/example_display_name.py
[2025-11-06T19:50:19.772+0000] {processor.py:925} INFO - DAG(s) 'example_display_name' retrieved from /home/airflow/.local/lib/python3.12/site-packages/airflow/example_dags/example_display_name.py
[2025-11-06T19:50:19.786+0000] {logging_mixin.py:190} INFO - [2025-11-06T19:50:19.786+0000] {dag.py:3239} INFO - Sync 1 DAGs
[2025-11-06T19:50:19.792+0000] {logging_mixin.py:190} INFO - [2025-11-06T19:50:19.792+0000] {dag.py:4180} INFO - Setting next_dagrun for example_display_name to None, run_after=None
[2025-11-06T19:50:19.800+0000] {processor.py:208} INFO - Processing /home/airflow/.local/lib/python3.12/site-packages/airflow/example_dags/example_display_name.py took 0.041 seconds
[2025-11-06T19:50:50.577+0000] {processor.py:186} INFO - Started process (PID=102) to work on /home/airflow/.local/lib/python3.12/site-packages/airflow/example_dags/example_display_name.py
[2025-11-06T19:50:50.578+0000] {processor.py:914} INFO - Processing file /home/airflow/.local/lib/python3.12/site-packages/airflow/example_dags/example_display_name.py for tasks to queue
[2025-11-06T19:50:50.579+0000] {logging_mixin.py:190} INFO - [2025-11-06T19:50:50.579+0000] {dagbag.py:588} INFO - Filling up the DagBag from /home/airflow/.local/lib/python3.12/site-packages/airflow/example_dags/example_display_name.py
[2025-11-06T19:50:50.582+0000] {processor.py:925} INFO - DAG(s) 'example_display_name' retrieved from /home/airflow/.local/lib/python3.12/site-packages/airflow/example_dags/example_display_name.py
[2025-11-06T19:50:50.591+0000] {logging_mixin.py:190} INFO - [2025-11-06T19:50:50.591+0000] {dag.py:3239} INFO - Sync 1 DAGs
[2025-11-06T19:50:50.596+0000] {logging_mixin.py:190} INFO - [2025-11-06T19:50:50.596+0000] {dag.py:4180} INFO - Setting next_dagrun for example_display_name to None, run_after=None
[2025-11-06T19:50:50.606+0000] {processor.py:208} INFO - Processing /home/airflow/.local/lib/python3.12/site-packages/airflow/example_dags/example_display_name.py took 0.031 seconds
[2025-11-06T19:51:21.140+0000] {processor.py:186} INFO - Started process (PID=164) to work on /home/airflow/.local/lib/python3.12/site-packages/airflow/example_dags/example_display_name.py
[2025-11-06T19:51:21.141+0000] {processor.py:914} INFO - Processing file /home/airflow/.local/lib/python3.12/site-packages/airflow/example_dags/example_display_name.py for tasks to queue
[2025-11-06T19:51:21.142+0000] {logging_mixin.py:190} INFO - [2025-11-06T19:51:21.142+0000] {dagbag.py:588} INFO - Filling up the DagBag from /home/airflow/.local/lib/python3.12/site-packages/airflow/example_dags/example_display_name.py
[2025-11-06T19:51:21.145+0000] {processor.py:925} INFO - DAG(s) 'example_display_name' retrieved from /home/airflow/.local/lib/python3.12/site-packages/airflow/example_dags/example_display_name.py
[2025-11-06T19:51:21.154+0000] {logging_mixin.py:190} INFO - [2025-11-06T19:51:21.154+0000] {dag.py:3239} INFO - Sync 1 DAGs
[2025-11-06T19:51:21.159+0000] {logging_mixin.py:190} INFO - [2025-11-06T19:51:21.159+0000] {dag.py:4180} INFO - Setting next_dagrun for example_display_name to None, run_after=None
[2025-11-06T19:51:21.168+0000] {processor.py:208} INFO - Processing /home/airflow/.local/lib/python3.12/site-packages/airflow/example_dags/example_display_name.py took 0.030 seconds
[2025-11-06T19:51:51.699+0000] {processor.py:186} INFO - Started process (PID=226) to work on /home/airflow/.local/lib/python3.12/site-packages/airflow/example_dags/example_display_name.py
[2025-11-06T19:51:51.701+0000] {processor.py:914} INFO - Processing file /home/airflow/.local/lib/python3.12/site-packages/airflow/example_dags/example_display_name.py for tasks to queue
[2025-11-06T19:51:51.703+0000] {logging_mixin.py:190} INFO - [2025-11-06T19:51:51.703+0000] {dagbag.py:588} INFO - Filling up the DagBag from /home/airflow/.local/lib/python3.12/site-packages/airflow/example_dags/example_display_name.py
[2025-11-06T19:51:51.706+0000] {processor.py:925} INFO - DAG(s) 'example_display_name' retrieved from /home/airflow/.local/lib/python3.12/site-packages/airflow/example_dags/example_display_name.py
[2025-11-06T19:51:51.721+0000] {logging_mixin.py:190} INFO - [2025-11-06T19:51:51.720+0000] {dag.py:3239} INFO - Sync 1 DAGs
[2025-11-06T19:51:51.725+0000] {logging_mixin.py:190} INFO - [2025-11-06T19:51:51.725+0000] {dag.py:4180} INFO - Setting next_dagrun for example_display_name to None, run_after=None
[2025-11-06T19:51:51.735+0000] {processor.py:208} INFO - Processing /home/airflow/.local/lib/python3.12/site-packages/airflow/example_dags/example_display_name.py took 0.038 seconds
[2025-11-06T19:52:22.290+0000] {processor.py:186} INFO - Started process (PID=288) to work on /home/airflow/.local/lib/python3.12/site-packages/airflow/example_dags/example_display_name.py
[2025-11-06T19:52:22.290+0000] {processor.py:914} INFO - Processing file /home/airflow/.local/lib/python3.12/site-packages/airflow/example_dags/example_display_name.py for tasks to queue
[2025-11-06T19:52:22.291+0000] {logging_mixin.py:190} INFO - [2025-11-06T19:52:22.291+0000] {dagbag.py:588} INFO - Filling up the DagBag from /home/airflow/.local/lib/python3.12/site-packages/airflow/example_dags/example_display_name.py
[2025-11-06T19:52:22.294+0000] {processor.py:925} INFO - DAG(s) 'example_display_name' retrieved from /home/airflow/.local/lib/python3.12/site-packages/airflow/example_dags/example_display_name.py
[2025-11-06T19:52:22.303+0000] {logging_mixin.py:190} INFO - [2025-11-06T19:52:22.303+0000] {dag.py:3239} INFO - Sync 1 DAGs
[2025-11-06T19:52:22.307+0000] {logging_mixin.py:190} INFO - [2025-11-06T19:52:22.307+0000] {dag.py:4180} INFO - Setting next_dagrun for example_display_name to None, run_after=None
[2025-11-06T19:52:22.316+0000] {processor.py:208} INFO - Processing /home/airflow/.local/lib/python3.12/site-packages/airflow/example_dags/example_display_name.py took 0.028 seconds
[2025-11-06T19:52:52.843+0000] {processor.py:186} INFO - Started process (PID=350) to work on /home/airflow/.local/lib/python3.12/site-packages/airflow/example_dags/example_display_name.py
[2025-11-06T19:52:52.844+0000] {processor.py:914} INFO - Processing file /home/airflow/.local/lib/python3.12/site-packages/airflow/example_dags/example_display_name.py for tasks to queue
[2025-11-06T19:52:52.847+0000] {logging_mixin.py:190} INFO - [2025-11-06T19:52:52.846+0000] {dagbag.py:588} INFO - Filling up the DagBag from /home/airflow/.local/lib/python3.12/site-packages/airflow/example_dags/example_display_name.py
[2025-11-06T19:52:52.850+0000] {processor.py:925} INFO - DAG(s) 'example_display_name' retrieved from /home/airflow/.local/lib/python3.12/site-packages/airflow/example_dags/example_display_name.py
[2025-11-06T19:52:52.868+0000] {logging_mixin.py:190} INFO - [2025-11-06T19:52:52.868+0000] {dag.py:3239} INFO - Sync 1 DAGs
[2025-11-06T19:52:52.873+0000] {logging_mixin.py:190} INFO - [2025-11-06T19:52:52.873+0000] {dag.py:4180} INFO - Setting next_dagrun for example_display_name to None, run_after=None
[2025-11-06T19:52:52.886+0000] {processor.py:208} INFO - Processing /home/airflow/.local/lib/python3.12/site-packages/airflow/example_dags/example_display_name.py took 0.046 seconds
[2025-11-06T19:53:23.871+0000] {processor.py:186} INFO - Started process (PID=412) to work on /home/airflow/.local/lib/python3.12/site-packages/airflow/example_dags/example_display_name.py
[2025-11-06T19:53:23.874+0000] {processor.py:914} INFO - Processing file /home/airflow/.local/lib/python3.12/site-packages/airflow/example_dags/example_display_name.py for tasks to queue
[2025-11-06T19:53:23.876+0000] {logging_mixin.py:190} INFO - [2025-11-06T19:53:23.875+0000] {dagbag.py:588} INFO - Filling up the DagBag from /home/airflow/.local/lib/python3.12/site-packages/airflow/example_dags/example_display_name.py
[2025-11-06T19:53:23.878+0000] {processor.py:925} INFO - DAG(s) 'example_display_name' retrieved from /home/airflow/.local/lib/python3.12/site-packages/airflow/example_dags/example_display_name.py
[2025-11-06T19:53:23.891+0000] {logging_mixin.py:190} INFO - [2025-11-06T19:53:23.891+0000] {dag.py:3239} INFO - Sync 1 DAGs
[2025-11-06T19:53:23.896+0000] {logging_mixin.py:190} INFO - [2025-11-06T19:53:23.896+0000] {dag.py:4180} INFO - Setting next_dagrun for example_display_name to None, run_after=None
[2025-11-06T19:53:23.906+0000] {processor.py:208} INFO - Processing /home/airflow/.local/lib/python3.12/site-packages/airflow/example_dags/example_display_name.py took 0.036 seconds
[2025-11-06T19:53:54.480+0000] {processor.py:186} INFO - Started process (PID=474) to work on /home/airflow/.local/lib/python3.12/site-packages/airflow/example_dags/example_display_name.py
[2025-11-06T19:53:54.481+0000] {processor.py:914} INFO - Processing file /home/airflow/.local/lib/python3.12/site-packages/airflow/example_dags/example_display_name.py for tasks to queue
[2025-11-06T19:53:54.481+0000] {logging_mixin.py:190} INFO - [2025-11-06T19:53:54.481+0000] {dagbag.py:588} INFO - Filling up the DagBag from /home/airflow/.local/lib/python3.12/site-packages/airflow/example_dags/example_display_name.py
[2025-11-06T19:53:54.485+0000] {processor.py:925} INFO - DAG(s) 'example_display_name' retrieved from /home/airflow/.local/lib/python3.12/site-packages/airflow/example_dags/example_display_name.py
[2025-11-06T19:53:54.498+0000] {logging_mixin.py:190} INFO - [2025-11-06T19:53:54.498+0000] {dag.py:3239} INFO - Sync 1 DAGs
[2025-11-06T19:53:54.502+0000] {logging_mixin.py:190} INFO - [2025-11-06T19:53:54.502+0000] {dag.py:4180} INFO - Setting next_dagrun for example_display_name to None, run_after=None
[2025-11-06T19:53:54.511+0000] {processor.py:208} INFO - Processing /home/airflow/.local/lib/python3.12/site-packages/airflow/example_dags/example_display_name.py took 0.033 seconds
