[2025-11-06T19:49:07.851+0000] {processor.py:186} INFO - Started process (PID=38) to work on /home/airflow/.local/lib/python3.12/site-packages/airflow/example_dags/example_params_ui_tutorial.py
[2025-11-06T19:49:07.851+0000] {processor.py:914} INFO - Processing file /home/airflow/.local/lib/python3.12/site-packages/airflow/example_dags/example_params_ui_tutorial.py for tasks to queue
[2025-11-06T19:49:07.852+0000] {logging_mixin.py:190} INFO - [2025-11-06T19:49:07.852+0000] {dagbag.py:588} INFO - Filling up the DagBag from /home/airflow/.local/lib/python3.12/site-packages/airflow/example_dags/example_params_ui_tutorial.py
[2025-11-06T19:49:07.857+0000] {processor.py:925} INFO - DAG(s) 'example_params_ui_tutorial' retrieved from /home/airflow/.local/lib/python3.12/site-packages/airflow/example_dags/example_params_ui_tutorial.py
[2025-11-06T19:49:07.909+0000] {logging_mixin.py:190} INFO - [2025-11-06T19:49:07.909+0000] {override.py:1900} INFO - Created Permission View: can delete on DAG:example_params_ui_tutorial
[2025-11-06T19:49:07.916+0000] {logging_mixin.py:190} INFO - [2025-11-06T19:49:07.915+0000] {override.py:1900} INFO - Created Permission View: can read on DAG:example_params_ui_tutorial
[2025-11-06T19:49:07.918+0000] {logging_mixin.py:190} INFO - [2025-11-06T19:49:07.918+0000] {override.py:1900} INFO - Created Permission View: can edit on DAG:example_params_ui_tutorial
[2025-11-06T19:49:07.921+0000] {logging_mixin.py:190} INFO - [2025-11-06T19:49:07.921+0000] {override.py:1900} INFO - Created Permission View: can delete on DAG Run:example_params_ui_tutorial
[2025-11-06T19:49:07.922+0000] {logging_mixin.py:190} INFO - [2025-11-06T19:49:07.922+0000] {override.py:1900} INFO - Created Permission View: can read on DAG Run:example_params_ui_tutorial
[2025-11-06T19:49:07.924+0000] {logging_mixin.py:190} INFO - [2025-11-06T19:49:07.924+0000] {override.py:1900} INFO - Created Permission View: menu access on DAG Run:example_params_ui_tutorial
[2025-11-06T19:49:07.926+0000] {logging_mixin.py:190} INFO - [2025-11-06T19:49:07.926+0000] {override.py:1900} INFO - Created Permission View: can create on DAG Run:example_params_ui_tutorial
[2025-11-06T19:49:07.928+0000] {logging_mixin.py:190} INFO - [2025-11-06T19:49:07.928+0000] {dag.py:3239} INFO - Sync 1 DAGs
[2025-11-06T19:49:07.932+0000] {logging_mixin.py:190} INFO - [2025-11-06T19:49:07.932+0000] {dag.py:3262} INFO - Creating ORM DAG for example_params_ui_tutorial
[2025-11-06T19:49:07.932+0000] {logging_mixin.py:190} INFO - [2025-11-06T19:49:07.932+0000] {dag.py:4180} INFO - Setting next_dagrun for example_params_ui_tutorial to None, run_after=None
[2025-11-06T19:49:07.938+0000] {processor.py:208} INFO - Processing /home/airflow/.local/lib/python3.12/site-packages/airflow/example_dags/example_params_ui_tutorial.py took 0.089 seconds
[2025-11-06T19:49:38.214+0000] {processor.py:186} INFO - Started process (PID=106) to work on /home/airflow/.local/lib/python3.12/site-packages/airflow/example_dags/example_params_ui_tutorial.py
[2025-11-06T19:49:38.214+0000] {processor.py:914} INFO - Processing file /home/airflow/.local/lib/python3.12/site-packages/airflow/example_dags/example_params_ui_tutorial.py for tasks to queue
[2025-11-06T19:49:38.215+0000] {logging_mixin.py:190} INFO - [2025-11-06T19:49:38.215+0000] {dagbag.py:588} INFO - Filling up the DagBag from /home/airflow/.local/lib/python3.12/site-packages/airflow/example_dags/example_params_ui_tutorial.py
[2025-11-06T19:49:38.219+0000] {processor.py:925} INFO - DAG(s) 'example_params_ui_tutorial' retrieved from /home/airflow/.local/lib/python3.12/site-packages/airflow/example_dags/example_params_ui_tutorial.py
[2025-11-06T19:49:38.235+0000] {logging_mixin.py:190} INFO - [2025-11-06T19:49:38.234+0000] {dag.py:3239} INFO - Sync 1 DAGs
[2025-11-06T19:49:38.239+0000] {logging_mixin.py:190} INFO - [2025-11-06T19:49:38.239+0000] {dag.py:4180} INFO - Setting next_dagrun for example_params_ui_tutorial to None, run_after=None
[2025-11-06T19:49:38.245+0000] {processor.py:208} INFO - Processing /home/airflow/.local/lib/python3.12/site-packages/airflow/example_dags/example_params_ui_tutorial.py took 0.033 seconds
[2025-11-06T19:50:19.856+0000] {processor.py:186} INFO - Started process (PID=37) to work on /home/airflow/.local/lib/python3.12/site-packages/airflow/example_dags/example_params_ui_tutorial.py
[2025-11-06T19:50:19.857+0000] {processor.py:914} INFO - Processing file /home/airflow/.local/lib/python3.12/site-packages/airflow/example_dags/example_params_ui_tutorial.py for tasks to queue
[2025-11-06T19:50:19.858+0000] {logging_mixin.py:190} INFO - [2025-11-06T19:50:19.857+0000] {dagbag.py:588} INFO - Filling up the DagBag from /home/airflow/.local/lib/python3.12/site-packages/airflow/example_dags/example_params_ui_tutorial.py
[2025-11-06T19:50:19.862+0000] {processor.py:925} INFO - DAG(s) 'example_params_ui_tutorial' retrieved from /home/airflow/.local/lib/python3.12/site-packages/airflow/example_dags/example_params_ui_tutorial.py
[2025-11-06T19:50:19.884+0000] {logging_mixin.py:190} INFO - [2025-11-06T19:50:19.884+0000] {dag.py:3239} INFO - Sync 1 DAGs
[2025-11-06T19:50:19.890+0000] {logging_mixin.py:190} INFO - [2025-11-06T19:50:19.890+0000] {dag.py:4180} INFO - Setting next_dagrun for example_params_ui_tutorial to None, run_after=None
[2025-11-06T19:50:19.901+0000] {processor.py:208} INFO - Processing /home/airflow/.local/lib/python3.12/site-packages/airflow/example_dags/example_params_ui_tutorial.py took 0.047 seconds
[2025-11-06T19:50:50.644+0000] {processor.py:186} INFO - Started process (PID=105) to work on /home/airflow/.local/lib/python3.12/site-packages/airflow/example_dags/example_params_ui_tutorial.py
[2025-11-06T19:50:50.645+0000] {processor.py:914} INFO - Processing file /home/airflow/.local/lib/python3.12/site-packages/airflow/example_dags/example_params_ui_tutorial.py for tasks to queue
[2025-11-06T19:50:50.646+0000] {logging_mixin.py:190} INFO - [2025-11-06T19:50:50.646+0000] {dagbag.py:588} INFO - Filling up the DagBag from /home/airflow/.local/lib/python3.12/site-packages/airflow/example_dags/example_params_ui_tutorial.py
[2025-11-06T19:50:50.650+0000] {processor.py:925} INFO - DAG(s) 'example_params_ui_tutorial' retrieved from /home/airflow/.local/lib/python3.12/site-packages/airflow/example_dags/example_params_ui_tutorial.py
[2025-11-06T19:50:50.668+0000] {logging_mixin.py:190} INFO - [2025-11-06T19:50:50.668+0000] {dag.py:3239} INFO - Sync 1 DAGs
[2025-11-06T19:50:50.673+0000] {logging_mixin.py:190} INFO - [2025-11-06T19:50:50.673+0000] {dag.py:4180} INFO - Setting next_dagrun for example_params_ui_tutorial to None, run_after=None
[2025-11-06T19:50:50.684+0000] {processor.py:208} INFO - Processing /home/airflow/.local/lib/python3.12/site-packages/airflow/example_dags/example_params_ui_tutorial.py took 0.042 seconds
[2025-11-06T19:51:21.204+0000] {processor.py:186} INFO - Started process (PID=167) to work on /home/airflow/.local/lib/python3.12/site-packages/airflow/example_dags/example_params_ui_tutorial.py
[2025-11-06T19:51:21.204+0000] {processor.py:914} INFO - Processing file /home/airflow/.local/lib/python3.12/site-packages/airflow/example_dags/example_params_ui_tutorial.py for tasks to queue
[2025-11-06T19:51:21.205+0000] {logging_mixin.py:190} INFO - [2025-11-06T19:51:21.205+0000] {dagbag.py:588} INFO - Filling up the DagBag from /home/airflow/.local/lib/python3.12/site-packages/airflow/example_dags/example_params_ui_tutorial.py
[2025-11-06T19:51:21.209+0000] {processor.py:925} INFO - DAG(s) 'example_params_ui_tutorial' retrieved from /home/airflow/.local/lib/python3.12/site-packages/airflow/example_dags/example_params_ui_tutorial.py
[2025-11-06T19:51:21.227+0000] {logging_mixin.py:190} INFO - [2025-11-06T19:51:21.227+0000] {dag.py:3239} INFO - Sync 1 DAGs
[2025-11-06T19:51:21.232+0000] {logging_mixin.py:190} INFO - [2025-11-06T19:51:21.232+0000] {dag.py:4180} INFO - Setting next_dagrun for example_params_ui_tutorial to None, run_after=None
[2025-11-06T19:51:21.243+0000] {processor.py:208} INFO - Processing /home/airflow/.local/lib/python3.12/site-packages/airflow/example_dags/example_params_ui_tutorial.py took 0.041 seconds
[2025-11-06T19:51:51.776+0000] {processor.py:186} INFO - Started process (PID=229) to work on /home/airflow/.local/lib/python3.12/site-packages/airflow/example_dags/example_params_ui_tutorial.py
[2025-11-06T19:51:51.778+0000] {processor.py:914} INFO - Processing file /home/airflow/.local/lib/python3.12/site-packages/airflow/example_dags/example_params_ui_tutorial.py for tasks to queue
[2025-11-06T19:51:51.780+0000] {logging_mixin.py:190} INFO - [2025-11-06T19:51:51.780+0000] {dagbag.py:588} INFO - Filling up the DagBag from /home/airflow/.local/lib/python3.12/site-packages/airflow/example_dags/example_params_ui_tutorial.py
[2025-11-06T19:51:51.785+0000] {processor.py:925} INFO - DAG(s) 'example_params_ui_tutorial' retrieved from /home/airflow/.local/lib/python3.12/site-packages/airflow/example_dags/example_params_ui_tutorial.py
[2025-11-06T19:51:51.806+0000] {logging_mixin.py:190} INFO - [2025-11-06T19:51:51.806+0000] {dag.py:3239} INFO - Sync 1 DAGs
[2025-11-06T19:51:51.811+0000] {logging_mixin.py:190} INFO - [2025-11-06T19:51:51.810+0000] {dag.py:4180} INFO - Setting next_dagrun for example_params_ui_tutorial to None, run_after=None
[2025-11-06T19:51:51.819+0000] {processor.py:208} INFO - Processing /home/airflow/.local/lib/python3.12/site-packages/airflow/example_dags/example_params_ui_tutorial.py took 0.044 seconds
[2025-11-06T19:52:22.356+0000] {processor.py:186} INFO - Started process (PID=291) to work on /home/airflow/.local/lib/python3.12/site-packages/airflow/example_dags/example_params_ui_tutorial.py
[2025-11-06T19:52:22.358+0000] {processor.py:914} INFO - Processing file /home/airflow/.local/lib/python3.12/site-packages/airflow/example_dags/example_params_ui_tutorial.py for tasks to queue
[2025-11-06T19:52:22.360+0000] {logging_mixin.py:190} INFO - [2025-11-06T19:52:22.360+0000] {dagbag.py:588} INFO - Filling up the DagBag from /home/airflow/.local/lib/python3.12/site-packages/airflow/example_dags/example_params_ui_tutorial.py
[2025-11-06T19:52:22.364+0000] {processor.py:925} INFO - DAG(s) 'example_params_ui_tutorial' retrieved from /home/airflow/.local/lib/python3.12/site-packages/airflow/example_dags/example_params_ui_tutorial.py
[2025-11-06T19:52:22.382+0000] {logging_mixin.py:190} INFO - [2025-11-06T19:52:22.382+0000] {dag.py:3239} INFO - Sync 1 DAGs
[2025-11-06T19:52:22.388+0000] {logging_mixin.py:190} INFO - [2025-11-06T19:52:22.388+0000] {dag.py:4180} INFO - Setting next_dagrun for example_params_ui_tutorial to None, run_after=None
[2025-11-06T19:52:22.396+0000] {processor.py:208} INFO - Processing /home/airflow/.local/lib/python3.12/site-packages/airflow/example_dags/example_params_ui_tutorial.py took 0.042 seconds
[2025-11-06T19:52:52.937+0000] {processor.py:186} INFO - Started process (PID=353) to work on /home/airflow/.local/lib/python3.12/site-packages/airflow/example_dags/example_params_ui_tutorial.py
[2025-11-06T19:52:52.938+0000] {processor.py:914} INFO - Processing file /home/airflow/.local/lib/python3.12/site-packages/airflow/example_dags/example_params_ui_tutorial.py for tasks to queue
[2025-11-06T19:52:52.939+0000] {logging_mixin.py:190} INFO - [2025-11-06T19:52:52.939+0000] {dagbag.py:588} INFO - Filling up the DagBag from /home/airflow/.local/lib/python3.12/site-packages/airflow/example_dags/example_params_ui_tutorial.py
[2025-11-06T19:52:52.943+0000] {processor.py:925} INFO - DAG(s) 'example_params_ui_tutorial' retrieved from /home/airflow/.local/lib/python3.12/site-packages/airflow/example_dags/example_params_ui_tutorial.py
[2025-11-06T19:52:52.965+0000] {logging_mixin.py:190} INFO - [2025-11-06T19:52:52.965+0000] {dag.py:3239} INFO - Sync 1 DAGs
[2025-11-06T19:52:52.971+0000] {logging_mixin.py:190} INFO - [2025-11-06T19:52:52.971+0000] {dag.py:4180} INFO - Setting next_dagrun for example_params_ui_tutorial to None, run_after=None
[2025-11-06T19:52:52.980+0000] {processor.py:208} INFO - Processing /home/airflow/.local/lib/python3.12/site-packages/airflow/example_dags/example_params_ui_tutorial.py took 0.046 seconds
[2025-11-06T19:53:23.947+0000] {processor.py:186} INFO - Started process (PID=415) to work on /home/airflow/.local/lib/python3.12/site-packages/airflow/example_dags/example_params_ui_tutorial.py
[2025-11-06T19:53:23.948+0000] {processor.py:914} INFO - Processing file /home/airflow/.local/lib/python3.12/site-packages/airflow/example_dags/example_params_ui_tutorial.py for tasks to queue
[2025-11-06T19:53:23.949+0000] {logging_mixin.py:190} INFO - [2025-11-06T19:53:23.949+0000] {dagbag.py:588} INFO - Filling up the DagBag from /home/airflow/.local/lib/python3.12/site-packages/airflow/example_dags/example_params_ui_tutorial.py
[2025-11-06T19:53:23.953+0000] {processor.py:925} INFO - DAG(s) 'example_params_ui_tutorial' retrieved from /home/airflow/.local/lib/python3.12/site-packages/airflow/example_dags/example_params_ui_tutorial.py
[2025-11-06T19:53:23.970+0000] {logging_mixin.py:190} INFO - [2025-11-06T19:53:23.970+0000] {dag.py:3239} INFO - Sync 1 DAGs
[2025-11-06T19:53:23.977+0000] {logging_mixin.py:190} INFO - [2025-11-06T19:53:23.976+0000] {dag.py:4180} INFO - Setting next_dagrun for example_params_ui_tutorial to None, run_after=None
[2025-11-06T19:53:23.985+0000] {processor.py:208} INFO - Processing /home/airflow/.local/lib/python3.12/site-packages/airflow/example_dags/example_params_ui_tutorial.py took 0.040 seconds
[2025-11-06T19:53:54.552+0000] {processor.py:186} INFO - Started process (PID=477) to work on /home/airflow/.local/lib/python3.12/site-packages/airflow/example_dags/example_params_ui_tutorial.py
[2025-11-06T19:53:54.554+0000] {processor.py:914} INFO - Processing file /home/airflow/.local/lib/python3.12/site-packages/airflow/example_dags/example_params_ui_tutorial.py for tasks to queue
[2025-11-06T19:53:54.555+0000] {logging_mixin.py:190} INFO - [2025-11-06T19:53:54.555+0000] {dagbag.py:588} INFO - Filling up the DagBag from /home/airflow/.local/lib/python3.12/site-packages/airflow/example_dags/example_params_ui_tutorial.py
[2025-11-06T19:53:54.558+0000] {processor.py:925} INFO - DAG(s) 'example_params_ui_tutorial' retrieved from /home/airflow/.local/lib/python3.12/site-packages/airflow/example_dags/example_params_ui_tutorial.py
[2025-11-06T19:53:54.577+0000] {logging_mixin.py:190} INFO - [2025-11-06T19:53:54.577+0000] {dag.py:3239} INFO - Sync 1 DAGs
[2025-11-06T19:53:54.584+0000] {logging_mixin.py:190} INFO - [2025-11-06T19:53:54.584+0000] {dag.py:4180} INFO - Setting next_dagrun for example_params_ui_tutorial to None, run_after=None
[2025-11-06T19:53:54.593+0000] {processor.py:208} INFO - Processing /home/airflow/.local/lib/python3.12/site-packages/airflow/example_dags/example_params_ui_tutorial.py took 0.043 seconds
