[2025-11-06T19:49:09.105+0000] {processor.py:186} INFO - Started process (PID=71) to work on /home/airflow/.local/lib/python3.12/site-packages/airflow/example_dags/example_dataset_alias.py
[2025-11-06T19:49:09.105+0000] {processor.py:914} INFO - Processing file /home/airflow/.local/lib/python3.12/site-packages/airflow/example_dags/example_dataset_alias.py for tasks to queue
[2025-11-06T19:49:09.106+0000] {logging_mixin.py:190} INFO - [2025-11-06T19:49:09.106+0000] {dagbag.py:588} INFO - Filling up the DagBag from /home/airflow/.local/lib/python3.12/site-packages/airflow/example_dags/example_dataset_alias.py
[2025-11-06T19:49:09.116+0000] {processor.py:925} INFO - DAG(s) 'dataset_s3_bucket_consumer', 'dataset_alias_example_alias_consumer', 'dataset_alias_example_alias_producer', 'dataset_s3_bucket_producer' retrieved from /home/airflow/.local/lib/python3.12/site-packages/airflow/example_dags/example_dataset_alias.py
[2025-11-06T19:49:09.146+0000] {logging_mixin.py:190} INFO - [2025-11-06T19:49:09.146+0000] {override.py:1900} INFO - Created Permission View: can delete on DAG:dataset_s3_bucket_consumer
[2025-11-06T19:49:09.152+0000] {logging_mixin.py:190} INFO - [2025-11-06T19:49:09.152+0000] {override.py:1900} INFO - Created Permission View: can read on DAG:dataset_s3_bucket_consumer
[2025-11-06T19:49:09.153+0000] {logging_mixin.py:190} INFO - [2025-11-06T19:49:09.153+0000] {override.py:1900} INFO - Created Permission View: can edit on DAG:dataset_s3_bucket_consumer
[2025-11-06T19:49:09.155+0000] {logging_mixin.py:190} INFO - [2025-11-06T19:49:09.155+0000] {override.py:1900} INFO - Created Permission View: can delete on DAG Run:dataset_s3_bucket_consumer
[2025-11-06T19:49:09.156+0000] {logging_mixin.py:190} INFO - [2025-11-06T19:49:09.156+0000] {override.py:1900} INFO - Created Permission View: can read on DAG Run:dataset_s3_bucket_consumer
[2025-11-06T19:49:09.157+0000] {logging_mixin.py:190} INFO - [2025-11-06T19:49:09.157+0000] {override.py:1900} INFO - Created Permission View: menu access on DAG Run:dataset_s3_bucket_consumer
[2025-11-06T19:49:09.158+0000] {logging_mixin.py:190} INFO - [2025-11-06T19:49:09.158+0000] {override.py:1900} INFO - Created Permission View: can create on DAG Run:dataset_s3_bucket_consumer
[2025-11-06T19:49:09.161+0000] {logging_mixin.py:190} INFO - [2025-11-06T19:49:09.161+0000] {override.py:1900} INFO - Created Permission View: can delete on DAG:dataset_alias_example_alias_consumer
[2025-11-06T19:49:09.162+0000] {logging_mixin.py:190} INFO - [2025-11-06T19:49:09.162+0000] {override.py:1900} INFO - Created Permission View: can read on DAG:dataset_alias_example_alias_consumer
[2025-11-06T19:49:09.163+0000] {logging_mixin.py:190} INFO - [2025-11-06T19:49:09.163+0000] {override.py:1900} INFO - Created Permission View: can edit on DAG:dataset_alias_example_alias_consumer
[2025-11-06T19:49:09.165+0000] {logging_mixin.py:190} INFO - [2025-11-06T19:49:09.165+0000] {override.py:1900} INFO - Created Permission View: can delete on DAG Run:dataset_alias_example_alias_consumer
[2025-11-06T19:49:09.166+0000] {logging_mixin.py:190} INFO - [2025-11-06T19:49:09.166+0000] {override.py:1900} INFO - Created Permission View: can read on DAG Run:dataset_alias_example_alias_consumer
[2025-11-06T19:49:09.167+0000] {logging_mixin.py:190} INFO - [2025-11-06T19:49:09.167+0000] {override.py:1900} INFO - Created Permission View: menu access on DAG Run:dataset_alias_example_alias_consumer
[2025-11-06T19:49:09.168+0000] {logging_mixin.py:190} INFO - [2025-11-06T19:49:09.168+0000] {override.py:1900} INFO - Created Permission View: can create on DAG Run:dataset_alias_example_alias_consumer
[2025-11-06T19:49:09.171+0000] {logging_mixin.py:190} INFO - [2025-11-06T19:49:09.171+0000] {override.py:1900} INFO - Created Permission View: can delete on DAG:dataset_alias_example_alias_producer
[2025-11-06T19:49:09.172+0000] {logging_mixin.py:190} INFO - [2025-11-06T19:49:09.172+0000] {override.py:1900} INFO - Created Permission View: can read on DAG:dataset_alias_example_alias_producer
[2025-11-06T19:49:09.174+0000] {logging_mixin.py:190} INFO - [2025-11-06T19:49:09.174+0000] {override.py:1900} INFO - Created Permission View: can edit on DAG:dataset_alias_example_alias_producer
[2025-11-06T19:49:09.175+0000] {logging_mixin.py:190} INFO - [2025-11-06T19:49:09.175+0000] {override.py:1900} INFO - Created Permission View: can delete on DAG Run:dataset_alias_example_alias_producer
[2025-11-06T19:49:09.177+0000] {logging_mixin.py:190} INFO - [2025-11-06T19:49:09.176+0000] {override.py:1900} INFO - Created Permission View: can read on DAG Run:dataset_alias_example_alias_producer
[2025-11-06T19:49:09.178+0000] {logging_mixin.py:190} INFO - [2025-11-06T19:49:09.178+0000] {override.py:1900} INFO - Created Permission View: menu access on DAG Run:dataset_alias_example_alias_producer
[2025-11-06T19:49:09.179+0000] {logging_mixin.py:190} INFO - [2025-11-06T19:49:09.179+0000] {override.py:1900} INFO - Created Permission View: can create on DAG Run:dataset_alias_example_alias_producer
[2025-11-06T19:49:09.182+0000] {logging_mixin.py:190} INFO - [2025-11-06T19:49:09.182+0000] {override.py:1900} INFO - Created Permission View: can delete on DAG:dataset_s3_bucket_producer
[2025-11-06T19:49:09.184+0000] {logging_mixin.py:190} INFO - [2025-11-06T19:49:09.184+0000] {override.py:1900} INFO - Created Permission View: can read on DAG:dataset_s3_bucket_producer
[2025-11-06T19:49:09.185+0000] {logging_mixin.py:190} INFO - [2025-11-06T19:49:09.185+0000] {override.py:1900} INFO - Created Permission View: can edit on DAG:dataset_s3_bucket_producer
[2025-11-06T19:49:09.186+0000] {logging_mixin.py:190} INFO - [2025-11-06T19:49:09.186+0000] {override.py:1900} INFO - Created Permission View: can delete on DAG Run:dataset_s3_bucket_producer
[2025-11-06T19:49:09.188+0000] {logging_mixin.py:190} INFO - [2025-11-06T19:49:09.188+0000] {override.py:1900} INFO - Created Permission View: can read on DAG Run:dataset_s3_bucket_producer
[2025-11-06T19:49:09.189+0000] {logging_mixin.py:190} INFO - [2025-11-06T19:49:09.189+0000] {override.py:1900} INFO - Created Permission View: menu access on DAG Run:dataset_s3_bucket_producer
[2025-11-06T19:49:09.192+0000] {logging_mixin.py:190} INFO - [2025-11-06T19:49:09.192+0000] {override.py:1900} INFO - Created Permission View: can create on DAG Run:dataset_s3_bucket_producer
[2025-11-06T19:49:09.192+0000] {logging_mixin.py:190} INFO - [2025-11-06T19:49:09.192+0000] {dag.py:3239} INFO - Sync 4 DAGs
[2025-11-06T19:49:09.197+0000] {logging_mixin.py:190} INFO - [2025-11-06T19:49:09.197+0000] {dag.py:3262} INFO - Creating ORM DAG for dataset_alias_example_alias_producer
[2025-11-06T19:49:09.197+0000] {logging_mixin.py:190} INFO - [2025-11-06T19:49:09.197+0000] {dag.py:3262} INFO - Creating ORM DAG for dataset_s3_bucket_producer
[2025-11-06T19:49:09.197+0000] {logging_mixin.py:190} INFO - [2025-11-06T19:49:09.197+0000] {dag.py:3262} INFO - Creating ORM DAG for dataset_alias_example_alias_consumer
[2025-11-06T19:49:09.197+0000] {logging_mixin.py:190} INFO - [2025-11-06T19:49:09.197+0000] {dag.py:3262} INFO - Creating ORM DAG for dataset_s3_bucket_consumer
[2025-11-06T19:49:09.200+0000] {logging_mixin.py:190} INFO - [2025-11-06T19:49:09.200+0000] {dag.py:4180} INFO - Setting next_dagrun for dataset_alias_example_alias_consumer to None, run_after=None
[2025-11-06T19:49:09.200+0000] {logging_mixin.py:190} INFO - [2025-11-06T19:49:09.200+0000] {dag.py:4180} INFO - Setting next_dagrun for dataset_alias_example_alias_producer to None, run_after=None
[2025-11-06T19:49:09.201+0000] {logging_mixin.py:190} INFO - [2025-11-06T19:49:09.201+0000] {dag.py:4180} INFO - Setting next_dagrun for dataset_s3_bucket_consumer to None, run_after=None
[2025-11-06T19:49:09.201+0000] {logging_mixin.py:190} INFO - [2025-11-06T19:49:09.201+0000] {dag.py:4180} INFO - Setting next_dagrun for dataset_s3_bucket_producer to None, run_after=None
[2025-11-06T19:49:09.210+0000] {processor.py:208} INFO - Processing /home/airflow/.local/lib/python3.12/site-packages/airflow/example_dags/example_dataset_alias.py took 0.107 seconds
[2025-11-06T19:49:39.746+0000] {processor.py:186} INFO - Started process (PID=133) to work on /home/airflow/.local/lib/python3.12/site-packages/airflow/example_dags/example_dataset_alias.py
[2025-11-06T19:49:39.747+0000] {processor.py:914} INFO - Processing file /home/airflow/.local/lib/python3.12/site-packages/airflow/example_dags/example_dataset_alias.py for tasks to queue
[2025-11-06T19:49:39.748+0000] {logging_mixin.py:190} INFO - [2025-11-06T19:49:39.748+0000] {dagbag.py:588} INFO - Filling up the DagBag from /home/airflow/.local/lib/python3.12/site-packages/airflow/example_dags/example_dataset_alias.py
[2025-11-06T19:49:39.760+0000] {processor.py:925} INFO - DAG(s) 'dataset_s3_bucket_producer', 'dataset_alias_example_alias_consumer', 'dataset_alias_example_alias_producer', 'dataset_s3_bucket_consumer' retrieved from /home/airflow/.local/lib/python3.12/site-packages/airflow/example_dags/example_dataset_alias.py
[2025-11-06T19:49:39.767+0000] {logging_mixin.py:190} INFO - [2025-11-06T19:49:39.767+0000] {dag.py:3239} INFO - Sync 4 DAGs
[2025-11-06T19:49:39.774+0000] {logging_mixin.py:190} INFO - [2025-11-06T19:49:39.774+0000] {dag.py:4180} INFO - Setting next_dagrun for dataset_alias_example_alias_consumer to None, run_after=None
[2025-11-06T19:49:39.775+0000] {logging_mixin.py:190} INFO - [2025-11-06T19:49:39.775+0000] {dag.py:4180} INFO - Setting next_dagrun for dataset_alias_example_alias_producer to None, run_after=None
[2025-11-06T19:49:39.775+0000] {logging_mixin.py:190} INFO - [2025-11-06T19:49:39.775+0000] {dag.py:4180} INFO - Setting next_dagrun for dataset_s3_bucket_consumer to None, run_after=None
[2025-11-06T19:49:39.776+0000] {logging_mixin.py:190} INFO - [2025-11-06T19:49:39.776+0000] {dag.py:4180} INFO - Setting next_dagrun for dataset_s3_bucket_producer to None, run_after=None
[2025-11-06T19:49:39.782+0000] {processor.py:208} INFO - Processing /home/airflow/.local/lib/python3.12/site-packages/airflow/example_dags/example_dataset_alias.py took 0.038 seconds
[2025-11-06T19:50:20.620+0000] {processor.py:186} INFO - Started process (PID=70) to work on /home/airflow/.local/lib/python3.12/site-packages/airflow/example_dags/example_dataset_alias.py
[2025-11-06T19:50:20.621+0000] {processor.py:914} INFO - Processing file /home/airflow/.local/lib/python3.12/site-packages/airflow/example_dags/example_dataset_alias.py for tasks to queue
[2025-11-06T19:50:20.623+0000] {logging_mixin.py:190} INFO - [2025-11-06T19:50:20.622+0000] {dagbag.py:588} INFO - Filling up the DagBag from /home/airflow/.local/lib/python3.12/site-packages/airflow/example_dags/example_dataset_alias.py
[2025-11-06T19:50:20.639+0000] {processor.py:925} INFO - DAG(s) 'dataset_s3_bucket_consumer', 'dataset_alias_example_alias_consumer', 'dataset_alias_example_alias_producer', 'dataset_s3_bucket_producer' retrieved from /home/airflow/.local/lib/python3.12/site-packages/airflow/example_dags/example_dataset_alias.py
[2025-11-06T19:50:20.646+0000] {logging_mixin.py:190} INFO - [2025-11-06T19:50:20.646+0000] {dag.py:3239} INFO - Sync 4 DAGs
[2025-11-06T19:50:20.656+0000] {logging_mixin.py:190} INFO - [2025-11-06T19:50:20.656+0000] {dag.py:4180} INFO - Setting next_dagrun for dataset_alias_example_alias_consumer to None, run_after=None
[2025-11-06T19:50:20.657+0000] {logging_mixin.py:190} INFO - [2025-11-06T19:50:20.657+0000] {dag.py:4180} INFO - Setting next_dagrun for dataset_alias_example_alias_producer to None, run_after=None
[2025-11-06T19:50:20.658+0000] {logging_mixin.py:190} INFO - [2025-11-06T19:50:20.658+0000] {dag.py:4180} INFO - Setting next_dagrun for dataset_s3_bucket_consumer to None, run_after=None
[2025-11-06T19:50:20.659+0000] {logging_mixin.py:190} INFO - [2025-11-06T19:50:20.659+0000] {dag.py:4180} INFO - Setting next_dagrun for dataset_s3_bucket_producer to None, run_after=None
[2025-11-06T19:50:20.672+0000] {processor.py:208} INFO - Processing /home/airflow/.local/lib/python3.12/site-packages/airflow/example_dags/example_dataset_alias.py took 0.054 seconds
[2025-11-06T19:50:51.288+0000] {processor.py:186} INFO - Started process (PID=132) to work on /home/airflow/.local/lib/python3.12/site-packages/airflow/example_dags/example_dataset_alias.py
[2025-11-06T19:50:51.290+0000] {processor.py:914} INFO - Processing file /home/airflow/.local/lib/python3.12/site-packages/airflow/example_dags/example_dataset_alias.py for tasks to queue
[2025-11-06T19:50:51.290+0000] {logging_mixin.py:190} INFO - [2025-11-06T19:50:51.290+0000] {dagbag.py:588} INFO - Filling up the DagBag from /home/airflow/.local/lib/python3.12/site-packages/airflow/example_dags/example_dataset_alias.py
[2025-11-06T19:50:51.305+0000] {processor.py:925} INFO - DAG(s) 'dataset_alias_example_alias_producer', 'dataset_s3_bucket_consumer', 'dataset_alias_example_alias_consumer', 'dataset_s3_bucket_producer' retrieved from /home/airflow/.local/lib/python3.12/site-packages/airflow/example_dags/example_dataset_alias.py
[2025-11-06T19:50:51.317+0000] {logging_mixin.py:190} INFO - [2025-11-06T19:50:51.317+0000] {dag.py:3239} INFO - Sync 4 DAGs
[2025-11-06T19:50:51.325+0000] {logging_mixin.py:190} INFO - [2025-11-06T19:50:51.325+0000] {dag.py:4180} INFO - Setting next_dagrun for dataset_alias_example_alias_consumer to None, run_after=None
[2025-11-06T19:50:51.327+0000] {logging_mixin.py:190} INFO - [2025-11-06T19:50:51.327+0000] {dag.py:4180} INFO - Setting next_dagrun for dataset_alias_example_alias_producer to None, run_after=None
[2025-11-06T19:50:51.327+0000] {logging_mixin.py:190} INFO - [2025-11-06T19:50:51.327+0000] {dag.py:4180} INFO - Setting next_dagrun for dataset_s3_bucket_consumer to None, run_after=None
[2025-11-06T19:50:51.328+0000] {logging_mixin.py:190} INFO - [2025-11-06T19:50:51.328+0000] {dag.py:4180} INFO - Setting next_dagrun for dataset_s3_bucket_producer to None, run_after=None
[2025-11-06T19:50:51.334+0000] {processor.py:208} INFO - Processing /home/airflow/.local/lib/python3.12/site-packages/airflow/example_dags/example_dataset_alias.py took 0.048 seconds
[2025-11-06T19:51:21.821+0000] {processor.py:186} INFO - Started process (PID=194) to work on /home/airflow/.local/lib/python3.12/site-packages/airflow/example_dags/example_dataset_alias.py
[2025-11-06T19:51:21.822+0000] {processor.py:914} INFO - Processing file /home/airflow/.local/lib/python3.12/site-packages/airflow/example_dags/example_dataset_alias.py for tasks to queue
[2025-11-06T19:51:21.822+0000] {logging_mixin.py:190} INFO - [2025-11-06T19:51:21.822+0000] {dagbag.py:588} INFO - Filling up the DagBag from /home/airflow/.local/lib/python3.12/site-packages/airflow/example_dags/example_dataset_alias.py
[2025-11-06T19:51:21.841+0000] {processor.py:925} INFO - DAG(s) 'dataset_s3_bucket_producer', 'dataset_s3_bucket_consumer', 'dataset_alias_example_alias_consumer', 'dataset_alias_example_alias_producer' retrieved from /home/airflow/.local/lib/python3.12/site-packages/airflow/example_dags/example_dataset_alias.py
[2025-11-06T19:51:21.850+0000] {logging_mixin.py:190} INFO - [2025-11-06T19:51:21.850+0000] {dag.py:3239} INFO - Sync 4 DAGs
[2025-11-06T19:51:21.857+0000] {logging_mixin.py:190} INFO - [2025-11-06T19:51:21.857+0000] {dag.py:4180} INFO - Setting next_dagrun for dataset_alias_example_alias_consumer to None, run_after=None
[2025-11-06T19:51:21.859+0000] {logging_mixin.py:190} INFO - [2025-11-06T19:51:21.859+0000] {dag.py:4180} INFO - Setting next_dagrun for dataset_alias_example_alias_producer to None, run_after=None
[2025-11-06T19:51:21.860+0000] {logging_mixin.py:190} INFO - [2025-11-06T19:51:21.860+0000] {dag.py:4180} INFO - Setting next_dagrun for dataset_s3_bucket_consumer to None, run_after=None
[2025-11-06T19:51:21.861+0000] {logging_mixin.py:190} INFO - [2025-11-06T19:51:21.861+0000] {dag.py:4180} INFO - Setting next_dagrun for dataset_s3_bucket_producer to None, run_after=None
[2025-11-06T19:51:21.871+0000] {processor.py:208} INFO - Processing /home/airflow/.local/lib/python3.12/site-packages/airflow/example_dags/example_dataset_alias.py took 0.052 seconds
[2025-11-06T19:51:52.379+0000] {processor.py:186} INFO - Started process (PID=256) to work on /home/airflow/.local/lib/python3.12/site-packages/airflow/example_dags/example_dataset_alias.py
[2025-11-06T19:51:52.380+0000] {processor.py:914} INFO - Processing file /home/airflow/.local/lib/python3.12/site-packages/airflow/example_dags/example_dataset_alias.py for tasks to queue
[2025-11-06T19:51:52.381+0000] {logging_mixin.py:190} INFO - [2025-11-06T19:51:52.381+0000] {dagbag.py:588} INFO - Filling up the DagBag from /home/airflow/.local/lib/python3.12/site-packages/airflow/example_dags/example_dataset_alias.py
[2025-11-06T19:51:52.396+0000] {processor.py:925} INFO - DAG(s) 'dataset_s3_bucket_consumer', 'dataset_alias_example_alias_producer', 'dataset_s3_bucket_producer', 'dataset_alias_example_alias_consumer' retrieved from /home/airflow/.local/lib/python3.12/site-packages/airflow/example_dags/example_dataset_alias.py
[2025-11-06T19:51:52.402+0000] {logging_mixin.py:190} INFO - [2025-11-06T19:51:52.402+0000] {dag.py:3239} INFO - Sync 4 DAGs
[2025-11-06T19:51:52.411+0000] {logging_mixin.py:190} INFO - [2025-11-06T19:51:52.411+0000] {dag.py:4180} INFO - Setting next_dagrun for dataset_alias_example_alias_consumer to None, run_after=None
[2025-11-06T19:51:52.413+0000] {logging_mixin.py:190} INFO - [2025-11-06T19:51:52.413+0000] {dag.py:4180} INFO - Setting next_dagrun for dataset_alias_example_alias_producer to None, run_after=None
[2025-11-06T19:51:52.413+0000] {logging_mixin.py:190} INFO - [2025-11-06T19:51:52.413+0000] {dag.py:4180} INFO - Setting next_dagrun for dataset_s3_bucket_consumer to None, run_after=None
[2025-11-06T19:51:52.416+0000] {logging_mixin.py:190} INFO - [2025-11-06T19:51:52.416+0000] {dag.py:4180} INFO - Setting next_dagrun for dataset_s3_bucket_producer to None, run_after=None
[2025-11-06T19:51:52.428+0000] {processor.py:208} INFO - Processing /home/airflow/.local/lib/python3.12/site-packages/airflow/example_dags/example_dataset_alias.py took 0.051 seconds
[2025-11-06T19:52:22.987+0000] {processor.py:186} INFO - Started process (PID=318) to work on /home/airflow/.local/lib/python3.12/site-packages/airflow/example_dags/example_dataset_alias.py
[2025-11-06T19:52:22.987+0000] {processor.py:914} INFO - Processing file /home/airflow/.local/lib/python3.12/site-packages/airflow/example_dags/example_dataset_alias.py for tasks to queue
[2025-11-06T19:52:22.988+0000] {logging_mixin.py:190} INFO - [2025-11-06T19:52:22.988+0000] {dagbag.py:588} INFO - Filling up the DagBag from /home/airflow/.local/lib/python3.12/site-packages/airflow/example_dags/example_dataset_alias.py
[2025-11-06T19:52:23.002+0000] {processor.py:925} INFO - DAG(s) 'dataset_s3_bucket_producer', 'dataset_s3_bucket_consumer', 'dataset_alias_example_alias_consumer', 'dataset_alias_example_alias_producer' retrieved from /home/airflow/.local/lib/python3.12/site-packages/airflow/example_dags/example_dataset_alias.py
[2025-11-06T19:52:23.012+0000] {logging_mixin.py:190} INFO - [2025-11-06T19:52:23.012+0000] {dag.py:3239} INFO - Sync 4 DAGs
[2025-11-06T19:52:23.019+0000] {logging_mixin.py:190} INFO - [2025-11-06T19:52:23.019+0000] {dag.py:4180} INFO - Setting next_dagrun for dataset_alias_example_alias_consumer to None, run_after=None
[2025-11-06T19:52:23.020+0000] {logging_mixin.py:190} INFO - [2025-11-06T19:52:23.020+0000] {dag.py:4180} INFO - Setting next_dagrun for dataset_alias_example_alias_producer to None, run_after=None
[2025-11-06T19:52:23.020+0000] {logging_mixin.py:190} INFO - [2025-11-06T19:52:23.020+0000] {dag.py:4180} INFO - Setting next_dagrun for dataset_s3_bucket_consumer to None, run_after=None
[2025-11-06T19:52:23.021+0000] {logging_mixin.py:190} INFO - [2025-11-06T19:52:23.021+0000] {dag.py:4180} INFO - Setting next_dagrun for dataset_s3_bucket_producer to None, run_after=None
[2025-11-06T19:52:23.027+0000] {processor.py:208} INFO - Processing /home/airflow/.local/lib/python3.12/site-packages/airflow/example_dags/example_dataset_alias.py took 0.042 seconds
[2025-11-06T19:52:53.832+0000] {processor.py:186} INFO - Started process (PID=380) to work on /home/airflow/.local/lib/python3.12/site-packages/airflow/example_dags/example_dataset_alias.py
[2025-11-06T19:52:53.832+0000] {processor.py:914} INFO - Processing file /home/airflow/.local/lib/python3.12/site-packages/airflow/example_dags/example_dataset_alias.py for tasks to queue
[2025-11-06T19:52:53.833+0000] {logging_mixin.py:190} INFO - [2025-11-06T19:52:53.833+0000] {dagbag.py:588} INFO - Filling up the DagBag from /home/airflow/.local/lib/python3.12/site-packages/airflow/example_dags/example_dataset_alias.py
[2025-11-06T19:52:53.847+0000] {processor.py:925} INFO - DAG(s) 'dataset_s3_bucket_producer', 'dataset_alias_example_alias_producer', 'dataset_alias_example_alias_consumer', 'dataset_s3_bucket_consumer' retrieved from /home/airflow/.local/lib/python3.12/site-packages/airflow/example_dags/example_dataset_alias.py
[2025-11-06T19:52:53.855+0000] {logging_mixin.py:190} INFO - [2025-11-06T19:52:53.854+0000] {dag.py:3239} INFO - Sync 4 DAGs
[2025-11-06T19:52:53.865+0000] {logging_mixin.py:190} INFO - [2025-11-06T19:52:53.865+0000] {dag.py:4180} INFO - Setting next_dagrun for dataset_alias_example_alias_consumer to None, run_after=None
[2025-11-06T19:52:53.866+0000] {logging_mixin.py:190} INFO - [2025-11-06T19:52:53.866+0000] {dag.py:4180} INFO - Setting next_dagrun for dataset_alias_example_alias_producer to None, run_after=None
[2025-11-06T19:52:53.866+0000] {logging_mixin.py:190} INFO - [2025-11-06T19:52:53.866+0000] {dag.py:4180} INFO - Setting next_dagrun for dataset_s3_bucket_consumer to None, run_after=None
[2025-11-06T19:52:53.867+0000] {logging_mixin.py:190} INFO - [2025-11-06T19:52:53.867+0000] {dag.py:4180} INFO - Setting next_dagrun for dataset_s3_bucket_producer to None, run_after=None
[2025-11-06T19:52:53.874+0000] {processor.py:208} INFO - Processing /home/airflow/.local/lib/python3.12/site-packages/airflow/example_dags/example_dataset_alias.py took 0.044 seconds
[2025-11-06T19:53:24.594+0000] {processor.py:186} INFO - Started process (PID=442) to work on /home/airflow/.local/lib/python3.12/site-packages/airflow/example_dags/example_dataset_alias.py
[2025-11-06T19:53:24.594+0000] {processor.py:914} INFO - Processing file /home/airflow/.local/lib/python3.12/site-packages/airflow/example_dags/example_dataset_alias.py for tasks to queue
[2025-11-06T19:53:24.595+0000] {logging_mixin.py:190} INFO - [2025-11-06T19:53:24.595+0000] {dagbag.py:588} INFO - Filling up the DagBag from /home/airflow/.local/lib/python3.12/site-packages/airflow/example_dags/example_dataset_alias.py
[2025-11-06T19:53:24.611+0000] {processor.py:925} INFO - DAG(s) 'dataset_s3_bucket_consumer', 'dataset_alias_example_alias_producer', 'dataset_s3_bucket_producer', 'dataset_alias_example_alias_consumer' retrieved from /home/airflow/.local/lib/python3.12/site-packages/airflow/example_dags/example_dataset_alias.py
[2025-11-06T19:53:24.624+0000] {logging_mixin.py:190} INFO - [2025-11-06T19:53:24.624+0000] {dag.py:3239} INFO - Sync 4 DAGs
[2025-11-06T19:53:24.632+0000] {logging_mixin.py:190} INFO - [2025-11-06T19:53:24.632+0000] {dag.py:4180} INFO - Setting next_dagrun for dataset_alias_example_alias_consumer to None, run_after=None
[2025-11-06T19:53:24.633+0000] {logging_mixin.py:190} INFO - [2025-11-06T19:53:24.633+0000] {dag.py:4180} INFO - Setting next_dagrun for dataset_alias_example_alias_producer to None, run_after=None
[2025-11-06T19:53:24.634+0000] {logging_mixin.py:190} INFO - [2025-11-06T19:53:24.634+0000] {dag.py:4180} INFO - Setting next_dagrun for dataset_s3_bucket_consumer to None, run_after=None
[2025-11-06T19:53:24.634+0000] {logging_mixin.py:190} INFO - [2025-11-06T19:53:24.634+0000] {dag.py:4180} INFO - Setting next_dagrun for dataset_s3_bucket_producer to None, run_after=None
[2025-11-06T19:53:24.642+0000] {processor.py:208} INFO - Processing /home/airflow/.local/lib/python3.12/site-packages/airflow/example_dags/example_dataset_alias.py took 0.050 seconds
[2025-11-06T19:53:55.190+0000] {processor.py:186} INFO - Started process (PID=504) to work on /home/airflow/.local/lib/python3.12/site-packages/airflow/example_dags/example_dataset_alias.py
[2025-11-06T19:53:55.192+0000] {processor.py:914} INFO - Processing file /home/airflow/.local/lib/python3.12/site-packages/airflow/example_dags/example_dataset_alias.py for tasks to queue
[2025-11-06T19:53:55.193+0000] {logging_mixin.py:190} INFO - [2025-11-06T19:53:55.193+0000] {dagbag.py:588} INFO - Filling up the DagBag from /home/airflow/.local/lib/python3.12/site-packages/airflow/example_dags/example_dataset_alias.py
[2025-11-06T19:53:55.211+0000] {processor.py:925} INFO - DAG(s) 'dataset_s3_bucket_producer', 'dataset_s3_bucket_consumer', 'dataset_alias_example_alias_consumer', 'dataset_alias_example_alias_producer' retrieved from /home/airflow/.local/lib/python3.12/site-packages/airflow/example_dags/example_dataset_alias.py
[2025-11-06T19:53:55.229+0000] {logging_mixin.py:190} INFO - [2025-11-06T19:53:55.229+0000] {dag.py:3239} INFO - Sync 4 DAGs
[2025-11-06T19:53:55.240+0000] {logging_mixin.py:190} INFO - [2025-11-06T19:53:55.240+0000] {dag.py:4180} INFO - Setting next_dagrun for dataset_alias_example_alias_consumer to None, run_after=None
[2025-11-06T19:53:55.242+0000] {logging_mixin.py:190} INFO - [2025-11-06T19:53:55.242+0000] {dag.py:4180} INFO - Setting next_dagrun for dataset_alias_example_alias_producer to None, run_after=None
[2025-11-06T19:53:55.243+0000] {logging_mixin.py:190} INFO - [2025-11-06T19:53:55.243+0000] {dag.py:4180} INFO - Setting next_dagrun for dataset_s3_bucket_consumer to None, run_after=None
[2025-11-06T19:53:55.243+0000] {logging_mixin.py:190} INFO - [2025-11-06T19:53:55.243+0000] {dag.py:4180} INFO - Setting next_dagrun for dataset_s3_bucket_producer to None, run_after=None
[2025-11-06T19:53:55.252+0000] {processor.py:208} INFO - Processing /home/airflow/.local/lib/python3.12/site-packages/airflow/example_dags/example_dataset_alias.py took 0.064 seconds
