[2025-11-06T19:49:08.787+0000] {processor.py:186} INFO - Started process (PID=63) to work on /home/airflow/.local/lib/python3.12/site-packages/airflow/example_dags/example_complex.py
[2025-11-06T19:49:08.788+0000] {processor.py:914} INFO - Processing file /home/airflow/.local/lib/python3.12/site-packages/airflow/example_dags/example_complex.py for tasks to queue
[2025-11-06T19:49:08.789+0000] {logging_mixin.py:190} INFO - [2025-11-06T19:49:08.788+0000] {dagbag.py:588} INFO - Filling up the DagBag from /home/airflow/.local/lib/python3.12/site-packages/airflow/example_dags/example_complex.py
[2025-11-06T19:49:08.794+0000] {processor.py:925} INFO - DAG(s) 'example_complex' retrieved from /home/airflow/.local/lib/python3.12/site-packages/airflow/example_dags/example_complex.py
[2025-11-06T19:49:08.836+0000] {logging_mixin.py:190} INFO - [2025-11-06T19:49:08.836+0000] {override.py:1900} INFO - Created Permission View: can delete on DAG:example_complex
[2025-11-06T19:49:08.843+0000] {logging_mixin.py:190} INFO - [2025-11-06T19:49:08.843+0000] {override.py:1900} INFO - Created Permission View: can read on DAG:example_complex
[2025-11-06T19:49:08.844+0000] {logging_mixin.py:190} INFO - [2025-11-06T19:49:08.844+0000] {override.py:1900} INFO - Created Permission View: can edit on DAG:example_complex
[2025-11-06T19:49:08.846+0000] {logging_mixin.py:190} INFO - [2025-11-06T19:49:08.846+0000] {override.py:1900} INFO - Created Permission View: can delete on DAG Run:example_complex
[2025-11-06T19:49:08.847+0000] {logging_mixin.py:190} INFO - [2025-11-06T19:49:08.847+0000] {override.py:1900} INFO - Created Permission View: can read on DAG Run:example_complex
[2025-11-06T19:49:08.849+0000] {logging_mixin.py:190} INFO - [2025-11-06T19:49:08.849+0000] {override.py:1900} INFO - Created Permission View: menu access on DAG Run:example_complex
[2025-11-06T19:49:08.851+0000] {logging_mixin.py:190} INFO - [2025-11-06T19:49:08.850+0000] {override.py:1900} INFO - Created Permission View: can create on DAG Run:example_complex
[2025-11-06T19:49:08.851+0000] {logging_mixin.py:190} INFO - [2025-11-06T19:49:08.851+0000] {dag.py:3239} INFO - Sync 1 DAGs
[2025-11-06T19:49:08.855+0000] {logging_mixin.py:190} INFO - [2025-11-06T19:49:08.855+0000] {dag.py:3262} INFO - Creating ORM DAG for example_complex
[2025-11-06T19:49:08.856+0000] {logging_mixin.py:190} INFO - [2025-11-06T19:49:08.856+0000] {dag.py:4180} INFO - Setting next_dagrun for example_complex to None, run_after=None
[2025-11-06T19:49:08.861+0000] {processor.py:208} INFO - Processing /home/airflow/.local/lib/python3.12/site-packages/airflow/example_dags/example_complex.py took 0.076 seconds
[2025-11-06T19:49:39.596+0000] {processor.py:186} INFO - Started process (PID=125) to work on /home/airflow/.local/lib/python3.12/site-packages/airflow/example_dags/example_complex.py
[2025-11-06T19:49:39.596+0000] {processor.py:914} INFO - Processing file /home/airflow/.local/lib/python3.12/site-packages/airflow/example_dags/example_complex.py for tasks to queue
[2025-11-06T19:49:39.598+0000] {logging_mixin.py:190} INFO - [2025-11-06T19:49:39.597+0000] {dagbag.py:588} INFO - Filling up the DagBag from /home/airflow/.local/lib/python3.12/site-packages/airflow/example_dags/example_complex.py
[2025-11-06T19:49:39.602+0000] {processor.py:925} INFO - DAG(s) 'example_complex' retrieved from /home/airflow/.local/lib/python3.12/site-packages/airflow/example_dags/example_complex.py
[2025-11-06T19:49:39.615+0000] {logging_mixin.py:190} INFO - [2025-11-06T19:49:39.615+0000] {dag.py:3239} INFO - Sync 1 DAGs
[2025-11-06T19:49:39.619+0000] {logging_mixin.py:190} INFO - [2025-11-06T19:49:39.619+0000] {dag.py:4180} INFO - Setting next_dagrun for example_complex to None, run_after=None
[2025-11-06T19:49:39.625+0000] {processor.py:208} INFO - Processing /home/airflow/.local/lib/python3.12/site-packages/airflow/example_dags/example_complex.py took 0.032 seconds
[2025-11-06T19:50:20.394+0000] {processor.py:186} INFO - Started process (PID=62) to work on /home/airflow/.local/lib/python3.12/site-packages/airflow/example_dags/example_complex.py
[2025-11-06T19:50:20.395+0000] {processor.py:914} INFO - Processing file /home/airflow/.local/lib/python3.12/site-packages/airflow/example_dags/example_complex.py for tasks to queue
[2025-11-06T19:50:20.396+0000] {logging_mixin.py:190} INFO - [2025-11-06T19:50:20.395+0000] {dagbag.py:588} INFO - Filling up the DagBag from /home/airflow/.local/lib/python3.12/site-packages/airflow/example_dags/example_complex.py
[2025-11-06T19:50:20.401+0000] {processor.py:925} INFO - DAG(s) 'example_complex' retrieved from /home/airflow/.local/lib/python3.12/site-packages/airflow/example_dags/example_complex.py
[2025-11-06T19:50:20.419+0000] {logging_mixin.py:190} INFO - [2025-11-06T19:50:20.419+0000] {dag.py:3239} INFO - Sync 1 DAGs
[2025-11-06T19:50:20.427+0000] {logging_mixin.py:190} INFO - [2025-11-06T19:50:20.426+0000] {dag.py:4180} INFO - Setting next_dagrun for example_complex to None, run_after=None
[2025-11-06T19:50:20.438+0000] {processor.py:208} INFO - Processing /home/airflow/.local/lib/python3.12/site-packages/airflow/example_dags/example_complex.py took 0.046 seconds
[2025-11-06T19:50:51.116+0000] {processor.py:186} INFO - Started process (PID=124) to work on /home/airflow/.local/lib/python3.12/site-packages/airflow/example_dags/example_complex.py
[2025-11-06T19:50:51.116+0000] {processor.py:914} INFO - Processing file /home/airflow/.local/lib/python3.12/site-packages/airflow/example_dags/example_complex.py for tasks to queue
[2025-11-06T19:50:51.117+0000] {logging_mixin.py:190} INFO - [2025-11-06T19:50:51.117+0000] {dagbag.py:588} INFO - Filling up the DagBag from /home/airflow/.local/lib/python3.12/site-packages/airflow/example_dags/example_complex.py
[2025-11-06T19:50:51.121+0000] {processor.py:925} INFO - DAG(s) 'example_complex' retrieved from /home/airflow/.local/lib/python3.12/site-packages/airflow/example_dags/example_complex.py
[2025-11-06T19:50:51.138+0000] {logging_mixin.py:190} INFO - [2025-11-06T19:50:51.138+0000] {dag.py:3239} INFO - Sync 1 DAGs
[2025-11-06T19:50:51.143+0000] {logging_mixin.py:190} INFO - [2025-11-06T19:50:51.143+0000] {dag.py:4180} INFO - Setting next_dagrun for example_complex to None, run_after=None
[2025-11-06T19:50:51.152+0000] {processor.py:208} INFO - Processing /home/airflow/.local/lib/python3.12/site-packages/airflow/example_dags/example_complex.py took 0.039 seconds
[2025-11-06T19:51:21.642+0000] {processor.py:186} INFO - Started process (PID=186) to work on /home/airflow/.local/lib/python3.12/site-packages/airflow/example_dags/example_complex.py
[2025-11-06T19:51:21.643+0000] {processor.py:914} INFO - Processing file /home/airflow/.local/lib/python3.12/site-packages/airflow/example_dags/example_complex.py for tasks to queue
[2025-11-06T19:51:21.643+0000] {logging_mixin.py:190} INFO - [2025-11-06T19:51:21.643+0000] {dagbag.py:588} INFO - Filling up the DagBag from /home/airflow/.local/lib/python3.12/site-packages/airflow/example_dags/example_complex.py
[2025-11-06T19:51:21.648+0000] {processor.py:925} INFO - DAG(s) 'example_complex' retrieved from /home/airflow/.local/lib/python3.12/site-packages/airflow/example_dags/example_complex.py
[2025-11-06T19:51:21.661+0000] {logging_mixin.py:190} INFO - [2025-11-06T19:51:21.660+0000] {dag.py:3239} INFO - Sync 1 DAGs
[2025-11-06T19:51:21.665+0000] {logging_mixin.py:190} INFO - [2025-11-06T19:51:21.665+0000] {dag.py:4180} INFO - Setting next_dagrun for example_complex to None, run_after=None
[2025-11-06T19:51:21.675+0000] {processor.py:208} INFO - Processing /home/airflow/.local/lib/python3.12/site-packages/airflow/example_dags/example_complex.py took 0.036 seconds
[2025-11-06T19:51:52.204+0000] {processor.py:186} INFO - Started process (PID=248) to work on /home/airflow/.local/lib/python3.12/site-packages/airflow/example_dags/example_complex.py
[2025-11-06T19:51:52.205+0000] {processor.py:914} INFO - Processing file /home/airflow/.local/lib/python3.12/site-packages/airflow/example_dags/example_complex.py for tasks to queue
[2025-11-06T19:51:52.206+0000] {logging_mixin.py:190} INFO - [2025-11-06T19:51:52.206+0000] {dagbag.py:588} INFO - Filling up the DagBag from /home/airflow/.local/lib/python3.12/site-packages/airflow/example_dags/example_complex.py
[2025-11-06T19:51:52.211+0000] {processor.py:925} INFO - DAG(s) 'example_complex' retrieved from /home/airflow/.local/lib/python3.12/site-packages/airflow/example_dags/example_complex.py
[2025-11-06T19:51:52.225+0000] {logging_mixin.py:190} INFO - [2025-11-06T19:51:52.225+0000] {dag.py:3239} INFO - Sync 1 DAGs
[2025-11-06T19:51:52.235+0000] {logging_mixin.py:190} INFO - [2025-11-06T19:51:52.235+0000] {dag.py:4180} INFO - Setting next_dagrun for example_complex to None, run_after=None
[2025-11-06T19:51:52.243+0000] {processor.py:208} INFO - Processing /home/airflow/.local/lib/python3.12/site-packages/airflow/example_dags/example_complex.py took 0.041 seconds
[2025-11-06T19:52:22.801+0000] {processor.py:186} INFO - Started process (PID=310) to work on /home/airflow/.local/lib/python3.12/site-packages/airflow/example_dags/example_complex.py
[2025-11-06T19:52:22.801+0000] {processor.py:914} INFO - Processing file /home/airflow/.local/lib/python3.12/site-packages/airflow/example_dags/example_complex.py for tasks to queue
[2025-11-06T19:52:22.802+0000] {logging_mixin.py:190} INFO - [2025-11-06T19:52:22.802+0000] {dagbag.py:588} INFO - Filling up the DagBag from /home/airflow/.local/lib/python3.12/site-packages/airflow/example_dags/example_complex.py
[2025-11-06T19:52:22.806+0000] {processor.py:925} INFO - DAG(s) 'example_complex' retrieved from /home/airflow/.local/lib/python3.12/site-packages/airflow/example_dags/example_complex.py
[2025-11-06T19:52:22.818+0000] {logging_mixin.py:190} INFO - [2025-11-06T19:52:22.818+0000] {dag.py:3239} INFO - Sync 1 DAGs
[2025-11-06T19:52:22.823+0000] {logging_mixin.py:190} INFO - [2025-11-06T19:52:22.823+0000] {dag.py:4180} INFO - Setting next_dagrun for example_complex to None, run_after=None
[2025-11-06T19:52:22.828+0000] {processor.py:208} INFO - Processing /home/airflow/.local/lib/python3.12/site-packages/airflow/example_dags/example_complex.py took 0.030 seconds
[2025-11-06T19:52:53.543+0000] {processor.py:186} INFO - Started process (PID=372) to work on /home/airflow/.local/lib/python3.12/site-packages/airflow/example_dags/example_complex.py
[2025-11-06T19:52:53.544+0000] {processor.py:914} INFO - Processing file /home/airflow/.local/lib/python3.12/site-packages/airflow/example_dags/example_complex.py for tasks to queue
[2025-11-06T19:52:53.545+0000] {logging_mixin.py:190} INFO - [2025-11-06T19:52:53.545+0000] {dagbag.py:588} INFO - Filling up the DagBag from /home/airflow/.local/lib/python3.12/site-packages/airflow/example_dags/example_complex.py
[2025-11-06T19:52:53.551+0000] {processor.py:925} INFO - DAG(s) 'example_complex' retrieved from /home/airflow/.local/lib/python3.12/site-packages/airflow/example_dags/example_complex.py
[2025-11-06T19:52:53.572+0000] {logging_mixin.py:190} INFO - [2025-11-06T19:52:53.572+0000] {dag.py:3239} INFO - Sync 1 DAGs
[2025-11-06T19:52:53.578+0000] {logging_mixin.py:190} INFO - [2025-11-06T19:52:53.578+0000] {dag.py:4180} INFO - Setting next_dagrun for example_complex to None, run_after=None
[2025-11-06T19:52:53.586+0000] {processor.py:208} INFO - Processing /home/airflow/.local/lib/python3.12/site-packages/airflow/example_dags/example_complex.py took 0.045 seconds
[2025-11-06T19:53:24.395+0000] {processor.py:186} INFO - Started process (PID=434) to work on /home/airflow/.local/lib/python3.12/site-packages/airflow/example_dags/example_complex.py
[2025-11-06T19:53:24.396+0000] {processor.py:914} INFO - Processing file /home/airflow/.local/lib/python3.12/site-packages/airflow/example_dags/example_complex.py for tasks to queue
[2025-11-06T19:53:24.397+0000] {logging_mixin.py:190} INFO - [2025-11-06T19:53:24.397+0000] {dagbag.py:588} INFO - Filling up the DagBag from /home/airflow/.local/lib/python3.12/site-packages/airflow/example_dags/example_complex.py
[2025-11-06T19:53:24.402+0000] {processor.py:925} INFO - DAG(s) 'example_complex' retrieved from /home/airflow/.local/lib/python3.12/site-packages/airflow/example_dags/example_complex.py
[2025-11-06T19:53:24.419+0000] {logging_mixin.py:190} INFO - [2025-11-06T19:53:24.419+0000] {dag.py:3239} INFO - Sync 1 DAGs
[2025-11-06T19:53:24.424+0000] {logging_mixin.py:190} INFO - [2025-11-06T19:53:24.424+0000] {dag.py:4180} INFO - Setting next_dagrun for example_complex to None, run_after=None
[2025-11-06T19:53:24.431+0000] {processor.py:208} INFO - Processing /home/airflow/.local/lib/python3.12/site-packages/airflow/example_dags/example_complex.py took 0.039 seconds
[2025-11-06T19:53:55.007+0000] {processor.py:186} INFO - Started process (PID=496) to work on /home/airflow/.local/lib/python3.12/site-packages/airflow/example_dags/example_complex.py
[2025-11-06T19:53:55.008+0000] {processor.py:914} INFO - Processing file /home/airflow/.local/lib/python3.12/site-packages/airflow/example_dags/example_complex.py for tasks to queue
[2025-11-06T19:53:55.009+0000] {logging_mixin.py:190} INFO - [2025-11-06T19:53:55.009+0000] {dagbag.py:588} INFO - Filling up the DagBag from /home/airflow/.local/lib/python3.12/site-packages/airflow/example_dags/example_complex.py
[2025-11-06T19:53:55.016+0000] {processor.py:925} INFO - DAG(s) 'example_complex' retrieved from /home/airflow/.local/lib/python3.12/site-packages/airflow/example_dags/example_complex.py
[2025-11-06T19:53:55.030+0000] {logging_mixin.py:190} INFO - [2025-11-06T19:53:55.030+0000] {dag.py:3239} INFO - Sync 1 DAGs
[2025-11-06T19:53:55.035+0000] {logging_mixin.py:190} INFO - [2025-11-06T19:53:55.035+0000] {dag.py:4180} INFO - Setting next_dagrun for example_complex to None, run_after=None
[2025-11-06T19:53:55.042+0000] {processor.py:208} INFO - Processing /home/airflow/.local/lib/python3.12/site-packages/airflow/example_dags/example_complex.py took 0.038 seconds
