[2025-11-06T19:49:07.904+0000] {processor.py:186} INFO - Started process (PID=39) to work on /home/airflow/.local/lib/python3.12/site-packages/airflow/example_dags/example_datasets.py
[2025-11-06T19:49:07.904+0000] {processor.py:914} INFO - Processing file /home/airflow/.local/lib/python3.12/site-packages/airflow/example_dags/example_datasets.py for tasks to queue
[2025-11-06T19:49:07.905+0000] {logging_mixin.py:190} INFO - [2025-11-06T19:49:07.905+0000] {dagbag.py:588} INFO - Filling up the DagBag from /home/airflow/.local/lib/python3.12/site-packages/airflow/example_dags/example_datasets.py
[2025-11-06T19:49:07.913+0000] {processor.py:925} INFO - DAG(s) 'dataset_consumes_1_never_scheduled', 'dataset_produces_2', 'consume_1_or_2_with_dataset_expressions', 'dataset_produces_1', 'dataset_consumes_unknown_never_scheduled', 'conditional_dataset_and_time_based_timetable', 'dataset_consumes_1_and_2', 'consume_1_and_2_with_dataset_expressions', 'dataset_consumes_1', 'consume_1_or_both_2_and_3_with_dataset_expressions' retrieved from /home/airflow/.local/lib/python3.12/site-packages/airflow/example_dags/example_datasets.py
[2025-11-06T19:49:07.952+0000] {logging_mixin.py:190} INFO - [2025-11-06T19:49:07.952+0000] {override.py:1900} INFO - Created Permission View: can delete on DAG:dataset_consumes_1_never_scheduled
[2025-11-06T19:49:07.956+0000] {logging_mixin.py:190} INFO - [2025-11-06T19:49:07.956+0000] {override.py:1900} INFO - Created Permission View: can read on DAG:dataset_consumes_1_never_scheduled
[2025-11-06T19:49:07.959+0000] {logging_mixin.py:190} INFO - [2025-11-06T19:49:07.958+0000] {override.py:1900} INFO - Created Permission View: can edit on DAG:dataset_consumes_1_never_scheduled
[2025-11-06T19:49:07.961+0000] {logging_mixin.py:190} INFO - [2025-11-06T19:49:07.961+0000] {override.py:1900} INFO - Created Permission View: can delete on DAG Run:dataset_consumes_1_never_scheduled
[2025-11-06T19:49:07.964+0000] {logging_mixin.py:190} INFO - [2025-11-06T19:49:07.964+0000] {override.py:1900} INFO - Created Permission View: can read on DAG Run:dataset_consumes_1_never_scheduled
[2025-11-06T19:49:07.977+0000] {logging_mixin.py:190} INFO - [2025-11-06T19:49:07.976+0000] {override.py:1900} INFO - Created Permission View: menu access on DAG Run:dataset_consumes_1_never_scheduled
[2025-11-06T19:49:07.997+0000] {logging_mixin.py:190} INFO - [2025-11-06T19:49:07.997+0000] {override.py:1900} INFO - Created Permission View: can create on DAG Run:dataset_consumes_1_never_scheduled
[2025-11-06T19:49:08.032+0000] {logging_mixin.py:190} INFO - [2025-11-06T19:49:08.032+0000] {override.py:1900} INFO - Created Permission View: can delete on DAG:dataset_produces_2
[2025-11-06T19:49:08.051+0000] {logging_mixin.py:190} INFO - [2025-11-06T19:49:08.050+0000] {override.py:1900} INFO - Created Permission View: can read on DAG:dataset_produces_2
[2025-11-06T19:49:08.055+0000] {logging_mixin.py:190} INFO - [2025-11-06T19:49:08.055+0000] {override.py:1900} INFO - Created Permission View: can edit on DAG:dataset_produces_2
[2025-11-06T19:49:08.058+0000] {logging_mixin.py:190} INFO - [2025-11-06T19:49:08.057+0000] {override.py:1900} INFO - Created Permission View: can delete on DAG Run:dataset_produces_2
[2025-11-06T19:49:08.060+0000] {logging_mixin.py:190} INFO - [2025-11-06T19:49:08.060+0000] {override.py:1900} INFO - Created Permission View: can read on DAG Run:dataset_produces_2
[2025-11-06T19:49:08.063+0000] {logging_mixin.py:190} INFO - [2025-11-06T19:49:08.063+0000] {override.py:1900} INFO - Created Permission View: menu access on DAG Run:dataset_produces_2
[2025-11-06T19:49:08.065+0000] {logging_mixin.py:190} INFO - [2025-11-06T19:49:08.065+0000] {override.py:1900} INFO - Created Permission View: can create on DAG Run:dataset_produces_2
[2025-11-06T19:49:08.070+0000] {logging_mixin.py:190} INFO - [2025-11-06T19:49:08.070+0000] {override.py:1900} INFO - Created Permission View: can delete on DAG:consume_1_or_2_with_dataset_expressions
[2025-11-06T19:49:08.072+0000] {logging_mixin.py:190} INFO - [2025-11-06T19:49:08.071+0000] {override.py:1900} INFO - Created Permission View: can read on DAG:consume_1_or_2_with_dataset_expressions
[2025-11-06T19:49:08.073+0000] {logging_mixin.py:190} INFO - [2025-11-06T19:49:08.073+0000] {override.py:1900} INFO - Created Permission View: can edit on DAG:consume_1_or_2_with_dataset_expressions
[2025-11-06T19:49:08.075+0000] {logging_mixin.py:190} INFO - [2025-11-06T19:49:08.075+0000] {override.py:1900} INFO - Created Permission View: can delete on DAG Run:consume_1_or_2_with_dataset_expressions
[2025-11-06T19:49:08.077+0000] {logging_mixin.py:190} INFO - [2025-11-06T19:49:08.077+0000] {override.py:1900} INFO - Created Permission View: can read on DAG Run:consume_1_or_2_with_dataset_expressions
[2025-11-06T19:49:08.079+0000] {logging_mixin.py:190} INFO - [2025-11-06T19:49:08.079+0000] {override.py:1900} INFO - Created Permission View: menu access on DAG Run:consume_1_or_2_with_dataset_expressions
[2025-11-06T19:49:08.081+0000] {logging_mixin.py:190} INFO - [2025-11-06T19:49:08.081+0000] {override.py:1900} INFO - Created Permission View: can create on DAG Run:consume_1_or_2_with_dataset_expressions
[2025-11-06T19:49:08.086+0000] {logging_mixin.py:190} INFO - [2025-11-06T19:49:08.086+0000] {override.py:1900} INFO - Created Permission View: can delete on DAG:dataset_produces_1
[2025-11-06T19:49:08.089+0000] {logging_mixin.py:190} INFO - [2025-11-06T19:49:08.089+0000] {override.py:1900} INFO - Created Permission View: can read on DAG:dataset_produces_1
[2025-11-06T19:49:08.092+0000] {logging_mixin.py:190} INFO - [2025-11-06T19:49:08.092+0000] {override.py:1900} INFO - Created Permission View: can edit on DAG:dataset_produces_1
[2025-11-06T19:49:08.094+0000] {logging_mixin.py:190} INFO - [2025-11-06T19:49:08.094+0000] {override.py:1900} INFO - Created Permission View: can delete on DAG Run:dataset_produces_1
[2025-11-06T19:49:08.096+0000] {logging_mixin.py:190} INFO - [2025-11-06T19:49:08.096+0000] {override.py:1900} INFO - Created Permission View: can read on DAG Run:dataset_produces_1
[2025-11-06T19:49:08.099+0000] {logging_mixin.py:190} INFO - [2025-11-06T19:49:08.098+0000] {override.py:1900} INFO - Created Permission View: menu access on DAG Run:dataset_produces_1
[2025-11-06T19:49:08.100+0000] {logging_mixin.py:190} INFO - [2025-11-06T19:49:08.100+0000] {override.py:1900} INFO - Created Permission View: can create on DAG Run:dataset_produces_1
[2025-11-06T19:49:08.106+0000] {logging_mixin.py:190} INFO - [2025-11-06T19:49:08.106+0000] {override.py:1900} INFO - Created Permission View: can delete on DAG:dataset_consumes_unknown_never_scheduled
[2025-11-06T19:49:08.110+0000] {logging_mixin.py:190} INFO - [2025-11-06T19:49:08.110+0000] {override.py:1900} INFO - Created Permission View: can read on DAG:dataset_consumes_unknown_never_scheduled
[2025-11-06T19:49:08.112+0000] {logging_mixin.py:190} INFO - [2025-11-06T19:49:08.112+0000] {override.py:1900} INFO - Created Permission View: can edit on DAG:dataset_consumes_unknown_never_scheduled
[2025-11-06T19:49:08.113+0000] {logging_mixin.py:190} INFO - [2025-11-06T19:49:08.113+0000] {override.py:1900} INFO - Created Permission View: can delete on DAG Run:dataset_consumes_unknown_never_scheduled
[2025-11-06T19:49:08.115+0000] {logging_mixin.py:190} INFO - [2025-11-06T19:49:08.114+0000] {override.py:1900} INFO - Created Permission View: can read on DAG Run:dataset_consumes_unknown_never_scheduled
[2025-11-06T19:49:08.117+0000] {logging_mixin.py:190} INFO - [2025-11-06T19:49:08.116+0000] {override.py:1900} INFO - Created Permission View: menu access on DAG Run:dataset_consumes_unknown_never_scheduled
[2025-11-06T19:49:08.118+0000] {logging_mixin.py:190} INFO - [2025-11-06T19:49:08.118+0000] {override.py:1900} INFO - Created Permission View: can create on DAG Run:dataset_consumes_unknown_never_scheduled
[2025-11-06T19:49:08.121+0000] {logging_mixin.py:190} INFO - [2025-11-06T19:49:08.121+0000] {override.py:1900} INFO - Created Permission View: can delete on DAG:conditional_dataset_and_time_based_timetable
[2025-11-06T19:49:08.123+0000] {logging_mixin.py:190} INFO - [2025-11-06T19:49:08.123+0000] {override.py:1900} INFO - Created Permission View: can read on DAG:conditional_dataset_and_time_based_timetable
[2025-11-06T19:49:08.124+0000] {logging_mixin.py:190} INFO - [2025-11-06T19:49:08.124+0000] {override.py:1900} INFO - Created Permission View: can edit on DAG:conditional_dataset_and_time_based_timetable
[2025-11-06T19:49:08.126+0000] {logging_mixin.py:190} INFO - [2025-11-06T19:49:08.126+0000] {override.py:1900} INFO - Created Permission View: can delete on DAG Run:conditional_dataset_and_time_based_timetable
[2025-11-06T19:49:08.128+0000] {logging_mixin.py:190} INFO - [2025-11-06T19:49:08.127+0000] {override.py:1900} INFO - Created Permission View: can read on DAG Run:conditional_dataset_and_time_based_timetable
[2025-11-06T19:49:08.129+0000] {logging_mixin.py:190} INFO - [2025-11-06T19:49:08.129+0000] {override.py:1900} INFO - Created Permission View: menu access on DAG Run:conditional_dataset_and_time_based_timetable
[2025-11-06T19:49:08.131+0000] {logging_mixin.py:190} INFO - [2025-11-06T19:49:08.131+0000] {override.py:1900} INFO - Created Permission View: can create on DAG Run:conditional_dataset_and_time_based_timetable
[2025-11-06T19:49:08.134+0000] {logging_mixin.py:190} INFO - [2025-11-06T19:49:08.134+0000] {override.py:1900} INFO - Created Permission View: can delete on DAG:dataset_consumes_1_and_2
[2025-11-06T19:49:08.135+0000] {logging_mixin.py:190} INFO - [2025-11-06T19:49:08.135+0000] {override.py:1900} INFO - Created Permission View: can read on DAG:dataset_consumes_1_and_2
[2025-11-06T19:49:08.136+0000] {logging_mixin.py:190} INFO - [2025-11-06T19:49:08.136+0000] {override.py:1900} INFO - Created Permission View: can edit on DAG:dataset_consumes_1_and_2
[2025-11-06T19:49:08.138+0000] {logging_mixin.py:190} INFO - [2025-11-06T19:49:08.138+0000] {override.py:1900} INFO - Created Permission View: can delete on DAG Run:dataset_consumes_1_and_2
[2025-11-06T19:49:08.139+0000] {logging_mixin.py:190} INFO - [2025-11-06T19:49:08.139+0000] {override.py:1900} INFO - Created Permission View: can read on DAG Run:dataset_consumes_1_and_2
[2025-11-06T19:49:08.140+0000] {logging_mixin.py:190} INFO - [2025-11-06T19:49:08.140+0000] {override.py:1900} INFO - Created Permission View: menu access on DAG Run:dataset_consumes_1_and_2
[2025-11-06T19:49:08.142+0000] {logging_mixin.py:190} INFO - [2025-11-06T19:49:08.142+0000] {override.py:1900} INFO - Created Permission View: can create on DAG Run:dataset_consumes_1_and_2
[2025-11-06T19:49:08.145+0000] {logging_mixin.py:190} INFO - [2025-11-06T19:49:08.145+0000] {override.py:1900} INFO - Created Permission View: can delete on DAG:consume_1_and_2_with_dataset_expressions
[2025-11-06T19:49:08.147+0000] {logging_mixin.py:190} INFO - [2025-11-06T19:49:08.146+0000] {override.py:1900} INFO - Created Permission View: can read on DAG:consume_1_and_2_with_dataset_expressions
[2025-11-06T19:49:08.148+0000] {logging_mixin.py:190} INFO - [2025-11-06T19:49:08.148+0000] {override.py:1900} INFO - Created Permission View: can edit on DAG:consume_1_and_2_with_dataset_expressions
[2025-11-06T19:49:08.149+0000] {logging_mixin.py:190} INFO - [2025-11-06T19:49:08.149+0000] {override.py:1900} INFO - Created Permission View: can delete on DAG Run:consume_1_and_2_with_dataset_expressions
[2025-11-06T19:49:08.150+0000] {logging_mixin.py:190} INFO - [2025-11-06T19:49:08.150+0000] {override.py:1900} INFO - Created Permission View: can read on DAG Run:consume_1_and_2_with_dataset_expressions
[2025-11-06T19:49:08.152+0000] {logging_mixin.py:190} INFO - [2025-11-06T19:49:08.152+0000] {override.py:1900} INFO - Created Permission View: menu access on DAG Run:consume_1_and_2_with_dataset_expressions
[2025-11-06T19:49:08.153+0000] {logging_mixin.py:190} INFO - [2025-11-06T19:49:08.153+0000] {override.py:1900} INFO - Created Permission View: can create on DAG Run:consume_1_and_2_with_dataset_expressions
[2025-11-06T19:49:08.156+0000] {logging_mixin.py:190} INFO - [2025-11-06T19:49:08.156+0000] {override.py:1900} INFO - Created Permission View: can delete on DAG:dataset_consumes_1
[2025-11-06T19:49:08.157+0000] {logging_mixin.py:190} INFO - [2025-11-06T19:49:08.157+0000] {override.py:1900} INFO - Created Permission View: can read on DAG:dataset_consumes_1
[2025-11-06T19:49:08.159+0000] {logging_mixin.py:190} INFO - [2025-11-06T19:49:08.159+0000] {override.py:1900} INFO - Created Permission View: can edit on DAG:dataset_consumes_1
[2025-11-06T19:49:08.160+0000] {logging_mixin.py:190} INFO - [2025-11-06T19:49:08.160+0000] {override.py:1900} INFO - Created Permission View: can delete on DAG Run:dataset_consumes_1
[2025-11-06T19:49:08.161+0000] {logging_mixin.py:190} INFO - [2025-11-06T19:49:08.161+0000] {override.py:1900} INFO - Created Permission View: can read on DAG Run:dataset_consumes_1
[2025-11-06T19:49:08.163+0000] {logging_mixin.py:190} INFO - [2025-11-06T19:49:08.163+0000] {override.py:1900} INFO - Created Permission View: menu access on DAG Run:dataset_consumes_1
[2025-11-06T19:49:08.165+0000] {logging_mixin.py:190} INFO - [2025-11-06T19:49:08.165+0000] {override.py:1900} INFO - Created Permission View: can create on DAG Run:dataset_consumes_1
[2025-11-06T19:49:08.168+0000] {logging_mixin.py:190} INFO - [2025-11-06T19:49:08.167+0000] {override.py:1900} INFO - Created Permission View: can delete on DAG:consume_1_or_both_2_and_3_with_dataset_expressions
[2025-11-06T19:49:08.169+0000] {logging_mixin.py:190} INFO - [2025-11-06T19:49:08.169+0000] {override.py:1900} INFO - Created Permission View: can read on DAG:consume_1_or_both_2_and_3_with_dataset_expressions
[2025-11-06T19:49:08.170+0000] {logging_mixin.py:190} INFO - [2025-11-06T19:49:08.170+0000] {override.py:1900} INFO - Created Permission View: can edit on DAG:consume_1_or_both_2_and_3_with_dataset_expressions
[2025-11-06T19:49:08.172+0000] {logging_mixin.py:190} INFO - [2025-11-06T19:49:08.172+0000] {override.py:1900} INFO - Created Permission View: can delete on DAG Run:consume_1_or_both_2_and_3_with_dataset_expressions
[2025-11-06T19:49:08.173+0000] {logging_mixin.py:190} INFO - [2025-11-06T19:49:08.173+0000] {override.py:1900} INFO - Created Permission View: can read on DAG Run:consume_1_or_both_2_and_3_with_dataset_expressions
[2025-11-06T19:49:08.175+0000] {logging_mixin.py:190} INFO - [2025-11-06T19:49:08.175+0000] {override.py:1900} INFO - Created Permission View: menu access on DAG Run:consume_1_or_both_2_and_3_with_dataset_expressions
[2025-11-06T19:49:08.176+0000] {logging_mixin.py:190} INFO - [2025-11-06T19:49:08.176+0000] {override.py:1900} INFO - Created Permission View: can create on DAG Run:consume_1_or_both_2_and_3_with_dataset_expressions
[2025-11-06T19:49:08.176+0000] {logging_mixin.py:190} INFO - [2025-11-06T19:49:08.176+0000] {dag.py:3239} INFO - Sync 10 DAGs
[2025-11-06T19:49:08.181+0000] {logging_mixin.py:190} INFO - [2025-11-06T19:49:08.181+0000] {dag.py:3262} INFO - Creating ORM DAG for consume_1_and_2_with_dataset_expressions
[2025-11-06T19:49:08.181+0000] {logging_mixin.py:190} INFO - [2025-11-06T19:49:08.181+0000] {dag.py:3262} INFO - Creating ORM DAG for consume_1_or_2_with_dataset_expressions
[2025-11-06T19:49:08.181+0000] {logging_mixin.py:190} INFO - [2025-11-06T19:49:08.181+0000] {dag.py:3262} INFO - Creating ORM DAG for dataset_produces_1
[2025-11-06T19:49:08.182+0000] {logging_mixin.py:190} INFO - [2025-11-06T19:49:08.182+0000] {dag.py:3262} INFO - Creating ORM DAG for dataset_consumes_unknown_never_scheduled
[2025-11-06T19:49:08.182+0000] {logging_mixin.py:190} INFO - [2025-11-06T19:49:08.182+0000] {dag.py:3262} INFO - Creating ORM DAG for conditional_dataset_and_time_based_timetable
[2025-11-06T19:49:08.182+0000] {logging_mixin.py:190} INFO - [2025-11-06T19:49:08.182+0000] {dag.py:3262} INFO - Creating ORM DAG for dataset_consumes_1_and_2
[2025-11-06T19:49:08.182+0000] {logging_mixin.py:190} INFO - [2025-11-06T19:49:08.182+0000] {dag.py:3262} INFO - Creating ORM DAG for dataset_consumes_1
[2025-11-06T19:49:08.182+0000] {logging_mixin.py:190} INFO - [2025-11-06T19:49:08.182+0000] {dag.py:3262} INFO - Creating ORM DAG for consume_1_or_both_2_and_3_with_dataset_expressions
[2025-11-06T19:49:08.182+0000] {logging_mixin.py:190} INFO - [2025-11-06T19:49:08.182+0000] {dag.py:3262} INFO - Creating ORM DAG for dataset_consumes_1_never_scheduled
[2025-11-06T19:49:08.183+0000] {logging_mixin.py:190} INFO - [2025-11-06T19:49:08.183+0000] {dag.py:3262} INFO - Creating ORM DAG for dataset_produces_2
[2025-11-06T19:49:08.187+0000] {logging_mixin.py:190} INFO - [2025-11-06T19:49:08.187+0000] {dag.py:4180} INFO - Setting next_dagrun for conditional_dataset_and_time_based_timetable to 2025-11-05 01:00:00+00:00, run_after=2025-11-05 01:00:00+00:00
[2025-11-06T19:49:08.187+0000] {logging_mixin.py:190} INFO - [2025-11-06T19:49:08.187+0000] {dag.py:4180} INFO - Setting next_dagrun for consume_1_and_2_with_dataset_expressions to None, run_after=None
[2025-11-06T19:49:08.187+0000] {logging_mixin.py:190} INFO - [2025-11-06T19:49:08.187+0000] {dag.py:4180} INFO - Setting next_dagrun for consume_1_or_2_with_dataset_expressions to None, run_after=None
[2025-11-06T19:49:08.187+0000] {logging_mixin.py:190} INFO - [2025-11-06T19:49:08.187+0000] {dag.py:4180} INFO - Setting next_dagrun for consume_1_or_both_2_and_3_with_dataset_expressions to None, run_after=None
[2025-11-06T19:49:08.187+0000] {logging_mixin.py:190} INFO - [2025-11-06T19:49:08.187+0000] {dag.py:4180} INFO - Setting next_dagrun for dataset_consumes_1 to None, run_after=None
[2025-11-06T19:49:08.187+0000] {logging_mixin.py:190} INFO - [2025-11-06T19:49:08.187+0000] {dag.py:4180} INFO - Setting next_dagrun for dataset_consumes_1_and_2 to None, run_after=None
[2025-11-06T19:49:08.188+0000] {logging_mixin.py:190} INFO - [2025-11-06T19:49:08.188+0000] {dag.py:4180} INFO - Setting next_dagrun for dataset_consumes_1_never_scheduled to None, run_after=None
[2025-11-06T19:49:08.188+0000] {logging_mixin.py:190} INFO - [2025-11-06T19:49:08.188+0000] {dag.py:4180} INFO - Setting next_dagrun for dataset_consumes_unknown_never_scheduled to None, run_after=None
[2025-11-06T19:49:08.188+0000] {logging_mixin.py:190} INFO - [2025-11-06T19:49:08.188+0000] {dag.py:4180} INFO - Setting next_dagrun for dataset_produces_1 to 2025-11-05 00:00:00+00:00, run_after=2025-11-06 00:00:00+00:00
[2025-11-06T19:49:08.189+0000] {logging_mixin.py:190} INFO - [2025-11-06T19:49:08.189+0000] {dag.py:4180} INFO - Setting next_dagrun for dataset_produces_2 to None, run_after=None
[2025-11-06T19:49:08.217+0000] {processor.py:208} INFO - Processing /home/airflow/.local/lib/python3.12/site-packages/airflow/example_dags/example_datasets.py took 0.315 seconds
[2025-11-06T19:49:38.240+0000] {processor.py:186} INFO - Started process (PID=107) to work on /home/airflow/.local/lib/python3.12/site-packages/airflow/example_dags/example_datasets.py
[2025-11-06T19:49:38.241+0000] {processor.py:914} INFO - Processing file /home/airflow/.local/lib/python3.12/site-packages/airflow/example_dags/example_datasets.py for tasks to queue
[2025-11-06T19:49:38.242+0000] {logging_mixin.py:190} INFO - [2025-11-06T19:49:38.242+0000] {dagbag.py:588} INFO - Filling up the DagBag from /home/airflow/.local/lib/python3.12/site-packages/airflow/example_dags/example_datasets.py
[2025-11-06T19:49:38.248+0000] {processor.py:925} INFO - DAG(s) 'consume_1_or_both_2_and_3_with_dataset_expressions', 'dataset_produces_2', 'dataset_produces_1', 'conditional_dataset_and_time_based_timetable', 'dataset_consumes_1_and_2', 'consume_1_or_2_with_dataset_expressions', 'dataset_consumes_1', 'consume_1_and_2_with_dataset_expressions', 'dataset_consumes_1_never_scheduled', 'dataset_consumes_unknown_never_scheduled' retrieved from /home/airflow/.local/lib/python3.12/site-packages/airflow/example_dags/example_datasets.py
[2025-11-06T19:49:38.265+0000] {logging_mixin.py:190} INFO - [2025-11-06T19:49:38.265+0000] {dag.py:3239} INFO - Sync 10 DAGs
[2025-11-06T19:49:38.274+0000] {logging_mixin.py:190} INFO - [2025-11-06T19:49:38.274+0000] {dag.py:4180} INFO - Setting next_dagrun for conditional_dataset_and_time_based_timetable to 2025-11-05 01:00:00+00:00, run_after=2025-11-05 01:00:00+00:00
[2025-11-06T19:49:38.275+0000] {logging_mixin.py:190} INFO - [2025-11-06T19:49:38.275+0000] {dag.py:4180} INFO - Setting next_dagrun for consume_1_and_2_with_dataset_expressions to None, run_after=None
[2025-11-06T19:49:38.275+0000] {logging_mixin.py:190} INFO - [2025-11-06T19:49:38.275+0000] {dag.py:4180} INFO - Setting next_dagrun for consume_1_or_2_with_dataset_expressions to None, run_after=None
[2025-11-06T19:49:38.276+0000] {logging_mixin.py:190} INFO - [2025-11-06T19:49:38.276+0000] {dag.py:4180} INFO - Setting next_dagrun for consume_1_or_both_2_and_3_with_dataset_expressions to None, run_after=None
[2025-11-06T19:49:38.276+0000] {logging_mixin.py:190} INFO - [2025-11-06T19:49:38.276+0000] {dag.py:4180} INFO - Setting next_dagrun for dataset_consumes_1 to None, run_after=None
[2025-11-06T19:49:38.277+0000] {logging_mixin.py:190} INFO - [2025-11-06T19:49:38.277+0000] {dag.py:4180} INFO - Setting next_dagrun for dataset_consumes_1_and_2 to None, run_after=None
[2025-11-06T19:49:38.277+0000] {logging_mixin.py:190} INFO - [2025-11-06T19:49:38.277+0000] {dag.py:4180} INFO - Setting next_dagrun for dataset_consumes_1_never_scheduled to None, run_after=None
[2025-11-06T19:49:38.277+0000] {logging_mixin.py:190} INFO - [2025-11-06T19:49:38.277+0000] {dag.py:4180} INFO - Setting next_dagrun for dataset_consumes_unknown_never_scheduled to None, run_after=None
[2025-11-06T19:49:38.278+0000] {logging_mixin.py:190} INFO - [2025-11-06T19:49:38.278+0000] {dag.py:4180} INFO - Setting next_dagrun for dataset_produces_1 to 2025-11-05 00:00:00+00:00, run_after=2025-11-06 00:00:00+00:00
[2025-11-06T19:49:38.278+0000] {logging_mixin.py:190} INFO - [2025-11-06T19:49:38.278+0000] {dag.py:4180} INFO - Setting next_dagrun for dataset_produces_2 to None, run_after=None
[2025-11-06T19:49:38.289+0000] {processor.py:208} INFO - Processing /home/airflow/.local/lib/python3.12/site-packages/airflow/example_dags/example_datasets.py took 0.051 seconds
[2025-11-06T19:50:19.874+0000] {processor.py:186} INFO - Started process (PID=38) to work on /home/airflow/.local/lib/python3.12/site-packages/airflow/example_dags/example_datasets.py
[2025-11-06T19:50:19.875+0000] {processor.py:914} INFO - Processing file /home/airflow/.local/lib/python3.12/site-packages/airflow/example_dags/example_datasets.py for tasks to queue
[2025-11-06T19:50:19.878+0000] {logging_mixin.py:190} INFO - [2025-11-06T19:50:19.877+0000] {dagbag.py:588} INFO - Filling up the DagBag from /home/airflow/.local/lib/python3.12/site-packages/airflow/example_dags/example_datasets.py
[2025-11-06T19:50:19.886+0000] {processor.py:925} INFO - DAG(s) 'consume_1_or_both_2_and_3_with_dataset_expressions', 'consume_1_and_2_with_dataset_expressions', 'consume_1_or_2_with_dataset_expressions', 'dataset_produces_2', 'dataset_produces_1', 'dataset_consumes_1', 'dataset_consumes_1_and_2', 'dataset_consumes_1_never_scheduled', 'dataset_consumes_unknown_never_scheduled', 'conditional_dataset_and_time_based_timetable' retrieved from /home/airflow/.local/lib/python3.12/site-packages/airflow/example_dags/example_datasets.py
[2025-11-06T19:50:19.910+0000] {logging_mixin.py:190} INFO - [2025-11-06T19:50:19.910+0000] {dag.py:3239} INFO - Sync 10 DAGs
[2025-11-06T19:50:19.920+0000] {logging_mixin.py:190} INFO - [2025-11-06T19:50:19.919+0000] {dag.py:4180} INFO - Setting next_dagrun for conditional_dataset_and_time_based_timetable to 2025-11-05 01:00:00+00:00, run_after=2025-11-05 01:00:00+00:00
[2025-11-06T19:50:19.921+0000] {logging_mixin.py:190} INFO - [2025-11-06T19:50:19.921+0000] {dag.py:4180} INFO - Setting next_dagrun for consume_1_and_2_with_dataset_expressions to None, run_after=None
[2025-11-06T19:50:19.922+0000] {logging_mixin.py:190} INFO - [2025-11-06T19:50:19.922+0000] {dag.py:4180} INFO - Setting next_dagrun for consume_1_or_2_with_dataset_expressions to None, run_after=None
[2025-11-06T19:50:19.922+0000] {logging_mixin.py:190} INFO - [2025-11-06T19:50:19.922+0000] {dag.py:4180} INFO - Setting next_dagrun for consume_1_or_both_2_and_3_with_dataset_expressions to None, run_after=None
[2025-11-06T19:50:19.922+0000] {logging_mixin.py:190} INFO - [2025-11-06T19:50:19.922+0000] {dag.py:4180} INFO - Setting next_dagrun for dataset_consumes_1 to None, run_after=None
[2025-11-06T19:50:19.923+0000] {logging_mixin.py:190} INFO - [2025-11-06T19:50:19.923+0000] {dag.py:4180} INFO - Setting next_dagrun for dataset_consumes_1_and_2 to None, run_after=None
[2025-11-06T19:50:19.923+0000] {logging_mixin.py:190} INFO - [2025-11-06T19:50:19.923+0000] {dag.py:4180} INFO - Setting next_dagrun for dataset_consumes_1_never_scheduled to None, run_after=None
[2025-11-06T19:50:19.923+0000] {logging_mixin.py:190} INFO - [2025-11-06T19:50:19.923+0000] {dag.py:4180} INFO - Setting next_dagrun for dataset_consumes_unknown_never_scheduled to None, run_after=None
[2025-11-06T19:50:19.924+0000] {logging_mixin.py:190} INFO - [2025-11-06T19:50:19.924+0000] {dag.py:4180} INFO - Setting next_dagrun for dataset_produces_1 to 2025-11-05 00:00:00+00:00, run_after=2025-11-06 00:00:00+00:00
[2025-11-06T19:50:19.924+0000] {logging_mixin.py:190} INFO - [2025-11-06T19:50:19.924+0000] {dag.py:4180} INFO - Setting next_dagrun for dataset_produces_2 to None, run_after=None
[2025-11-06T19:50:19.934+0000] {processor.py:208} INFO - Processing /home/airflow/.local/lib/python3.12/site-packages/airflow/example_dags/example_datasets.py took 0.062 seconds
[2025-11-06T19:50:50.668+0000] {processor.py:186} INFO - Started process (PID=106) to work on /home/airflow/.local/lib/python3.12/site-packages/airflow/example_dags/example_datasets.py
[2025-11-06T19:50:50.672+0000] {processor.py:914} INFO - Processing file /home/airflow/.local/lib/python3.12/site-packages/airflow/example_dags/example_datasets.py for tasks to queue
[2025-11-06T19:50:50.673+0000] {logging_mixin.py:190} INFO - [2025-11-06T19:50:50.673+0000] {dagbag.py:588} INFO - Filling up the DagBag from /home/airflow/.local/lib/python3.12/site-packages/airflow/example_dags/example_datasets.py
[2025-11-06T19:50:50.678+0000] {processor.py:925} INFO - DAG(s) 'dataset_produces_2', 'dataset_consumes_1_and_2', 'dataset_produces_1', 'dataset_consumes_1', 'dataset_consumes_1_never_scheduled', 'consume_1_or_2_with_dataset_expressions', 'conditional_dataset_and_time_based_timetable', 'consume_1_or_both_2_and_3_with_dataset_expressions', 'dataset_consumes_unknown_never_scheduled', 'consume_1_and_2_with_dataset_expressions' retrieved from /home/airflow/.local/lib/python3.12/site-packages/airflow/example_dags/example_datasets.py
[2025-11-06T19:50:50.700+0000] {logging_mixin.py:190} INFO - [2025-11-06T19:50:50.700+0000] {dag.py:3239} INFO - Sync 10 DAGs
[2025-11-06T19:50:50.709+0000] {logging_mixin.py:190} INFO - [2025-11-06T19:50:50.709+0000] {dag.py:4180} INFO - Setting next_dagrun for conditional_dataset_and_time_based_timetable to 2025-11-05 01:00:00+00:00, run_after=2025-11-05 01:00:00+00:00
[2025-11-06T19:50:50.711+0000] {logging_mixin.py:190} INFO - [2025-11-06T19:50:50.711+0000] {dag.py:4180} INFO - Setting next_dagrun for consume_1_and_2_with_dataset_expressions to None, run_after=None
[2025-11-06T19:50:50.713+0000] {logging_mixin.py:190} INFO - [2025-11-06T19:50:50.713+0000] {dag.py:4180} INFO - Setting next_dagrun for consume_1_or_2_with_dataset_expressions to None, run_after=None
[2025-11-06T19:50:50.715+0000] {logging_mixin.py:190} INFO - [2025-11-06T19:50:50.715+0000] {dag.py:4180} INFO - Setting next_dagrun for consume_1_or_both_2_and_3_with_dataset_expressions to None, run_after=None
[2025-11-06T19:50:50.717+0000] {logging_mixin.py:190} INFO - [2025-11-06T19:50:50.717+0000] {dag.py:4180} INFO - Setting next_dagrun for dataset_consumes_1 to None, run_after=None
[2025-11-06T19:50:50.718+0000] {logging_mixin.py:190} INFO - [2025-11-06T19:50:50.718+0000] {dag.py:4180} INFO - Setting next_dagrun for dataset_consumes_1_and_2 to None, run_after=None
[2025-11-06T19:50:50.719+0000] {logging_mixin.py:190} INFO - [2025-11-06T19:50:50.719+0000] {dag.py:4180} INFO - Setting next_dagrun for dataset_consumes_1_never_scheduled to None, run_after=None
[2025-11-06T19:50:50.719+0000] {logging_mixin.py:190} INFO - [2025-11-06T19:50:50.719+0000] {dag.py:4180} INFO - Setting next_dagrun for dataset_consumes_unknown_never_scheduled to None, run_after=None
[2025-11-06T19:50:50.720+0000] {logging_mixin.py:190} INFO - [2025-11-06T19:50:50.720+0000] {dag.py:4180} INFO - Setting next_dagrun for dataset_produces_1 to 2025-11-05 00:00:00+00:00, run_after=2025-11-06 00:00:00+00:00
[2025-11-06T19:50:50.721+0000] {logging_mixin.py:190} INFO - [2025-11-06T19:50:50.721+0000] {dag.py:4180} INFO - Setting next_dagrun for dataset_produces_2 to None, run_after=None
[2025-11-06T19:50:50.733+0000] {processor.py:208} INFO - Processing /home/airflow/.local/lib/python3.12/site-packages/airflow/example_dags/example_datasets.py took 0.067 seconds
[2025-11-06T19:51:21.229+0000] {processor.py:186} INFO - Started process (PID=168) to work on /home/airflow/.local/lib/python3.12/site-packages/airflow/example_dags/example_datasets.py
[2025-11-06T19:51:21.231+0000] {processor.py:914} INFO - Processing file /home/airflow/.local/lib/python3.12/site-packages/airflow/example_dags/example_datasets.py for tasks to queue
[2025-11-06T19:51:21.231+0000] {logging_mixin.py:190} INFO - [2025-11-06T19:51:21.231+0000] {dagbag.py:588} INFO - Filling up the DagBag from /home/airflow/.local/lib/python3.12/site-packages/airflow/example_dags/example_datasets.py
[2025-11-06T19:51:21.237+0000] {processor.py:925} INFO - DAG(s) 'dataset_consumes_1', 'conditional_dataset_and_time_based_timetable', 'dataset_produces_1', 'dataset_consumes_1_and_2', 'dataset_produces_2', 'consume_1_or_2_with_dataset_expressions', 'consume_1_or_both_2_and_3_with_dataset_expressions', 'dataset_consumes_unknown_never_scheduled', 'consume_1_and_2_with_dataset_expressions', 'dataset_consumes_1_never_scheduled' retrieved from /home/airflow/.local/lib/python3.12/site-packages/airflow/example_dags/example_datasets.py
[2025-11-06T19:51:21.256+0000] {logging_mixin.py:190} INFO - [2025-11-06T19:51:21.256+0000] {dag.py:3239} INFO - Sync 10 DAGs
[2025-11-06T19:51:21.266+0000] {logging_mixin.py:190} INFO - [2025-11-06T19:51:21.265+0000] {dag.py:4180} INFO - Setting next_dagrun for conditional_dataset_and_time_based_timetable to 2025-11-05 01:00:00+00:00, run_after=2025-11-05 01:00:00+00:00
[2025-11-06T19:51:21.267+0000] {logging_mixin.py:190} INFO - [2025-11-06T19:51:21.267+0000] {dag.py:4180} INFO - Setting next_dagrun for consume_1_and_2_with_dataset_expressions to None, run_after=None
[2025-11-06T19:51:21.268+0000] {logging_mixin.py:190} INFO - [2025-11-06T19:51:21.268+0000] {dag.py:4180} INFO - Setting next_dagrun for consume_1_or_2_with_dataset_expressions to None, run_after=None
[2025-11-06T19:51:21.271+0000] {logging_mixin.py:190} INFO - [2025-11-06T19:51:21.271+0000] {dag.py:4180} INFO - Setting next_dagrun for consume_1_or_both_2_and_3_with_dataset_expressions to None, run_after=None
[2025-11-06T19:51:21.274+0000] {logging_mixin.py:190} INFO - [2025-11-06T19:51:21.274+0000] {dag.py:4180} INFO - Setting next_dagrun for dataset_consumes_1 to None, run_after=None
[2025-11-06T19:51:21.275+0000] {logging_mixin.py:190} INFO - [2025-11-06T19:51:21.275+0000] {dag.py:4180} INFO - Setting next_dagrun for dataset_consumes_1_and_2 to None, run_after=None
[2025-11-06T19:51:21.276+0000] {logging_mixin.py:190} INFO - [2025-11-06T19:51:21.276+0000] {dag.py:4180} INFO - Setting next_dagrun for dataset_consumes_1_never_scheduled to None, run_after=None
[2025-11-06T19:51:21.277+0000] {logging_mixin.py:190} INFO - [2025-11-06T19:51:21.277+0000] {dag.py:4180} INFO - Setting next_dagrun for dataset_consumes_unknown_never_scheduled to None, run_after=None
[2025-11-06T19:51:21.277+0000] {logging_mixin.py:190} INFO - [2025-11-06T19:51:21.277+0000] {dag.py:4180} INFO - Setting next_dagrun for dataset_produces_1 to 2025-11-05 00:00:00+00:00, run_after=2025-11-06 00:00:00+00:00
[2025-11-06T19:51:21.278+0000] {logging_mixin.py:190} INFO - [2025-11-06T19:51:21.278+0000] {dag.py:4180} INFO - Setting next_dagrun for dataset_produces_2 to None, run_after=None
[2025-11-06T19:51:21.290+0000] {processor.py:208} INFO - Processing /home/airflow/.local/lib/python3.12/site-packages/airflow/example_dags/example_datasets.py took 0.064 seconds
[2025-11-06T19:51:51.824+0000] {processor.py:186} INFO - Started process (PID=230) to work on /home/airflow/.local/lib/python3.12/site-packages/airflow/example_dags/example_datasets.py
[2025-11-06T19:51:51.824+0000] {processor.py:914} INFO - Processing file /home/airflow/.local/lib/python3.12/site-packages/airflow/example_dags/example_datasets.py for tasks to queue
[2025-11-06T19:51:51.825+0000] {logging_mixin.py:190} INFO - [2025-11-06T19:51:51.825+0000] {dagbag.py:588} INFO - Filling up the DagBag from /home/airflow/.local/lib/python3.12/site-packages/airflow/example_dags/example_datasets.py
[2025-11-06T19:51:51.830+0000] {processor.py:925} INFO - DAG(s) 'consume_1_or_both_2_and_3_with_dataset_expressions', 'dataset_consumes_1', 'dataset_consumes_1_and_2', 'consume_1_or_2_with_dataset_expressions', 'consume_1_and_2_with_dataset_expressions', 'conditional_dataset_and_time_based_timetable', 'dataset_consumes_unknown_never_scheduled', 'dataset_produces_2', 'dataset_produces_1', 'dataset_consumes_1_never_scheduled' retrieved from /home/airflow/.local/lib/python3.12/site-packages/airflow/example_dags/example_datasets.py
[2025-11-06T19:51:51.852+0000] {logging_mixin.py:190} INFO - [2025-11-06T19:51:51.852+0000] {dag.py:3239} INFO - Sync 10 DAGs
[2025-11-06T19:51:51.860+0000] {logging_mixin.py:190} INFO - [2025-11-06T19:51:51.860+0000] {dag.py:4180} INFO - Setting next_dagrun for conditional_dataset_and_time_based_timetable to 2025-11-05 01:00:00+00:00, run_after=2025-11-05 01:00:00+00:00
[2025-11-06T19:51:51.861+0000] {logging_mixin.py:190} INFO - [2025-11-06T19:51:51.861+0000] {dag.py:4180} INFO - Setting next_dagrun for consume_1_and_2_with_dataset_expressions to None, run_after=None
[2025-11-06T19:51:51.862+0000] {logging_mixin.py:190} INFO - [2025-11-06T19:51:51.862+0000] {dag.py:4180} INFO - Setting next_dagrun for consume_1_or_2_with_dataset_expressions to None, run_after=None
[2025-11-06T19:51:51.863+0000] {logging_mixin.py:190} INFO - [2025-11-06T19:51:51.863+0000] {dag.py:4180} INFO - Setting next_dagrun for consume_1_or_both_2_and_3_with_dataset_expressions to None, run_after=None
[2025-11-06T19:51:51.864+0000] {logging_mixin.py:190} INFO - [2025-11-06T19:51:51.864+0000] {dag.py:4180} INFO - Setting next_dagrun for dataset_consumes_1 to None, run_after=None
[2025-11-06T19:51:51.864+0000] {logging_mixin.py:190} INFO - [2025-11-06T19:51:51.864+0000] {dag.py:4180} INFO - Setting next_dagrun for dataset_consumes_1_and_2 to None, run_after=None
[2025-11-06T19:51:51.865+0000] {logging_mixin.py:190} INFO - [2025-11-06T19:51:51.865+0000] {dag.py:4180} INFO - Setting next_dagrun for dataset_consumes_1_never_scheduled to None, run_after=None
[2025-11-06T19:51:51.865+0000] {logging_mixin.py:190} INFO - [2025-11-06T19:51:51.865+0000] {dag.py:4180} INFO - Setting next_dagrun for dataset_consumes_unknown_never_scheduled to None, run_after=None
[2025-11-06T19:51:51.865+0000] {logging_mixin.py:190} INFO - [2025-11-06T19:51:51.865+0000] {dag.py:4180} INFO - Setting next_dagrun for dataset_produces_1 to 2025-11-05 00:00:00+00:00, run_after=2025-11-06 00:00:00+00:00
[2025-11-06T19:51:51.866+0000] {logging_mixin.py:190} INFO - [2025-11-06T19:51:51.866+0000] {dag.py:4180} INFO - Setting next_dagrun for dataset_produces_2 to None, run_after=None
[2025-11-06T19:51:51.878+0000] {processor.py:208} INFO - Processing /home/airflow/.local/lib/python3.12/site-packages/airflow/example_dags/example_datasets.py took 0.056 seconds
[2025-11-06T19:52:22.403+0000] {processor.py:186} INFO - Started process (PID=292) to work on /home/airflow/.local/lib/python3.12/site-packages/airflow/example_dags/example_datasets.py
[2025-11-06T19:52:22.403+0000] {processor.py:914} INFO - Processing file /home/airflow/.local/lib/python3.12/site-packages/airflow/example_dags/example_datasets.py for tasks to queue
[2025-11-06T19:52:22.404+0000] {logging_mixin.py:190} INFO - [2025-11-06T19:52:22.404+0000] {dagbag.py:588} INFO - Filling up the DagBag from /home/airflow/.local/lib/python3.12/site-packages/airflow/example_dags/example_datasets.py
[2025-11-06T19:52:22.409+0000] {processor.py:925} INFO - DAG(s) 'conditional_dataset_and_time_based_timetable', 'dataset_consumes_1', 'dataset_consumes_unknown_never_scheduled', 'dataset_consumes_1_never_scheduled', 'dataset_produces_1', 'dataset_produces_2', 'dataset_consumes_1_and_2', 'consume_1_or_2_with_dataset_expressions', 'consume_1_and_2_with_dataset_expressions', 'consume_1_or_both_2_and_3_with_dataset_expressions' retrieved from /home/airflow/.local/lib/python3.12/site-packages/airflow/example_dags/example_datasets.py
[2025-11-06T19:52:22.423+0000] {logging_mixin.py:190} INFO - [2025-11-06T19:52:22.423+0000] {dag.py:3239} INFO - Sync 10 DAGs
[2025-11-06T19:52:22.431+0000] {logging_mixin.py:190} INFO - [2025-11-06T19:52:22.431+0000] {dag.py:4180} INFO - Setting next_dagrun for conditional_dataset_and_time_based_timetable to 2025-11-05 01:00:00+00:00, run_after=2025-11-05 01:00:00+00:00
[2025-11-06T19:52:22.432+0000] {logging_mixin.py:190} INFO - [2025-11-06T19:52:22.432+0000] {dag.py:4180} INFO - Setting next_dagrun for consume_1_and_2_with_dataset_expressions to None, run_after=None
[2025-11-06T19:52:22.432+0000] {logging_mixin.py:190} INFO - [2025-11-06T19:52:22.432+0000] {dag.py:4180} INFO - Setting next_dagrun for consume_1_or_2_with_dataset_expressions to None, run_after=None
[2025-11-06T19:52:22.432+0000] {logging_mixin.py:190} INFO - [2025-11-06T19:52:22.432+0000] {dag.py:4180} INFO - Setting next_dagrun for consume_1_or_both_2_and_3_with_dataset_expressions to None, run_after=None
[2025-11-06T19:52:22.433+0000] {logging_mixin.py:190} INFO - [2025-11-06T19:52:22.433+0000] {dag.py:4180} INFO - Setting next_dagrun for dataset_consumes_1 to None, run_after=None
[2025-11-06T19:52:22.433+0000] {logging_mixin.py:190} INFO - [2025-11-06T19:52:22.433+0000] {dag.py:4180} INFO - Setting next_dagrun for dataset_consumes_1_and_2 to None, run_after=None
[2025-11-06T19:52:22.433+0000] {logging_mixin.py:190} INFO - [2025-11-06T19:52:22.433+0000] {dag.py:4180} INFO - Setting next_dagrun for dataset_consumes_1_never_scheduled to None, run_after=None
[2025-11-06T19:52:22.434+0000] {logging_mixin.py:190} INFO - [2025-11-06T19:52:22.434+0000] {dag.py:4180} INFO - Setting next_dagrun for dataset_consumes_unknown_never_scheduled to None, run_after=None
[2025-11-06T19:52:22.434+0000] {logging_mixin.py:190} INFO - [2025-11-06T19:52:22.434+0000] {dag.py:4180} INFO - Setting next_dagrun for dataset_produces_1 to 2025-11-05 00:00:00+00:00, run_after=2025-11-06 00:00:00+00:00
[2025-11-06T19:52:22.434+0000] {logging_mixin.py:190} INFO - [2025-11-06T19:52:22.434+0000] {dag.py:4180} INFO - Setting next_dagrun for dataset_produces_2 to None, run_after=None
[2025-11-06T19:52:22.443+0000] {processor.py:208} INFO - Processing /home/airflow/.local/lib/python3.12/site-packages/airflow/example_dags/example_datasets.py took 0.042 seconds
[2025-11-06T19:52:52.992+0000] {processor.py:186} INFO - Started process (PID=354) to work on /home/airflow/.local/lib/python3.12/site-packages/airflow/example_dags/example_datasets.py
[2025-11-06T19:52:52.993+0000] {processor.py:914} INFO - Processing file /home/airflow/.local/lib/python3.12/site-packages/airflow/example_dags/example_datasets.py for tasks to queue
[2025-11-06T19:52:52.994+0000] {logging_mixin.py:190} INFO - [2025-11-06T19:52:52.993+0000] {dagbag.py:588} INFO - Filling up the DagBag from /home/airflow/.local/lib/python3.12/site-packages/airflow/example_dags/example_datasets.py
[2025-11-06T19:52:53.000+0000] {processor.py:925} INFO - DAG(s) 'dataset_produces_1', 'consume_1_or_2_with_dataset_expressions', 'dataset_consumes_1', 'dataset_consumes_unknown_never_scheduled', 'consume_1_and_2_with_dataset_expressions', 'conditional_dataset_and_time_based_timetable', 'dataset_produces_2', 'dataset_consumes_1_and_2', 'consume_1_or_both_2_and_3_with_dataset_expressions', 'dataset_consumes_1_never_scheduled' retrieved from /home/airflow/.local/lib/python3.12/site-packages/airflow/example_dags/example_datasets.py
[2025-11-06T19:52:53.018+0000] {logging_mixin.py:190} INFO - [2025-11-06T19:52:53.018+0000] {dag.py:3239} INFO - Sync 10 DAGs
[2025-11-06T19:52:53.028+0000] {logging_mixin.py:190} INFO - [2025-11-06T19:52:53.028+0000] {dag.py:4180} INFO - Setting next_dagrun for conditional_dataset_and_time_based_timetable to 2025-11-05 01:00:00+00:00, run_after=2025-11-05 01:00:00+00:00
[2025-11-06T19:52:53.029+0000] {logging_mixin.py:190} INFO - [2025-11-06T19:52:53.029+0000] {dag.py:4180} INFO - Setting next_dagrun for consume_1_and_2_with_dataset_expressions to None, run_after=None
[2025-11-06T19:52:53.030+0000] {logging_mixin.py:190} INFO - [2025-11-06T19:52:53.030+0000] {dag.py:4180} INFO - Setting next_dagrun for consume_1_or_2_with_dataset_expressions to None, run_after=None
[2025-11-06T19:52:53.030+0000] {logging_mixin.py:190} INFO - [2025-11-06T19:52:53.030+0000] {dag.py:4180} INFO - Setting next_dagrun for consume_1_or_both_2_and_3_with_dataset_expressions to None, run_after=None
[2025-11-06T19:52:53.031+0000] {logging_mixin.py:190} INFO - [2025-11-06T19:52:53.031+0000] {dag.py:4180} INFO - Setting next_dagrun for dataset_consumes_1 to None, run_after=None
[2025-11-06T19:52:53.031+0000] {logging_mixin.py:190} INFO - [2025-11-06T19:52:53.031+0000] {dag.py:4180} INFO - Setting next_dagrun for dataset_consumes_1_and_2 to None, run_after=None
[2025-11-06T19:52:53.032+0000] {logging_mixin.py:190} INFO - [2025-11-06T19:52:53.031+0000] {dag.py:4180} INFO - Setting next_dagrun for dataset_consumes_1_never_scheduled to None, run_after=None
[2025-11-06T19:52:53.032+0000] {logging_mixin.py:190} INFO - [2025-11-06T19:52:53.032+0000] {dag.py:4180} INFO - Setting next_dagrun for dataset_consumes_unknown_never_scheduled to None, run_after=None
[2025-11-06T19:52:53.033+0000] {logging_mixin.py:190} INFO - [2025-11-06T19:52:53.033+0000] {dag.py:4180} INFO - Setting next_dagrun for dataset_produces_1 to 2025-11-05 00:00:00+00:00, run_after=2025-11-06 00:00:00+00:00
[2025-11-06T19:52:53.033+0000] {logging_mixin.py:190} INFO - [2025-11-06T19:52:53.033+0000] {dag.py:4180} INFO - Setting next_dagrun for dataset_produces_2 to None, run_after=None
[2025-11-06T19:52:53.043+0000] {processor.py:208} INFO - Processing /home/airflow/.local/lib/python3.12/site-packages/airflow/example_dags/example_datasets.py took 0.053 seconds
[2025-11-06T19:53:23.995+0000] {processor.py:186} INFO - Started process (PID=416) to work on /home/airflow/.local/lib/python3.12/site-packages/airflow/example_dags/example_datasets.py
[2025-11-06T19:53:23.995+0000] {processor.py:914} INFO - Processing file /home/airflow/.local/lib/python3.12/site-packages/airflow/example_dags/example_datasets.py for tasks to queue
[2025-11-06T19:53:23.996+0000] {logging_mixin.py:190} INFO - [2025-11-06T19:53:23.996+0000] {dagbag.py:588} INFO - Filling up the DagBag from /home/airflow/.local/lib/python3.12/site-packages/airflow/example_dags/example_datasets.py
[2025-11-06T19:53:24.001+0000] {processor.py:925} INFO - DAG(s) 'consume_1_or_2_with_dataset_expressions', 'dataset_consumes_1', 'consume_1_and_2_with_dataset_expressions', 'dataset_produces_2', 'dataset_consumes_1_never_scheduled', 'dataset_consumes_1_and_2', 'consume_1_or_both_2_and_3_with_dataset_expressions', 'dataset_produces_1', 'conditional_dataset_and_time_based_timetable', 'dataset_consumes_unknown_never_scheduled' retrieved from /home/airflow/.local/lib/python3.12/site-packages/airflow/example_dags/example_datasets.py
[2025-11-06T19:53:24.028+0000] {logging_mixin.py:190} INFO - [2025-11-06T19:53:24.028+0000] {dag.py:3239} INFO - Sync 10 DAGs
[2025-11-06T19:53:24.037+0000] {logging_mixin.py:190} INFO - [2025-11-06T19:53:24.037+0000] {dag.py:4180} INFO - Setting next_dagrun for conditional_dataset_and_time_based_timetable to 2025-11-05 01:00:00+00:00, run_after=2025-11-05 01:00:00+00:00
[2025-11-06T19:53:24.038+0000] {logging_mixin.py:190} INFO - [2025-11-06T19:53:24.038+0000] {dag.py:4180} INFO - Setting next_dagrun for consume_1_and_2_with_dataset_expressions to None, run_after=None
[2025-11-06T19:53:24.039+0000] {logging_mixin.py:190} INFO - [2025-11-06T19:53:24.039+0000] {dag.py:4180} INFO - Setting next_dagrun for consume_1_or_2_with_dataset_expressions to None, run_after=None
[2025-11-06T19:53:24.039+0000] {logging_mixin.py:190} INFO - [2025-11-06T19:53:24.039+0000] {dag.py:4180} INFO - Setting next_dagrun for consume_1_or_both_2_and_3_with_dataset_expressions to None, run_after=None
[2025-11-06T19:53:24.039+0000] {logging_mixin.py:190} INFO - [2025-11-06T19:53:24.039+0000] {dag.py:4180} INFO - Setting next_dagrun for dataset_consumes_1 to None, run_after=None
[2025-11-06T19:53:24.040+0000] {logging_mixin.py:190} INFO - [2025-11-06T19:53:24.040+0000] {dag.py:4180} INFO - Setting next_dagrun for dataset_consumes_1_and_2 to None, run_after=None
[2025-11-06T19:53:24.040+0000] {logging_mixin.py:190} INFO - [2025-11-06T19:53:24.040+0000] {dag.py:4180} INFO - Setting next_dagrun for dataset_consumes_1_never_scheduled to None, run_after=None
[2025-11-06T19:53:24.040+0000] {logging_mixin.py:190} INFO - [2025-11-06T19:53:24.040+0000] {dag.py:4180} INFO - Setting next_dagrun for dataset_consumes_unknown_never_scheduled to None, run_after=None
[2025-11-06T19:53:24.041+0000] {logging_mixin.py:190} INFO - [2025-11-06T19:53:24.041+0000] {dag.py:4180} INFO - Setting next_dagrun for dataset_produces_1 to 2025-11-05 00:00:00+00:00, run_after=2025-11-06 00:00:00+00:00
[2025-11-06T19:53:24.041+0000] {logging_mixin.py:190} INFO - [2025-11-06T19:53:24.041+0000] {dag.py:4180} INFO - Setting next_dagrun for dataset_produces_2 to None, run_after=None
[2025-11-06T19:53:24.054+0000] {processor.py:208} INFO - Processing /home/airflow/.local/lib/python3.12/site-packages/airflow/example_dags/example_datasets.py took 0.061 seconds
[2025-11-06T19:53:54.600+0000] {processor.py:186} INFO - Started process (PID=478) to work on /home/airflow/.local/lib/python3.12/site-packages/airflow/example_dags/example_datasets.py
[2025-11-06T19:53:54.601+0000] {processor.py:914} INFO - Processing file /home/airflow/.local/lib/python3.12/site-packages/airflow/example_dags/example_datasets.py for tasks to queue
[2025-11-06T19:53:54.601+0000] {logging_mixin.py:190} INFO - [2025-11-06T19:53:54.601+0000] {dagbag.py:588} INFO - Filling up the DagBag from /home/airflow/.local/lib/python3.12/site-packages/airflow/example_dags/example_datasets.py
[2025-11-06T19:53:54.607+0000] {processor.py:925} INFO - DAG(s) 'dataset_produces_2', 'dataset_produces_1', 'consume_1_and_2_with_dataset_expressions', 'dataset_consumes_unknown_never_scheduled', 'dataset_consumes_1_and_2', 'conditional_dataset_and_time_based_timetable', 'consume_1_or_both_2_and_3_with_dataset_expressions', 'consume_1_or_2_with_dataset_expressions', 'dataset_consumes_1', 'dataset_consumes_1_never_scheduled' retrieved from /home/airflow/.local/lib/python3.12/site-packages/airflow/example_dags/example_datasets.py
[2025-11-06T19:53:54.621+0000] {logging_mixin.py:190} INFO - [2025-11-06T19:53:54.621+0000] {dag.py:3239} INFO - Sync 10 DAGs
[2025-11-06T19:53:54.629+0000] {logging_mixin.py:190} INFO - [2025-11-06T19:53:54.629+0000] {dag.py:4180} INFO - Setting next_dagrun for conditional_dataset_and_time_based_timetable to 2025-11-05 01:00:00+00:00, run_after=2025-11-05 01:00:00+00:00
[2025-11-06T19:53:54.630+0000] {logging_mixin.py:190} INFO - [2025-11-06T19:53:54.630+0000] {dag.py:4180} INFO - Setting next_dagrun for consume_1_and_2_with_dataset_expressions to None, run_after=None
[2025-11-06T19:53:54.630+0000] {logging_mixin.py:190} INFO - [2025-11-06T19:53:54.630+0000] {dag.py:4180} INFO - Setting next_dagrun for consume_1_or_2_with_dataset_expressions to None, run_after=None
[2025-11-06T19:53:54.630+0000] {logging_mixin.py:190} INFO - [2025-11-06T19:53:54.630+0000] {dag.py:4180} INFO - Setting next_dagrun for consume_1_or_both_2_and_3_with_dataset_expressions to None, run_after=None
[2025-11-06T19:53:54.631+0000] {logging_mixin.py:190} INFO - [2025-11-06T19:53:54.631+0000] {dag.py:4180} INFO - Setting next_dagrun for dataset_consumes_1 to None, run_after=None
[2025-11-06T19:53:54.631+0000] {logging_mixin.py:190} INFO - [2025-11-06T19:53:54.631+0000] {dag.py:4180} INFO - Setting next_dagrun for dataset_consumes_1_and_2 to None, run_after=None
[2025-11-06T19:53:54.631+0000] {logging_mixin.py:190} INFO - [2025-11-06T19:53:54.631+0000] {dag.py:4180} INFO - Setting next_dagrun for dataset_consumes_1_never_scheduled to None, run_after=None
[2025-11-06T19:53:54.632+0000] {logging_mixin.py:190} INFO - [2025-11-06T19:53:54.632+0000] {dag.py:4180} INFO - Setting next_dagrun for dataset_consumes_unknown_never_scheduled to None, run_after=None
[2025-11-06T19:53:54.632+0000] {logging_mixin.py:190} INFO - [2025-11-06T19:53:54.632+0000] {dag.py:4180} INFO - Setting next_dagrun for dataset_produces_1 to 2025-11-05 00:00:00+00:00, run_after=2025-11-06 00:00:00+00:00
[2025-11-06T19:53:54.633+0000] {logging_mixin.py:190} INFO - [2025-11-06T19:53:54.633+0000] {dag.py:4180} INFO - Setting next_dagrun for dataset_produces_2 to None, run_after=None
[2025-11-06T19:53:54.641+0000] {processor.py:208} INFO - Processing /home/airflow/.local/lib/python3.12/site-packages/airflow/example_dags/example_datasets.py took 0.043 seconds
