[2025-11-06T19:49:08.579+0000] {processor.py:186} INFO - Started process (PID=57) to work on /home/airflow/.local/lib/python3.12/site-packages/airflow/example_dags/example_nested_branch_dag.py
[2025-11-06T19:49:08.580+0000] {processor.py:914} INFO - Processing file /home/airflow/.local/lib/python3.12/site-packages/airflow/example_dags/example_nested_branch_dag.py for tasks to queue
[2025-11-06T19:49:08.581+0000] {logging_mixin.py:190} INFO - [2025-11-06T19:49:08.581+0000] {dagbag.py:588} INFO - Filling up the DagBag from /home/airflow/.local/lib/python3.12/site-packages/airflow/example_dags/example_nested_branch_dag.py
[2025-11-06T19:49:08.586+0000] {processor.py:925} INFO - DAG(s) 'example_nested_branch_dag' retrieved from /home/airflow/.local/lib/python3.12/site-packages/airflow/example_dags/example_nested_branch_dag.py
[2025-11-06T19:49:08.624+0000] {logging_mixin.py:190} INFO - [2025-11-06T19:49:08.624+0000] {override.py:1900} INFO - Created Permission View: can delete on DAG:example_nested_branch_dag
[2025-11-06T19:49:08.627+0000] {logging_mixin.py:190} INFO - [2025-11-06T19:49:08.627+0000] {override.py:1900} INFO - Created Permission View: can read on DAG:example_nested_branch_dag
[2025-11-06T19:49:08.629+0000] {logging_mixin.py:190} INFO - [2025-11-06T19:49:08.629+0000] {override.py:1900} INFO - Created Permission View: can edit on DAG:example_nested_branch_dag
[2025-11-06T19:49:08.631+0000] {logging_mixin.py:190} INFO - [2025-11-06T19:49:08.630+0000] {override.py:1900} INFO - Created Permission View: can delete on DAG Run:example_nested_branch_dag
[2025-11-06T19:49:08.632+0000] {logging_mixin.py:190} INFO - [2025-11-06T19:49:08.632+0000] {override.py:1900} INFO - Created Permission View: can read on DAG Run:example_nested_branch_dag
[2025-11-06T19:49:08.634+0000] {logging_mixin.py:190} INFO - [2025-11-06T19:49:08.634+0000] {override.py:1900} INFO - Created Permission View: menu access on DAG Run:example_nested_branch_dag
[2025-11-06T19:49:08.636+0000] {logging_mixin.py:190} INFO - [2025-11-06T19:49:08.636+0000] {override.py:1900} INFO - Created Permission View: can create on DAG Run:example_nested_branch_dag
[2025-11-06T19:49:08.636+0000] {logging_mixin.py:190} INFO - [2025-11-06T19:49:08.636+0000] {dag.py:3239} INFO - Sync 1 DAGs
[2025-11-06T19:49:08.640+0000] {logging_mixin.py:190} INFO - [2025-11-06T19:49:08.640+0000] {dag.py:3262} INFO - Creating ORM DAG for example_nested_branch_dag
[2025-11-06T19:49:08.644+0000] {logging_mixin.py:190} INFO - [2025-11-06T19:49:08.644+0000] {dag.py:4180} INFO - Setting next_dagrun for example_nested_branch_dag to 2025-11-05 00:00:00+00:00, run_after=2025-11-06 00:00:00+00:00
[2025-11-06T19:49:08.649+0000] {processor.py:208} INFO - Processing /home/airflow/.local/lib/python3.12/site-packages/airflow/example_dags/example_nested_branch_dag.py took 0.072 seconds
[2025-11-06T19:49:39.488+0000] {processor.py:186} INFO - Started process (PID=119) to work on /home/airflow/.local/lib/python3.12/site-packages/airflow/example_dags/example_nested_branch_dag.py
[2025-11-06T19:49:39.489+0000] {processor.py:914} INFO - Processing file /home/airflow/.local/lib/python3.12/site-packages/airflow/example_dags/example_nested_branch_dag.py for tasks to queue
[2025-11-06T19:49:39.490+0000] {logging_mixin.py:190} INFO - [2025-11-06T19:49:39.490+0000] {dagbag.py:588} INFO - Filling up the DagBag from /home/airflow/.local/lib/python3.12/site-packages/airflow/example_dags/example_nested_branch_dag.py
[2025-11-06T19:49:39.495+0000] {processor.py:925} INFO - DAG(s) 'example_nested_branch_dag' retrieved from /home/airflow/.local/lib/python3.12/site-packages/airflow/example_dags/example_nested_branch_dag.py
[2025-11-06T19:49:39.504+0000] {logging_mixin.py:190} INFO - [2025-11-06T19:49:39.504+0000] {dag.py:3239} INFO - Sync 1 DAGs
[2025-11-06T19:49:39.514+0000] {logging_mixin.py:190} INFO - [2025-11-06T19:49:39.514+0000] {dag.py:4180} INFO - Setting next_dagrun for example_nested_branch_dag to 2025-11-05 00:00:00+00:00, run_after=2025-11-06 00:00:00+00:00
[2025-11-06T19:49:39.520+0000] {processor.py:208} INFO - Processing /home/airflow/.local/lib/python3.12/site-packages/airflow/example_dags/example_nested_branch_dag.py took 0.034 seconds
[2025-11-06T19:50:20.180+0000] {processor.py:186} INFO - Started process (PID=50) to work on /home/airflow/.local/lib/python3.12/site-packages/airflow/example_dags/example_nested_branch_dag.py
[2025-11-06T19:50:20.181+0000] {processor.py:914} INFO - Processing file /home/airflow/.local/lib/python3.12/site-packages/airflow/example_dags/example_nested_branch_dag.py for tasks to queue
[2025-11-06T19:50:20.182+0000] {logging_mixin.py:190} INFO - [2025-11-06T19:50:20.182+0000] {dagbag.py:588} INFO - Filling up the DagBag from /home/airflow/.local/lib/python3.12/site-packages/airflow/example_dags/example_nested_branch_dag.py
[2025-11-06T19:50:20.187+0000] {processor.py:925} INFO - DAG(s) 'example_nested_branch_dag' retrieved from /home/airflow/.local/lib/python3.12/site-packages/airflow/example_dags/example_nested_branch_dag.py
[2025-11-06T19:50:20.203+0000] {logging_mixin.py:190} INFO - [2025-11-06T19:50:20.203+0000] {dag.py:3239} INFO - Sync 1 DAGs
[2025-11-06T19:50:20.212+0000] {logging_mixin.py:190} INFO - [2025-11-06T19:50:20.212+0000] {dag.py:4180} INFO - Setting next_dagrun for example_nested_branch_dag to 2025-11-05 00:00:00+00:00, run_after=2025-11-06 00:00:00+00:00
[2025-11-06T19:50:20.220+0000] {processor.py:208} INFO - Processing /home/airflow/.local/lib/python3.12/site-packages/airflow/example_dags/example_nested_branch_dag.py took 0.043 seconds
[2025-11-06T19:50:50.948+0000] {processor.py:186} INFO - Started process (PID=118) to work on /home/airflow/.local/lib/python3.12/site-packages/airflow/example_dags/example_nested_branch_dag.py
[2025-11-06T19:50:50.950+0000] {processor.py:914} INFO - Processing file /home/airflow/.local/lib/python3.12/site-packages/airflow/example_dags/example_nested_branch_dag.py for tasks to queue
[2025-11-06T19:50:50.951+0000] {logging_mixin.py:190} INFO - [2025-11-06T19:50:50.951+0000] {dagbag.py:588} INFO - Filling up the DagBag from /home/airflow/.local/lib/python3.12/site-packages/airflow/example_dags/example_nested_branch_dag.py
[2025-11-06T19:50:50.956+0000] {processor.py:925} INFO - DAG(s) 'example_nested_branch_dag' retrieved from /home/airflow/.local/lib/python3.12/site-packages/airflow/example_dags/example_nested_branch_dag.py
[2025-11-06T19:50:50.966+0000] {logging_mixin.py:190} INFO - [2025-11-06T19:50:50.966+0000] {dag.py:3239} INFO - Sync 1 DAGs
[2025-11-06T19:50:50.975+0000] {logging_mixin.py:190} INFO - [2025-11-06T19:50:50.975+0000] {dag.py:4180} INFO - Setting next_dagrun for example_nested_branch_dag to 2025-11-05 00:00:00+00:00, run_after=2025-11-06 00:00:00+00:00
[2025-11-06T19:50:50.983+0000] {processor.py:208} INFO - Processing /home/airflow/.local/lib/python3.12/site-packages/airflow/example_dags/example_nested_branch_dag.py took 0.037 seconds
[2025-11-06T19:51:21.526+0000] {processor.py:186} INFO - Started process (PID=180) to work on /home/airflow/.local/lib/python3.12/site-packages/airflow/example_dags/example_nested_branch_dag.py
[2025-11-06T19:51:21.528+0000] {processor.py:914} INFO - Processing file /home/airflow/.local/lib/python3.12/site-packages/airflow/example_dags/example_nested_branch_dag.py for tasks to queue
[2025-11-06T19:51:21.529+0000] {logging_mixin.py:190} INFO - [2025-11-06T19:51:21.529+0000] {dagbag.py:588} INFO - Filling up the DagBag from /home/airflow/.local/lib/python3.12/site-packages/airflow/example_dags/example_nested_branch_dag.py
[2025-11-06T19:51:21.535+0000] {processor.py:925} INFO - DAG(s) 'example_nested_branch_dag' retrieved from /home/airflow/.local/lib/python3.12/site-packages/airflow/example_dags/example_nested_branch_dag.py
[2025-11-06T19:51:21.548+0000] {logging_mixin.py:190} INFO - [2025-11-06T19:51:21.548+0000] {dag.py:3239} INFO - Sync 1 DAGs
[2025-11-06T19:51:21.556+0000] {logging_mixin.py:190} INFO - [2025-11-06T19:51:21.556+0000] {dag.py:4180} INFO - Setting next_dagrun for example_nested_branch_dag to 2025-11-05 00:00:00+00:00, run_after=2025-11-06 00:00:00+00:00
[2025-11-06T19:51:21.563+0000] {processor.py:208} INFO - Processing /home/airflow/.local/lib/python3.12/site-packages/airflow/example_dags/example_nested_branch_dag.py took 0.039 seconds
[2025-11-06T19:51:52.100+0000] {processor.py:186} INFO - Started process (PID=243) to work on /home/airflow/.local/lib/python3.12/site-packages/airflow/example_dags/example_nested_branch_dag.py
[2025-11-06T19:51:52.100+0000] {processor.py:914} INFO - Processing file /home/airflow/.local/lib/python3.12/site-packages/airflow/example_dags/example_nested_branch_dag.py for tasks to queue
[2025-11-06T19:51:52.101+0000] {logging_mixin.py:190} INFO - [2025-11-06T19:51:52.101+0000] {dagbag.py:588} INFO - Filling up the DagBag from /home/airflow/.local/lib/python3.12/site-packages/airflow/example_dags/example_nested_branch_dag.py
[2025-11-06T19:51:52.106+0000] {processor.py:925} INFO - DAG(s) 'example_nested_branch_dag' retrieved from /home/airflow/.local/lib/python3.12/site-packages/airflow/example_dags/example_nested_branch_dag.py
[2025-11-06T19:51:52.116+0000] {logging_mixin.py:190} INFO - [2025-11-06T19:51:52.116+0000] {dag.py:3239} INFO - Sync 1 DAGs
[2025-11-06T19:51:52.124+0000] {logging_mixin.py:190} INFO - [2025-11-06T19:51:52.124+0000] {dag.py:4180} INFO - Setting next_dagrun for example_nested_branch_dag to 2025-11-05 00:00:00+00:00, run_after=2025-11-06 00:00:00+00:00
[2025-11-06T19:51:52.131+0000] {processor.py:208} INFO - Processing /home/airflow/.local/lib/python3.12/site-packages/airflow/example_dags/example_nested_branch_dag.py took 0.033 seconds
[2025-11-06T19:52:22.683+0000] {processor.py:186} INFO - Started process (PID=304) to work on /home/airflow/.local/lib/python3.12/site-packages/airflow/example_dags/example_nested_branch_dag.py
[2025-11-06T19:52:22.683+0000] {processor.py:914} INFO - Processing file /home/airflow/.local/lib/python3.12/site-packages/airflow/example_dags/example_nested_branch_dag.py for tasks to queue
[2025-11-06T19:52:22.684+0000] {logging_mixin.py:190} INFO - [2025-11-06T19:52:22.684+0000] {dagbag.py:588} INFO - Filling up the DagBag from /home/airflow/.local/lib/python3.12/site-packages/airflow/example_dags/example_nested_branch_dag.py
[2025-11-06T19:52:22.689+0000] {processor.py:925} INFO - DAG(s) 'example_nested_branch_dag' retrieved from /home/airflow/.local/lib/python3.12/site-packages/airflow/example_dags/example_nested_branch_dag.py
[2025-11-06T19:52:22.702+0000] {logging_mixin.py:190} INFO - [2025-11-06T19:52:22.702+0000] {dag.py:3239} INFO - Sync 1 DAGs
[2025-11-06T19:52:22.710+0000] {logging_mixin.py:190} INFO - [2025-11-06T19:52:22.710+0000] {dag.py:4180} INFO - Setting next_dagrun for example_nested_branch_dag to 2025-11-05 00:00:00+00:00, run_after=2025-11-06 00:00:00+00:00
[2025-11-06T19:52:22.715+0000] {processor.py:208} INFO - Processing /home/airflow/.local/lib/python3.12/site-packages/airflow/example_dags/example_nested_branch_dag.py took 0.035 seconds
[2025-11-06T19:52:53.379+0000] {processor.py:186} INFO - Started process (PID=366) to work on /home/airflow/.local/lib/python3.12/site-packages/airflow/example_dags/example_nested_branch_dag.py
[2025-11-06T19:52:53.380+0000] {processor.py:914} INFO - Processing file /home/airflow/.local/lib/python3.12/site-packages/airflow/example_dags/example_nested_branch_dag.py for tasks to queue
[2025-11-06T19:52:53.381+0000] {logging_mixin.py:190} INFO - [2025-11-06T19:52:53.380+0000] {dagbag.py:588} INFO - Filling up the DagBag from /home/airflow/.local/lib/python3.12/site-packages/airflow/example_dags/example_nested_branch_dag.py
[2025-11-06T19:52:53.386+0000] {processor.py:925} INFO - DAG(s) 'example_nested_branch_dag' retrieved from /home/airflow/.local/lib/python3.12/site-packages/airflow/example_dags/example_nested_branch_dag.py
[2025-11-06T19:52:53.406+0000] {logging_mixin.py:190} INFO - [2025-11-06T19:52:53.406+0000] {dag.py:3239} INFO - Sync 1 DAGs
[2025-11-06T19:52:53.416+0000] {logging_mixin.py:190} INFO - [2025-11-06T19:52:53.416+0000] {dag.py:4180} INFO - Setting next_dagrun for example_nested_branch_dag to 2025-11-05 00:00:00+00:00, run_after=2025-11-06 00:00:00+00:00
[2025-11-06T19:52:53.424+0000] {processor.py:208} INFO - Processing /home/airflow/.local/lib/python3.12/site-packages/airflow/example_dags/example_nested_branch_dag.py took 0.048 seconds
[2025-11-06T19:53:24.284+0000] {processor.py:186} INFO - Started process (PID=428) to work on /home/airflow/.local/lib/python3.12/site-packages/airflow/example_dags/example_nested_branch_dag.py
[2025-11-06T19:53:24.284+0000] {processor.py:914} INFO - Processing file /home/airflow/.local/lib/python3.12/site-packages/airflow/example_dags/example_nested_branch_dag.py for tasks to queue
[2025-11-06T19:53:24.285+0000] {logging_mixin.py:190} INFO - [2025-11-06T19:53:24.285+0000] {dagbag.py:588} INFO - Filling up the DagBag from /home/airflow/.local/lib/python3.12/site-packages/airflow/example_dags/example_nested_branch_dag.py
[2025-11-06T19:53:24.290+0000] {processor.py:925} INFO - DAG(s) 'example_nested_branch_dag' retrieved from /home/airflow/.local/lib/python3.12/site-packages/airflow/example_dags/example_nested_branch_dag.py
[2025-11-06T19:53:24.301+0000] {logging_mixin.py:190} INFO - [2025-11-06T19:53:24.301+0000] {dag.py:3239} INFO - Sync 1 DAGs
[2025-11-06T19:53:24.309+0000] {logging_mixin.py:190} INFO - [2025-11-06T19:53:24.309+0000] {dag.py:4180} INFO - Setting next_dagrun for example_nested_branch_dag to 2025-11-05 00:00:00+00:00, run_after=2025-11-06 00:00:00+00:00
[2025-11-06T19:53:24.315+0000] {processor.py:208} INFO - Processing /home/airflow/.local/lib/python3.12/site-packages/airflow/example_dags/example_nested_branch_dag.py took 0.033 seconds
[2025-11-06T19:53:54.871+0000] {processor.py:186} INFO - Started process (PID=490) to work on /home/airflow/.local/lib/python3.12/site-packages/airflow/example_dags/example_nested_branch_dag.py
[2025-11-06T19:53:54.873+0000] {processor.py:914} INFO - Processing file /home/airflow/.local/lib/python3.12/site-packages/airflow/example_dags/example_nested_branch_dag.py for tasks to queue
[2025-11-06T19:53:54.874+0000] {logging_mixin.py:190} INFO - [2025-11-06T19:53:54.874+0000] {dagbag.py:588} INFO - Filling up the DagBag from /home/airflow/.local/lib/python3.12/site-packages/airflow/example_dags/example_nested_branch_dag.py
[2025-11-06T19:53:54.879+0000] {processor.py:925} INFO - DAG(s) 'example_nested_branch_dag' retrieved from /home/airflow/.local/lib/python3.12/site-packages/airflow/example_dags/example_nested_branch_dag.py
[2025-11-06T19:53:54.893+0000] {logging_mixin.py:190} INFO - [2025-11-06T19:53:54.893+0000] {dag.py:3239} INFO - Sync 1 DAGs
[2025-11-06T19:53:54.901+0000] {logging_mixin.py:190} INFO - [2025-11-06T19:53:54.901+0000] {dag.py:4180} INFO - Setting next_dagrun for example_nested_branch_dag to 2025-11-05 00:00:00+00:00, run_after=2025-11-06 00:00:00+00:00
[2025-11-06T19:53:54.909+0000] {processor.py:208} INFO - Processing /home/airflow/.local/lib/python3.12/site-packages/airflow/example_dags/example_nested_branch_dag.py took 0.040 seconds
