[2025-11-06T19:49:08.375+0000] {processor.py:186} INFO - Started process (PID=53) to work on /home/airflow/.local/lib/python3.12/site-packages/airflow/example_dags/example_short_circuit_operator.py
[2025-11-06T19:49:08.375+0000] {processor.py:914} INFO - Processing file /home/airflow/.local/lib/python3.12/site-packages/airflow/example_dags/example_short_circuit_operator.py for tasks to queue
[2025-11-06T19:49:08.376+0000] {logging_mixin.py:190} INFO - [2025-11-06T19:49:08.376+0000] {dagbag.py:588} INFO - Filling up the DagBag from /home/airflow/.local/lib/python3.12/site-packages/airflow/example_dags/example_short_circuit_operator.py
[2025-11-06T19:49:08.381+0000] {processor.py:925} INFO - DAG(s) 'example_short_circuit_operator' retrieved from /home/airflow/.local/lib/python3.12/site-packages/airflow/example_dags/example_short_circuit_operator.py
[2025-11-06T19:49:08.434+0000] {logging_mixin.py:190} INFO - [2025-11-06T19:49:08.433+0000] {override.py:1900} INFO - Created Permission View: can delete on DAG:example_short_circuit_operator
[2025-11-06T19:49:08.446+0000] {logging_mixin.py:190} INFO - [2025-11-06T19:49:08.446+0000] {override.py:1900} INFO - Created Permission View: can read on DAG:example_short_circuit_operator
[2025-11-06T19:49:08.454+0000] {logging_mixin.py:190} INFO - [2025-11-06T19:49:08.454+0000] {override.py:1900} INFO - Created Permission View: can edit on DAG:example_short_circuit_operator
[2025-11-06T19:49:08.460+0000] {logging_mixin.py:190} INFO - [2025-11-06T19:49:08.460+0000] {override.py:1900} INFO - Created Permission View: can delete on DAG Run:example_short_circuit_operator
[2025-11-06T19:49:08.464+0000] {logging_mixin.py:190} INFO - [2025-11-06T19:49:08.464+0000] {override.py:1900} INFO - Created Permission View: can read on DAG Run:example_short_circuit_operator
[2025-11-06T19:49:08.467+0000] {logging_mixin.py:190} INFO - [2025-11-06T19:49:08.467+0000] {override.py:1900} INFO - Created Permission View: menu access on DAG Run:example_short_circuit_operator
[2025-11-06T19:49:08.469+0000] {logging_mixin.py:190} INFO - [2025-11-06T19:49:08.469+0000] {override.py:1900} INFO - Created Permission View: can create on DAG Run:example_short_circuit_operator
[2025-11-06T19:49:08.469+0000] {logging_mixin.py:190} INFO - [2025-11-06T19:49:08.469+0000] {dag.py:3239} INFO - Sync 1 DAGs
[2025-11-06T19:49:08.474+0000] {logging_mixin.py:190} INFO - [2025-11-06T19:49:08.474+0000] {dag.py:3262} INFO - Creating ORM DAG for example_short_circuit_operator
[2025-11-06T19:49:08.474+0000] {logging_mixin.py:190} INFO - [2025-11-06T19:49:08.474+0000] {dag.py:4180} INFO - Setting next_dagrun for example_short_circuit_operator to None, run_after=None
[2025-11-06T19:49:08.480+0000] {processor.py:208} INFO - Processing /home/airflow/.local/lib/python3.12/site-packages/airflow/example_dags/example_short_circuit_operator.py took 0.107 seconds
[2025-11-06T19:49:39.406+0000] {processor.py:186} INFO - Started process (PID=115) to work on /home/airflow/.local/lib/python3.12/site-packages/airflow/example_dags/example_short_circuit_operator.py
[2025-11-06T19:49:39.406+0000] {processor.py:914} INFO - Processing file /home/airflow/.local/lib/python3.12/site-packages/airflow/example_dags/example_short_circuit_operator.py for tasks to queue
[2025-11-06T19:49:39.407+0000] {logging_mixin.py:190} INFO - [2025-11-06T19:49:39.407+0000] {dagbag.py:588} INFO - Filling up the DagBag from /home/airflow/.local/lib/python3.12/site-packages/airflow/example_dags/example_short_circuit_operator.py
[2025-11-06T19:49:39.413+0000] {processor.py:925} INFO - DAG(s) 'example_short_circuit_operator' retrieved from /home/airflow/.local/lib/python3.12/site-packages/airflow/example_dags/example_short_circuit_operator.py
[2025-11-06T19:49:39.423+0000] {logging_mixin.py:190} INFO - [2025-11-06T19:49:39.423+0000] {dag.py:3239} INFO - Sync 1 DAGs
[2025-11-06T19:49:39.428+0000] {logging_mixin.py:190} INFO - [2025-11-06T19:49:39.428+0000] {dag.py:4180} INFO - Setting next_dagrun for example_short_circuit_operator to None, run_after=None
[2025-11-06T19:49:39.434+0000] {processor.py:208} INFO - Processing /home/airflow/.local/lib/python3.12/site-packages/airflow/example_dags/example_short_circuit_operator.py took 0.031 seconds
[2025-11-06T19:50:20.089+0000] {processor.py:186} INFO - Started process (PID=46) to work on /home/airflow/.local/lib/python3.12/site-packages/airflow/example_dags/example_short_circuit_operator.py
[2025-11-06T19:50:20.090+0000] {processor.py:914} INFO - Processing file /home/airflow/.local/lib/python3.12/site-packages/airflow/example_dags/example_short_circuit_operator.py for tasks to queue
[2025-11-06T19:50:20.091+0000] {logging_mixin.py:190} INFO - [2025-11-06T19:50:20.091+0000] {dagbag.py:588} INFO - Filling up the DagBag from /home/airflow/.local/lib/python3.12/site-packages/airflow/example_dags/example_short_circuit_operator.py
[2025-11-06T19:50:20.095+0000] {processor.py:925} INFO - DAG(s) 'example_short_circuit_operator' retrieved from /home/airflow/.local/lib/python3.12/site-packages/airflow/example_dags/example_short_circuit_operator.py
[2025-11-06T19:50:20.106+0000] {logging_mixin.py:190} INFO - [2025-11-06T19:50:20.106+0000] {dag.py:3239} INFO - Sync 1 DAGs
[2025-11-06T19:50:20.111+0000] {logging_mixin.py:190} INFO - [2025-11-06T19:50:20.111+0000] {dag.py:4180} INFO - Setting next_dagrun for example_short_circuit_operator to None, run_after=None
[2025-11-06T19:50:20.117+0000] {processor.py:208} INFO - Processing /home/airflow/.local/lib/python3.12/site-packages/airflow/example_dags/example_short_circuit_operator.py took 0.031 seconds
[2025-11-06T19:50:50.865+0000] {processor.py:186} INFO - Started process (PID=114) to work on /home/airflow/.local/lib/python3.12/site-packages/airflow/example_dags/example_short_circuit_operator.py
[2025-11-06T19:50:50.865+0000] {processor.py:914} INFO - Processing file /home/airflow/.local/lib/python3.12/site-packages/airflow/example_dags/example_short_circuit_operator.py for tasks to queue
[2025-11-06T19:50:50.866+0000] {logging_mixin.py:190} INFO - [2025-11-06T19:50:50.866+0000] {dagbag.py:588} INFO - Filling up the DagBag from /home/airflow/.local/lib/python3.12/site-packages/airflow/example_dags/example_short_circuit_operator.py
[2025-11-06T19:50:50.869+0000] {processor.py:925} INFO - DAG(s) 'example_short_circuit_operator' retrieved from /home/airflow/.local/lib/python3.12/site-packages/airflow/example_dags/example_short_circuit_operator.py
[2025-11-06T19:50:50.879+0000] {logging_mixin.py:190} INFO - [2025-11-06T19:50:50.879+0000] {dag.py:3239} INFO - Sync 1 DAGs
[2025-11-06T19:50:50.883+0000] {logging_mixin.py:190} INFO - [2025-11-06T19:50:50.883+0000] {dag.py:4180} INFO - Setting next_dagrun for example_short_circuit_operator to None, run_after=None
[2025-11-06T19:50:50.888+0000] {processor.py:208} INFO - Processing /home/airflow/.local/lib/python3.12/site-packages/airflow/example_dags/example_short_circuit_operator.py took 0.025 seconds
[2025-11-06T19:51:21.412+0000] {processor.py:186} INFO - Started process (PID=176) to work on /home/airflow/.local/lib/python3.12/site-packages/airflow/example_dags/example_short_circuit_operator.py
[2025-11-06T19:51:21.412+0000] {processor.py:914} INFO - Processing file /home/airflow/.local/lib/python3.12/site-packages/airflow/example_dags/example_short_circuit_operator.py for tasks to queue
[2025-11-06T19:51:21.413+0000] {logging_mixin.py:190} INFO - [2025-11-06T19:51:21.413+0000] {dagbag.py:588} INFO - Filling up the DagBag from /home/airflow/.local/lib/python3.12/site-packages/airflow/example_dags/example_short_circuit_operator.py
[2025-11-06T19:51:21.416+0000] {processor.py:925} INFO - DAG(s) 'example_short_circuit_operator' retrieved from /home/airflow/.local/lib/python3.12/site-packages/airflow/example_dags/example_short_circuit_operator.py
[2025-11-06T19:51:21.425+0000] {logging_mixin.py:190} INFO - [2025-11-06T19:51:21.425+0000] {dag.py:3239} INFO - Sync 1 DAGs
[2025-11-06T19:51:21.430+0000] {logging_mixin.py:190} INFO - [2025-11-06T19:51:21.429+0000] {dag.py:4180} INFO - Setting next_dagrun for example_short_circuit_operator to None, run_after=None
[2025-11-06T19:51:21.434+0000] {processor.py:208} INFO - Processing /home/airflow/.local/lib/python3.12/site-packages/airflow/example_dags/example_short_circuit_operator.py took 0.024 seconds
[2025-11-06T19:51:52.007+0000] {processor.py:186} INFO - Started process (PID=238) to work on /home/airflow/.local/lib/python3.12/site-packages/airflow/example_dags/example_short_circuit_operator.py
[2025-11-06T19:51:52.008+0000] {processor.py:914} INFO - Processing file /home/airflow/.local/lib/python3.12/site-packages/airflow/example_dags/example_short_circuit_operator.py for tasks to queue
[2025-11-06T19:51:52.009+0000] {logging_mixin.py:190} INFO - [2025-11-06T19:51:52.009+0000] {dagbag.py:588} INFO - Filling up the DagBag from /home/airflow/.local/lib/python3.12/site-packages/airflow/example_dags/example_short_circuit_operator.py
[2025-11-06T19:51:52.012+0000] {processor.py:925} INFO - DAG(s) 'example_short_circuit_operator' retrieved from /home/airflow/.local/lib/python3.12/site-packages/airflow/example_dags/example_short_circuit_operator.py
[2025-11-06T19:51:52.026+0000] {logging_mixin.py:190} INFO - [2025-11-06T19:51:52.026+0000] {dag.py:3239} INFO - Sync 1 DAGs
[2025-11-06T19:51:52.031+0000] {logging_mixin.py:190} INFO - [2025-11-06T19:51:52.031+0000] {dag.py:4180} INFO - Setting next_dagrun for example_short_circuit_operator to None, run_after=None
[2025-11-06T19:51:52.041+0000] {processor.py:208} INFO - Processing /home/airflow/.local/lib/python3.12/site-packages/airflow/example_dags/example_short_circuit_operator.py took 0.036 seconds
[2025-11-06T19:52:22.594+0000] {processor.py:186} INFO - Started process (PID=300) to work on /home/airflow/.local/lib/python3.12/site-packages/airflow/example_dags/example_short_circuit_operator.py
[2025-11-06T19:52:22.594+0000] {processor.py:914} INFO - Processing file /home/airflow/.local/lib/python3.12/site-packages/airflow/example_dags/example_short_circuit_operator.py for tasks to queue
[2025-11-06T19:52:22.595+0000] {logging_mixin.py:190} INFO - [2025-11-06T19:52:22.595+0000] {dagbag.py:588} INFO - Filling up the DagBag from /home/airflow/.local/lib/python3.12/site-packages/airflow/example_dags/example_short_circuit_operator.py
[2025-11-06T19:52:22.599+0000] {processor.py:925} INFO - DAG(s) 'example_short_circuit_operator' retrieved from /home/airflow/.local/lib/python3.12/site-packages/airflow/example_dags/example_short_circuit_operator.py
[2025-11-06T19:52:22.612+0000] {logging_mixin.py:190} INFO - [2025-11-06T19:52:22.612+0000] {dag.py:3239} INFO - Sync 1 DAGs
[2025-11-06T19:52:22.621+0000] {logging_mixin.py:190} INFO - [2025-11-06T19:52:22.620+0000] {dag.py:4180} INFO - Setting next_dagrun for example_short_circuit_operator to None, run_after=None
[2025-11-06T19:52:22.631+0000] {processor.py:208} INFO - Processing /home/airflow/.local/lib/python3.12/site-packages/airflow/example_dags/example_short_circuit_operator.py took 0.040 seconds
[2025-11-06T19:52:53.268+0000] {processor.py:186} INFO - Started process (PID=362) to work on /home/airflow/.local/lib/python3.12/site-packages/airflow/example_dags/example_short_circuit_operator.py
[2025-11-06T19:52:53.268+0000] {processor.py:914} INFO - Processing file /home/airflow/.local/lib/python3.12/site-packages/airflow/example_dags/example_short_circuit_operator.py for tasks to queue
[2025-11-06T19:52:53.269+0000] {logging_mixin.py:190} INFO - [2025-11-06T19:52:53.269+0000] {dagbag.py:588} INFO - Filling up the DagBag from /home/airflow/.local/lib/python3.12/site-packages/airflow/example_dags/example_short_circuit_operator.py
[2025-11-06T19:52:53.274+0000] {processor.py:925} INFO - DAG(s) 'example_short_circuit_operator' retrieved from /home/airflow/.local/lib/python3.12/site-packages/airflow/example_dags/example_short_circuit_operator.py
[2025-11-06T19:52:53.285+0000] {logging_mixin.py:190} INFO - [2025-11-06T19:52:53.285+0000] {dag.py:3239} INFO - Sync 1 DAGs
[2025-11-06T19:52:53.290+0000] {logging_mixin.py:190} INFO - [2025-11-06T19:52:53.290+0000] {dag.py:4180} INFO - Setting next_dagrun for example_short_circuit_operator to None, run_after=None
[2025-11-06T19:52:53.296+0000] {processor.py:208} INFO - Processing /home/airflow/.local/lib/python3.12/site-packages/airflow/example_dags/example_short_circuit_operator.py took 0.031 seconds
[2025-11-06T19:53:24.196+0000] {processor.py:186} INFO - Started process (PID=424) to work on /home/airflow/.local/lib/python3.12/site-packages/airflow/example_dags/example_short_circuit_operator.py
[2025-11-06T19:53:24.197+0000] {processor.py:914} INFO - Processing file /home/airflow/.local/lib/python3.12/site-packages/airflow/example_dags/example_short_circuit_operator.py for tasks to queue
[2025-11-06T19:53:24.198+0000] {logging_mixin.py:190} INFO - [2025-11-06T19:53:24.198+0000] {dagbag.py:588} INFO - Filling up the DagBag from /home/airflow/.local/lib/python3.12/site-packages/airflow/example_dags/example_short_circuit_operator.py
[2025-11-06T19:53:24.201+0000] {processor.py:925} INFO - DAG(s) 'example_short_circuit_operator' retrieved from /home/airflow/.local/lib/python3.12/site-packages/airflow/example_dags/example_short_circuit_operator.py
[2025-11-06T19:53:24.216+0000] {logging_mixin.py:190} INFO - [2025-11-06T19:53:24.216+0000] {dag.py:3239} INFO - Sync 1 DAGs
[2025-11-06T19:53:24.221+0000] {logging_mixin.py:190} INFO - [2025-11-06T19:53:24.221+0000] {dag.py:4180} INFO - Setting next_dagrun for example_short_circuit_operator to None, run_after=None
[2025-11-06T19:53:24.229+0000] {processor.py:208} INFO - Processing /home/airflow/.local/lib/python3.12/site-packages/airflow/example_dags/example_short_circuit_operator.py took 0.035 seconds
[2025-11-06T19:53:54.792+0000] {processor.py:186} INFO - Started process (PID=486) to work on /home/airflow/.local/lib/python3.12/site-packages/airflow/example_dags/example_short_circuit_operator.py
[2025-11-06T19:53:54.792+0000] {processor.py:914} INFO - Processing file /home/airflow/.local/lib/python3.12/site-packages/airflow/example_dags/example_short_circuit_operator.py for tasks to queue
[2025-11-06T19:53:54.793+0000] {logging_mixin.py:190} INFO - [2025-11-06T19:53:54.793+0000] {dagbag.py:588} INFO - Filling up the DagBag from /home/airflow/.local/lib/python3.12/site-packages/airflow/example_dags/example_short_circuit_operator.py
[2025-11-06T19:53:54.796+0000] {processor.py:925} INFO - DAG(s) 'example_short_circuit_operator' retrieved from /home/airflow/.local/lib/python3.12/site-packages/airflow/example_dags/example_short_circuit_operator.py
[2025-11-06T19:53:54.806+0000] {logging_mixin.py:190} INFO - [2025-11-06T19:53:54.806+0000] {dag.py:3239} INFO - Sync 1 DAGs
[2025-11-06T19:53:54.810+0000] {logging_mixin.py:190} INFO - [2025-11-06T19:53:54.810+0000] {dag.py:4180} INFO - Setting next_dagrun for example_short_circuit_operator to None, run_after=None
[2025-11-06T19:53:54.815+0000] {processor.py:208} INFO - Processing /home/airflow/.local/lib/python3.12/site-packages/airflow/example_dags/example_short_circuit_operator.py took 0.026 seconds
