[2025-11-06T19:49:07.780+0000] {processor.py:186} INFO - Started process (PID=37) to work on /home/airflow/.local/lib/python3.12/site-packages/airflow/example_dags/example_branch_datetime_operator.py
[2025-11-06T19:49:07.781+0000] {processor.py:914} INFO - Processing file /home/airflow/.local/lib/python3.12/site-packages/airflow/example_dags/example_branch_datetime_operator.py for tasks to queue
[2025-11-06T19:49:07.783+0000] {logging_mixin.py:190} INFO - [2025-11-06T19:49:07.783+0000] {dagbag.py:588} INFO - Filling up the DagBag from /home/airflow/.local/lib/python3.12/site-packages/airflow/example_dags/example_branch_datetime_operator.py
[2025-11-06T19:49:07.788+0000] {processor.py:925} INFO - DAG(s) 'example_branch_datetime_operator_3', 'example_branch_datetime_operator_2', 'example_branch_datetime_operator' retrieved from /home/airflow/.local/lib/python3.12/site-packages/airflow/example_dags/example_branch_datetime_operator.py
[2025-11-06T19:49:07.828+0000] {logging_mixin.py:190} INFO - [2025-11-06T19:49:07.828+0000] {override.py:1900} INFO - Created Permission View: can delete on DAG:example_branch_datetime_operator_3
[2025-11-06T19:49:07.833+0000] {logging_mixin.py:190} INFO - [2025-11-06T19:49:07.832+0000] {override.py:1900} INFO - Created Permission View: can read on DAG:example_branch_datetime_operator_3
[2025-11-06T19:49:07.835+0000] {logging_mixin.py:190} INFO - [2025-11-06T19:49:07.834+0000] {override.py:1900} INFO - Created Permission View: can edit on DAG:example_branch_datetime_operator_3
[2025-11-06T19:49:07.837+0000] {logging_mixin.py:190} INFO - [2025-11-06T19:49:07.837+0000] {override.py:1900} INFO - Created Permission View: can delete on DAG Run:example_branch_datetime_operator_3
[2025-11-06T19:49:07.838+0000] {logging_mixin.py:190} INFO - [2025-11-06T19:49:07.838+0000] {override.py:1900} INFO - Created Permission View: can read on DAG Run:example_branch_datetime_operator_3
[2025-11-06T19:49:07.840+0000] {logging_mixin.py:190} INFO - [2025-11-06T19:49:07.840+0000] {override.py:1900} INFO - Created Permission View: menu access on DAG Run:example_branch_datetime_operator_3
[2025-11-06T19:49:07.844+0000] {logging_mixin.py:190} INFO - [2025-11-06T19:49:07.844+0000] {override.py:1900} INFO - Created Permission View: can create on DAG Run:example_branch_datetime_operator_3
[2025-11-06T19:49:07.848+0000] {logging_mixin.py:190} INFO - [2025-11-06T19:49:07.848+0000] {override.py:1900} INFO - Created Permission View: can delete on DAG:example_branch_datetime_operator_2
[2025-11-06T19:49:07.850+0000] {logging_mixin.py:190} INFO - [2025-11-06T19:49:07.850+0000] {override.py:1900} INFO - Created Permission View: can read on DAG:example_branch_datetime_operator_2
[2025-11-06T19:49:07.852+0000] {logging_mixin.py:190} INFO - [2025-11-06T19:49:07.852+0000] {override.py:1900} INFO - Created Permission View: can edit on DAG:example_branch_datetime_operator_2
[2025-11-06T19:49:07.854+0000] {logging_mixin.py:190} INFO - [2025-11-06T19:49:07.854+0000] {override.py:1900} INFO - Created Permission View: can delete on DAG Run:example_branch_datetime_operator_2
[2025-11-06T19:49:07.855+0000] {logging_mixin.py:190} INFO - [2025-11-06T19:49:07.855+0000] {override.py:1900} INFO - Created Permission View: can read on DAG Run:example_branch_datetime_operator_2
[2025-11-06T19:49:07.857+0000] {logging_mixin.py:190} INFO - [2025-11-06T19:49:07.857+0000] {override.py:1900} INFO - Created Permission View: menu access on DAG Run:example_branch_datetime_operator_2
[2025-11-06T19:49:07.858+0000] {logging_mixin.py:190} INFO - [2025-11-06T19:49:07.858+0000] {override.py:1900} INFO - Created Permission View: can create on DAG Run:example_branch_datetime_operator_2
[2025-11-06T19:49:07.864+0000] {logging_mixin.py:190} INFO - [2025-11-06T19:49:07.864+0000] {override.py:1900} INFO - Created Permission View: can delete on DAG:example_branch_datetime_operator
[2025-11-06T19:49:07.867+0000] {logging_mixin.py:190} INFO - [2025-11-06T19:49:07.867+0000] {override.py:1900} INFO - Created Permission View: can read on DAG:example_branch_datetime_operator
[2025-11-06T19:49:07.869+0000] {logging_mixin.py:190} INFO - [2025-11-06T19:49:07.869+0000] {override.py:1900} INFO - Created Permission View: can edit on DAG:example_branch_datetime_operator
[2025-11-06T19:49:07.870+0000] {logging_mixin.py:190} INFO - [2025-11-06T19:49:07.870+0000] {override.py:1900} INFO - Created Permission View: can delete on DAG Run:example_branch_datetime_operator
[2025-11-06T19:49:07.872+0000] {logging_mixin.py:190} INFO - [2025-11-06T19:49:07.872+0000] {override.py:1900} INFO - Created Permission View: can read on DAG Run:example_branch_datetime_operator
[2025-11-06T19:49:07.873+0000] {logging_mixin.py:190} INFO - [2025-11-06T19:49:07.873+0000] {override.py:1900} INFO - Created Permission View: menu access on DAG Run:example_branch_datetime_operator
[2025-11-06T19:49:07.875+0000] {logging_mixin.py:190} INFO - [2025-11-06T19:49:07.875+0000] {override.py:1900} INFO - Created Permission View: can create on DAG Run:example_branch_datetime_operator
[2025-11-06T19:49:07.875+0000] {logging_mixin.py:190} INFO - [2025-11-06T19:49:07.875+0000] {dag.py:3239} INFO - Sync 3 DAGs
[2025-11-06T19:49:07.881+0000] {logging_mixin.py:190} INFO - [2025-11-06T19:49:07.881+0000] {dag.py:3262} INFO - Creating ORM DAG for example_branch_datetime_operator_2
[2025-11-06T19:49:07.881+0000] {logging_mixin.py:190} INFO - [2025-11-06T19:49:07.881+0000] {dag.py:3262} INFO - Creating ORM DAG for example_branch_datetime_operator
[2025-11-06T19:49:07.881+0000] {logging_mixin.py:190} INFO - [2025-11-06T19:49:07.881+0000] {dag.py:3262} INFO - Creating ORM DAG for example_branch_datetime_operator_3
[2025-11-06T19:49:07.885+0000] {logging_mixin.py:190} INFO - [2025-11-06T19:49:07.885+0000] {dag.py:4180} INFO - Setting next_dagrun for example_branch_datetime_operator to 2025-11-05 00:00:00+00:00, run_after=2025-11-06 00:00:00+00:00
[2025-11-06T19:49:07.886+0000] {logging_mixin.py:190} INFO - [2025-11-06T19:49:07.886+0000] {dag.py:4180} INFO - Setting next_dagrun for example_branch_datetime_operator_2 to 2025-11-05 00:00:00+00:00, run_after=2025-11-06 00:00:00+00:00
[2025-11-06T19:49:07.887+0000] {logging_mixin.py:190} INFO - [2025-11-06T19:49:07.887+0000] {dag.py:4180} INFO - Setting next_dagrun for example_branch_datetime_operator_3 to 2025-11-05 00:00:00+00:00, run_after=2025-11-06 00:00:00+00:00
[2025-11-06T19:49:07.892+0000] {processor.py:208} INFO - Processing /home/airflow/.local/lib/python3.12/site-packages/airflow/example_dags/example_branch_datetime_operator.py took 0.114 seconds
[2025-11-06T19:49:38.188+0000] {processor.py:186} INFO - Started process (PID=105) to work on /home/airflow/.local/lib/python3.12/site-packages/airflow/example_dags/example_branch_datetime_operator.py
[2025-11-06T19:49:38.188+0000] {processor.py:914} INFO - Processing file /home/airflow/.local/lib/python3.12/site-packages/airflow/example_dags/example_branch_datetime_operator.py for tasks to queue
[2025-11-06T19:49:38.190+0000] {logging_mixin.py:190} INFO - [2025-11-06T19:49:38.189+0000] {dagbag.py:588} INFO - Filling up the DagBag from /home/airflow/.local/lib/python3.12/site-packages/airflow/example_dags/example_branch_datetime_operator.py
[2025-11-06T19:49:38.196+0000] {processor.py:925} INFO - DAG(s) 'example_branch_datetime_operator', 'example_branch_datetime_operator_2', 'example_branch_datetime_operator_3' retrieved from /home/airflow/.local/lib/python3.12/site-packages/airflow/example_dags/example_branch_datetime_operator.py
[2025-11-06T19:49:38.210+0000] {logging_mixin.py:190} INFO - [2025-11-06T19:49:38.209+0000] {dag.py:3239} INFO - Sync 3 DAGs
[2025-11-06T19:49:38.219+0000] {logging_mixin.py:190} INFO - [2025-11-06T19:49:38.219+0000] {dag.py:4180} INFO - Setting next_dagrun for example_branch_datetime_operator to 2025-11-05 00:00:00+00:00, run_after=2025-11-06 00:00:00+00:00
[2025-11-06T19:49:38.220+0000] {logging_mixin.py:190} INFO - [2025-11-06T19:49:38.220+0000] {dag.py:4180} INFO - Setting next_dagrun for example_branch_datetime_operator_2 to 2025-11-05 00:00:00+00:00, run_after=2025-11-06 00:00:00+00:00
[2025-11-06T19:49:38.221+0000] {logging_mixin.py:190} INFO - [2025-11-06T19:49:38.221+0000] {dag.py:4180} INFO - Setting next_dagrun for example_branch_datetime_operator_3 to 2025-11-05 00:00:00+00:00, run_after=2025-11-06 00:00:00+00:00
[2025-11-06T19:49:38.227+0000] {processor.py:208} INFO - Processing /home/airflow/.local/lib/python3.12/site-packages/airflow/example_dags/example_branch_datetime_operator.py took 0.042 seconds
[2025-11-06T19:50:19.814+0000] {processor.py:186} INFO - Started process (PID=36) to work on /home/airflow/.local/lib/python3.12/site-packages/airflow/example_dags/example_branch_datetime_operator.py
[2025-11-06T19:50:19.815+0000] {processor.py:914} INFO - Processing file /home/airflow/.local/lib/python3.12/site-packages/airflow/example_dags/example_branch_datetime_operator.py for tasks to queue
[2025-11-06T19:50:19.815+0000] {logging_mixin.py:190} INFO - [2025-11-06T19:50:19.815+0000] {dagbag.py:588} INFO - Filling up the DagBag from /home/airflow/.local/lib/python3.12/site-packages/airflow/example_dags/example_branch_datetime_operator.py
[2025-11-06T19:50:19.824+0000] {processor.py:925} INFO - DAG(s) 'example_branch_datetime_operator_3', 'example_branch_datetime_operator', 'example_branch_datetime_operator_2' retrieved from /home/airflow/.local/lib/python3.12/site-packages/airflow/example_dags/example_branch_datetime_operator.py
[2025-11-06T19:50:19.840+0000] {logging_mixin.py:190} INFO - [2025-11-06T19:50:19.840+0000] {dag.py:3239} INFO - Sync 3 DAGs
[2025-11-06T19:50:19.851+0000] {logging_mixin.py:190} INFO - [2025-11-06T19:50:19.851+0000] {dag.py:4180} INFO - Setting next_dagrun for example_branch_datetime_operator to 2025-11-05 00:00:00+00:00, run_after=2025-11-06 00:00:00+00:00
[2025-11-06T19:50:19.852+0000] {logging_mixin.py:190} INFO - [2025-11-06T19:50:19.852+0000] {dag.py:4180} INFO - Setting next_dagrun for example_branch_datetime_operator_2 to 2025-11-05 00:00:00+00:00, run_after=2025-11-06 00:00:00+00:00
[2025-11-06T19:50:19.853+0000] {logging_mixin.py:190} INFO - [2025-11-06T19:50:19.853+0000] {dag.py:4180} INFO - Setting next_dagrun for example_branch_datetime_operator_3 to 2025-11-05 00:00:00+00:00, run_after=2025-11-06 00:00:00+00:00
[2025-11-06T19:50:19.858+0000] {processor.py:208} INFO - Processing /home/airflow/.local/lib/python3.12/site-packages/airflow/example_dags/example_branch_datetime_operator.py took 0.047 seconds
[2025-11-06T19:50:50.617+0000] {processor.py:186} INFO - Started process (PID=104) to work on /home/airflow/.local/lib/python3.12/site-packages/airflow/example_dags/example_branch_datetime_operator.py
[2025-11-06T19:50:50.619+0000] {processor.py:914} INFO - Processing file /home/airflow/.local/lib/python3.12/site-packages/airflow/example_dags/example_branch_datetime_operator.py for tasks to queue
[2025-11-06T19:50:50.620+0000] {logging_mixin.py:190} INFO - [2025-11-06T19:50:50.619+0000] {dagbag.py:588} INFO - Filling up the DagBag from /home/airflow/.local/lib/python3.12/site-packages/airflow/example_dags/example_branch_datetime_operator.py
[2025-11-06T19:50:50.624+0000] {processor.py:925} INFO - DAG(s) 'example_branch_datetime_operator', 'example_branch_datetime_operator_2', 'example_branch_datetime_operator_3' retrieved from /home/airflow/.local/lib/python3.12/site-packages/airflow/example_dags/example_branch_datetime_operator.py
[2025-11-06T19:50:50.638+0000] {logging_mixin.py:190} INFO - [2025-11-06T19:50:50.638+0000] {dag.py:3239} INFO - Sync 3 DAGs
[2025-11-06T19:50:50.648+0000] {logging_mixin.py:190} INFO - [2025-11-06T19:50:50.647+0000] {dag.py:4180} INFO - Setting next_dagrun for example_branch_datetime_operator to 2025-11-05 00:00:00+00:00, run_after=2025-11-06 00:00:00+00:00
[2025-11-06T19:50:50.650+0000] {logging_mixin.py:190} INFO - [2025-11-06T19:50:50.650+0000] {dag.py:4180} INFO - Setting next_dagrun for example_branch_datetime_operator_2 to 2025-11-05 00:00:00+00:00, run_after=2025-11-06 00:00:00+00:00
[2025-11-06T19:50:50.652+0000] {logging_mixin.py:190} INFO - [2025-11-06T19:50:50.652+0000] {dag.py:4180} INFO - Setting next_dagrun for example_branch_datetime_operator_3 to 2025-11-05 00:00:00+00:00, run_after=2025-11-06 00:00:00+00:00
[2025-11-06T19:50:50.658+0000] {processor.py:208} INFO - Processing /home/airflow/.local/lib/python3.12/site-packages/airflow/example_dags/example_branch_datetime_operator.py took 0.044 seconds
[2025-11-06T19:51:21.179+0000] {processor.py:186} INFO - Started process (PID=166) to work on /home/airflow/.local/lib/python3.12/site-packages/airflow/example_dags/example_branch_datetime_operator.py
[2025-11-06T19:51:21.180+0000] {processor.py:914} INFO - Processing file /home/airflow/.local/lib/python3.12/site-packages/airflow/example_dags/example_branch_datetime_operator.py for tasks to queue
[2025-11-06T19:51:21.181+0000] {logging_mixin.py:190} INFO - [2025-11-06T19:51:21.180+0000] {dagbag.py:588} INFO - Filling up the DagBag from /home/airflow/.local/lib/python3.12/site-packages/airflow/example_dags/example_branch_datetime_operator.py
[2025-11-06T19:51:21.185+0000] {processor.py:925} INFO - DAG(s) 'example_branch_datetime_operator_3', 'example_branch_datetime_operator_2', 'example_branch_datetime_operator' retrieved from /home/airflow/.local/lib/python3.12/site-packages/airflow/example_dags/example_branch_datetime_operator.py
[2025-11-06T19:51:21.197+0000] {logging_mixin.py:190} INFO - [2025-11-06T19:51:21.197+0000] {dag.py:3239} INFO - Sync 3 DAGs
[2025-11-06T19:51:21.208+0000] {logging_mixin.py:190} INFO - [2025-11-06T19:51:21.208+0000] {dag.py:4180} INFO - Setting next_dagrun for example_branch_datetime_operator to 2025-11-05 00:00:00+00:00, run_after=2025-11-06 00:00:00+00:00
[2025-11-06T19:51:21.209+0000] {logging_mixin.py:190} INFO - [2025-11-06T19:51:21.209+0000] {dag.py:4180} INFO - Setting next_dagrun for example_branch_datetime_operator_2 to 2025-11-05 00:00:00+00:00, run_after=2025-11-06 00:00:00+00:00
[2025-11-06T19:51:21.211+0000] {logging_mixin.py:190} INFO - [2025-11-06T19:51:21.211+0000] {dag.py:4180} INFO - Setting next_dagrun for example_branch_datetime_operator_3 to 2025-11-05 00:00:00+00:00, run_after=2025-11-06 00:00:00+00:00
[2025-11-06T19:51:21.217+0000] {processor.py:208} INFO - Processing /home/airflow/.local/lib/python3.12/site-packages/airflow/example_dags/example_branch_datetime_operator.py took 0.040 seconds
[2025-11-06T19:51:51.773+0000] {processor.py:186} INFO - Started process (PID=228) to work on /home/airflow/.local/lib/python3.12/site-packages/airflow/example_dags/example_branch_datetime_operator.py
[2025-11-06T19:51:51.774+0000] {processor.py:914} INFO - Processing file /home/airflow/.local/lib/python3.12/site-packages/airflow/example_dags/example_branch_datetime_operator.py for tasks to queue
[2025-11-06T19:51:51.774+0000] {logging_mixin.py:190} INFO - [2025-11-06T19:51:51.774+0000] {dagbag.py:588} INFO - Filling up the DagBag from /home/airflow/.local/lib/python3.12/site-packages/airflow/example_dags/example_branch_datetime_operator.py
[2025-11-06T19:51:51.779+0000] {processor.py:925} INFO - DAG(s) 'example_branch_datetime_operator_2', 'example_branch_datetime_operator', 'example_branch_datetime_operator_3' retrieved from /home/airflow/.local/lib/python3.12/site-packages/airflow/example_dags/example_branch_datetime_operator.py
[2025-11-06T19:51:51.791+0000] {logging_mixin.py:190} INFO - [2025-11-06T19:51:51.791+0000] {dag.py:3239} INFO - Sync 3 DAGs
[2025-11-06T19:51:51.799+0000] {logging_mixin.py:190} INFO - [2025-11-06T19:51:51.799+0000] {dag.py:4180} INFO - Setting next_dagrun for example_branch_datetime_operator to 2025-11-05 00:00:00+00:00, run_after=2025-11-06 00:00:00+00:00
[2025-11-06T19:51:51.804+0000] {logging_mixin.py:190} INFO - [2025-11-06T19:51:51.804+0000] {dag.py:4180} INFO - Setting next_dagrun for example_branch_datetime_operator_2 to 2025-11-05 00:00:00+00:00, run_after=2025-11-06 00:00:00+00:00
[2025-11-06T19:51:51.805+0000] {logging_mixin.py:190} INFO - [2025-11-06T19:51:51.805+0000] {dag.py:4180} INFO - Setting next_dagrun for example_branch_datetime_operator_3 to 2025-11-05 00:00:00+00:00, run_after=2025-11-06 00:00:00+00:00
[2025-11-06T19:51:51.814+0000] {processor.py:208} INFO - Processing /home/airflow/.local/lib/python3.12/site-packages/airflow/example_dags/example_branch_datetime_operator.py took 0.043 seconds
[2025-11-06T19:52:22.353+0000] {processor.py:186} INFO - Started process (PID=290) to work on /home/airflow/.local/lib/python3.12/site-packages/airflow/example_dags/example_branch_datetime_operator.py
[2025-11-06T19:52:22.354+0000] {processor.py:914} INFO - Processing file /home/airflow/.local/lib/python3.12/site-packages/airflow/example_dags/example_branch_datetime_operator.py for tasks to queue
[2025-11-06T19:52:22.354+0000] {logging_mixin.py:190} INFO - [2025-11-06T19:52:22.354+0000] {dagbag.py:588} INFO - Filling up the DagBag from /home/airflow/.local/lib/python3.12/site-packages/airflow/example_dags/example_branch_datetime_operator.py
[2025-11-06T19:52:22.358+0000] {processor.py:925} INFO - DAG(s) 'example_branch_datetime_operator_2', 'example_branch_datetime_operator', 'example_branch_datetime_operator_3' retrieved from /home/airflow/.local/lib/python3.12/site-packages/airflow/example_dags/example_branch_datetime_operator.py
[2025-11-06T19:52:22.373+0000] {logging_mixin.py:190} INFO - [2025-11-06T19:52:22.372+0000] {dag.py:3239} INFO - Sync 3 DAGs
[2025-11-06T19:52:22.382+0000] {logging_mixin.py:190} INFO - [2025-11-06T19:52:22.382+0000] {dag.py:4180} INFO - Setting next_dagrun for example_branch_datetime_operator to 2025-11-05 00:00:00+00:00, run_after=2025-11-06 00:00:00+00:00
[2025-11-06T19:52:22.386+0000] {logging_mixin.py:190} INFO - [2025-11-06T19:52:22.386+0000] {dag.py:4180} INFO - Setting next_dagrun for example_branch_datetime_operator_2 to 2025-11-05 00:00:00+00:00, run_after=2025-11-06 00:00:00+00:00
[2025-11-06T19:52:22.387+0000] {logging_mixin.py:190} INFO - [2025-11-06T19:52:22.387+0000] {dag.py:4180} INFO - Setting next_dagrun for example_branch_datetime_operator_3 to 2025-11-05 00:00:00+00:00, run_after=2025-11-06 00:00:00+00:00
[2025-11-06T19:52:22.393+0000] {processor.py:208} INFO - Processing /home/airflow/.local/lib/python3.12/site-packages/airflow/example_dags/example_branch_datetime_operator.py took 0.043 seconds
[2025-11-06T19:52:52.935+0000] {processor.py:186} INFO - Started process (PID=352) to work on /home/airflow/.local/lib/python3.12/site-packages/airflow/example_dags/example_branch_datetime_operator.py
[2025-11-06T19:52:52.937+0000] {processor.py:914} INFO - Processing file /home/airflow/.local/lib/python3.12/site-packages/airflow/example_dags/example_branch_datetime_operator.py for tasks to queue
[2025-11-06T19:52:52.939+0000] {logging_mixin.py:190} INFO - [2025-11-06T19:52:52.939+0000] {dagbag.py:588} INFO - Filling up the DagBag from /home/airflow/.local/lib/python3.12/site-packages/airflow/example_dags/example_branch_datetime_operator.py
[2025-11-06T19:52:52.946+0000] {processor.py:925} INFO - DAG(s) 'example_branch_datetime_operator_3', 'example_branch_datetime_operator_2', 'example_branch_datetime_operator' retrieved from /home/airflow/.local/lib/python3.12/site-packages/airflow/example_dags/example_branch_datetime_operator.py
[2025-11-06T19:52:52.961+0000] {logging_mixin.py:190} INFO - [2025-11-06T19:52:52.960+0000] {dag.py:3239} INFO - Sync 3 DAGs
[2025-11-06T19:52:52.971+0000] {logging_mixin.py:190} INFO - [2025-11-06T19:52:52.971+0000] {dag.py:4180} INFO - Setting next_dagrun for example_branch_datetime_operator to 2025-11-05 00:00:00+00:00, run_after=2025-11-06 00:00:00+00:00
[2025-11-06T19:52:52.974+0000] {logging_mixin.py:190} INFO - [2025-11-06T19:52:52.974+0000] {dag.py:4180} INFO - Setting next_dagrun for example_branch_datetime_operator_2 to 2025-11-05 00:00:00+00:00, run_after=2025-11-06 00:00:00+00:00
[2025-11-06T19:52:52.975+0000] {logging_mixin.py:190} INFO - [2025-11-06T19:52:52.975+0000] {dag.py:4180} INFO - Setting next_dagrun for example_branch_datetime_operator_3 to 2025-11-05 00:00:00+00:00, run_after=2025-11-06 00:00:00+00:00
[2025-11-06T19:52:52.982+0000] {processor.py:208} INFO - Processing /home/airflow/.local/lib/python3.12/site-packages/airflow/example_dags/example_branch_datetime_operator.py took 0.050 seconds
[2025-11-06T19:53:23.946+0000] {processor.py:186} INFO - Started process (PID=414) to work on /home/airflow/.local/lib/python3.12/site-packages/airflow/example_dags/example_branch_datetime_operator.py
[2025-11-06T19:53:23.948+0000] {processor.py:914} INFO - Processing file /home/airflow/.local/lib/python3.12/site-packages/airflow/example_dags/example_branch_datetime_operator.py for tasks to queue
[2025-11-06T19:53:23.949+0000] {logging_mixin.py:190} INFO - [2025-11-06T19:53:23.949+0000] {dagbag.py:588} INFO - Filling up the DagBag from /home/airflow/.local/lib/python3.12/site-packages/airflow/example_dags/example_branch_datetime_operator.py
[2025-11-06T19:53:23.954+0000] {processor.py:925} INFO - DAG(s) 'example_branch_datetime_operator_3', 'example_branch_datetime_operator', 'example_branch_datetime_operator_2' retrieved from /home/airflow/.local/lib/python3.12/site-packages/airflow/example_dags/example_branch_datetime_operator.py
[2025-11-06T19:53:23.969+0000] {logging_mixin.py:190} INFO - [2025-11-06T19:53:23.969+0000] {dag.py:3239} INFO - Sync 3 DAGs
[2025-11-06T19:53:23.978+0000] {logging_mixin.py:190} INFO - [2025-11-06T19:53:23.978+0000] {dag.py:4180} INFO - Setting next_dagrun for example_branch_datetime_operator to 2025-11-05 00:00:00+00:00, run_after=2025-11-06 00:00:00+00:00
[2025-11-06T19:53:23.981+0000] {logging_mixin.py:190} INFO - [2025-11-06T19:53:23.981+0000] {dag.py:4180} INFO - Setting next_dagrun for example_branch_datetime_operator_2 to 2025-11-05 00:00:00+00:00, run_after=2025-11-06 00:00:00+00:00
[2025-11-06T19:53:23.982+0000] {logging_mixin.py:190} INFO - [2025-11-06T19:53:23.982+0000] {dag.py:4180} INFO - Setting next_dagrun for example_branch_datetime_operator_3 to 2025-11-05 00:00:00+00:00, run_after=2025-11-06 00:00:00+00:00
[2025-11-06T19:53:23.989+0000] {processor.py:208} INFO - Processing /home/airflow/.local/lib/python3.12/site-packages/airflow/example_dags/example_branch_datetime_operator.py took 0.046 seconds
[2025-11-06T19:53:54.549+0000] {processor.py:186} INFO - Started process (PID=476) to work on /home/airflow/.local/lib/python3.12/site-packages/airflow/example_dags/example_branch_datetime_operator.py
[2025-11-06T19:53:54.550+0000] {processor.py:914} INFO - Processing file /home/airflow/.local/lib/python3.12/site-packages/airflow/example_dags/example_branch_datetime_operator.py for tasks to queue
[2025-11-06T19:53:54.550+0000] {logging_mixin.py:190} INFO - [2025-11-06T19:53:54.550+0000] {dagbag.py:588} INFO - Filling up the DagBag from /home/airflow/.local/lib/python3.12/site-packages/airflow/example_dags/example_branch_datetime_operator.py
[2025-11-06T19:53:54.555+0000] {processor.py:925} INFO - DAG(s) 'example_branch_datetime_operator_3', 'example_branch_datetime_operator', 'example_branch_datetime_operator_2' retrieved from /home/airflow/.local/lib/python3.12/site-packages/airflow/example_dags/example_branch_datetime_operator.py
[2025-11-06T19:53:54.572+0000] {logging_mixin.py:190} INFO - [2025-11-06T19:53:54.572+0000] {dag.py:3239} INFO - Sync 3 DAGs
[2025-11-06T19:53:54.582+0000] {logging_mixin.py:190} INFO - [2025-11-06T19:53:54.581+0000] {dag.py:4180} INFO - Setting next_dagrun for example_branch_datetime_operator to 2025-11-05 00:00:00+00:00, run_after=2025-11-06 00:00:00+00:00
[2025-11-06T19:53:54.583+0000] {logging_mixin.py:190} INFO - [2025-11-06T19:53:54.583+0000] {dag.py:4180} INFO - Setting next_dagrun for example_branch_datetime_operator_2 to 2025-11-05 00:00:00+00:00, run_after=2025-11-06 00:00:00+00:00
[2025-11-06T19:53:54.584+0000] {logging_mixin.py:190} INFO - [2025-11-06T19:53:54.584+0000] {dag.py:4180} INFO - Setting next_dagrun for example_branch_datetime_operator_3 to 2025-11-05 00:00:00+00:00, run_after=2025-11-06 00:00:00+00:00
[2025-11-06T19:53:54.591+0000] {processor.py:208} INFO - Processing /home/airflow/.local/lib/python3.12/site-packages/airflow/example_dags/example_branch_datetime_operator.py took 0.044 seconds
