[2025-11-06T19:49:08.211+0000] {processor.py:186} INFO - Started process (PID=49) to work on /home/airflow/.local/lib/python3.12/site-packages/airflow/example_dags/example_sensor_decorator.py
[2025-11-06T19:49:08.211+0000] {processor.py:914} INFO - Processing file /home/airflow/.local/lib/python3.12/site-packages/airflow/example_dags/example_sensor_decorator.py for tasks to queue
[2025-11-06T19:49:08.213+0000] {logging_mixin.py:190} INFO - [2025-11-06T19:49:08.213+0000] {dagbag.py:588} INFO - Filling up the DagBag from /home/airflow/.local/lib/python3.12/site-packages/airflow/example_dags/example_sensor_decorator.py
[2025-11-06T19:49:08.218+0000] {processor.py:925} INFO - DAG(s) 'example_sensor_decorator' retrieved from /home/airflow/.local/lib/python3.12/site-packages/airflow/example_dags/example_sensor_decorator.py
[2025-11-06T19:49:08.296+0000] {logging_mixin.py:190} INFO - [2025-11-06T19:49:08.296+0000] {override.py:1900} INFO - Created Permission View: can delete on DAG:example_sensor_decorator
[2025-11-06T19:49:08.300+0000] {logging_mixin.py:190} INFO - [2025-11-06T19:49:08.300+0000] {override.py:1900} INFO - Created Permission View: can read on DAG:example_sensor_decorator
[2025-11-06T19:49:08.302+0000] {logging_mixin.py:190} INFO - [2025-11-06T19:49:08.302+0000] {override.py:1900} INFO - Created Permission View: can edit on DAG:example_sensor_decorator
[2025-11-06T19:49:08.303+0000] {logging_mixin.py:190} INFO - [2025-11-06T19:49:08.303+0000] {override.py:1900} INFO - Created Permission View: can delete on DAG Run:example_sensor_decorator
[2025-11-06T19:49:08.305+0000] {logging_mixin.py:190} INFO - [2025-11-06T19:49:08.305+0000] {override.py:1900} INFO - Created Permission View: can read on DAG Run:example_sensor_decorator
[2025-11-06T19:49:08.307+0000] {logging_mixin.py:190} INFO - [2025-11-06T19:49:08.307+0000] {override.py:1900} INFO - Created Permission View: menu access on DAG Run:example_sensor_decorator
[2025-11-06T19:49:08.308+0000] {logging_mixin.py:190} INFO - [2025-11-06T19:49:08.308+0000] {override.py:1900} INFO - Created Permission View: can create on DAG Run:example_sensor_decorator
[2025-11-06T19:49:08.309+0000] {logging_mixin.py:190} INFO - [2025-11-06T19:49:08.308+0000] {dag.py:3239} INFO - Sync 1 DAGs
[2025-11-06T19:49:08.313+0000] {logging_mixin.py:190} INFO - [2025-11-06T19:49:08.313+0000] {dag.py:3262} INFO - Creating ORM DAG for example_sensor_decorator
[2025-11-06T19:49:08.313+0000] {logging_mixin.py:190} INFO - [2025-11-06T19:49:08.313+0000] {dag.py:4180} INFO - Setting next_dagrun for example_sensor_decorator to None, run_after=None
[2025-11-06T19:49:08.317+0000] {processor.py:208} INFO - Processing /home/airflow/.local/lib/python3.12/site-packages/airflow/example_dags/example_sensor_decorator.py took 0.110 seconds
[2025-11-06T19:49:38.332+0000] {processor.py:186} INFO - Started process (PID=112) to work on /home/airflow/.local/lib/python3.12/site-packages/airflow/example_dags/example_sensor_decorator.py
[2025-11-06T19:49:38.332+0000] {processor.py:914} INFO - Processing file /home/airflow/.local/lib/python3.12/site-packages/airflow/example_dags/example_sensor_decorator.py for tasks to queue
[2025-11-06T19:49:38.333+0000] {logging_mixin.py:190} INFO - [2025-11-06T19:49:38.333+0000] {dagbag.py:588} INFO - Filling up the DagBag from /home/airflow/.local/lib/python3.12/site-packages/airflow/example_dags/example_sensor_decorator.py
[2025-11-06T19:49:38.336+0000] {processor.py:925} INFO - DAG(s) 'example_sensor_decorator' retrieved from /home/airflow/.local/lib/python3.12/site-packages/airflow/example_dags/example_sensor_decorator.py
[2025-11-06T19:49:38.344+0000] {logging_mixin.py:190} INFO - [2025-11-06T19:49:38.343+0000] {dag.py:3239} INFO - Sync 1 DAGs
[2025-11-06T19:49:38.348+0000] {logging_mixin.py:190} INFO - [2025-11-06T19:49:38.348+0000] {dag.py:4180} INFO - Setting next_dagrun for example_sensor_decorator to None, run_after=None
[2025-11-06T19:49:38.353+0000] {processor.py:208} INFO - Processing /home/airflow/.local/lib/python3.12/site-packages/airflow/example_dags/example_sensor_decorator.py took 0.023 seconds
[2025-11-06T19:50:19.964+0000] {processor.py:186} INFO - Started process (PID=42) to work on /home/airflow/.local/lib/python3.12/site-packages/airflow/example_dags/example_sensor_decorator.py
[2025-11-06T19:50:19.965+0000] {processor.py:914} INFO - Processing file /home/airflow/.local/lib/python3.12/site-packages/airflow/example_dags/example_sensor_decorator.py for tasks to queue
[2025-11-06T19:50:19.965+0000] {logging_mixin.py:190} INFO - [2025-11-06T19:50:19.965+0000] {dagbag.py:588} INFO - Filling up the DagBag from /home/airflow/.local/lib/python3.12/site-packages/airflow/example_dags/example_sensor_decorator.py
[2025-11-06T19:50:19.969+0000] {processor.py:925} INFO - DAG(s) 'example_sensor_decorator' retrieved from /home/airflow/.local/lib/python3.12/site-packages/airflow/example_dags/example_sensor_decorator.py
[2025-11-06T19:50:19.979+0000] {logging_mixin.py:190} INFO - [2025-11-06T19:50:19.979+0000] {dag.py:3239} INFO - Sync 1 DAGs
[2025-11-06T19:50:19.984+0000] {logging_mixin.py:190} INFO - [2025-11-06T19:50:19.984+0000] {dag.py:4180} INFO - Setting next_dagrun for example_sensor_decorator to None, run_after=None
[2025-11-06T19:50:19.989+0000] {processor.py:208} INFO - Processing /home/airflow/.local/lib/python3.12/site-packages/airflow/example_dags/example_sensor_decorator.py took 0.027 seconds
[2025-11-06T19:50:50.760+0000] {processor.py:186} INFO - Started process (PID=110) to work on /home/airflow/.local/lib/python3.12/site-packages/airflow/example_dags/example_sensor_decorator.py
[2025-11-06T19:50:50.762+0000] {processor.py:914} INFO - Processing file /home/airflow/.local/lib/python3.12/site-packages/airflow/example_dags/example_sensor_decorator.py for tasks to queue
[2025-11-06T19:50:50.763+0000] {logging_mixin.py:190} INFO - [2025-11-06T19:50:50.763+0000] {dagbag.py:588} INFO - Filling up the DagBag from /home/airflow/.local/lib/python3.12/site-packages/airflow/example_dags/example_sensor_decorator.py
[2025-11-06T19:50:50.768+0000] {processor.py:925} INFO - DAG(s) 'example_sensor_decorator' retrieved from /home/airflow/.local/lib/python3.12/site-packages/airflow/example_dags/example_sensor_decorator.py
[2025-11-06T19:50:50.776+0000] {logging_mixin.py:190} INFO - [2025-11-06T19:50:50.776+0000] {dag.py:3239} INFO - Sync 1 DAGs
[2025-11-06T19:50:50.781+0000] {logging_mixin.py:190} INFO - [2025-11-06T19:50:50.781+0000] {dag.py:4180} INFO - Setting next_dagrun for example_sensor_decorator to None, run_after=None
[2025-11-06T19:50:50.787+0000] {processor.py:208} INFO - Processing /home/airflow/.local/lib/python3.12/site-packages/airflow/example_dags/example_sensor_decorator.py took 0.029 seconds
[2025-11-06T19:51:21.314+0000] {processor.py:186} INFO - Started process (PID=172) to work on /home/airflow/.local/lib/python3.12/site-packages/airflow/example_dags/example_sensor_decorator.py
[2025-11-06T19:51:21.317+0000] {processor.py:914} INFO - Processing file /home/airflow/.local/lib/python3.12/site-packages/airflow/example_dags/example_sensor_decorator.py for tasks to queue
[2025-11-06T19:51:21.317+0000] {logging_mixin.py:190} INFO - [2025-11-06T19:51:21.317+0000] {dagbag.py:588} INFO - Filling up the DagBag from /home/airflow/.local/lib/python3.12/site-packages/airflow/example_dags/example_sensor_decorator.py
[2025-11-06T19:51:21.321+0000] {processor.py:925} INFO - DAG(s) 'example_sensor_decorator' retrieved from /home/airflow/.local/lib/python3.12/site-packages/airflow/example_dags/example_sensor_decorator.py
[2025-11-06T19:51:21.329+0000] {logging_mixin.py:190} INFO - [2025-11-06T19:51:21.329+0000] {dag.py:3239} INFO - Sync 1 DAGs
[2025-11-06T19:51:21.334+0000] {logging_mixin.py:190} INFO - [2025-11-06T19:51:21.334+0000] {dag.py:4180} INFO - Setting next_dagrun for example_sensor_decorator to None, run_after=None
[2025-11-06T19:51:21.339+0000] {processor.py:208} INFO - Processing /home/airflow/.local/lib/python3.12/site-packages/airflow/example_dags/example_sensor_decorator.py took 0.027 seconds
[2025-11-06T19:51:51.891+0000] {processor.py:186} INFO - Started process (PID=234) to work on /home/airflow/.local/lib/python3.12/site-packages/airflow/example_dags/example_sensor_decorator.py
[2025-11-06T19:51:51.892+0000] {processor.py:914} INFO - Processing file /home/airflow/.local/lib/python3.12/site-packages/airflow/example_dags/example_sensor_decorator.py for tasks to queue
[2025-11-06T19:51:51.893+0000] {logging_mixin.py:190} INFO - [2025-11-06T19:51:51.893+0000] {dagbag.py:588} INFO - Filling up the DagBag from /home/airflow/.local/lib/python3.12/site-packages/airflow/example_dags/example_sensor_decorator.py
[2025-11-06T19:51:51.897+0000] {processor.py:925} INFO - DAG(s) 'example_sensor_decorator' retrieved from /home/airflow/.local/lib/python3.12/site-packages/airflow/example_dags/example_sensor_decorator.py
[2025-11-06T19:51:51.915+0000] {logging_mixin.py:190} INFO - [2025-11-06T19:51:51.915+0000] {dag.py:3239} INFO - Sync 1 DAGs
[2025-11-06T19:51:51.919+0000] {logging_mixin.py:190} INFO - [2025-11-06T19:51:51.919+0000] {dag.py:4180} INFO - Setting next_dagrun for example_sensor_decorator to None, run_after=None
[2025-11-06T19:51:51.925+0000] {processor.py:208} INFO - Processing /home/airflow/.local/lib/python3.12/site-packages/airflow/example_dags/example_sensor_decorator.py took 0.036 seconds
[2025-11-06T19:52:22.501+0000] {processor.py:186} INFO - Started process (PID=296) to work on /home/airflow/.local/lib/python3.12/site-packages/airflow/example_dags/example_sensor_decorator.py
[2025-11-06T19:52:22.501+0000] {processor.py:914} INFO - Processing file /home/airflow/.local/lib/python3.12/site-packages/airflow/example_dags/example_sensor_decorator.py for tasks to queue
[2025-11-06T19:52:22.502+0000] {logging_mixin.py:190} INFO - [2025-11-06T19:52:22.502+0000] {dagbag.py:588} INFO - Filling up the DagBag from /home/airflow/.local/lib/python3.12/site-packages/airflow/example_dags/example_sensor_decorator.py
[2025-11-06T19:52:22.505+0000] {processor.py:925} INFO - DAG(s) 'example_sensor_decorator' retrieved from /home/airflow/.local/lib/python3.12/site-packages/airflow/example_dags/example_sensor_decorator.py
[2025-11-06T19:52:22.517+0000] {logging_mixin.py:190} INFO - [2025-11-06T19:52:22.517+0000] {dag.py:3239} INFO - Sync 1 DAGs
[2025-11-06T19:52:22.522+0000] {logging_mixin.py:190} INFO - [2025-11-06T19:52:22.522+0000] {dag.py:4180} INFO - Setting next_dagrun for example_sensor_decorator to None, run_after=None
[2025-11-06T19:52:22.530+0000] {processor.py:208} INFO - Processing /home/airflow/.local/lib/python3.12/site-packages/airflow/example_dags/example_sensor_decorator.py took 0.032 seconds
[2025-11-06T19:52:53.106+0000] {processor.py:186} INFO - Started process (PID=358) to work on /home/airflow/.local/lib/python3.12/site-packages/airflow/example_dags/example_sensor_decorator.py
[2025-11-06T19:52:53.107+0000] {processor.py:914} INFO - Processing file /home/airflow/.local/lib/python3.12/site-packages/airflow/example_dags/example_sensor_decorator.py for tasks to queue
[2025-11-06T19:52:53.111+0000] {logging_mixin.py:190} INFO - [2025-11-06T19:52:53.111+0000] {dagbag.py:588} INFO - Filling up the DagBag from /home/airflow/.local/lib/python3.12/site-packages/airflow/example_dags/example_sensor_decorator.py
[2025-11-06T19:52:53.115+0000] {processor.py:925} INFO - DAG(s) 'example_sensor_decorator' retrieved from /home/airflow/.local/lib/python3.12/site-packages/airflow/example_dags/example_sensor_decorator.py
[2025-11-06T19:52:53.126+0000] {logging_mixin.py:190} INFO - [2025-11-06T19:52:53.125+0000] {dag.py:3239} INFO - Sync 1 DAGs
[2025-11-06T19:52:53.132+0000] {logging_mixin.py:190} INFO - [2025-11-06T19:52:53.132+0000] {dag.py:4180} INFO - Setting next_dagrun for example_sensor_decorator to None, run_after=None
[2025-11-06T19:52:53.138+0000] {processor.py:208} INFO - Processing /home/airflow/.local/lib/python3.12/site-packages/airflow/example_dags/example_sensor_decorator.py took 0.035 seconds
[2025-11-06T19:53:24.119+0000] {processor.py:186} INFO - Started process (PID=420) to work on /home/airflow/.local/lib/python3.12/site-packages/airflow/example_dags/example_sensor_decorator.py
[2025-11-06T19:53:24.119+0000] {processor.py:914} INFO - Processing file /home/airflow/.local/lib/python3.12/site-packages/airflow/example_dags/example_sensor_decorator.py for tasks to queue
[2025-11-06T19:53:24.120+0000] {logging_mixin.py:190} INFO - [2025-11-06T19:53:24.120+0000] {dagbag.py:588} INFO - Filling up the DagBag from /home/airflow/.local/lib/python3.12/site-packages/airflow/example_dags/example_sensor_decorator.py
[2025-11-06T19:53:24.124+0000] {processor.py:925} INFO - DAG(s) 'example_sensor_decorator' retrieved from /home/airflow/.local/lib/python3.12/site-packages/airflow/example_dags/example_sensor_decorator.py
[2025-11-06T19:53:24.137+0000] {logging_mixin.py:190} INFO - [2025-11-06T19:53:24.136+0000] {dag.py:3239} INFO - Sync 1 DAGs
[2025-11-06T19:53:24.143+0000] {logging_mixin.py:190} INFO - [2025-11-06T19:53:24.143+0000] {dag.py:4180} INFO - Setting next_dagrun for example_sensor_decorator to None, run_after=None
[2025-11-06T19:53:24.152+0000] {processor.py:208} INFO - Processing /home/airflow/.local/lib/python3.12/site-packages/airflow/example_dags/example_sensor_decorator.py took 0.035 seconds
[2025-11-06T19:53:54.687+0000] {processor.py:186} INFO - Started process (PID=482) to work on /home/airflow/.local/lib/python3.12/site-packages/airflow/example_dags/example_sensor_decorator.py
[2025-11-06T19:53:54.688+0000] {processor.py:914} INFO - Processing file /home/airflow/.local/lib/python3.12/site-packages/airflow/example_dags/example_sensor_decorator.py for tasks to queue
[2025-11-06T19:53:54.688+0000] {logging_mixin.py:190} INFO - [2025-11-06T19:53:54.688+0000] {dagbag.py:588} INFO - Filling up the DagBag from /home/airflow/.local/lib/python3.12/site-packages/airflow/example_dags/example_sensor_decorator.py
[2025-11-06T19:53:54.692+0000] {processor.py:925} INFO - DAG(s) 'example_sensor_decorator' retrieved from /home/airflow/.local/lib/python3.12/site-packages/airflow/example_dags/example_sensor_decorator.py
[2025-11-06T19:53:54.700+0000] {logging_mixin.py:190} INFO - [2025-11-06T19:53:54.700+0000] {dag.py:3239} INFO - Sync 1 DAGs
[2025-11-06T19:53:54.708+0000] {logging_mixin.py:190} INFO - [2025-11-06T19:53:54.708+0000] {dag.py:4180} INFO - Setting next_dagrun for example_sensor_decorator to None, run_after=None
[2025-11-06T19:53:54.714+0000] {processor.py:208} INFO - Processing /home/airflow/.local/lib/python3.12/site-packages/airflow/example_dags/example_sensor_decorator.py took 0.029 seconds
