[2025-11-06T19:49:09.594+0000] {processor.py:186} INFO - Started process (PID=83) to work on /home/airflow/.local/lib/python3.12/site-packages/airflow/example_dags/example_task_group_decorator.py
[2025-11-06T19:49:09.595+0000] {processor.py:914} INFO - Processing file /home/airflow/.local/lib/python3.12/site-packages/airflow/example_dags/example_task_group_decorator.py for tasks to queue
[2025-11-06T19:49:09.596+0000] {logging_mixin.py:190} INFO - [2025-11-06T19:49:09.595+0000] {dagbag.py:588} INFO - Filling up the DagBag from /home/airflow/.local/lib/python3.12/site-packages/airflow/example_dags/example_task_group_decorator.py
[2025-11-06T19:49:09.601+0000] {processor.py:925} INFO - DAG(s) 'example_task_group_decorator' retrieved from /home/airflow/.local/lib/python3.12/site-packages/airflow/example_dags/example_task_group_decorator.py
[2025-11-06T19:49:09.639+0000] {logging_mixin.py:190} INFO - [2025-11-06T19:49:09.638+0000] {override.py:1900} INFO - Created Permission View: can delete on DAG:example_task_group_decorator
[2025-11-06T19:49:09.641+0000] {logging_mixin.py:190} INFO - [2025-11-06T19:49:09.641+0000] {override.py:1900} INFO - Created Permission View: can read on DAG:example_task_group_decorator
[2025-11-06T19:49:09.643+0000] {logging_mixin.py:190} INFO - [2025-11-06T19:49:09.643+0000] {override.py:1900} INFO - Created Permission View: can edit on DAG:example_task_group_decorator
[2025-11-06T19:49:09.644+0000] {logging_mixin.py:190} INFO - [2025-11-06T19:49:09.644+0000] {override.py:1900} INFO - Created Permission View: can delete on DAG Run:example_task_group_decorator
[2025-11-06T19:49:09.645+0000] {logging_mixin.py:190} INFO - [2025-11-06T19:49:09.645+0000] {override.py:1900} INFO - Created Permission View: can read on DAG Run:example_task_group_decorator
[2025-11-06T19:49:09.647+0000] {logging_mixin.py:190} INFO - [2025-11-06T19:49:09.647+0000] {override.py:1900} INFO - Created Permission View: menu access on DAG Run:example_task_group_decorator
[2025-11-06T19:49:09.648+0000] {logging_mixin.py:190} INFO - [2025-11-06T19:49:09.648+0000] {override.py:1900} INFO - Created Permission View: can create on DAG Run:example_task_group_decorator
[2025-11-06T19:49:09.648+0000] {logging_mixin.py:190} INFO - [2025-11-06T19:49:09.648+0000] {dag.py:3239} INFO - Sync 1 DAGs
[2025-11-06T19:49:09.652+0000] {logging_mixin.py:190} INFO - [2025-11-06T19:49:09.652+0000] {dag.py:3262} INFO - Creating ORM DAG for example_task_group_decorator
[2025-11-06T19:49:09.652+0000] {logging_mixin.py:190} INFO - [2025-11-06T19:49:09.652+0000] {dag.py:4180} INFO - Setting next_dagrun for example_task_group_decorator to None, run_after=None
[2025-11-06T19:49:09.658+0000] {processor.py:208} INFO - Processing /home/airflow/.local/lib/python3.12/site-packages/airflow/example_dags/example_task_group_decorator.py took 0.066 seconds
[2025-11-06T19:49:40.015+0000] {processor.py:186} INFO - Started process (PID=145) to work on /home/airflow/.local/lib/python3.12/site-packages/airflow/example_dags/example_task_group_decorator.py
[2025-11-06T19:49:40.018+0000] {processor.py:914} INFO - Processing file /home/airflow/.local/lib/python3.12/site-packages/airflow/example_dags/example_task_group_decorator.py for tasks to queue
[2025-11-06T19:49:40.018+0000] {logging_mixin.py:190} INFO - [2025-11-06T19:49:40.018+0000] {dagbag.py:588} INFO - Filling up the DagBag from /home/airflow/.local/lib/python3.12/site-packages/airflow/example_dags/example_task_group_decorator.py
[2025-11-06T19:49:40.024+0000] {processor.py:925} INFO - DAG(s) 'example_task_group_decorator' retrieved from /home/airflow/.local/lib/python3.12/site-packages/airflow/example_dags/example_task_group_decorator.py
[2025-11-06T19:49:40.037+0000] {logging_mixin.py:190} INFO - [2025-11-06T19:49:40.037+0000] {dag.py:3239} INFO - Sync 1 DAGs
[2025-11-06T19:49:40.042+0000] {logging_mixin.py:190} INFO - [2025-11-06T19:49:40.042+0000] {dag.py:4180} INFO - Setting next_dagrun for example_task_group_decorator to None, run_after=None
[2025-11-06T19:49:40.049+0000] {processor.py:208} INFO - Processing /home/airflow/.local/lib/python3.12/site-packages/airflow/example_dags/example_task_group_decorator.py took 0.036 seconds
[2025-11-06T19:50:20.958+0000] {processor.py:186} INFO - Started process (PID=82) to work on /home/airflow/.local/lib/python3.12/site-packages/airflow/example_dags/example_task_group_decorator.py
[2025-11-06T19:50:20.959+0000] {processor.py:914} INFO - Processing file /home/airflow/.local/lib/python3.12/site-packages/airflow/example_dags/example_task_group_decorator.py for tasks to queue
[2025-11-06T19:50:20.960+0000] {logging_mixin.py:190} INFO - [2025-11-06T19:50:20.960+0000] {dagbag.py:588} INFO - Filling up the DagBag from /home/airflow/.local/lib/python3.12/site-packages/airflow/example_dags/example_task_group_decorator.py
[2025-11-06T19:50:20.967+0000] {processor.py:925} INFO - DAG(s) 'example_task_group_decorator' retrieved from /home/airflow/.local/lib/python3.12/site-packages/airflow/example_dags/example_task_group_decorator.py
[2025-11-06T19:50:20.984+0000] {logging_mixin.py:190} INFO - [2025-11-06T19:50:20.984+0000] {dag.py:3239} INFO - Sync 1 DAGs
[2025-11-06T19:50:20.989+0000] {logging_mixin.py:190} INFO - [2025-11-06T19:50:20.989+0000] {dag.py:4180} INFO - Setting next_dagrun for example_task_group_decorator to None, run_after=None
[2025-11-06T19:50:20.997+0000] {processor.py:208} INFO - Processing /home/airflow/.local/lib/python3.12/site-packages/airflow/example_dags/example_task_group_decorator.py took 0.041 seconds
[2025-11-06T19:50:51.588+0000] {processor.py:186} INFO - Started process (PID=144) to work on /home/airflow/.local/lib/python3.12/site-packages/airflow/example_dags/example_task_group_decorator.py
[2025-11-06T19:50:51.589+0000] {processor.py:914} INFO - Processing file /home/airflow/.local/lib/python3.12/site-packages/airflow/example_dags/example_task_group_decorator.py for tasks to queue
[2025-11-06T19:50:51.590+0000] {logging_mixin.py:190} INFO - [2025-11-06T19:50:51.589+0000] {dagbag.py:588} INFO - Filling up the DagBag from /home/airflow/.local/lib/python3.12/site-packages/airflow/example_dags/example_task_group_decorator.py
[2025-11-06T19:50:51.598+0000] {processor.py:925} INFO - DAG(s) 'example_task_group_decorator' retrieved from /home/airflow/.local/lib/python3.12/site-packages/airflow/example_dags/example_task_group_decorator.py
[2025-11-06T19:50:51.611+0000] {logging_mixin.py:190} INFO - [2025-11-06T19:50:51.611+0000] {dag.py:3239} INFO - Sync 1 DAGs
[2025-11-06T19:50:51.616+0000] {logging_mixin.py:190} INFO - [2025-11-06T19:50:51.616+0000] {dag.py:4180} INFO - Setting next_dagrun for example_task_group_decorator to None, run_after=None
[2025-11-06T19:50:51.625+0000] {processor.py:208} INFO - Processing /home/airflow/.local/lib/python3.12/site-packages/airflow/example_dags/example_task_group_decorator.py took 0.039 seconds
[2025-11-06T19:51:22.106+0000] {processor.py:186} INFO - Started process (PID=206) to work on /home/airflow/.local/lib/python3.12/site-packages/airflow/example_dags/example_task_group_decorator.py
[2025-11-06T19:51:22.106+0000] {processor.py:914} INFO - Processing file /home/airflow/.local/lib/python3.12/site-packages/airflow/example_dags/example_task_group_decorator.py for tasks to queue
[2025-11-06T19:51:22.108+0000] {logging_mixin.py:190} INFO - [2025-11-06T19:51:22.108+0000] {dagbag.py:588} INFO - Filling up the DagBag from /home/airflow/.local/lib/python3.12/site-packages/airflow/example_dags/example_task_group_decorator.py
[2025-11-06T19:51:22.114+0000] {processor.py:925} INFO - DAG(s) 'example_task_group_decorator' retrieved from /home/airflow/.local/lib/python3.12/site-packages/airflow/example_dags/example_task_group_decorator.py
[2025-11-06T19:51:22.125+0000] {logging_mixin.py:190} INFO - [2025-11-06T19:51:22.125+0000] {dag.py:3239} INFO - Sync 1 DAGs
[2025-11-06T19:51:22.130+0000] {logging_mixin.py:190} INFO - [2025-11-06T19:51:22.130+0000] {dag.py:4180} INFO - Setting next_dagrun for example_task_group_decorator to None, run_after=None
[2025-11-06T19:51:22.137+0000] {processor.py:208} INFO - Processing /home/airflow/.local/lib/python3.12/site-packages/airflow/example_dags/example_task_group_decorator.py took 0.033 seconds
[2025-11-06T19:51:52.706+0000] {processor.py:186} INFO - Started process (PID=268) to work on /home/airflow/.local/lib/python3.12/site-packages/airflow/example_dags/example_task_group_decorator.py
[2025-11-06T19:51:52.708+0000] {processor.py:914} INFO - Processing file /home/airflow/.local/lib/python3.12/site-packages/airflow/example_dags/example_task_group_decorator.py for tasks to queue
[2025-11-06T19:51:52.709+0000] {logging_mixin.py:190} INFO - [2025-11-06T19:51:52.709+0000] {dagbag.py:588} INFO - Filling up the DagBag from /home/airflow/.local/lib/python3.12/site-packages/airflow/example_dags/example_task_group_decorator.py
[2025-11-06T19:51:52.714+0000] {processor.py:925} INFO - DAG(s) 'example_task_group_decorator' retrieved from /home/airflow/.local/lib/python3.12/site-packages/airflow/example_dags/example_task_group_decorator.py
[2025-11-06T19:51:52.726+0000] {logging_mixin.py:190} INFO - [2025-11-06T19:51:52.726+0000] {dag.py:3239} INFO - Sync 1 DAGs
[2025-11-06T19:51:52.731+0000] {logging_mixin.py:190} INFO - [2025-11-06T19:51:52.731+0000] {dag.py:4180} INFO - Setting next_dagrun for example_task_group_decorator to None, run_after=None
[2025-11-06T19:51:52.738+0000] {processor.py:208} INFO - Processing /home/airflow/.local/lib/python3.12/site-packages/airflow/example_dags/example_task_group_decorator.py took 0.035 seconds
[2025-11-06T19:52:23.288+0000] {processor.py:186} INFO - Started process (PID=330) to work on /home/airflow/.local/lib/python3.12/site-packages/airflow/example_dags/example_task_group_decorator.py
[2025-11-06T19:52:23.289+0000] {processor.py:914} INFO - Processing file /home/airflow/.local/lib/python3.12/site-packages/airflow/example_dags/example_task_group_decorator.py for tasks to queue
[2025-11-06T19:52:23.289+0000] {logging_mixin.py:190} INFO - [2025-11-06T19:52:23.289+0000] {dagbag.py:588} INFO - Filling up the DagBag from /home/airflow/.local/lib/python3.12/site-packages/airflow/example_dags/example_task_group_decorator.py
[2025-11-06T19:52:23.295+0000] {processor.py:925} INFO - DAG(s) 'example_task_group_decorator' retrieved from /home/airflow/.local/lib/python3.12/site-packages/airflow/example_dags/example_task_group_decorator.py
[2025-11-06T19:52:23.308+0000] {logging_mixin.py:190} INFO - [2025-11-06T19:52:23.308+0000] {dag.py:3239} INFO - Sync 1 DAGs
[2025-11-06T19:52:23.314+0000] {logging_mixin.py:190} INFO - [2025-11-06T19:52:23.313+0000] {dag.py:4180} INFO - Setting next_dagrun for example_task_group_decorator to None, run_after=None
[2025-11-06T19:52:23.319+0000] {processor.py:208} INFO - Processing /home/airflow/.local/lib/python3.12/site-packages/airflow/example_dags/example_task_group_decorator.py took 0.033 seconds
[2025-11-06T19:52:54.224+0000] {processor.py:186} INFO - Started process (PID=392) to work on /home/airflow/.local/lib/python3.12/site-packages/airflow/example_dags/example_task_group_decorator.py
[2025-11-06T19:52:54.224+0000] {processor.py:914} INFO - Processing file /home/airflow/.local/lib/python3.12/site-packages/airflow/example_dags/example_task_group_decorator.py for tasks to queue
[2025-11-06T19:52:54.225+0000] {logging_mixin.py:190} INFO - [2025-11-06T19:52:54.225+0000] {dagbag.py:588} INFO - Filling up the DagBag from /home/airflow/.local/lib/python3.12/site-packages/airflow/example_dags/example_task_group_decorator.py
[2025-11-06T19:52:54.232+0000] {processor.py:925} INFO - DAG(s) 'example_task_group_decorator' retrieved from /home/airflow/.local/lib/python3.12/site-packages/airflow/example_dags/example_task_group_decorator.py
[2025-11-06T19:52:54.257+0000] {logging_mixin.py:190} INFO - [2025-11-06T19:52:54.257+0000] {dag.py:3239} INFO - Sync 1 DAGs
[2025-11-06T19:52:54.276+0000] {logging_mixin.py:190} INFO - [2025-11-06T19:52:54.275+0000] {dag.py:4180} INFO - Setting next_dagrun for example_task_group_decorator to None, run_after=None
[2025-11-06T19:52:54.298+0000] {processor.py:208} INFO - Processing /home/airflow/.local/lib/python3.12/site-packages/airflow/example_dags/example_task_group_decorator.py took 0.077 seconds
[2025-11-06T19:53:24.885+0000] {processor.py:186} INFO - Started process (PID=454) to work on /home/airflow/.local/lib/python3.12/site-packages/airflow/example_dags/example_task_group_decorator.py
[2025-11-06T19:53:24.886+0000] {processor.py:914} INFO - Processing file /home/airflow/.local/lib/python3.12/site-packages/airflow/example_dags/example_task_group_decorator.py for tasks to queue
[2025-11-06T19:53:24.887+0000] {logging_mixin.py:190} INFO - [2025-11-06T19:53:24.887+0000] {dagbag.py:588} INFO - Filling up the DagBag from /home/airflow/.local/lib/python3.12/site-packages/airflow/example_dags/example_task_group_decorator.py
[2025-11-06T19:53:24.893+0000] {processor.py:925} INFO - DAG(s) 'example_task_group_decorator' retrieved from /home/airflow/.local/lib/python3.12/site-packages/airflow/example_dags/example_task_group_decorator.py
[2025-11-06T19:53:24.904+0000] {logging_mixin.py:190} INFO - [2025-11-06T19:53:24.904+0000] {dag.py:3239} INFO - Sync 1 DAGs
[2025-11-06T19:53:24.910+0000] {logging_mixin.py:190} INFO - [2025-11-06T19:53:24.910+0000] {dag.py:4180} INFO - Setting next_dagrun for example_task_group_decorator to None, run_after=None
[2025-11-06T19:53:24.915+0000] {processor.py:208} INFO - Processing /home/airflow/.local/lib/python3.12/site-packages/airflow/example_dags/example_task_group_decorator.py took 0.032 seconds
[2025-11-06T19:53:55.560+0000] {processor.py:186} INFO - Started process (PID=517) to work on /home/airflow/.local/lib/python3.12/site-packages/airflow/example_dags/example_task_group_decorator.py
[2025-11-06T19:53:55.560+0000] {processor.py:914} INFO - Processing file /home/airflow/.local/lib/python3.12/site-packages/airflow/example_dags/example_task_group_decorator.py for tasks to queue
[2025-11-06T19:53:55.562+0000] {logging_mixin.py:190} INFO - [2025-11-06T19:53:55.561+0000] {dagbag.py:588} INFO - Filling up the DagBag from /home/airflow/.local/lib/python3.12/site-packages/airflow/example_dags/example_task_group_decorator.py
[2025-11-06T19:53:55.567+0000] {processor.py:925} INFO - DAG(s) 'example_task_group_decorator' retrieved from /home/airflow/.local/lib/python3.12/site-packages/airflow/example_dags/example_task_group_decorator.py
[2025-11-06T19:53:55.580+0000] {logging_mixin.py:190} INFO - [2025-11-06T19:53:55.579+0000] {dag.py:3239} INFO - Sync 1 DAGs
[2025-11-06T19:53:55.585+0000] {logging_mixin.py:190} INFO - [2025-11-06T19:53:55.585+0000] {dag.py:4180} INFO - Setting next_dagrun for example_task_group_decorator to None, run_after=None
[2025-11-06T19:53:55.593+0000] {processor.py:208} INFO - Processing /home/airflow/.local/lib/python3.12/site-packages/airflow/example_dags/example_task_group_decorator.py took 0.036 seconds
